YES
993077457767052983
662411402486978771
1072303353706336165
945536641639210026
268874087356883812
645601282406909022
222
902717224273210513
954684131304118671
224
230596540583593034
446953894455685829
401871095541096074
481377777011056344
183
365461728265246641
481643762286143021
549449203895329759
1066727928603883102
193555312253886358
100014357722666566
950276223438094956
392248292475657460
304489545949476748
434633796385322472
801125533966160880
719531489516080074
465966420860287637
32
867258338840911945
161511126492046542
1033956377221494500
179
651571279152748465
983208685238211072
943371498925586549
70
98
1050970125081684932
141
1135855730603657999
222779570865152201
104
582560404562399243
722712886584245332
503709240009377621
290164690957587810
674521531828459331
134153182158784030
55
247569950666555925
147
538860783116301381
212350095866301119
775900940907932883
107895898126487770
228520764406615222
399335555117844687
239
712052554840643970
188886433697009163
1114502766576832919
769093895421752822
37
212
570436602340748836
38920229063986318
1060321786376988539
948229294746425793
615933895321751662
364183298248141950
276435527208125968
146
199
80873461942820267
464705618155180671
98758608338217212
374545501030894070
844478370460797855
1064931244437572058
2022479888783969
595470975455196396
591899443853209763
180
1047488854842206759
652512869641168465
394971674986924761
735633414198686163
991752334314375795
202
1074075858693087942
168
603728287293611352
514871640554398606
654422664977249336
287125656414859633
21633321047679779
818171963731863509
186539959484353623
904230162382811659
24239102784019142
102891769091986404
46
659062890170899550
876565338734383868
688486744983623646
572863969540690329
259296290510573033
218531580807697865
640692017849200462
315398793189617952
289285849326432339
232506885300720521
33250396350647631
396813925244175620
192
415758080486229426
524667664534124880
695271037941888784
117548966901901885
15
492527359333548840
215670748636051016
774760529307975435
220
270901358643093952
545117179777012569
469687243320931029
997317385383713724
206265279295015095
118
94
245
38
1096697525049028618
798024950072408643
365159405805212230
166
503905254487569868
720504261555620187
77806233070556185
768458190821479020
847648058439811678
219
106955005772825625
1113267893406918896
873964976089847291
21929800252389040
968183700476698630
1022929896127753395
227576874046693312
107
201
62
974765841870284499
427656545318138143
208
611252064162106721
1069720820371464309
153289350853754540
1134004644863215351
323122642889190255
415633391003302510
255
754836484825578523
521457706327055729
174
974159695329514913
116
842432707389276556
555799619391160797
111058911149416178
1146914554778004493
1
43
1054353483516610816
859419052752615237
107824159062243456
84
1099191064322565200
1147591138022642815
346037626343493007
185
593055798116263424
783012551764349217
1068282583065927911
1106722312910843461
477433646563123782
27140889345095653
593935889333839964
898234646288982600
427154449468801155
122
1148877046273945226
115
737896449119024673
891418253116700626
891298955922928135
1111971659136083023
162
409617909941511255
67
986413360342238274
193
53129828173814344
436070488206044275
1128497981236468433
1083369668975297009
419589415617509212
431788186694488717
246113393121012582
89078688651660457
240
90155592192893836
213
97
110
851854616384102014
32951588394255183
158
713398040092870400
770954173821287443
242
214
119601757603611450
109271351812050481
150
246
364051052134023157
1003511109525032474
3
909137553588427068
36
78
460066455123360333
1010179468828154694
883308985812808341
26
30
1087942253672956029
64192637826959424
123
920646518423405056
826291416145930547
81
42
1108104321916075928
660261679413869722
1045990846671078050
429202197913883549
605981465729863830
929060809963836273
1020297710744991883
118542290467237414
422679116698379014
173
100
499439083436729095
164240228410329617
3542709368525197
204
165
249
88
182935763843475164
133
637693020181580469
617556354333397433
52
456823017941380634
1141492610564769417
110232833391336436
160005408578806405
929880503121216874
197
86
106
1037353649690222919
43296675218464556
806697784805763603
725465786248371311
1008175236441846529
712288514609767979
138
826212661184081092
200
75
11
75542383318504234
93576280135985529
73
120
957113838387482942
135154267087194335
208990304218019111
262783459350863564
805674642776530552
149226966422347576
209378854653476737
129221814575907917
12
908456108493121089
757361065558215191
338087921207500634
582235657165344115
314198865949267874
236558597193407784
66
889694994511159022
882074063923350493
275154957386835900
747249633110123379
791975122892346338
1030220292438323489
316065055567430985
172
332600561128387860
128626556570259400
9
439876067266822313
1116455730959381351
38139320738901511
246240415229359069
599509892467554569
1081601984217919859
129
604240228578494914
335480056539160993
45
18
41970190084096061
880616168612589153
722014531434016013
931525778081317562
809685876864825860
392701016002617307
655510178358623585
181
139976828030212904
605632472530684482
555372938393051540
685173632705895796
109
121118442001435393
173303478490593408
199030434647830444
5
236817789471453287
328741059867292246
662032934773386491
675013270054995532
155
1111953486023241343
563630304190231979
507489467825892500
161
65
886741094306717066
409801567342825486
95961878171554257
1071366160113400894
570965079286565467
267977236417416917
330897836831356455
733847333849697638
170
198
906069790922499583
565342200558219882
63
625852024266745836
637397117474773281
392397482643483928
602079914482987050
838604177594481674
30476591365385899
317081187015000274
22
35
915461739124322208
44777266361698422
932489561738793381
164
134
48
305094994218407698
1037204891316035450
1087483181883330548
865777351006458312
82
1147339091596711191
226
119
230
17509476307801802
228
229811415659408487
206
238
755592872464771994
352392769002116449
822804822434126681
80
296122042165844132
1108877391257496400
51
187858157987454963
247
775585191099824800
485877298787247860
64
28
227
471484791248880754
58
1091602939226221351
844870151234641388
24
399691231303136651
1151767396703732258
655874206272474605
210
61122598891273410
694327208732057882
140
362056311834353277
387804385434893802
83
376587702028096058
11
976055238694157902
9
451446228453062972
458732266463289473
1135867621918282887
224770630232356271
474281033367193256
232
750170283921226029
460315219002923172
100545725230568286
523340729507432650
117
803221346016484559
14
586460498032431687
6
767059703926094246
16408389933743458
1116288023599712601
168312937260119440
321101587740766523
1151180982204125846
58918103206046367
750124793168141460
203
493144185692507772
382570961262261832
680810415273968911
891622278369968062
809623821108213668
946884266763146156
66550934665664771
674378420375492623
54
593218206222892619
139770451737447704
4
215879734002312137
1089850335004601968
180677046390025654
696777853481662299
5
899207689252735538
40
749788685465365710
768898499704899465
1063732692332164776
382083950166821561
380973796544839839
109327995223973229
106566093222671658
762322854017686778
210012468035530689
7
328624175868476975
392647896180886623
799463435868255118
735598763033676408
456276801253734266
221
479531893167238506
921495016158311189
315227670714584546
936086465714314977
130
197173661570713008
1062325548592830587
540248084771857765
965501107335126065
20
147156469047710956
247527677970034015
189
534382069019267075
34
425796864063363188
121
195
33
680744399563958306
291220770090730473
231
1084370331868539633
640749609386659868
57
254
326342500807745834
209675987740840454
250150109904974264
34744808049353678
665792833352913118
706575078903698695
284284642407374720
131
40715015384050389
840150156637828610
14
111572084441749769
903572745129778876
522859300234019476
482595811100744426
332933067641926831
942002669679307537
89
392185099882574082
184
583733783408495600
1077912065374334343
1136787198266265945
136
271615156319500645
773264579914719656
694610825760216662
1092566604803230560
69
87
505199037651833595
876317114967016038
549420837907895535
798471794691123559
1005707649615551493
793464854237931575
404310778678404039
174925551165116524
258517697464519214
228269779984192823
721112364704259254
145
818495964644346958
22585520397495097
720661823382978049
39
408446563741286681
742169178823098601
186
1059968285964296325
19
1050811561638917871
211
886940663819965781
216047687822753231
247969036528029199
1025376334433927183
795587773752388310
371326335177754198
457731082269077237
843970483521212818
595811442278188821
300849019563088525
722187103078090203
377288945124704084
844628146742745213
712900494219203807
313520780512592245
135
706575170319246169
175
25
579211772839413274
341510778549676481
511978587833480612
926861458007286320
979807363965683227
581972170967985351
924072534641408893
421402757114227525
227802448372607376
142
167
568976625032253809
44297104879620836
943553376148355184
755909458598816099
1036092189186217695
244
402269373004305176
362878137723236370
218
112877426856301505
193444449688175842
235
24898523040452189
176
1121170314988205005
31
251215547649482775
860742722883145276
42355594508967514
8
236
875970303872860397
824517108753411182
751225225501917431
13
398080995351396183
253
1096
630128103069386168
10
1106701090644832651
252
1150955835757665359
734126332404950890
301461015771150591
339108671020687120
27
885896387245800855
1012803821689734417
1099530893800605161
463787112356053550
139
101
153
301210409554997875
99
618233883523290536
702244952756332197
494890425021059347
730376901593431249
10
574035635234925080
0
545013408093969085
807572905708723393
243
112
215
846302889732819908
452004354548975785
361513106683317420
19294188769507019
94409748809387521
143
817687863822378405
77
862375557433853390
483319511488879840
440715121805474576
470057791658761802
171706611022433529
79
301472179951979332
604585885552314038
255423563022123287
642419305630803831
735067243756292262
399279249741726610
993553408245757123
567680665237993936
0
879252803083467640
946910033113317680
12
756144372473516692
689464039127520497
885108773660388508
729500556770510510
585428846862479133
404647524450209778
8
968103350395914573
464829162890196534
1033696424307498362
751478952468670106
157
379456034235575423
451117933757651546
888161488402503552
599375752890760956
298802614065557152
248
26399009041554019
558766030017187137
21689696678337778
980231626754551649
217
92
7
1121776919977849699
1081574595077879285
828678350393154152
32257009297359204
140977026878557188
667505918837216436
736432295278714687
29
1
790558161910871271
2
189612689936004223
958175426863869904
17
381798764651398208
68
1038953748853648092
1060481860522836143
476564178504807477
56
875926440023775149
810076960722376382
330052052204708714
1078088357659914896
999884276423078148
159
1105894582011722148
152
284185286968744440
1125914088399519873
251
771732492585412823
607088467661727935
139987382426354535
679736561024325671
211376360696250255
2
148
1083019481665690594
90
891883911257777187
114
323123871431469435
196
190
95
105347553085923320
199712305969885028
500885547374038614
44
30345752656027246
129349156773621800
149793560520356453
442373998582736183
1070325109893242942
842430149901572500
154
225
250
108
41
691875643847198503
131427522014699334
3
775028322997720544
769426131429150146
48557879502602507
37288795926647355
126
825759431253408129
351353193260795349
516489777567004219
105
33731251086382663
144306268497367206
1072467493245489583
727390089943736713
237
157087398719068705
47893945861770717
49
1151326625184601805
169
241
576755242542288113
965149250880487494
922038045329632914
205
1046224187519355930
27975169331073532
58408718358275660
830659091335698778
1114290798202027710
981325942899747088
50
758225608855026106
719992898091063922
21
473727256142447017
62732737802887599
821415154826564335
351145510495660890
465560209538833249
516737044176994600
188
182
394953350489040201
137
359432973612379888
475588871771888326
234
117694937161368045
354003296471756212
426260646418883367
54451284790365118
163
713352952946670542
678679085944107371
1091013792094902977
377268454589988698
72
834895756840688185
59
61
483237921183123903
171
113
138158452741627366
626424240146230454
966921157674693494
260049641932481731
191
521698222865176359
575143233200968349
1074485143241536557
711731958906986923
315953433228694637
128
786245487034272007
216
1061448593473473598
479444763054277029
676295590849808103
746788096991210213
264919379851875913
491741989537561723
724922683549493094
906789279992467663
741523482849894186
1020008999956828220
1151946257043812313
713505177876839787
406070077649667979
973183785710948191
274295691053598393
233
253980396119678700
532891880162198924
301303912017435849
1064256000326153194
763990023661372295
74
830526343086012966
928110667652817489
209
269275484375468461
686252796433714383
485722176241816230
126835024328687221
171439549749833940
425785941616700632
13
497168520374494441
513237762765974285
1099136347369636505
714902908194181053
192053058156595092
439341760605333867
91
976114499446893724
47
125
124
243978690626544847
828231044314136198
381904136220889914
76
756639998777931243
474136586602969753
127
881712133220917776
731688444328105554
1005931608200370448
102
978850641622787300
15
523910277200238522
15904181593709735
352829231855136514
147013608627670059
810700136476636975
93
969945558566093109
140081496610195869
306825414272122553
588172142525116371
135126218103481385
96
1131173190429860468
9196141304421124
1117868665327131305
1145456660904248183
160
151
761598652089653591
56714704545690862
885220337184265489
507682829975728787
376269688798067401
384321587797349373
149
144
952090455487563866
16
56667910778993336
799188416847184082
1033327042455735161
142603110406425633
847381483627058397
263387282954893190
1041405652289999917
762193355360507378
372364064067699305
111
627529489491515054
620332298852471700
609708812774473618
362407529642021906
1149826242056610336
186231021241243905
177
105703063443199404
6
188365860867323587
71
132
570685512045890321
4
71496133712158833
358116740294304337
445316780766753969
207
1000372174009207085
23
292006728227093482
156
79199058482842826
536753145990674165
1091229513686965115
153175223779089706
327346438672556865
1005711429138249512
498490614380463330
109039880706247731
85
686593873529444537
397948433623167726
61785730649746160
53
262664836415220633
103
271271493957830232
229
73439090653905492
900562684344033637
60
187
762559490357717733
223
178
1019664629610852721
488213508421673468
194
1094261032948106586
840048053549801544
976268588470077340
64941987945587491
630914591521985251
125047222945990659
648488745568387803
1152571527986858568