YES
740157462408236023
605786800120505629
570392266970184743
752565519524409973
129
47280815242620070
545017979320231377
291573291662781392
928360745901497226
1118776419739537215
13
224
154402287993937397
472538025297282814
254146371187865516
1033937598882710283
341453748586042960
132
995648597303937972
567142869247309842
324460844638754129
832931343091129388
356262551257998601
1034896402937148741
33
973618483929321719
892610782698015244
41211276668149752
127785575103592924
1086120216433746656
950276668569638683
228007833222556371
175
189
1001679658389498685
9888139684825252
147
384795552917628717
756175619632587022
95
604934420217545170
133
196
679480095637538317
56
208
779562379802826579
1009389253949211595
1035152589740424580
5
100260193407546345
621907266895125927
134857627217958710
326229674492083829
91
804005280660738284
20217910979107548
773528617810678131
699474973137893723
959267507714116043
624408960374622094
647553022832268019
787891659673766534
253
109
350173267806009181
643611691274629024
590876182458967181
432733394139386455
637125882262834481
631870968207930658
424816275546168912
240002798773052097
139428426097082186
1032787941839927035
871339844057147330
231
519095128022424455
37
408420009433198538
292761966531451230
239
71777956712685315
694369233035213469
324737193888458568
115875288450898588
663696718989408451
844638598874820109
205
822622765365623423
195663148533036258
381629487176558269
12
1096
299320965210047174
94173567168767473
919118594245650261
691236382577120871
200
30
163990332129657357
167370021830384685
250
869467231162599346
713652427776410232
1102297437245725910
528234328087690428
50
932156076175660423
243
302656894575799286
122105195582298142
83
782082500479768533
10
14990579022330697
753620958279210600
1038227261725163899
154
248663612348940842
169
150931031715789287
1109147644130301045
172
357403549436923176
42
14
1084524571300153972
0
346499467299105123
254
198
112
334215739274363040
317503738542770649
156
892121139187183439
135265524757915376
287320019808874569
181914819645243889
645683400701911349
335866222603248855
218
689842240104608635
390022080603641397
861126242283523620
230
836551917334034094
317680761289978017
994706692117353588
589907546764954663
45
466073267989195971
332316738824450072
581247593821866187
329432585444911427
566891035268463409
130
550469234597169015
88
955646706021088526
32240306492743382
857844668702406297
658119828103181005
131986258759222303
75624111459819134
41796390899755421
113
16183590787784310
1051641810874653599
131
941917601296439262
363591712909909358
1138513688410431434
472934598573154840
250969331203034686
1131776417059889399
822798012362636366
227
176
932766355719242823
222698243629963252
970968736719037162
1015360003127275965
202
559608473134663979
6
193
1125997404266492759
52
47
603466493087351915
974947316020611986
1135893218936521862
585695510948152895
269529935653162033
66228465719815567
74
737729337661675255
247351100233621949
221
942197420482019376
102368628934865434
68900988210805774
379687721438363073
467734837451062154
202605639710645229
535732804359444538
163
59539684068527866
118
794047547150600659
14
824125722238722366
1045236728137916121
728714977544028256
87
55724098325083885
706130446384321739
891583103316516086
356827736026383179
1131682060149628734
71648405160217566
142
821727307276133981
257257729506995330
104905860894231503
880466804858976486
245
253846417600952705
108
1022782275771113082
5
744687397897486237
147407867759119500
543561418588356372
220
82
440870991400190544
389702121868138401
640423264377143575
333621033156225524
315630897193553273
498964123246243027
79
9
605466780162181783
535136020682223988
166
169177571205690468
973528391459009784
502774442534377177
137
982662997170884422
110
187
262968326744444369
664801198814186497
118120291993197132
756300429971891150
140101028741338270
283276616738492075
922595812011031641
1141224956851226076
144577740465424623
666719872570907734
68
206
999505288125157573
707296864754125827
769902753344256092
252127831097643769
653513132972925318
1100983230360953286
998017925206924933
808808608014190377
998151311484618776
310362353349661141
70
43
46587015233960540
936529452709814426
146
933842360317831015
1045020182578332813
979360481836184712
250731372791963907
60
11
9
213
4
775318455280823003
659959726349119321
372113072035200583
400760137005640810
789010972960512094
728614745040350088
54925542211510394
53267714795887279
12
729917210352167229
439581037140955958
364047607527753639
1086671259276873207
921179684580603149
234
225580514547807772
39
222
1143301193895563438
635703998560285662
501669539363078025
1077384836737304050
259148687657412603
29
170447453743149309
297042602501465037
90
301763058306162912
122993926955249752
482436138112135521
82763179498224797
105
674286699977866680
976960281122020101
19
27010889977634539
120
68844290461060387
1022449675157667903
185
1032788357550830263
866555292154189550
34420254505371245
462524634801657594
908406596591192800
658692939410045417
692560803918259894
378554536503129385
387964539855731381
823813412502448938
1002137449565518950
895072063232828903
251
247261005152030825
1092194636481274661
483499404884895146
34
286062972903991029
742405372553094129
762187176019678360
407342221269663180
360283849949637964
891304592922859726
151
125891043011308746
78
531698645638187336
148
460833909811748346
98
636903955186953456
882756927358369872
379293957819297757
895401097202465556
134
1010155166850163915
212
945137280883364819
160
660246694351814537
338365768889764735
958721769724840573
593295268938603726
16
117194935857551640
48
21
7
194332087848364011
157
687060985261650332
192
1063090324328413898
59833271309972465
783316496768041877
731430826529639940
1003126797492264553
100
639770637251648320
161
139
184204354817449691
122
629459105537349530
1050042513840041456
234391725171045121
1098093562512733511
679610231190358633
518742446144540693
534192560064856052
508732457386772221
190085011210197690
555688942642745513
956693160545281461
164029168237458936
749721879743949167
667785062181141066
171
54520114666883087
216
1
1031823132848918910
863448511742990688
69
1097670089563003254
225
514124902203543183
970132181822350457
210
181
895688783270043099
696625951907919647
51
1007417838325197803
224407528269427091
981373737271555120
983116600057222519
1017343098693874906
1019985318242241772
191
190
6
571268931757278391
396652300577177786
235
1078428110598381543
26
1075469794001119661
214
93
1356114372648996
177
248
402534613675580486
600305237273410574
1015676518681295711
391010143937953485
776246133876089405
479390853364709311
597426568544120611
188771181486699745
41
135
1107537001414185881
309797864708272197
955422261720130374
391179882918275032
56883039710265405
228
1120350161895714882
1056276866459230696
745166882531955394
348832348252463797
499228537618141892
1077707002393357040
385352541316824060
686249317676339012
385247151155034311
1008876395969562813
875558337351744159
427592829499618885
229
170
772440894682043669
998389169043617602
1057174248484797495
772125645859887992
640130335086970984
226202119424192579
583866214896579778
807166316855517371
660341498311051365
1098946549176321021
972819345050681213
385509796949411305
604811610503629712
140849852680561554
850531798850859484
625325133110829136
153584727164748906
135130254991611857
1000551129680859863
62
1
1080867501134492905
28
716780755498227350
66
898702769326770780
253428979099166246
141
548431108932151926
123
135169183074832774
35692980273381103
247
15
119435440064963442
143418788423587917
375677040638072310
89482586862398348
1015069850337277945
1105236513057945410
901477250605259719
439023941141311874
1044960923234746911
533258148922310521
734670808946207382
660560980247877311
46
241
75
868879796299106181
670570394842173588
203
338909425477261561
10
272449814780740900
404696481439252982
351073115343869785
109857636730203128
824235544681117388
20
737228542372797625
501088698566619422
656172309708770473
977545777750408853
45830805600139083
26720509868191394
111
489520144053243246
820686161789182189
789829538032301869
233913282913402691
233
347509076396112783
1034052168868596147
238
114946489919782490
1003709194056506787
38
499043381143791151
511174535364874024
135369996856814613
870325282058006382
83340138590724541
104
827882401448727215
837868335384356402
255820452366681889
1069504809666761392
237969565619241828
11
387740512255687493
817134340447684976
207
49
782566998347257727
636648658504722083
781045141303541534
152
237
885381504229953232
104157527535281878
908652663929334008
50746971331088525
22
1010164415740773174
153
228283452173075539
1064319119390564004
960261937343655046
124478720788502142
962454358833483609
36
1101408564247546171
3
77
184
94
501695429379649892
66393918605220840
771347511745753498
955353376170126529
306127890832774371
647972433889814288
146460785052247163
928457964422863209
38420154908478494
96027437641309288
126
588105781430790242
968760944733734398
165
197
40
387789136026020883
468079309045002138
1010188442505465369
103
150
986473747945312463
511224264886246722
745744174313811554
519428727081053624
949854076236096602
969318123050087745
55668449198519052
1097430848118718580
1001389052690914648
1033543701540777179
1046127820088382137
1100041570752908194
128
1138922270876111738
509903675619867296
216046426998377876
158
35
490043458553540766
81
125
117
59
86
143
55396128476105404
310539237195649392
924484188766092367
140
155805898524171853
174
672350636730228848
393061876721363685
15
507003002949693984
29008191839639274
463604460923752922
471909426480159306
1131480822821190889
211
73
24
201673987619414414
57
1096562940289042623
595939679605836415
322574531345223930
240
440718507614331870
342717497644649938
167
572602424259934563
106
13
397422382308962961
155
173
1026873762819628772
1026958677937406276
709226796743603712
970581636342515469
188
35909399735249158
631341971792932484
669075740851253705
102
569013942068809879
54
71
1075760551146035742
559702261436997605
1061885068181265953
992833475905073816
76
61
162
1017506650755719540
282886649097178295
247791392556017345
28801614838042276
242774766496781010
112414556264689581
1133428303584436384
580310555218211788
173662651881637527
25975414581378989
114294292490030524
798894049802184766
852671511190797654
1006570038531482018
53
1126765109082182548
159
1036601438144320916
25
249111724240473056
498763349220625014
873854074080674475
209
862792870945070661
144
741054868152752005
872656556563496763
251423585606539981
149
306212508493397598
219010014161880218
1647140336511944
361305329421404220
723063063720950340
17
797603807014387692
202308081350542537
1014433198491976417
377488202412810568
1008462743424379046
732975489452603070
748598842330354558
80
92
970896231928635336
955147044879981749
436244972353637887
895387840067049450
353642675437266978
300264476202218738
96
538499712402337738
973807805087444427
23
504958238313215319
753833814166056941
302924794951594070
195226497464941006
517632958261760239
201
815358323546926576
63
25199413772520137
55
107
738803491259290145
425440964829345751
241348662192514132
119
265935205619518994
155288422079595818
994817439996492377
18
72
440727640819095160
751182936824399710
1149286377487153203
848876068474967423
178413653112822088
226
180
454083699935787387
814803946762386897
1102808464010264939
827373325437522120
1026374688621475155
243317335983330287
520048554755063969
97
509812079946522771
195
8
124460924079633410
422088211905815041
204822540509795425
232
246
898870866118550444
244
1142092606950822849
305586056240205368
725792248816393944
204
836792024040641792
635083568390962353
18399656095108132
346796605353142587
1018014660839217554
761891389106222173
593206759513300939
132468991617925999
8
168
537778425986387936
1133879468905486674
283303371862495680
249
351748211541880558
820214573712830524
182
186
138
299298318728711437
67
174942206777426965
963824691592561833
199
299516942351696957
84382704178621088
678277007987667343
807247584363291377
166875326943769352
279172345644143965
813584801579214895
84
71723139704149050
56148964103077152
256664014753380002
689475618211468001
945577025667925408
541000806006287164
825746316811861056
403057048017335406
670028731749389236
32639177534262590
649309563083364296
463790575158432238
612429023149834781
53695051533999719
89668038349438523
1122517213190653662
1028133794644254517
351409824765858425
4
127
114
727461876180921378
223
194
1127043661969089365
7
318691404874191336
302130093197666938
761194008120391218
462835310756874251
725441555441256046
956451455964073279
203636319212615973
793853098644824769
35913199082042684
65
405549315808229552
1134904025344245592
178
183
217
179
756430072065908831
676528845073193619
1040049146265222538
255
89
839113203704558445
539408770234674240
958188511159047351
428873628458233162
421202246473229587
636948294755094609
292562811745240700
663593252474700721
215
635968056408986407
369270980409109887
199671027674291119
288322181888290643
173529631095132835
686733876145083951
585727416772946783
300527150051722452
272313476266746048
428265886936546217
632914144211253494
272622203375314257
142126860164346401
121
32
855450402985528122
789976225155172644
168851766548456825
464229255091254796
897981818385929921
252
353683974781497554
37614986481950112
511824932608452635
0
1003814649050109216
793442396348713201
485296429600509477
124
912483607718496393
136
319690356997277958
728735472558094891
310216790333404143
388848238916658032
101
646312740430019231
980755738267837380
569847247258098774
1114844372814825197
754206894847461424
216643842117064173
283122458488935362
64
90365550937549511
464564299963943028
236
58
1042146958836768946
609097704827097887
143392839401683843
1141410471360881655
3
789994581159339911
1025528996959064309
10102048263280310
867649899421538261
641516931373954751
219
248671131888318960
99
563289418360703249
898248292998982421
44921565847802812
818212893230383323
554355676390829804
883828193361091790
1029968203679321726
694711358620734474
5017339117951185
113129178153422456
196711297511264589
1119379401995835508
950000233047436426
854111317220104468
31
724503969494873524
453806579486280752
1147610997555300425
85
946883776470131169
252956976049305556
227267152434621778
299237619393697539
116
670475769994236144
2
736031263165612973
621738512047912239
156814894496307651
242
164
115
766876318074995411
1135385779651887393
1021506339390607377
648436943137921521
27
575706079189822411
1105447357183679140
288764233369355512
199477001909167465
211227973368398097
986957618049473315
96940570931870971
583272970599720086
2
83071245301245603
1004720923600016122
145
2461782620750934
590097039855566843
693757802216302183
300147958340623532
1060317463854715481
797853371271478964
262150501480546665
1152038638642009048
44
164122151824658277