YES
457919954178231287
1021944680644763130
566223984071843523
238
931960263082709119
958245700719326077
248010987645330021
150
240
661161566125888835
492239620881757891
106600772878947509
106999644242932316
140603405155395031
830155770915497665
67897979038324879
3626393238147399
212
720391781609064073
530212826952592391
89
884403622694968032
436878978659194671
1116806272047049535
1060622484593511912
12
276747989118290461
201
187
65
253659222372683797
102141047444565757
230709427638367613
787697248291491324
168391543807565556
86
511947527516277312
223
747219311572990874
73
424678155313581381
186
12
743367883132760908
242171552921669134
507619969719742369
288762657796036079
32
182180697123411501
366945158059775862
101862548535953092
546191115132989425
7
442112384789439388
221
545000236764397158
58
1062533540773691740
232
489806040540033345
24
222
6
173269611572862651
351351556317116834
324668138600011252
167629459501584641
878573421567096534
165242515989265014
234487482204071488
1114555358818135358
511211050311087606
155005968285170258
439246574193293427
88
555421227581284223
547731185309969569
1054133127574467704
197582916709608530
528937973395321680
595580210236288735
637732945262220762
433443310007524108
230270023813933185
751367697646246536
638079756683189375
954886426860179508
830854241774945206
767355436156350935
371309887030384295
128
110
368800659308365104
193
51560461534382210
500438507024243478
233096197635741164
1066683046004178025
429833250849991332
732972888649992733
545492950674307535
31705274216496899
246
1070683111366441842
450899920649376762
1123493398072782536
74822066993423134
863909415156342053
540257208761984445
1057848267514098326
33
137
263262063391595099
3
254847259498845846
462525688560142785
890379853178244013
184
145
179293700582231422
199
179
303465220516783852
104
99953192919528570
470148924199572588
1025288388001923640
165
107
11
192521827610615527
164908943537664699
57343545872304650
148
801197711297213257
724651257996848164
109
656390543893012115
211
864018421900316536
775384686711534375
190
198
538181444043845242
29
1079728004835704613
178
476771938684398447
347922944221537415
70989590268895216
835243469423324922
714516351646421100
193807635710672647
452761580517314871
69559746465127705
23
208459791376200566
114097442188352730
79
683203472206835502
486786302712779234
194
266566794801784694
94
197
980919924409967511
843172368087997090
527066725931924343
99
130
605358010278516330
58435712056470273
507200312161218914
883994295147648416
183
336944078112120362
1146960692561913463
482946109295321804
1096090037683483437
638116623968509346
561415882600299931
558462990710856550
709174386593613775
244
682791931811732845
251
540359187537631708
1098894971340380802
24012620598275905
393129004666674073
349821626532029364
1044630933888042518
232330542001894853
785795021539791215
191
229
196
501032738842677186
31
213893764372302313
571366223129448173
0
106274523084598971
225
257976649003863324
69
291701066790019256
49448618835226082
125
245
397939254153382467
644136700139359845
749354835173053956
61119852886699129
611667448583705581
399640482282500242
495258841429964798
304478134615720709
31189582965231208
889502884973643467
147
247
216
95416909553725273
46
493860654686054392
13
1048687900840304182
995875289104622865
151
963767192949929468
984148323188298062
281981596171398552
306000050377475336
1071594620011571358
327942987468453059
485479694137752947
1075014788654152799
106
673589661434028955
105
400126223703917619
520135107387858879
205
122
9
96078156214613243
6
269696468608776717
110030728927418044
10760749066322124
462938210984702963
57
935490156167344341
1140403843224899000
4809277269513321
281268347343583980
1091269387892797769
249
474275683292408183
315761057218172282
690008725137458062
477840336054440844
208
162
554149622948948493
600446937600359767
1130979190864089732
446320374439735206
250650625455127568
776480338976519999
161787723358084661
52
234
382331596059343041
351147446720130680
280118480871842601
723876526381899982
312386696934667111
108
161
62786167345035919
55
204
173
456353484740150909
53342204714631117
574129255776397837
233
1793997340366012
248
151611163750398799
970007344495472733
18
485606111345428983
509557579673949747
1031584613457742769
515771810652277774
514100990178870749
131
262801169561721484
229553151634481285
577199419513045134
745102706311394915
482964205872379426
139
332169397590139971
192
649569096344698114
2
1066667459026717735
482492157719065779
274831572501370243
997979651412827789
45832261954374336
185
601156449126580346
386506483475449368
334948313084460521
50
179822174564519587
565947106776370560
461952983701474942
964440887916983006
804091938373582395
167805394570989487
14
745346528817144559
683782529205929635
1043887029420042295
11
11701554992044570
177
215387888260325363
214001247595484132
467940206331707110
864903462735574757
326610858453296969
117
1
985576019110913547
363697037556672689
980504674917083345
875185855101580139
519113527941639413
69662972210438815
746438568884593029
1077432093674661645
647274188662271831
473721773972771466
468328214825706305
817777643562991598
763124095847952536
91
524250671048011913
26
926097693285888335
465636358399860888
1021413984416184099
521772446756376525
458701839305139930
861283906081433545
605083873850023626
206440442186371283
277403153227137482
90590094032148225
1117852292811694681
140
227
170
238526793624319602
113797154277705976
923601070462051281
797786197515700885
203961281424275204
696557002618536616
237
570319677609004628
231
19
48
415381709213563776
555335417597157737
1097449911964738121
217901962876674029
745467934870449318
244297339961272818
1072254409412782689
431179862111762124
47
146
76
464578972079173363
268862274033451677
141
172
1027611793441720590
548791188919293820
632886428783461065
14698978714286148
217
541687445580840841
311272144804483437
298322678370900138
956316131908180715
2
157
593529108184528849
124
511768113597800320
203
467412562486705722
120661534070271593
210
135
950695143500658431
1143908044127811250
984093314417661720
154
998991360558652657
371976524347589801
950702633585713405
452313771361450689
572376474719520474
802590178849478528
895192579524895826
290089848564209458
996894077731829654
131601959205087069
1096
694161296203494492
384341875547312699
240823145900032840
1144888603322942858
469687672304814706
139453142422140266
429638147281141846
153185741488215683
254
413301828561669407
69045260798390621
607181425865462035
820941274115068443
289390433974053903
27684873632688837
113
10
143
344844655362080997
490353723250549267
239
838563115126072472
92
598734607122294877
600006250385289133
189
521274038156165438
931041966342367486
105211043639724592
892848087326617833
193890318341657275
425221472870010242
84
692458070907802305
735902254385108549
552389639164724331
753400624859736106
353102082959408473
50925165114910787
877240383415506098
884028425381529787
13
26548883855194921
622226633262690941
1145330311352650415
85
166
1113369829286814004
919122304291525561
352169197813531521
937027521131765886
1061074483386730148
456984684254309060
379587630171433038
126
216606931323743575
169
174
112
34797124967675007
591458572449970126
15
27528289007936610
172570568553284022
228
116
481970397858938213
988426463250744492
606636046508077246
158
1132739129111299233
226
1017531870910252256
362863404059532284
118
956351475803018243
53
934153702568979988
877895780555219790
683568607758743635
748559149102754065
175
523134243935139256
120
197357076897726871
54
158918325634557185
316177022699585931
107912553862905137
77
462150655256655752
26695412146378023
68
36
359812580095951558
687846842972367065
1045183445841247718
70
40342180112475418
789851348173777252
616226703361803411
259267454286768931
605428531549705698
665759208876120925
121
127
95
166904586985636936
60
872022862293274890
379493592632953286
420365733996671424
182
27
184966306901228081
63
98
961060735706560897
1047334463591856913
410024552437000860
610235524016557159
23650352607046970
452312985249287409
132537022188221112
76379822700183668
914835194084577281
770852282028945828
1119311293231406428
440071381384814296
576555279696226308
471006441524545218
693320854733715090
51
10
62
219
25
1123070068946179996
727809663909588216
954278012101046108
995381730791934667
180
138
699864324844051807
583656986047393677
291817525674189826
808583579715613215
958259133549902168
509532355383968854
1074263653992580347
55230957881664418
569645632542939084
107224391628167346
509882474295498690
606216638467988936
1081508750039330216
703327341727189976
105571346430083755
995177237158088991
1088489276558279369
155
213
1013306849948237054
610539768016638709
482577412220318169
253608733601690642
153
606688877148984070
123632562082251545
1033488159270744457
28
236
123
4
44
231837491630506720
1106693063990928381
359584148437096013
61
253
8
46107280702198014
361451497776634473
327702872374468707
575591493228567051
812974323755606691
149242370359665894
97
698938675063720828
865482521227169409
122964708401546634
877854091819629672
649742878248017497
156
871045691601679194
49
193498447469648212
214572934085248177
1040238824909298730
426905203348711587
142540448726570892
206
542197195014958410
132
40
6227864721070717
495074167691458708
1090637372245907889
329422977959924190
961446255663346875
626855741230981042
563781656402884605
993412907787766683
241215390370532441
35
587726470378670404
308199281179294181
470611704495067766
694456970696040002
451585970776129840
148225644963227078
777970660389005687
176432287436414225
920035759379790456
697048473458040280
738450436032671179
364073262363612301
477514375617825161
148430617504755476
116813883702940474
104024550970899316
4
90
957316695906498241
272400632751446846
1068337443768755476
144
933912058648041964
357238782876286254
409929009920810793
994572193758208856
344761715963872778
108456059502431400
887979449717600138
129
476915207691737187
978162998657573579
454933117663607771
43
5901432761591364
272795807260123089
220
20
713342461242398272
1100856916047748540
114
145866022226663552
436631144318005119
333966181981357871
897337416309656438
1078322536446811941
277549158674272972
336021754357690603
163
64
41
3
849411860066432575
709958744255625009
17
243
1067559944872723636
5
503113332470370208
188
213186398145554585
917091898716823275
418593817083275105
22
78446816778675480
1091841942463851305
428543432924124261
1089206592506984027
419249547585829138
788415370638985203
933339519366352492
1053538643396450167
660222368023563557
855255096603453410
156583113398169012
1020313081373162585
81
316707671973502034
400821086831353562
80
159
695479476791597165
83
995076007056858243
725630295288042111
579925019546171033
58644436272955285
78
75
34302847404088397
45
34
218
731873052152137506
111
152
1018054293758266124
225496478409685386
30
95556704255958834
230
48905707807544973
209
446994335602179372
249428099590363309
281531292941024560
16
836867540126449570
768518697333460145
1572439297005386
700312422970836
105439605711460336
1093890668228345730
717388991970757398
643096366563591851
304610954291014463
93
1018104188916550120
807062572394365356
171017099202323225
1004427729942901299
718646830851155275
134054186414716499
800221356242344775
181
193522971439271178
39
908089239700610389
74
577340299263194214
4976527042855364
744216129177777443
436026225297885727
34757605341907340
234280301777737630
538091087376299284
42
565662430536247804
412589243283530734
552136898081288674
129190830356570925
960938357493999350
103
308229471944357258
387239906286922478
1129756621922260219
369066085346265273
40480595380112687
133
146298350914676676
7953278183906757
542900162614917064
800407254337094119
0
1141135216259754549
29351780164691470
526955886905102789
235
503155347571466394
345239427670491218
45658221038140378
411296194418661614
115
149
250
1044707688994706616
195
791153177753199061
386259746753712508
977002154157953575
73352744749805938
176
788726886086668788
356250371745908831
925357341248828131
786602321781063147
112308252690923165
100
774699133719584571
999098519844439354
103417356766662489
31508504684988621
15
1047049855975934747
1032582673712950398
1069860328018615394
384443538869368253
160
276196201650740950
999703212459646127
545140416571905363
604590404439970071
134135910200236545
5
308254573542977951
275776591646341065
69971926001361573
8
1049160575476134381
202
21
803973290064708952
139279975911568470
38
735956784793598576
164
270255193580008352
619634962242696061
113562120172451409
66
993736264663772582
509868463616139354
45706961012069283
71
500064978379043773
37
865102816147652603
517622476691088255
1131922195970937252
570883054455260098
401024870194268968
695454133915111266
515220789227404621
159428413495233795
110004143535585458
96
221213181885696404
345092978543560353
167
1147054719631776174
1088141203388465622
769483511567549289
8130631829636554
1109543713003910346
513078681872481357
72
812007146944520406
659747927835849425
736264393223097825
689861288814632135
59
7
474867541903335611
599693420335987864
716700823755952817
1
102
119
1144069943698463126
413289770432847724
642933700691374266
221617263294326637
855891875249868360
403877678803978903
447915915030145565
200861121969723595
1036295107838105207
50633720885013712
999682015244011841
171
518278343695001636
639397579345080218
760418092971786014
223841529943872095
709659209262283173
945506568412570183
539134772366126941
252
1137722923593986978
215
316469698095035004
777149828106097772
58786624426287933
975631602229859883
333682401331372957
14
67
375197324923732009
914187916458179902
101
476928816897509908
1124848852576713971
940021770567528182
150703061503855279
147079791262468558
612086427327938851
133786094431205170
151293239176085075
691151302618207448
604020517447659963
211594522477743138
373093461564504244
345062165283606607
87
242
38927137822842178
1058103115248240265
214
405424320633359718
1111234010104631789
666509181236862504
119599941943369485
1128594176340308078
134
200
973728148861411057
423040353608729749
712513333829122372
855823481994306375
959438683149969983
754083078122743962
318594250575320963
204802176963650547
295914315669309392
94701372272283241
194245258221343734
1021106126057534126
125330424043386689
522539514399448893
255
553552137179246687
795973362273054514
491259785471522758
425169409956237279
848670848683885565
241
56
128135165554721081
224
443409571609639531
609878256276728064
1088236808636770644
9
136
207
604637459850082334
11757976285653298
168
22635197213696885
1732895595989085
791843106414430953
73234373652124618
593404148053397539
82
1044605873231884618
585165524783225615
258457965878737178
1047270257098764251
1068622433139187745
142
976349241422246852
910440374883141024
46138907717789035
904391784528772663
507729569949798970