YES
451327892454511130
444397558567566169
771893595960491758
44
204
813567856773030548
81468693084642569
901238345622819394
788152412509815185
86040159340525014
202145486822854852
515880911626188443
176
673016723331934501
254313390974220453
329530236895660601
68
384740456016648954
863421971980075475
935387118470936755
780261883065181160
940086493630308009
184
6170803018886203
201
1070218335048990244
624445513658965441
610041652207039362
1058192640156109995
693624418466140546
113
210
56156929893329028
671639132401436050
816414597720891841
1112631016831964787
1064901272019312632
519398402079686054
352699178323173855
540582207137905001
75
31
1054731470716041134
152544989218245918
238760230186946923
406446698063661957
411171193978621671
19183715504670986
647918610580726012
685392228114588401
883876587934761876
994970095822673914
569138969719450309
693720709658441719
307570186021970289
1084498609975612333
1068521974166853759
115750658636286109
17
46
47380097243256484
478580446902282739
155
953150186516846409
337221790830960905
448035686441263045
603248481033678627
378435294425894904
431964969110010149
813580852903150962
258106827911157432
55
153411874192945607
1102171323857435373
13
1047414450163920544
84
926646260437835943
501742888419330592
115
95
241
589349783026664296
676297196015829750
154
201149924770402001
398802629601405453
215
291483332628262306
226
180418237585623157
157
189706313664890377
93
557251017076490655
152204539115074701
376314757671404861
252
533955440154704800
464694793518432286
79
151
112290517233360223
76
82
657880684861344785
667633948042533472
779383166633193659
192
122
809780046991247613
0
230
148
532514882629033409
497044795212956920
8
612600970315375432
202
255
48
132057469247208221
960361963157279312
139735673871016621
60358561743717361
805737457793389973
183
333292853365665723
965075519507519086
314689995680753375
231
795737859086334043
59
105
78591199185823005
50
1113031812614476534
1051394536416786020
972555489420170556
327853966022104297
392136550697600814
37636196504614694
282743663195986165
557949757894404889
1015169274660767045
94004119634394725
54
920898178016603558
245
269472976892957016
180755200777418243
373531872356358252
1105408410848472399
194
21
253
322148532057957217
1063988951003630497
565003038992441076
118
914395182047682451
273929427878355953
1032107446630851615
194658560824452810
134
217052381248260632
6
837040453340401988
966895958674211619
500470447449537816
247896550344438174
145
88
1145202909147669531
390697777315098181
500126600447588424
757433718367449163
66
1057918183010151127
1085241911651165702
422454523146507048
14
203
136
240262502148190071
520679452641576446
41802072031010355
134398419367248244
97
577259668506115118
18882554015823749
381653262834615835
265147533197581911
503279443126898213
642816295738396736
1006327026467524694
1121848813642791039
51
597754985392785263
1137953932560504047
771686858949617596
511453295871946154
425735252063064619
140081170128981279
520882454409784708
70215917601754228
168
191
976237660000415114
568503845125113718
825089288839946206
533731947558157290
57109782042208602
498917147598261372
10
190
995009769871803661
641961912664841760
1054209631195610725
207085779770960338
779587700097383090
727556928230323676
897363898110758579
85
922339689102448624
235
315269416297444024
720174229136369305
1040593877415807180
1024909521897892210
123
812987802375186339
217
532904518146678834
216
250
109
2
152
595689423890366819
448362311627631162
941428831667545387
903004138582202304
655634463705239066
356837477103497096
724083958553193948
521469209945526676
212467042528277745
12
328486831198967019
1604247147690174
209873641321822043
186
342497054765435531
260082017031363332
405651112549276123
149
903509670434791061
38
939949389566485063
171406367707662704
116627778703977329
821651956841831958
222
60
832914604803046381
155693889135113934
509241875191659929
687265104323656756
1122158510102477007
395645521611295251
965571835033961282
130
830338315528806399
546939572467887509
58
119
453608143487742338
124
71
737653390104105519
147
496936955865935229
708807265353589531
161799895814689890
9
210123726232916116
126
1041125410866688500
466666329830965992
671826055572037451
960902205661017673
351568159506076373
504622105135356584
64
637483260398267841
406225817150614510
977861508257698633
1057842821506297240
1034870391797664425
131
729638397085664448
224
776216852036848333
654250876579136445
32
557973121351167818
649035508793848655
229905754142256439
62
300173709826097380
96205586758705124
813169522252234343
514650939120527404
751666336707862306
122049197468920422
171
50420814700948836
444608623913264314
804406869368795392
181
120
208
410302688621804988
415706861105741601
1046114074366676637
87
678300122644397144
811601484667106086
15964458961600650
81
820561235516108045
632648031127541458
611497163865721546
572068014459389447
500196356094066488
86
688325152910163967
12
662666671219103647
561521774849903586
162
24136160843808233
116
1078072604105906894
892185063447517997
1005945449422839598
654024970024293788
224756946160608018
327142239173394111
663196738079329534
16333636969803453
1148838777027459392
1011904913113548743
207808092074458372
678010982264977910
0
404346279332897307
174
301916251368434026
214491101930069487
440795593856355746
637299974593965514
45
172
471453990770767514
97590986217093755
380965006418742752
238
169
51790475487654367
78239153092008436
29
182828500427920076
72818229144947085
993575421590717192
271098560470778186
375799072390058627
716443068748491426
999230960056926577
252603874440891265
826688336273719937
14
593615048526610287
140
747215289573210667
153
416138056464688412
816166586047781267
1053791252899978967
1
107029181792921728
939512341670225976
1117661391028533757
4785065915707707
53948888410186201
187
110
949352221519159740
1032787409697006852
555392048348252086
141
370849558067229311
1062008623823018827
936197320378057570
540123655648345862
710733335767815764
1099895104324216419
139
199345607307680526
316237790021689179
260371401676325581
733970061474902764
889701994978510340
968728435204127941
1064969306250209019
25
117240756230876229
29305090184404343
24
19
931087890569522283
805283157616521666
237
160
684790032966117500
633087669663835022
626650673833247152
743354183359425895
78
893173386943187830
903417753861207471
677840872400214544
223990391812337782
999648778869402035
150
27384987189380048
741453835652188521
163
605148773838035820
1021316734369956042
805849431485626760
8
770980517227034331
193
772798256231424290
30385086035156679
135626643120227710
286626516392472167
792908310116449224
49
217009709130059156
442254589239318743
784099782163339268
637819360771736013
120265429843629478
582927064383855773
133
1028502386258516050
644185600153300311
47
229
1112425208608478757
90
918271902471442249
11
273471865832004252
56
254
740179721498805858
907179160345512767
770000489323223789
485877941114901917
1146816410787612894
342024945621193128
803017801490023618
1057220240624313694
897402462707491748
723165589977055268
244
5
278925581085686707
180
876754735867287091
993163437971961087
137843438599151681
246
1018029803660691473
1078865557445538302
967088125693238713
515043952640988640
864379134936584216
27
472836104107194454
1030850706425811013
529926464595938430
905437990283648895
1041826496181589637
156868383313596979
729799519617987083
36913132056009152
220
529932443448995239
566924407530645325
15
598288518745114032
149939065028244314
1028834286218920244
23
622413710671851040
337214687257773336
3
667241722882766097
1076391034847623475
108
832921766776224582
756688709506785397
10
95667623926365828
142489819507343923
1012127301319320367
968177002040005541
49061477034444281
664998175535740975
93960452301793949
200
684981468811076079
949199978356048387
755923254782343712
443091861410967392
416357139041415737
403532332548575208
93360767619577576
850022254098930255
280692912572301889
133635082448055836
405506807836656327
132
119686122313077888
1096
871056180090772471
798513573373805815
96872642134719398
639340084195290888
977985539057655097
1117065132628408111
221
4
720780833076592285
405667607211434371
7
434348798351148124
9
714262965585584407
680261471505004013
739957585848608478
319897041518597666
389734028500897814
161
239
312069008101607655
1047613015811618762
91175267403367850
691593572519848502
311656061236023107
511598914105408121
817961454089438590
575646542969746645
357751252746438084
800672291410247703
271052776715118219
173
20
233977454414556341
102
495622377123161981
164156279665320153
158629980937305851
274833917469980498
531283667347302666
677132680710792456
506895228862775536
685742976616606876
1057318525540653836
424473053393387523
243
127
194873410136686342
267194511846128391
643909053781506552
259610759167626769
379292838608048024
42
985163723811976155
35
236
112
476545196455760097
474285035368922510
230023714775698791
428720319223665155
288934391152692341
94
1114715584698456300
6
991125144110346824
317298800410981487
1076257968871930706
28456538710603837
135
364871095228094564
813690638667778249
339664026111981010
195
57
190955630410925628
1024984482382995855
72610968228947189
420171017414093805
53
727941173203118802
359253377138384810
359204218363682950
120431102285736802
299393975147746938
486005091806524286
1023783475279575004
358335392189882744
153629271188066617
62607500096352163
883087996479953761
108297855188895349
4
509653622279968428
553776981905465583
233
924469162011576822
982988994009731059
73
118580431694619618
209
423599267847628483
998923214108948166
232
938849597532790388
599288530573702248
774365386425181316
808039700764464964
242
577921694445960737
11
90867950124188499
43
1131140067269172397
464158145018679452
967607546228404559
401249412179376970
178
131828250134047205
660826140127316013
73220135776575117
632365593527927607
1093305592267592477
248
864250436138147439
211
814472934376711907
1029850445278920332
69
3
1010885617488043245
963524207082000423
640927138473251282
580180188449620467
481569216032468766
478946931982902949
570871540583122663
142
406316972453125431
627487117708244155
496939768894142802
777555300793623781
832900732262191252
871820476504727665
195146539245508236
95199639649182501
302093136573808672
747820456969750727
189
159384440864495962
125
143
980482717313044667
198
867157496918851535
631740409611451230
224896236846597456
842046220947308115
17969834473179142
13
862977423805796746
185
985660515484842302
801984514017491273
158
212
529901735083932313
83
72
175
801776141037818591
1018787946050559944
1135781744240565729
1097967997028012814
554051561344254079
144
741447821374254235
5
152962306035703050
40
470283063022084345
137
196
1051290999039564338
739992509685440296
653539143108445526
177
131589259686056736
52170853469957181
2
1021947004062499553
688491544265023346
994299575234919259
869824154862172713
234
103
18
993542876802077589
61
55048871755228258
70
526134969306446788
979551720881391665
180370011411789290
37
590738152402091079
1042825816241203746
224575298307424396
80
117
952640069680036103
92
37519339435282087
253280176827328532
155965755436101739
327331825603747421
405443789663164294
261947334224463981
170
293118309677586269
182
182846345089179768
443862124971516911
726413666643903742
1071897299015776095
758435440967839672
420017324765724745
1084354953720306672
1019473814039169694
48575668134977285
156307978277246602
585582208716780110
605455072079863272
121
879710766953753193
167
619905392527713979
998833733346182947
7
982933688697952180
219
1055888303898607305
62625105370889183
921708372649989357
153607386179798766
225
278710925529104533
806986124774573874
824917341333051559
34472318152152093
541362605970599560
337536535139325669
634341274335924667
935652427810234263
101
935095865198279819
166
104
1086780950678355328
1050270013709526133
1101765272199158875
710388105191122311
1007484470025820770
57699761563620643
542778638710802491
159
258541793001978543
320575909522968047
40169388815896161
601768421069249063
218
41
95863187684133487
651690792862424958
26
147020056437943696
15
852589554460930761
704274971432268047
736218407747023938
99
870183754070553288
490480973947135768
247
265737437753424839
112462588295257671
338111796203424772
628802560906772771
214
1112824237220017270
356919098847017245
117825568637718343
546873187226009110
680573799318074868
1054722623233871221
1052250320217133333
697002642146598237
202636206478572499
173177384746664943
354042264209368838
471685943096938264
107
207
560372548008061464
1002064331305008552
52
167915210089224512
345441312171689326
878934310146873905
690878814947307374
858844272866725661
22
823868342107532666
193569180889182341
108325854771803537
74316516046378850
999320877877751393
505735428561442961
91
805672034109170330
753979405250379441
842169038286295900
657302898719885131
830807511800361109
1041037272569794438
89047728215794042
206
96
234232769138341367
782440191865535815
937136725152968521
526713840673238999
501868794450649457
497090713630194100
102833439755831079
1152732882127647504
752799046765863676
174494415014887903
751225048467414891
358638929890277493
88364073724646285
977863092937522157
358522046273970928
129
67440299080956287
347876864872525211
225644019315687751
840347997248348661
106
276862623600328735
199
235292293233366719
55934181393339823
65
164
384281396274022821
354448679795507076
489449288533043475
191395865926425382
934524410281932720
407391424138463636
39
248599621411328572
546775558693652925
38477079463657884
582590309150105141
205
63
651699996783393193
249
1082977152538490999
146
1
33
1091882122087196689
908439941319401164
388780694448645568
114
34
138
131305038506424479
197
218760482753315074
183380003784066667
828282686568766503
481856750906858334
125871419146966616
751332825179620928
251
422007286589137112
100
89
658826762139126541
700902855109059193
1013981177789532660
809610467256386633
491170702354738222
30
67
18561923287997219
808117087177995493
526174722131308680
176335764654214835
77
165841553302073413
1041391492099874184
213
526314226504740562
1118633254757740933
665731401087450018
468785495864278747
517205704344378331
186188430550160817
1049892287578970546
409955720485815919
395311892593972510
434221374252159724
179
188
736143210018146990
774002263660844310
83612875650373352
36
586533799840733875
240
16
241549683798162200
111
157796391122300314
1016728491913487378
302243088622869875
300906486209619723
499837894508988509
1045744014154115465
223
44525381835820299
228
28
574974784769940326
992604331189227430
759710454614391455
416445054395105851
74
98
156
165
834030228866882186
145478206294277132
228624217707109128
995205719187509548
119484777114486490
859974905146998760
394213384713658229
830650585426996853
227
390578545985345195
128
492170763208042829
946465020669827723
826250617270014809