YES
3502975689195541
116
643674291313368980
927620112952068152
60
1024696288327406901
474292294188545162
107084109867448401
8
985231930941481512
74
95
53
1069548233111132534
65
159
422627572857848329
180827848510598139
14
1149375201285190165
220448932354864895
1132188728162345429
547854414656489395
161843867321675803
479684277814529363
174
374605384801241256
787540050784446447
675420139095011270
244169767218778669
707559284972650553
690521988945936378
138
388171809125006615
186521341025038450
955464896584271588
788233603283926371
98
4209297522537230
856297859773116973
327069073962450201
873267672766919216
362297944866203470
369026073875741073
381610120083938024
539986128600222505
195
925606478168522245
592931627424232506
316063177970545986
717744849696102454
35239652331916690
439092761557082446
714375056593735701
809415008276769735
217146663766235701
80580989412791752
6504663378931459
714789890399613938
66
767657658344322311
832884840930024880
86015720631010529
1121544887565602930
694409347137157784
1096
1114242902198814753
573510331874080642
149593122148297118
1131074379297897042
827522102535358899
216568034707350128
859094583150372039
871602695692738206
305120826630073391
868333589655831339
212
130
808501118238647434
577329146625635446
180
576533129417110712
89
1030345716074899843
134
1018136628441861779
997858208723416084
19
1067198996490069880
592286351054561066
1121582604864790815
71
380012924202122910
1083357820704818506
111
252352780045289483
225255779391761052
254
531954194522636953
61105525933158859
1088006117999453618
518768277025361370
712271716739077679
33266282769634005
758764609637065437
1148633156358883143
228
863853391218841965
762382570564990642
813251052931511744
156
641821831675927097
68795692055968209
1077404310608559786
701060267684086535
122102128224139396
78
483685629343284237
231
992653327520564357
38
686247714020321240
730589798224836044
474748852930676194
949350927307846894
1036220232936997416
13
623530993596320445
1018968059274440407
1115142228889087382
225490120806009864
659411673851657206
762848568128895285
978609846213724777
837263987639267187
138619968619443121
141
263205270568113206
141920432274662043
1032618554624295901
413688605099089999
889765879342125534
822841006687786057
385988158042773065
980465486582701623
237
345776309496937318
54651835299567199
1021573339513195334
948317984079649396
707813426660954443
173
37
13
728101244035715534
110885725150025921
294578959984744180
126
473277651371831046
619623631628525396
1006226046462803541
924094450065476613
541749183531322010
23
1066644414449655161
680698321002745766
1105978376221896119
626577079642599880
158
384772934307937645
827321856702791429
162
891055527012318146
524861717045547503
240
153970307276704997
112059899144418134
1041883213464356961
35
30
5
1079393661881579946
0
318283030613444257
29
142
675365900146404161
931431973309185363
764304993060026678
81
251
184
617477055481570851
576619140677898717
490746353223383858
132
222967340295894358
557586407746681344
75
555465793471521183
405922424675743264
229
109
207
1122262491188357690
558870657585273425
530157556616345743
794492478713665686
151
190
1148813011789056823
250
168124127733197822
245
56
1145908303637600095
6434129295704470
191
93
1100334289963756108
54
175886618045350465
210
588873220145332753
338182599023382562
756371338217468770
980707345952635167
482516433736271127
105321199071891208
1117714710356311380
790327172866539365
99
110
383560458669269140
717577488946219981
221
1001918797461194254
708808779365964672
683931344553812992
181
396603480490464727
250956326835170160
46
90639984488412426
991422094665784206
427980759485225244
512058953845762973
168
694685978736094535
1079893527912253396
464342396739734986
115
271656122514491078
716524089625594947
720602188268532061
744652199839086204
45
9246707239585263
1102750983496357048
14
97
767024229510449777
189523548344961828
242
50158765494938678
586865326111903850
998594770540691257
68061427387484721
50
1010896582310652385
835040424203053614
562230403737704173
113486225940039036
475820176951410041
17
551008972259097855
235922469751529814
1
44
459374341250062295
80067030211219376
131
935558054636568220
34
422923858744724888
91
135637822715192978
923306591399143384
1147138597820067855
154
507762357683809465
1104173658549548806
108856232431477410
775182838273637986
303293205943080715
194867485869636301
249196782538062467
68
152
130049805431762912
129
234139295426797861
235
581718009208770164
6
706644967631199335
193
1060578091055223553
142343600355816930
1055632799736667251
450953738204566867
168958318980701438
175
1007175488014403053
299582758797440071
314424030090771042
483093476200919512
1084622328876473004
102800372201049730
618048611590459552
1076345165574656783
971256888763698924
758748907289426629
230
656624943768999125
20
185047605707939775
7
122
244
836525504557842717
1004337466953201157
826676210990779726
1019257941911177142
39
595351747346963922
507827248342982355
476918939903595563
817234649097400480
4
373227627372552792
266486140754470936
67605865245186997
773186612873652370
710722656255694599
82
198899141358484587
186
809675532425074261
1079895482445303473
620575973247936724
1018025466706417669
182
61411971172219429
202
918786453938308956
896805851204479417
566258048682767706
644174565332135393
867823084187355029
1151494776834345509
878731202586139197
431296688701069213
46877832259223711
5
432055392505674807
69
318324190976206609
101388577738251207
464791037943558529
3
482556044316109113
381050890934801818
160
695782170373878484
361872815192289454
120
280812758818864790
977361964341212109
483095824181132065
459666056510520074
879466464958059186
16127493580586045
1083757606860988803
791181919823724186
1055429099229221755
825553688971307877
225
189576710724255225
94
12209046929186715
170
1049694341870218150
196
716697828240509510
457451493518103584
844254642271628360
179
322782298323661185
781577159918042138
503473138310823247
43
215
942531090900784305
63
1054859077034979732
145
302755547292832318
1041518333853483294
287492571371006058
439901983406186002
13262881161864386
463997599518012144
644787859840484107
217254056357873168
1139572169428868776
165364184731034188
391453123042220977
918637732071796260
802127908835854764
842497418505985700
270349406458235169
130005347575896223
730565545303248288
1142353273653639234
693946555253821361
136
431942397155837583
90
22
529001225620585239
57
199337537756591171
365342090790923215
140
492112318810467063
856796056997942477
787182499872144234
251791804516959084
7391956163525372
829911583028961220
746207552909284264
600966230386005824
357369030334014309
48
121
10
241
128
1042852244384385110
743189874634328022
758317984899263774
10
1055680350837870308
807353053894815244
952715707771045776
275745004721961328
28
1041752946535901643
259639700011219087
1120647230985675232
231623474273318522
236228665924669034
537729502825783777
519327855863780400
137
133
684307060385578614
818008348916532910
189
1106758910962888245
218460838471300985
163
238055567467218298
576397315417992899
40
1041503733252227745
64930730644143892
537922392574915758
255
371039458180167439
522424869687178531
67
420352598874015465
250630105693548385
450777557983709087
922368201176815598
1
286776008184133827
119591215621506266
799444600756679463
236601048673093483
369244929850435766
1074333304374880259
192
998931245208486688
1140148651722611414
198
649203786509841781
19361496036717751
229443915523239743
686434474735656413
224
806169968576345696
75916290513262128
691241025318694653
51
966714389854856190
22303430797933293
222223823682685350
1070759714761933142
18
160150876269566571
142976342661571310
103
947651448981387509
27
994037034136343270
12
229681051205624237
24
908130933267273854
652313119242980993
322833680121750952
61
1047917591950543465
782402123366099672
306587383245394152
903000216669093380
511622568549931503
1067060457633901704
417242302864771727
423788344379765815
1005069682119627665
183
124
1075892045824615224
236
873672988791284924
187843707007407727
103117761126340181
954289652557181213
135585713852020154
959087796227652792
626044920196561653
237185708267460357
942682281362090859
77
142093783080886043
189584864898707023
219
369032895250500651
101
204
1122087152594161656
232
243347833750071880
454290181179979315
46608010005103659
1063067110883473742
25
657036144971391629
165
171
176
252
211112366605626329
168875570687029271
681636661329651593
719048865865100353
975102343400026622
722223083622403351
75048773958195284
1047093100173300136
809954009986528246
877663473571258462
135
85
261056405397141662
253
6
49
146
172
269123031597059744
678576316069385818
759356913801799240
36
922880481746365687
1057621375984994026
275521547961211133
387340341057807751
123
297084660214124103
71700453200454572
1119944094751811757
635072708684284871
19107395801886968
558391224560403999
188
758394788825688241
270707363815829097
50788791521415991
780466003225315964
127
1086931543948956008
697640635681353060
386301711896664768
846684205467292814
855279557730023194
181899657568021845
650033895921728209
79
3
877700702502283737
238
223
529285453985293751
1079784256886584181
767067112808433126
170533356143246222
1076235808970781397
503233897074876267
350159669231744439
1069642155993750868
119
904114008165611420
949123169680043279
579718529506044209
8
213
992113591857106968
953872343720295859
1112766871081431234
233
998695188514157969
925687252271037405
68632259626786260
11
187
933617796497540652
2
973458007585931020
246
847833928063511847
1091827602225401101
1151945329838286535
157
842507713901920449
86816609725501734
1130037228998472234
618723779864193195
913363189952578451
173722821160922996
381052802968897767
215783758254627291
15
782677840271762247
153
1067041450306789687
883177248295720393
164
119909767658912583
573072462860710760
752955041472791927
47526249667305131
844626963321154354
534547910867438613
149
786502110628518937
211
386947790866435923
243
717846031347575183
1043134176243098626
253528742684712900
161
964116352442076731
2
31043274207152778
55
12
134829106920529280
1121431037509639676
271735301705214786
0
436553305064968123
575173117664844457
562012464108500025
225173816616307332
47
937750434668092323
758836638103760206
657168964391192396
807414777457868895
73602175817803420
11
421242956366828344
887004098737549894
220
1133422236999103879
206
88
108
709450203602189161
1099883346717871335
93408151790216363
114
900288273149112125
536581329379114224
1018639411278102685
86043653098303970
52
724216009348153096
169
943008580529400119
247
617683292969392412
112
1116759517528142463
1061578824966448876
897585756963350135
83
637732533250408012
277164211546406728
949176390868718234
672963602812944380
1092113643713796393
105
881723236697968707
846124537887294318
248
898682836058098289
21
48538134222516616
727783856296074527
100
92844832149508197
919137363982900902
199162706410700304
437587562923779689
7
908174257709793341
962752958188575747
430143757317589544
194100387215691108
220216324627537701
226
832983937388200275
959161484590134718
50377742222740736
274583247284399595
627520886765371758
752685867776559458
33
102
375562278824445983
1112085779668668751
705448187137316966
358505870717424535
227
126138675961106680
21522107732910532
169031138316507357
201
839489062716212961
70
9
84
134180105633368438
753239050273117218
459851943949821555
59
348526447072938866
218122457290447871
367687317809104269
99027664254667745
429188044757805897
305608869861506485
9
209
298303304564406630
360073466694295520
125
191760704585159725
984077996601561039
1094465961991485084
42
890460308013152408
817663859031423421
32
102565234013421958
883479324969276816
522628837793688164
744504445168279099
87
947165128017111284
231777498550251070
76
861343511121991964
1126343636749090522
166
428813389037908157
220215967498940638
785824105114505548
589404854509754150
577750668693145200
445243859275590787
534515224139315185
63091783337958323
38531576975632096
167
379039873480396750
257508488642799447
1092822262335599227
310519084389125816
467576815975459496
254223737342003265
534128358504621164
996822883375289545
998496850392960253
148
966069390291603440
569560701438445555
713901644489309642
876760832729623478
643806562665156896
756230830574380046
155
201890042129085793
1055164131669914445
524987556428011926
852973429679433809
627018067171116142
523483448393788883
326046177253654426
58549322981095386
139
295516187813408520
497336378203577738
199
586020806606873359
147
239
143
1013693029790847468
873982078182510248
128838240290267096
377308337521988134
1124030064268346071
940546225850722987
1045559550561336148
792589131133326380
165575573605899880
305487050560055872
214
563388036027706242
44129447937254481
829023375678883644
987739593084281732
1006491703235180889
4
177
81819105798839113
943212738212706809
452923739141306178
458635359978772412
235283176843084930
1113048222173951052
118
1068934416239019636
734499120193655064
75637664616009436
399354541823128684
434568239265383684
125524021008324202
216
917899555561692783
193094045400653384
547013880853373260
809663100020195504
1094428903964221784
104
694973491906678125
826967309699906711
1044083705221760188
368321237749083340
311165278131632969
24688551838226624
450196019220301860
31
15
399439573814467294
697479017042595295
205
1029814824347176045
739151794887896813
823092614715443892
513466758798115301
420919731037831698
218
222
931233563356471120
1053632896890339815
291830837235315465
230680748792222037
469847928888375359
96
233073171196867408
539043099289541210
86
93768637019870435
178
293394113311811597
898451315215473164
896005429826107419
79908602958254194
669948442273566682
536986822913044618
861204121790328947
117
267292688360795263
623805555825653311
1035097195005807348
414556576758366874
626757643274266616
628903137601442472
946387887249847831
33584236837605560
150
137903878068564246
1092155970235564138
559937042800974707
64
144
621620577842896283
493607791766336505
657362342223491589
844146891574287820
554171227500361541
217
62
1015647375091525176
200
648906755708507303
34797171310482285
484023925565058229
349438419018775652
208
121324221070479785
73
16
113
576042784658313829
1113511786773170443
405738073878352273
249
26
428837261794021495
412255182915627605
191672037345442640
481113422102017235
40064823038774674
90373393528854546
384504715424813926
866438517919139250
520047545110298394
622655939241159240
203
601309942647695140
1001581525808400753
74679683543688766
943764332345544104
236547422643621855
813449010464895445
21353015001343708
106
197
92
1130426068313639505
139106584807328682
80
530095917615042712
244489878727098451
107
72
244862956201784047
421004099375922723
185
778648153615456092
356105087136920150
481321306589481359
573670443206649731
712792459115474718
445116149330132737
234
41
58
194
321354166716733432