YES
902397862179550099
779479386195829350
11641216029656589
297667386711037356
38141479656743140
946616836849219922
218373327371404205
586277075254875892
1055789720994377553
917390248553162364
698503155264863278
1058818559794554282
911940103763594675
235
409366238561648031
164
783002409710226038
642015100986359500
222
477586491576823187
141
237
250
608034389795686100
1036129424531643647
135
469547062510696861
1022494129636940448
179679717548434343
447318059029974502
216857277902088332
345977876731185273
1126996271620266337
1042501680577824567
11296398850404618
909120077905109624
993576592456064436
198
748873288762880764
137130865706104230
323961191063706045
278350366720749413
91
624148840217251838
168534641961546894
31986075696218145
528004235252646625
695796599021162306
435457691233658725
1079373240014870212
29876571425280290
79
410170391008561398
486768562965138215
785791605074931179
455850286933332240
234
856201467738127776
183
68
143
820530908926601887
290174690092788822
40840502263198441
17
179
182216435169360786
952586837900937238
898446176946806671
818493302427205419
1109350735020220472
28
800819189761877879
222221617290954371
159236388649620862
575515478446373935
119907018933910261
113663631973357738
172
472027976313553914
525291439361522012
253
394953266801859624
1126815399769467911
246
306216983106089217
971489989515855226
449198358739890534
233
156
131
123
620377121210939832
6
708051161896205729
41146104377855642
461876108120071838
1036634197783131923
16
1129853617037795763
563412712353255305
656444786090218063
328505510379396470
48
469765989915786061
3
1047294844358836681
109
557341164690290440
182
244679026153493489
811402197514149243
376835629965994956
645220386434189491
168
213
394296410308674250
1064849468529590672
125136737358103215
938913296138957018
227193161644819530
11
746472975336375532
494330659837995367
839246976046881862
73345680430946319
68566131473776072
48365965708202747
1150154233149058704
533847425717003666
238
156005850831410881
314277530569568535
684532969652433123
111477645045992831
676809737141154585
661988283083055864
1102853987025383305
240
1015667737992838635
95
594681144224751018
89
792441339903880526
772320702444919561
1064817927327438671
10
662743102948846618
412683658853201229
21
1129209200511664035
237624582049743650
531925387106601610
1091171032566725216
172012935378534225
172263724026272587
1
184
140
1003512940178033100
415258471818273759
42
74
963731700338574499
201
373195810279389776
791926499994884590
319938737965926010
230
782064961056364307
895433052638899507
770145337599676730
46
1083993383585554007
376177291588909562
811520211890685904
207428834972117114
764062324343590666
219
610105268096318678
409437093509379527
1147557201258293182
32062698651507155
12
185
1092734810081545380
417105183979608629
407927862431325295
852252398414024546
965772590297844604
1022033337981464872
247655487024143333
19
692072662694217046
294362953980299690
528331610060435905
490023424065389707
516119259335146212
697424599938019610
174
114
318401106308133956
544692742337544099
188
565008822785726621
426915538195349620
1089100674701014555
621168668030069590
187
690227512453227676
84
285368390732321288
918951902623809291
192
1073182792266439813
777875634019076886
218280876150385129
754134287871200423
448903883314977129
365128276870165579
1104752260299359916
200852981329421705
1004995375743754011
161
663155082125521897
310312599563586426
111
177
155
386079801324671654
241
854173837590455230
780329559666543775
245
506005454126703442
1048563776274913508
327191190979539544
1
428647139744363158
757876248647140488
0
1143155635456663139
144508620774325714
4
300831738474932882
81918708443113399
571596107708377831
637865715244288336
72444226688609578
181
48884119645081333
477135703535583523
1128973299546927656
299997793541831009
1089666866572894093
132562591300841858
1024451721139716342
5
1078203198975373337
98
387181629964365919
44320285727085821
268330619810517802
966063936955196136
727384786295682158
807469862170114017
669116162220386391
65
627060223655574580
421549659855045536
86
249458057162027859
420211301033837913
160357317083882828
533288728410262936
806017679118732394
503850304568085135
914261919882591598
553450481991431435
788808077131020407
446755823804017775
403142865948419542
1146262958334794661
762645219684367117
816905505953027188
658513143196108261
567717243476727511
93896826554745592
680440365311803404
41
167117015411082315
146
214
834035904909155256
934828719808875226
3
910004077331782380
93815132050342200
159
212516571378043497
197616707052925151
61
417354869645611852
99
147
788292226915316933
241706246143658161
1046470762967978353
59191065042474638
387959473855110100
24
115
344192498415479332
377195535649653676
366613243934218525
1122106967211662641
95714534976968419
1054686031863488309
60
695278259737003404
568035406020672522
264329448644985573
290430718250100426
806668326142076944
702560759613397992
665904128851456395
782116380816702932
157
883364144625172317
972362876612606750
901469862160502620
236
634944229346102651
465718487693900432
952543033701814317
55
203
288753480570761015
13
125341008113568977
49566209177650911
513549270614903503
663992690499957130
196
181332068527756064
675323304392137067
473613218136838316
1141709781650670342
330851669255117022
128
760720646756990733
255400901426291375
575414252502292844
171
125
6
1062622340983274048
760421967265664685
673951841849119307
482811165518739666
1112045063294182845
402185338687160873
468730440792053939
416630567677182132
386448427736375275
450532253611035954
644388338987806712
855984740569621668
616236638572770526
350353825799938760
225
266213660668399631
105
632116809678394857
619232910060282096
691492980837059409
715823310007438660
162
985370482570833799
65587414805939376
2
186174300604835352
243
199
773563140308908934
215280813019333568
905629369336877974
218930413892245162
2
999841955311079598
174838114657245317
990446495686186228
51930344981303352
298024141949179309
347397790945533240
9
246303273190370067
106
379946503453586639
166
1030674455791534361
1046258434430909493
345199106936063061
210
153
204
874088282664208773
1043808658843267535
142650774700860576
533061789262497593
211
91611775550417556
694571846174709747
1087349417698490514
57
1085489613857697274
800489881101714112
274535641265999710
14
981112443989882436
754470546658148975
905095098978860014
710773092743477085
951061337403555306
684317210469182516
152431873527621503
41005535417687564
329674044615199363
748155454832065204
979376967439904314
975475371783661422
904489628550645468
617070943314131446
71
560017903250120241
170
31
408592161586385105
466889851832944227
360332760689653891
320798068518217603
238674234360748507
1110071575628098416
87
32
815018156945859748
27
792246068624591820
1093383357777086769
221522475676189752
1028028588612815363
745633432454529187
207
252
310568680054419194
718245725030350845
1123439660015228925
639505064832585880
25854336425219925
1021263729442599117
11212111275514992
933903144906993455
85869052746665596
122
34
364231578939222676
561763073566758081
115679869805129476
519068989250064031
1015885313555142753
200644084620016704
257574443976487640
73
800950807268994482
974111025305258866
155553393319810028
187831230831251358
93
810214237910792651
64
227
1057147274926301850
53
332852700596474752
808804032982737308
51118934540991553
150228697140562387
909930547765005627
149083090233990478
96
294447754370193365
43
90615075141565226
223
543526310914253530
129
271757635526771548
167
83
58
740600315198190853
152
139
47
407954676989171303
1134489971591271290
178
663159643299277142
102
52
138
857811147476316861
423502883463972587
844771878743353470
67
566165554985510501
158
508861018419020244
247
638537680985584365
116
1038393579731501656
88
415600771447009795
509727218051934606
49
255406905533857215
33
753099383870859937
1009962422911314178
134826628801014691
678539084457246569
293137346807121881
132
10
196437325369264347
747700405014944767
224
240514116154093763
10425526438364873
656137955356982427
582472008783980193
202376911037273405
1045163320834544039
490520842421063691
610081591336065046
82
620633582962921850
422790869651711175
149877633496694151
122634865381328003
441115550320878764
2256523597496521
748503231742692365
218
561886358516291518
145
540115802556135133
23553042284235232
336863328267632770
37
507255415414414721
63
896009615961863305
665926878114362703
504704976526567287
454497994550377769
381840496948542961
1125025937939890640
77
610887276709860723
225452483104654626
200
1078364765619504072
167382724435892686
1113511988641045180
63206117930547820
163
380813281524418411
559322162637313722
217545733654941154
56
557291386525235384
752524376234462462
1129999161720557693
20934214071246629
479431936480300757
216977513745390240
43133336195781429
160260502187933649
697927442933324636
142844848060577497
150
801998561835379874
727323605765802922
187989524875229406
357243502084322919
11
110
938779897442893120
148
54
92
1145703509904347748
311121483993676815
801164127493735178
703712866345259934
164310718928391715
229
218949227432697259
1001173122942036881
17459241533838233
900664583553725136
81
896050643999973186
436103116934734202
1116958477585126705
1131331605439186762
112
113291326417469788
545190056051756208
379464492097374425
791870512605306788
74452906273869547
66
683659027787235220
970863857682290222
221
1096
615094901715818202
255430799805209901
25
772996124806765665
154
482944435612495655
103
249
8
447274653983976798
703583638711353277
186
512203533533341642
662058704418049534
556493450902628229
8
1107779758071850550
141876526600636926
979316458623341703
738088203771902847
76
838405457676399238
343112994450671548
180
373652411953614229
169
662343414037635323
144
631113088657187199
716789754694652432
509169679711740050
432469144563156764
357008091418882995
136
936785701599900820
556189935846201358
491213333629652401
113
324972602175926121
872151400800376287
45722228196920812
217023165481967690
290646317090075358
994729881489333476
985567153441929651
59
20
215
706391686401200318
231
706289091349084657
1061139792258863494
974193686297191224
526909148092881820
190
944318249751201692
716697377721949690
85
910011901856460681
381963736856958214
32026642960493148
858227764181027230
117
127
1024098195763499812
149
628355137670682663
133
364008250512463112
678354739975390310
579139700848202631
69
7
317839099137483575
911877056740180176
232
5404220170459521
101
479410762469886283
1027613771162319023
723605021739601336
540985047185099521
1141665268788411597
1109159003653457980
974701199047794812
879370865298305556
240192199553484352
0
385482318121341991
15
22
1020214598449367722
13
518098918142100260
94
126
165
745694111039230223
514586331801221855
934484475272899395
204184432031577211
114599333411902181
214492264477140732
784270921204863214
90230230434162971
856924662529866695
984870961881723195
1081203397971747901
7
715035303488554281
546968288949386375
165131457700643490
580797701688241230
209
235112779137420854
712468421871557345
227793988965920090
815776404959177282
38244419592668523
482717605486185737
1060426663897585601
326785690935681468
394182532511623995
593757828550605766
805288953027164159
189
583984280009231136
72
583120225636862216
106042457870074763
175
781619602478319354
680147851508817468
1040306182230847063
205
53309348220111768
135290922078067379
556067588952289096
882692454405028617
16902234362723616
509462192656238470
212
41189401122684020
978770244786984150
450849892382643986
483500250570700230
762835336694009979
956991449290715241
29
702952063617862178
458830786265165178
1004966689127515265
460713326521018845
1126721000641537870
532755561780230252
50
669302267183253968
1116116724470139626
295620431362264396
775199452943599656
998513287216256510
206
950899201125371167
758275284693969795
91849092354872505
242
195
627172137922038367
1053405171298742559
419665003460390771
1061275276128769185
295331185602919169
35
890736108360806272
1036805613400597303
961729875261339908
664042043089864953
417089920266747563
90
648069502250743848
36
40
1106061459689210629
44574595342484246
936165585251913714
594477975242773661
226
216473592585161750
9
372163847991001364
938050553744048946
160
138643884843530366
51
1042522158921358581
794997731599782350
1057124451229504251
339858474514488348
121
568454833453501740
45
605674644577931751
80
911342902194777287
683569465568314522
145835038876662167
743072433985510151
1052960942177279503
159151212270567783
936655245802101513
5
378241514088250650
85555879730666338
12
76792634466811184
255
957887309720194525
975439295056513650
134
108
1110449460017605045
78
244
970819469798381529
239
609611019724241263
1099523062256432827
671602437341088322
30
39798200627120448
254
330732209139541706
1150522393263704629
977647832002676162
490518117502624787
1019837247309204186
1009493380956247745
273817155700082447
191
541115997592357803
750965030466493488
403203794351385246
118
120
173
774213785574416171
161456895288139206
960880556401378054
356428200161962066
826002920099812480
106097188061265462
95700730420682188
176
876365586238947038
392479148999565486
182258230292069727
202
348971937511870815
945889141616283596
15
186846714398774412
252432281689821954
194368091591294734
1006311337823273229
38
97
835655164062461240
568562775795369797
542069203544855588
837006861152925232
228076656041680173
726794987627220908
435080837384498389
572851796111776960
832933921474289985
23
228
216
124
288107070054851435
1002532926501359976
4
147524843196878436
1081584472801295078
18
107
800806661137414499
104
549392368244793013
365477796052876846
93372537767972571
675022678201306713
197
193
228308031121775772
1119050677422572136
840192840698890398
640326798773635894
75
255288144312118887
362904691287010223
70
659952777903400246
119
151
208
680338972386668049
548323151822998771
220
19323253167458352
1117431672320164954
810960826563862390
473072946443714083
576724860575888134
737235683092564662
1073769623773673479
601581239934265127
251
132729916755798674
218917767647817712
670765919355846629
541204957941963989
137
1065874326708004683
722015861292489230
440757723836856168
463184682352584428
14
217
296929772399834041
513629770345656965
980047597216374824
1151125974074552456
673390073249498781
1096184884891519177
960921634297506443
217308680061134174
568394620107979640
194
44
113373403468657980
560879605086836162
570043178657953731
1019741042221776342
651508496906359925
550563796227212131
1073241581815853466
236206980890671190
248
762445500378707423
1145410732118121166
1098208727287564355
100
26
388996385012473358
742016345993683518
130
520793994423722155
62
91684681420391168
447755811774758519
90209491024497619
751746607146108202
140975815468087584
142
668755428596732172
1130187461917683865
1014991561484831919
803173094924118978
39
636213808929608201