YES
440915196675581285
921007214131721782
855357069628697481
1006184847547777871
796075988763597397
343059175510947659
333847339998930817
1032084368621564702
159
1063633558516904152
390895355649413600
711112704745939310
340211712420600691
892959796843337433
559716388263059113
972664178172219147
186
715726334943676766
890813856506386093
917482568755017032
13481096430417783
692464586091132555
361264540079795658
720599724402769120
23
995379191530245446
527749035064036310
1144279622212017453
414550276322119994
471293289860581500
144
408206930137443619
850500157704948733
461000184793335062
176
649903098153598498
601342949274163987
225706909159056729
22
80594271860451492
130367808975632613
336756069279840701
884292050490825976
9
204
87654035847124225
973294298079994252
117
174038859323065105
998230968443500865
225
1077398582624719569
512276650391325761
25
792487424039404806
759862302782180180
13
509482176584683880
54
1038609095033978384
1009308558668595182
158
2830483546402237
379587418669376203
657635415576914436
1124624948401876991
97
127862248272745795
915995777551079092
177402784766810192
517515426800543798
197823144590225624
74
692981254216803751
36027989563748823
255
0
286843753430497331
402928310948332918
41
784989392534198921
147
797224134393087723
5
602837530268721082
89480025891333804
17
135688474352159347
579665342978467992
969259217008496155
232
1094537762149235816
96
617858688870987343
976093922032485097
307836487533142401
772506047717899796
343923183723874946
654816643738451986
816840034199435746
142
1032056120137054660
378991568626237431
247483540255632107
11
331474819693242283
197
528110156577312729
829671487925846726
223030857297003449
496838657846489214
425937828333822595
987027960884887965
1087816383504391155
467925734895463609
776188466673507460
854799649055601731
485803873031877675
429589837977709582
1082931174356346237
78121311015467729
858380533429241637
118689654509228659
57
437276110016187426
294751575534119876
170
344145113091604408
1085204362283435867
1026764344510920800
910999293041004427
454381009983731345
119
26686260827015513
579901454357146316
326957478904306990
15
671346283739845483
156
11
1150571271862052353
198
228573178068133903
1082811843940240364
199
743313541358764505
973448108949480751
676808485671624678
632071335849539467
381823271339859675
9
62361836633495902
810647549172520741
1115929283184962005
28752306246200557
1092425002751997638
873335633298118340
523526041914988515
194
198160065208567617
684115394335557153
1045756658574152459
35
12243292417305637
125
518584254974322112
924490180617515879
576566929566245374
544878628640356425
587182318830502442
115
1006136742164536775
27
33754196645504561
726113985040011306
173
629494522732611370
321741300788989412
1109341602118925866
335110439499953156
168
87
107
136
511456533981165213
207
228
652241092751681809
542057986982085329
43
461266001045504267
1022592085515981164
223
45768029797783433
102
140
1142681236809092222
594165977112204034
940765372746709852
969143368440219491
148959812525985616
112
500262826672694595
176415357672305962
875721035374466770
5
602258170769112227
525356245568607167
967543672068517553
496880205847516804
230
931911947687512984
279847470947464476
792826169365827696
671717229294916539
129561957913689147
749689174118648472
640347950690396951
76
627201573106203748
1127887485703929180
218
62
430798743037183131
810348558326955712
12
927619963789495031
107315592339062640
293788199883375011
944819624838228887
145380650540211898
972909135840551228
348038938308054844
250
16929441935668633
347473328624345638
16
218417599082947024
221
112420648320051185
160
1093858359357351169
121
129
688288094171663183
181
30
15115600102532042
31
94
748107933266999277
79190274334647760
631315091396405593
130
1142931871108568408
889104851736621975
231694753720766446
21
1044273809479349851
65
687169764621081118
1037193657933477302
19
188925714518495282
211
801937258538727020
71
216941535851783780
166
968874124425731442
406821359382808895
205468266999055997
873636588886280815
657500135927103347
949890160281010512
214
835895161925022600
483545571339899559
605331008504879449
191
177
927154279031893614
379831628171613146
88
314017595487392190
203
604613494431833447
596074365979626761
911745816163302329
563678445352484711
24918795498962148
30311509010516666
69444588056216781
194231619658904195
1058928264480126318
493979271750252744
92
75
906693269733332123
654574747278310361
608490035302188827
549552441826556206
67
105
705018080245619655
46
353952259077168203
33
28453326020805686
491777125637984403
256000320763926155
768294790758884605
372894956864700553
736322935176721382
62214889099231895
619855222280396935
313078387358778058
135179830479188638
74834051939100759
0
1067804490911751841
344534563939054173
1081525592251615582
1098827166408787860
186073377416846040
855511068028033120
605756567941164835
408138984205182923
490537204855500595
460834492922474443
291858089769309434
237403760997628281
95784346761695509
243
941229105907550653
709419249080525919
99469214455623991
834992642700835513
210
129531977613580442
887225558605646001
147052307924670046
616506356357335179
185
609826033230584795
163
585067694793715564
347013353742372537
21188178713322140
174
227061294813615770
34846392609335825
1139939181298286741
118812643069799356
210533237929282815
331053029490746058
1130137655092755759
664364500082695744
635078776948993716
1143206829458787879
154
249777281806949906
959778689549708766
827845059616585935
196
28
641334207340694791
44
1055757614145494845
6334378999141994
86
89
1078315452733542831
1029754421961790180
936250529776890663
840242483497346507
363299162875953410
327261384482413217
138542522760366840
611733798362332722
139
143
37
83069963481769483
1067687957862266826
1110920161519572292
727094263250090554
218782576192231212
96741441483291935
647805673294485305
531246729021922231
994759553754059531
73252189917655310
154873854155139695
153
1120000279240657846
3
3845361195456639
544231607621050287
77849462039768589
1074397067369372887
1014417144227054386
373493336555642882
770211579464314343
138
77
837888758385001059
937117514071945045
15
514318863584468500
742818611871038505
167192130315577569
471622621728792830
884642493812893006
165546013572181799
48303681920496849
100
436730889386970291
250050435530075692
75399356095428458
789919794853890267
22975207597049774
1114425192381162106
589493554098754640
3
1067539778924187167
726213644606386346
386365433287415173
370716555637395316
231152860761716130
347490989244622623
656842726909090062
375301490171752529
616471012625339844
958278554896076262
1
120340267693625586
1109075549094459859
205152663304894583
787952335357001876
188
740207503991959142
1085094515104480458
846362017380737165
383976101628858064
640164506749318681
286712247949138861
731555120829152324
985732839378754221
80561730988338545
836601683874018078
889901728804272269
126395273617080321
12
12500740456851381
1102657450916745762
1129591336765210825
849484113083612224
37834338803530823
368466396634315647
58
1036715003866278471
248
649738822871984888
51
1104702071569001941
80999151039221528
753700616843564929
237
448633813264095986
773194271248135677
316456482662836800
441959820454531323
265470319892903129
1097937984910672006
965661098948695493
383347045231381635
731214957736619720
252790262872824246
88708636930802343
178
338310560252332322
180
83520348901567474
57755199698725248
729592082187339305
769334443739525119
1033014182106443582
37001086918677029
359992501252919151
797528188032612844
183
544116894525146447
169563089190096336
923637722362892389
564517332104077801
90
1130293753844568492
271620037587827815
169
399984095689030282
281131256091986237
134148122332913388
820344388539171825
354941442687217416
332015088428542823
468545620420994655
149
720734636010582106
77220312689066445
18532500431812497
476713163157551103
73
192
623794279599306414
1
132
351379110267605505
1004279677843263066
311400069541792576
189
278158345192271441
11594791228344026
439220370861598067
569753401134839720
260303256140434813
62484184304687011
565376889699893523
229
1078421253778193669
798301426702165578
1078395203857375545
761941743785082972
238
1047925814406209142
887159527339176305
820220385200373093
335613497370600150
101
898592754597199678
601510159984962293
13
3742750453781534
161
56
24056650264051293
1118252141214399699
49
166870889219424638
130020596105623953
224
99
164
990860419637236981
217
861116407010531547
79173176576876791
447984108917456935
52
263745887412554590
558222815099031774
18
40
932694411756431695
251
65587834493291325
417816082779624032
973519333373442839
95
250362139518975671
201
1001427608516637000
137
881431269605894153
10
901153670177315125
376223186211658274
236286487652401248
928666535885988613
198495313076840779
212
128
155307193823446467
578327292471488192
888096217957270981
457551303096473284
915279095627066364
137455434541608581
212432464996016023
83
38
63
221100871993518918
183535019891565425
209
220
66
3794324156401847
904535691947596810
1018730856826648514
803603394002558624
448554219945532392
247
520331530867126900
654385461884071837
988481496725404595
378703109294852791
26
155
219
247517496417277747
992369235645418828
1071717139044849129
195
211362143441081737
1049592779529048238
298206648869954615
468578273466683387
195225990983510736
761421258051735975
179296448745367279
913410921812592359
444306072176060176
399684953948200642
796025165687919871
1007031506046721905
424385664132392072
215
651053259543185307
150
55469825469491901
261256849352076953
349483437438311701
246
513984222662614401
85
844259928322411930
1057994818957057175
257968616111638419
626608267913946636
73415336899898546
610224397512931853
147976540669386867
896333105517112418
774476012355603503
173295062593372968
400520499769217274
1043913191185204975
29
703272384014173321
1114894504369082152
82
216
80
132568662659889772
143189752977774347
285627499931968976
68
181786736352123038
72
849157797390512894
478086506648837468
404217047781763230
844233181971623645
426482130961960860
93881644661954826
1120903662033149552
834365298060831986
1135994802120789502
1144135274728227272
8
679338271059918217
820281393719461746
785881576538218665
152
540862679242963121
122
230852670712468347
108
2
912988515960102925
452869829036580729
756514446628339231
208124017171473263
134
151
55
239
59660319789488881
187499254246389973
34
202
484137863418672726
555874753915949290
74597645938570932
481819491424646790
820632112275494091
370132062665553218
135590817267719785
465025162666634291
230889428741792946
957532179149045755
133
190
242
955663431086493809
466898503486282499
338806069219327150
370429144330376681
476180823651431797
232122737076642275
780943031189539213
606684817009068404
205
345460558639022078
338742394346067571
702547901933846814
421064655647605592
243724585882036131
236
212138450945927157
944970364594642026
1012369134453987091
220263020666792123
64
63410226078090490
193
870217728393989019
397819695060163264
537201190900576425
24
864652333175305917
374407638411731444
149075662654238883
243193396063747714
270079659338483263
378153027232559234
110
1093063070712598036
6
53
569981227920123565
227691530518320726
1140334900993205133
70
207897964224908849
734575019621968276
719510277593967062
427419869007149224
10
227
752573032322203080
307567034858091154
427207438125049907
378379801896704625
171
123
98
719828539360749858
14
135
238121517608554480
585978609336336333
362378393649564
1107479221379228414
657299452601121830
145
81
291850018128052066
1136045568528384471
1071958653334462500
267601286180361663
1003851377393923492
122635832016478411
141
228693749173564282
1099035076478422728
684761325480827502
156894893007109607
352715725429431851
1132046194944426291
842987443961914652
1149898619219628061
162
837984048436092118
337751501242046846
249
42
824931628668472442
369742432166119649
131
832069405527779496
136577186379792370
1018052547038234986
833263733507042144
129570485921974117
910175812422202014
118
1128089114640584703
120
126
109
1076583454819708770
157
50
441274387359428099
60
4
14
848431853623625520
212122366072505758
233
768263698534866973
79
549194288603460306
666706005518147602
329645849551922000
253
898498272662986379
104
537280645677227948
646440738434724913
883281409110316521
50319596359852291
211895747595805576
430060525089396081
1130386665702324956
507448371872890932
461679132076648431
232555714105523165
1096
1090994752232052432
20
542631757501367644
187
1034359237390768040
712439824445658158
264585810914445933
47
56465176010450894
8
4
111
868253337207955590
208
566881618082903797
61
1061200200359362512
339987647285759667
563524075264552543
815679633756921457
20611106723706990
78
113611011652612978
494251374984368019
563874426678106937
237910817491987418
620302478723563279
252
1110479904611019530
951536555674108275
882898080323958223
175
193368674552561445
822733340396990695
641572699393249162
790027739878422428
241
222
457904616174875832
172
1113645535258250715
236446780762315981
12240390237436763
560778938860748202
200
901594108294617635
921822279558383046
48453929058218437
244
565287698450975956
206
1095868544460072779
7
1106243476081645920
330152506307201493
48
701968352903311857
114
6
549352450441800546
972150512813470527
2
53497752294854989
502172514868910576
190998517571269213
949714510957573867
564104916847723388
786943222368389715
210040375895265727
245072297789655548
84
109492032028967690
965930948840567056
634809347709691801
113
660613417496033689
844784275133778248
93
7
64902090666043663
245
4985739960562150
213359128793322797
25419930568722524
110117647373121789
597928128143273727
182
146
103
624471432683681218
349325142405539982
36
276617400984041288
534871012232384970
1121094500782448464
842734673150629626
231
59
531350152665622961
268049269951009029
970433632926234465
796239339359547941
681114134278737351
333646122669722456
91
465878211284237608
343403739557763368
124
981525913191282025
484348005633365812
658860794194712227
275118923864839251
1038966383514847228
392870447352464642
949949722164677149
258611335169441098
543334461763876073
240
892312562454894105
148
374492254858655588
254
179
39
67592304598747211
737483436420521159
537906411979263907
711252318787580745
751791848769501373
67063072599304751
45
97256664167639885
833218950269857173
256889341454430847
46963953815535921
936524424872679283
165
1040836698832079744
223565315387325519
419106801561094106
529200018572564348
960887686873758377
597533056599019230
116
775519172595434482
427005069591168149
127
167
429051127009064974
69
200383094920368125
213
169854679815936951
575000277161652188
419793891859837442
791112832240800456
409601748630444777
713482381457956379
235
106
234
188944997572452967
387537363490426628
1068353195022722281
184
943281177573982055
32
226
857161639262490300