YES
36817677442246054
28227427612982792
542231615299015808
148
781487989293399688
763336366146008442
232
926247432236907056
700949868274904662
551062311121935389
168
375678628073116447
79892390073994597
9
51614222957305081
791126139037342021
245098241635003707
241
1129979972638040580
448428577068847306
508390480048564369
174
20
139185355405842479
349122281843011910
757312419753782182
1117683975257683271
1086651574836477236
648707738975021745
764072784823947613
71
1151313257882092559
531979918135363511
35964263929548285
655181209544547927
254
764107349929504958
150751407297953866
245
1087105489621169869
938502367789652327
40610694631238738
169
158
915484446035890259
1006112696288674975
719113041408285544
457071986657086939
288686618264520440
1114486840916535786
14703883876409800
485932419005143444
136952514401354251
132
530152184198574729
452590795210499410
368435620292827481
96699257571217632
862901369909947669
84
1106687592526345020
38392332197082689
100
1096579896014791478
273396367112051133
88194576061953599
427179135885502258
1029685586691361064
903398391675034598
70530661039045942
892475295797704923
1146919662486059865
1063970608829129353
526465492442732222
850759664460287676
425814994789312021
906265242734929444
897488297678530933
910681141507626980
133
157386944499633563
331358519984756687
159
336357474284030400
589776922476808462
1069200785426344480
785832425750763279
1042576851409489419
609539434092429979
787475077539972903
87
898418011150618821
410991531480101108
161
984956818705037742
98
173
31
865395037605042228
140
603995260470100549
296836266333049625
792049488315696664
484192188885154650
761678123069067361
195
762560809555174317
243
170
783170408189552955
1062597919082922778
13
244
262533798537893269
293328631890827555
961805720588191237
243674405090182794
398854119286939962
399616105396124174
568291954593314663
663034708822777696
552439433424536895
78245852134099224
802945372620010115
180685952436899163
729797709611742531
854768944018805756
145
913121281751936681
1111651389823799279
261535070938532893
611268567696490789
248
83
638670396302052807
992598427749012930
282437106230016711
497986821760045252
75232203938271263
22
1129389160636557084
470068467235209848
577533689334339894
491315841826021242
390150351082642322
126138273689578489
373116211462294388
902462530324772704
147
419806102927671811
456667359047319934
45
186
206577536164633304
86
414710169990614530
314756442938459600
530385871595522777
138
1007704342747879662
66
101
627810696027567890
329579361601490976
190646994247956299
129
569670320150425116
1045014628793143977
765082687209569953
258897649861832980
108
743715095239229448
1011775214850812278
302108979256884306
272645197420949349
924642406565848378
691455057400317977
134
34
1110889012478200184
889375604887636649
514728867568110232
230
531765609943578322
210
60721950948594120
270893406409244048
738562042663253978
1089110274304355883
870122261346616
476648556401989264
89
242
110880878024409586
43273379095477874
63624954849568643
1092390225227501748
851973264913055857
146
88
729990495394482505
1107308966559832120
1
202
200
522304850920335677
238656989456828530
499884610863551892
233732518371648536
905276638372870873
377184221124429227
660846615367539385
94
640710767650926601
130
377095035837045303
74781020043078363
287264050879594586
575243823668727119
985833896362361853
955806011151174460
1148304614585923746
1135618553774250558
312604295776159793
136
5
125
109
198385466462352930
837258514343896668
54943053230675652
627411037258826028
91468180620393713
846694367878506044
1111018265377314500
372934285174807001
137
653442094887027751
419734177594248742
70
815553776970354011
135
475401658064755003
818507348929262206
925852137956419433
721453355771535810
1079126203589549558
867506691399841573
50552746754224992
716395816853276551
438016414312394931
4
96
562640184243632296
113
237707409616160682
118790812487529932
216251514117657007
193860414407835223
445412222918789223
443035271298093703
615893222940221827
924584860502924739
811532766419373823
240
233
163
893286686621345409
291975987690352710
246212889519151824
242585609980563648
513062729890426674
958349660158341007
231
211648839565478458
228
216
74780272170843243
253870965426015692
393837935083350996
98103740327211805
717525075141757920
175087066294961644
234
771879196277847693
44
417630919863111627
1082937899054720608
923929727786820238
892795265696433224
660870680624655622
183
732388460956304648
32020713187735503
799975120061403869
91
411559302523877739
305415496395313845
302904161177427825
150
191915789220884479
1031867217609387949
521777635503016391
236892706708486617
910873004159182675
670065722548518538
255823179198667867
616036197634726605
350730347551639757
31241502247649759
76
80
214572524022123117
643203424952945677
851086556625106399
593273881382473313
1027537694873189691
143018439146210550
135513751714233631
144
316747028221991239
121
887974865703761729
475450667694711821
1133717935529591547
25
1027629053673214743
1042932853008420819
20629136696430085
5
81414475947986591
317094133159397540
1072292831557719231
246
154638784373544964
92
990732986611917158
230353839462033541
344574084393515059
742601950098656042
30472529393196017
427553403526931398
120
187
932846555915473947
1004309399108399083
168189997067134545
177
788215220199205450
612796402548762729
1116630663451489819
36579900898850082
12
649894728998924247
1
152460338936324853
578064331259059803
722318283508026255
1101746631004755313
217
695717237065463584
428380911775467126
569275164410518373
1043781059356398035
1072404808064743706
848976809322319899
1087217031843297351
812183020147872819
68
152213419730077934
376591121987847816
160779658926492969
306764996861184793
447396795074490917
444597005026765836
136468540410513358
967632228911124769
8
445022776846547162
489587537634374803
127770238718856988
111
196
573500874065728963
935908305686408100
8725109573563207
949935393537638925
106
224064840426264386
1050458008416976045
373691601025085074
786370924003372743
861690702621291143
890693609882112861
156373632456300501
1012184536200030539
345538132142312161
338963449573175988
570080862948145718
33
704400741962327377
1080427948606473647
283493832092846622
763336205707640019
249
82579545248336988
940259410645861798
1128437399354468886
132326107102567579
207
102
895718726399719628
54
907350252642856786
644242879497200397
118
209
213183198739439966
103
35
1123651200845178282
422035993353338052
131059087717849710
832080303928682130
566879496505866006
568586951211172377
177362945940102657
207562402900301762
38
20385324524531498
978039980859757364
110
878489244562890184
143
696551431331017308
57
255
430460159056963697
311279081090486667
186440342177267674
218
221
32
583578988768065936
486264820507823651
328971394280004227
215794712065597450
471529386243902785
561877284315440541
159905621933099441
206857517267712128
219766790303729325
48647377028620578
320448442625251392
426411986625135311
798919223305760129
1001517910686623497
756229080761039005
891132427242300148
239587298809069152
664324725753887468
116
104
267252860157983965
209032076667903873
46711768106894718
361531279463509930
871069362146021749
855005033163888164
460703278901421
869245970688066435
1150385165044292575
577514434828410753
175
676704732622590029
860017547695719314
336382525958247009
148448980312319443
610966209865544178
85
1079232826314281540
0
1047886017841431863
1065338255643016257
1021903338936392767
210554031885802290
142
445340414838238097
785063955609418174
145844221087521182
882492846291841261
673974871037800400
294076281349912740
24
127642483338503458
936461399786720211
33901245452218355
646744425418909835
141
968213066679859014
980591080907034601
671709016039431958
1069377206895516212
672013849367132345
798679886651158179
928586852978980009
993595808785932690
983439881116055328
649666576665867203
18
569921063197632477
105344898975171149
481131120776467214
1070742517035650261
181
7
370799854996952183
9
167
1054497345436085457
56
178
439290784576443897
1095074407094558417
205
152
676815591527540338
274493142956663729
30
153
154
51
546505448958991583
629882342586543744
198
197
213772709435133553
1027812511074884483
55
589148251290404022
661370795301911497
185226263351919321
618267323575396734
789523852925862772
434078291986937442
48
20249037550323528
558258288336629675
41
92049480334758166
790707245822525832
387058625675094436
767911425876364738
2
156313548863303935
868758602898094723
625475469708356616
602817005448279875
182
888470809538361410
97
252429610082464196
236
427816631597901462
194777113277049711
471818169397394668
522895923710616483
780155353380372277
445344037965656767
99
995866625732306762
277895820020770707
563436141785753963
765028326017350365
595984263250170668
316323392160358350
911919059202269378
1102244821596656095
911179432575914472
749322236666126791
378684399458302496
139
1094611698354512716
105
69
11
222
235974838648507136
14
199
662056577311269505
513254525795544833
185
247055525754547466
46118734990529044
1132905722658173241
442842613258794890
10
633805690610005636
205072713784376538
194710596784590710
346339157302036418
348376314370906838
316087414971020659
1002701167587607149
149
545106593113403467
1099717614652321160
701953669876337480
176
13
948099545043868991
63
150352112465853467
52
1069170139035516668
1020842139293738637
39
332094580166270613
72443593475861960
616901395372132507
914191191045380248
1029412294721688182
6
394829117052002808
761774844289389407
23
767121980506795951
72
946441398610128521
14
368846554370332982
595207187010842494
601263782409985952
1096
981923656180163911
217301164220920995
370178061523216736
15663239346232088
243434684726833872
79
682188289823783618
647289828419056250
29
484056990448890429
509452734200184078
93
917986095065388715
215
65
759067612293633960
687057072919973695
227
513998067945155246
252
156
538371210549545050
64
11
713308212775106440
1104408866072751072
89963633895880340
1035828379808682979
208
179125513951325280
26
224
554182990573015756
622387241195397270
288891372686007127
726758436618207357
1134471013195361971
127
124
904090044216386532
982654817740296663
601225983207809066
1000360975246475289
40
439795486771521906
12
998577714131107431
50
966332665047987154
42
707247945995151666
462972165850507719
531379463823202092
772083091261722387
165
804203042735693233
6
157
171527464341679752
67
61
455157934539154487
43
636932762273058900
37
237
703846930640263661
166
1140036524683821782
209011954994705218
598944757970731339
75
294154763391445722
619111861941817007
88898623242703913
4
802450629809318356
98233306037084902
261562292907260866
416702351487631178
285495206363194508
160
191
211
375005959464774952
201
72896441327977803
665477292469976096
235
84204438931836336
286710327110934041
248266645926393195
119
775048479021091476
152329768131622969
846156767997813157
28
126770947339199697
831702748870906236
1033853610291311010
127484567558698615
614966903538696529
121781730759977034
238
432929035552518028
723088012233418041
518096340297392128
621402244813662570
172
58
973142369647777379
951281781147691942
337570327343973721
517977662470330462
214
1009810408746555961
190
1144898572727769671
3
279195783388979352
0
1006660556670593475
900092609990074640
73
628430598816978267
770936128126553539
472398405937612553
15
615222763021977771
62
298956319686545464
518497341423187583
233341811298821721
562333394187750073
436302846383684317
204
77
383242196402300993
963426587886675822
930301084591716287
10019255047038379
152150950807528316
953850012285750272
924421960165734063
886813674999724298
8
1071571391591316239
162
266644774671193146
423034189315873015
164
654399376296304280
1000947437520949110
98771948518594948
1133825107146361045
94576000490416174
223
773114561926104927
443230150855831905
141932369109742949
302406399360685195
250
95
945573865414168145
375930791262433810
610561015232218935
1105725183553842602
119708355061954596
933671437213309578
478231227547759538
258292679506205425
62741166448393242
608118596235243039
708010670900849582
669812703054062744
17
105257045007066087
507957679621521793
210498177007266629
355963988505822544
419554697940540097
1001132970167166086
171
946655265694742665
599933856314304416
441587957848573787
795505231673039799
384543839877205202
786093211991013134
49564703729711309
374501503006697337
415968660461643836
232090838048225390
646755645262051850
783284375868972970
192
648150231377917029
623982281967432141
588592936160829609
531153695951044386
346181608916328681
519046655900771782
676424618178812306
141458408725992251
935563421789944140
180
896723637243197796
189
151
931794778910881486
3
115
859987760317864705
182694081470865261
128
604190457129802266
46
184
36
448614216432961284
13341742836136513
219
479217746572840033
53
213
165049955845080599
442852947516552798
179
732500617593784545
1011770855304615453
959458924029355424
767547905198638520
759806059899219022
679773729497356035
260473650236620356
1100019407331110146
188458934341952140
192847531898091467
218150566045919741
918189945241548303
123
7
160366122103858210
321592118477944903
916937547913315387
112
412550046306419738
883549840521906995
632548315911993362
2
1087126240526104094
194
1136387186971975381
772014338944232530
81
946731827072993292
117
541905612758300016
847881721773004580
609316230663953815
772883338087155586
1084234903039689173
116404456003962659
10
733023635589400057
258763478892809140
1107123109544964049
60
155
74
862413566295235097
786485258867956421
114
432864034438213150
47
82
131
194502720827861666
448414145804846729
748698967981879411
1006439340992447184
212
829551037758487764
225
239
1082497588288677667
878697404649079105
583616929162133613
761425740458470292
49
545854467161882460
370424652065561514
436626769345141489
202598974456038347
378155994540696190
206
905831124902416156
1087596375141291001
247
27
791235064904893259
553607670204441042
775292595072229439
126
581198283061120421
994180839549887534
294089786744392815
118751590707096948
727008893638888561
716037842140710197
1035912416619113747
85570261520408196
59
15
380664657136859046
220
90
193
452025912427810630
269208990211591472
16
547751082837349291
64451121684205196
344683718041685978
401103842452877437
188
114558940444842999
1145038923183833242
670930137152168809
500348763354419407
461950922828314132
1147812354493699223
229
1075591180384063209
404107661250477525
122
391847136846510605
314145362820806340
936649979136683381
938096339483070648
40376124504056388
409240619013154416
335053739263283687
358199611761379476
203
1089615899052052223
805516195278267290
898312823327990882
19
852771006158204578
316619736890524696
914576734099604795
417965799847381640
922809089654009763
21
118506092869914239
226
107
251
253
873584846904568835
584551489539084243
351057374280278877
78
1149747985693227585