YES
914864768324807684
35
98826635701319349
203669087675357170
65155806162704779
688040418354142320
453896587350011580
486800629659471195
524831783305575024
1055421595211379762
132
946833599214700167
112508317655843851
854188956153929286
600026022394450270
768817018405247925
41
330009041567304560
146343188427035568
153
671696700452431491
250
480318703068171884
933118084584295391
147573814654832860
939858397157241505
179
378881880836805468
207366504667386217
67
927808747965636443
493374307546102546
1047897418895305687
613814131224030811
290546983881374253
74340997459949011
989146935881190522
59
552303386407869723
632372724308806331
56808515509037169
208
764608333654900197
1144734568298899713
956662406427216723
200
876913743470546865
227289591279367008
1106530126974390590
358682200636222962
893051345786050802
118
362127392240936646
223
673354160020473719
690941986866349218
437658987288481743
115
543300940293740301
11983944343268786
168
6
912014988532565573
1006109468391090138
680352070180438465
53
1138517457410196703
790919352044134470
222
1098292871525452765
1000583629204319381
618627940305732650
498519682640959183
423863524899678307
228
765652927016774267
1067651801966065651
444701092293001035
675770176675042403
826854236493777057
891361288639360806
531150094609646350
647630136955114483
1030866239470805051
20
91620000434019619
866451857116943544
355108233720548057
521791083761382943
841443319988322642
344401062299930406
101437728548603796
11844431154492590
221
516093630461068947
166598905442932278
741821786684319603
178929233207152342
211930556774158906
331654783583979277
735081323747386315
3
575951223935418402
434344258400597303
384144309914305686
207
206
1114592320653959493
438778037089599558
829801791755829079
976926937985085031
113
254
517661909481830663
935332397595157021
217
986071765361367785
814953104189453961
590755847082969135
164902727035592457
79
477147369297867573
218904806141228166
836743950741841287
653487529199660240
931982402826398854
85
549784948190712802
361727198462601332
319527551966122470
440113124612985913
147
721697288218505557
789991453836239079
165995463037901818
66047728548662399
649054826627863784
789706287180108681
787326712933592312
15
149
947898604627798301
97575932561340132
126505342656152600
364538903751495131
1105214035179267323
895458504301517597
623671634848433619
1137877883533098740
429068609445034158
291067658821240299
1147144024557238862
885435999613406914
468593017810533291
826700164858498432
439533829124601367
381486606522941419
134254179999198135
186
101133143986803651
818581432951217922
138
99331341288995118
11
1010398434562565473
165
579713648479634124
155529261427019427
787305955893735087
1034512990510638047
188
775086331929737598
1137522115485894887
106
704551654904406366
1012515309060073156
13
10
247368986314520927
752941881808975985
648745415489672146
817078549048392270
23095068861503600
164
109973794822995288
872299407995104072
1111283015510342193
641365712938812381
1
592764383163496260
144105748890864679
159
491710301053852359
1022231278331888060
1042072373560478159
275745529029785898
36
766173887058608651
277588233265605494
15329383179492134
71
407935038495977898
831622337983872709
494759991941618488
546142301129560483
334387350751141340
606490005045330158
244876822894945715
237433942907972502
554567383130680633
544286358360878007
231
625715921949955729
362208665091679114
774967578585188548
247
136
270740346427001706
30
1076711282496415927
1127749359788099893
101859229178159112
752789834007232462
116
68
97942960301132772
461148845580716668
59363631931743381
49
109908076378758668
78
64
210
962649531469571047
1022857022887830531
270415206381509181
157
1096
203
231685121380265618
12
199
21316735387953320
821202933973199847
134771329332041390
58
32
29
127525338114209675
169
64735512460990846
13700680878201547
1127910389052630423
1060373705356029220
146
794067825533249495
105
65672966682411586
644750578124892831
910204834386030908
792500170543670600
1000592100276642830
841882043948990062
1093151263739596079
780799429546029877
122
182
44
246
830046530724626846
844797153731945394
100
879105334415228693
137
1002036335045635284
895357911157071871
678476864332352728
187538371203173060
994978941015449716
361577507353091225
405367302457421951
756276689574409331
298452678758041868
204
756516390316570972
649622481805208134
114
799760757570280103
769713472531030720
856024667025438656
747050912102137470
37
308744994507117238
1074427071936873879
124
111
1120388026787890742
747601083158007185
130
83
211917932195058402
1034585878781922543
409064582649642866
135007268814833024
531911239861827413
197
985304495601213213
56230510893630333
1098885762591084545
267737278789316235
802640686220160895
248
258266393415694916
392310928655272082
223191253699504729
920327474595538152
844892299729077850
177
232295020005023296
158679734385814860
1029952280331717222
850179664171225173
112
269156650335288240
141
943606477709597408
616957076795447143
244
396513603887422321
1034271456485813362
126
914078750955332096
628820212662014336
194
103
419403111817794478
24134839847690928
122725717060490341
986108662869099349
150
95
415424111646744057
386489901258152069
102
96
503663567224465698
7
201
1095906150686556368
63
613440285834691781
176
133
835745637936452511
7
280786461687589329
588237847515016102
235
941163847002969464
515023641362020974
936140965385525553
1083669526589363133
1073904953963385221
239
82
348605996046874788
937791699912322785
308656522596579541
154
428326702009482717
956890775564688629
140309303251013758
543686567469983248
281977155842176443
356297011939405782
325528192969190238
75
1108922264744278417
9514677155000917
155
1079199979181707609
852473201395112357
252
528546976419640099
10904371464255500
1090514890433737907
135947702204735806
262576847836847154
522613012683288880
589828773569713436
716164797280451220
683142210540605790
2
320201390389244790
267583201334989110
279097576245227396
646716641224082609
145256438353920321
322925821064375945
471311359882829387
306896049703584900
942350025451713565
982791849574034415
88815123077915232
908910798803866976
669316436475640797
682567264727946637
892717351402910818
627491668555578479
432747932464921399
64441907192293966
50
432720193424512003
212
128
61
667435251623408207
873033781599753669
79887296635873526
753452994906534631
458790513218159644
14737642861658803
600957646840658150
864345293466653151
571776690474994043
1065600383964150208
1110653058108502139
555000857657339450
623620422631634605
227
697987481355832782
6
326299675417345028
592240338976806290
871900235280359896
151
34
3
138467145751640516
920524728911069263
973525073491178895
16
195827504246566655
330984751526420747
130826806605114270
123
716090478680600216
11
143231532978459722
530170184910914703
94006049151905787
238
845227897905962868
183
97
223451410778225056
760916581207282307
110912290770647816
224376307493596808
175702983272382464
282510685244610500
372957162786753587
1102728808386404032
10
626649981903564060
891038292127559221
71052918864781744
1096123402754279663
214
550277916757285538
225972956470740566
664534724730152269
684032001692796333
653166804720773897
996383871547338009
645586010916124297
1121586488175098241
865688804798982749
437917579782219453
339815633236751967
21
485186066529687861
945822406384773148
18
356436460024540639
802909491949392165
12
926096139636933427
369183986154550833
852589815183181484
166
22
24
77
359512887305837543
36029755132019470
89721623962566994
705972352833014365
301543656647461638
672482992476655217
810223154258000611
686731874554379747
127
763407111798591458
255
997901181553188398
744701809267742086
209
234926097633191216
1069784259891374440
229
714964870155464029
215
316156023977759944
362598589332449036
34654584299917081
156369089697283167
511428428477199881
908465599518225849
435640603787333174
80
25
1
1101917234586943140
872289864805159933
147763636708444792
1093325379846863363
135
679665812562553344
965669861083545308
196
873196408397789249
360542651741211051
228318655490085216
999644564897325292
381027531138384291
1028293656426976143
173512531693699055
29454129894421553
904213392755913419
449736406258984192
277321325746909733
766585120877513298
614451660322555670
648806043271895621
391594351128031479
250885528943470488
829000008046937257
386995625168429441
237
775713921726417064
62
142
862731024644888491
885058135627525014
954049497300989880
192
11471928197714450
234
933252443850388263
630625460238079032
42
497985721028030139
519573501651060673
51
846136145569452647
149750455039394742
181
411459544699128029
374574933924540637
355543804781125037
17
981368928004076326
626073727093206478
629554281072933642
607320573143941804
223229008470579333
92471721940263047
1119295452302756377
253566373757811848
265698510086698349
493150388986710073
80154092421853148
125
667880466651987474
1147979740163825568
48
868250696007147335
476601189675111151
1120699729090235614
8
927391069842867719
943509020301445108
1079168366007383442
35572998893884876
81
638116149875728442
870884038240633530
191
88
438269098496707654
121
289278364026849983
763691362176739349
455125003901227151
5
791523648995656490
840657422100373454
415325248822115293
224
451404876335993630
107708313282118995
558391043232114672
657961690642752441
74069362427553016
33
316940241527261967
172719740174610504
420035533889729598
549187778018887788
827987828209730632
175
792686708850623511
523883064785524675
346350656138012832
219
967527628519085022
803864355804537338
418712833129932298
80024381299290507
511499339141689715
947087657870083775
1061815430061253471
1129110930126820545
570367937554713001
31488962158998771
224969559253455546
100982209752259257
705483666542470896
910957240303791597
627653793960049207
45
593922352250854931
60
721270139762642816
50095330074050761
245
972072183943559284
565329022825805116
119768822299109300
448096916134995295
313235752873256690
976137460345750872
213
88996977778558270
120492749372755878
587618270841488467
220
73
119
14
87
674125205380868147
23
372045428375863882
820324019549806071
762137470056872311
603494873777553644
249
13
528026298057034430
554999615998173489
11370348618999556
185
362282891895427245
583257326737983479
638902670942345818
90
9
91
516087149861754352
826311882915304045
735349015661560402
1009413239173267113
641494548193191332
1117606765385857824
35977401836554398
93
110
495056203076585798
600836119779614026
847105243933892447
43
612794272597836933
1099137520266499327
481766987085487692
236
1049747438375856041
939042470785498981
132113611150555981
407701168539952362
74629879243217517
84
148
140
0
4
94
213172277991720519
178
836278153035944723
98
560627866491878328
568924864826123863
662680785617244681
112446937797277698
945205148216855072
300840396409541746
144
597985704068052031
288331785725385
128511771661336361
453635280004616904
354187593862884463
184
193
19
619596879815703577
134
489357480392674166
691227067870111490
1103010849605106917
443844629587065255
55
527461017183180670
564826741487828465
404396008718676378
171
251
846545156806155563
211
1019444260724461366
997731400525096666
107
8536243937455833
197735807423629813
629258404520326832
484725154257690507
389976059670359356
5
274892150368695528
189
74
31
145
397343265608822776
54
1028735436154852594
241028593233446646
160699188559827339
427641408580162473
805780621467895632
202
2
163
352192350437927382
31264632931757337
604902837292888030
467020161213179594
70
186597589478801294
412978863765017932
255209511363220073
127244429174597965
233
161
526554788659755006
852393191102290692
221355666127385637
9
319404908584513622
960995261734767305
989114424905948021
312337707316321571
243
847577302813882924
1047759513177279720
56
14
458122650384664694
114692769249683048
1038620329192122708
312415266671660166
122336423754499132
235162270188783961
878553095553038741
12421698862844901
158
131
649700222559855353
889973966133790619
160
37861468734765794
575866544560723450
167
551558966277056843
1038359327708378558
635560670926989714
433535921106118098
139
773577244142535535
230
180
578725977461468514
1011612433405757844
109573871972397451
684130073537737205
290478275527116055
172959344118309335
1012039226212982650
613626146940651039
218673013726999651
65
1086182889130383783
92
393068291965264741
51759682845677480
120
524832360814783235
383841969518122329
152
217008391054585216
1034696707084934555
754077776345260357
354741687054765094
404339192470919434
88467021673444753
952789388712593258
1087143832701799730
40
0
8922963279436813
668965152584264591
226
104
817135224487748807
29989668290247062
96488941372829302
49204079087549042
1055573221986689427
320347709714516105
15504118580400633
76
428036421863129675
766276689802972788
216
190
42714920026481072
117
172
203537596097755759
799779578367338763
241
684891117481013084
192564006412001335
609084093735428754
502853860409025506
272031817845685495
27747928931242917
52
676950402169934308
875088388541024160
921772826438308847
54477723832222339
871846782006438239
624759368888698768
649468883013469059
69
142065743776967012
211729466978148254
205
384671248924485056
420253947722493975
421614701628629572
1095283885891503993
101
286202220888046987
130041036642322538
4
254290305248210735
177771652829567399
353683343883012883
647898597222366110
598653168266840690
231300872171412491
594760659438263726
886798460808980869
286001674138765229
863639165731009004
993300088338441593
784004616995085234
1009111658788106941
38327325065171940
359620718842951355
606533938795394604
1038786786137826762
173
253309331171011333
515790291688032812
129
913592493860103309
937870862911085801
858313353716340665
156
8
111876806782129310
1077107285951717661
99
505327741663433919
352864902757848555
572612977533766894
1086627375039654160
195
187
147843807842688591
1080667417876078196
921418503969523215
1025951955008793199
1144635519106349631
232
696351838733626452
242
1098413446131069563
11866577845695451
162
1137007228986104321
958374283274802217
697554570911765066
322279692892211871
572951263856638610
1057822651474142989
298701890481698277
198
170
47
1100805649168295220
177253579191352055
94268207240784609
115015812399202816
28
508114145872137642
253
174
69430448600737867
1008229590392252271
750764401276776678
643391453346042797
67864580385539396
1094774309714882686
1103341782732372015
575672235087715850
21251043494465717
861799451075044138
613048262111746644
89
1030601824734814762
639674897995348934
195265412017692145
444994806750465946
459386291003961739
965332854002084135
27
278407173822430144
57
225
903967947401349211
109
356510811126154459
332781434707369577
26
1011517314713762841
39
1812562636709379
75808598089031216
791493616634202627
756955036241512569
608046260326401376
86
38
218
66
143
240
108
46
898070898448281272
718504028365812694
72
15
127206330338042051