YES
453710461562920815
430339989697259741
246515763392514288
757032810539509921
1024860517319675419
726589845227088255
750454863853338966
132283489801813395
968250521560217818
228330661615634350
262377765841515813
804536608175463988
750585277055562026
4
580022240677115454
80680072969627755
281927963739573719
1010773936840357
443660930545527964
213
1114116252189711391
431746220761214360
1070658141821470866
848356021896063938
710522058817864244
206
60
448852611758625673
95249167260366493
52738043435215758
21
783881991359422047
543303186951755024
798119530968700488
255268179331096543
876425821183256770
181355983019669544
140
601941746975403746
922446676479457102
788858072348835609
988729630944724276
1076903482968943708
212
170
91
108
38
99
181
576064147402701029
29
980644746621078097
96252505767255186
995704028590462952
511650314979232983
497319828867129242
110
10
816884845888672443
415401576768350477
222
634338964814794395
1096966271184712734
419120267120680886
1024871887197709679
705161748578134695
114
132511843628650540
13
138
30
288603475059403103
782481741499099747
384817659074814123
592987677968991037
955288909718316247
817243825978330578
862887187838243008
110405646089084513
44
80
249
811254516736514620
28897645414245704
189
657149061217991275
24929280552859790
336943318286338065
122531976947193073
1039491707514397179
1081952264951526415
814184111930812221
94
342373013263457288
1030279375568934631
1077388493770080944
1078758382807617367
41
529950196118038162
47637431709109763
1008543217557607567
898942316470768312
237
408929075737573371
1152528361176048668
877949169403381819
299043253609693556
183
211944178977227730
867717322764554729
93
165948225631984375
448897795036039813
766574063926947069
333929542310776127
389735829214608772
875556466063677310
5
35
726901879927558748
10
538379497054356018
720609113634434656
1145420487366359640
515468914241027943
104160778973351022
76
205
56
147
371038757969145669
214
887116987995880359
185311316103213266
532315743273650489
564229050745239612
1081160534547477160
79
160998413310459872
787664270401321119
33
162
329752141704300343
314513703984835097
1080435112676554071
205559551706631376
650433683801209864
28
54490738458799299
299794150231887433
527866180391612542
769108999892636273
935488130748104975
1106755538661084147
610635352277597479
557843360608662860
798760558817483362
904143348383431604
1014914548498416272
952336299725325469
636883752482573613
221
997305414950563385
207933950357792990
11
1080271215778998616
109
55
34
79991379834424463
747504194753926943
398495643422
14
220
15678030623731720
241
124171425715881503
176726993786851918
7
228
153446533369307210
43
460685859243052973
240
597616357453115956
128
763657696316963135
1022560951200516621
254175830866868446
223
182
436022535541405431
67
946472447833795487
168
195
919188544056635465
808495304913945319
301427766361828685
81873914494096822
66
696920344228402131
41807198069663769
59839242276476290
1059674241689662278
1069531187092393805
949576398018666725
734741237324349116
217
914280358306093144
433987955559347914
4
1048073021549794275
698009176903970187
745814785566198713
789651592230599020
714611726578952412
978164135081907016
924627302510442188
437379193107692065
1151088480589573287
216
83
188
1016539344767418353
951805774894887009
54390586862863847
174476471613906142
968482100333389011
62
9
508147096672173488
988518047661729773
191
158
207
670370937592154965
79495241546454713
155592573970629953
857645165617523947
767497754015286394
14685566219285832
118
1065956527327989292
916950684439545916
8
589001619896328139
132071780047103789
131
318086941898143505
2748628684455124
314575026045328370
312531894571440291
526029327422763002
166
1125592648101872420
227
91097948842923907
132876883798078838
429076385004742088
250780196836764276
1017622079876084597
997619131119350525
112
141727220757194220
325141039042697005
539060649504873765
812496544868556214
431623841506744282
99633853579994709
768467431833741044
63
64
1029207667697380008
1054157017864895402
506459000076198748
538542028691291602
458429548658389207
959553982567786802
555949391805627311
376810824317700317
137388371680364978
64800925198743096
139
919665925546497631
107
758467710841237940
528382461674200769
256909223302287633
762890350109416199
59831145834900180
106
649054176952387563
133283599187160349
1107782529060632252
1000060270995847233
458598767111123802
885087951363587698
66399517529310731
222865991924972420
167
395067049544809116
59116020016913199
3388571076385914
151
78
562541148731374641
1082935712901872454
794969788169703804
121
235
1070662470727247743
427089862439116984
47876158104912223
355121737732817902
928051541305588654
836086667618479077
211
795600997278438617
196
77439180653170453
463205803294225446
1052938256608130516
9
187
342281804658716439
120
721885506661357710
853949524684658147
50
81
418969735968760845
980675145607558433
119
236
172
192853953404512902
806260760470600893
7
692869418458927574
963615625703789870
625611703706410844
251
199
226
451136299800123783
496723772842285587
203
117
979315858365699257
536276632662598581
209
196400500808484663
285945821653492402
103
600633222001172206
861263105013611102
104015858805740944
1149332380447997181
921379501125040587
55472557710622134
911976023009580742
714956842695196325
1069459201795652316
969336616259967539
818211076913139087
1092501520331024286
964748371734786342
339512854257384480
71
486581343129948866
166291812114046404
21294157155853313
123
700220163324705413
464614707736949335
229819146681065145
950892505961412500
1
161
913727251682653738
16
54
215397845825037610
936610256121442566
718506209988355084
86
890296244077936557
82
325750665137299944
132
205580168289825852
488036470674208763
918826811781135909
1040390245997448032
233
80813865752174493
357461341813540105
725628264623067097
650004199979682877
1049525127018928492
291029067562661616
367813167342812728
1148848774681112739
23
102
934799890195639796
243562603532485128
1077505449708610245
1045648369999568365
289149363290239812
1096
167410910948984191
46
793849202904793748
73
247094210816400079
255
926238992739324858
707388799032281166
919568667014107816
737762744745265564
468369616507425784
157
806754913845170793
185
365983125625381608
605678941052657986
918998000568249454
215
105
257103095912132494
445558112234295247
198
174089406204316543
865646475989662867
540171541528894432
769251052440375855
776888997691777438
180378256428405524
51946315312502467
1081231432360426787
235811898080144615
973990330139752398
245
63961636181664396
600018376777322373
135995870972716889
403248601790301188
15
42
950684811815070936
965933679260489619
1134125198118783956
808518998976247014
225
955514908528708124
1053184187080581878
148
737358425232388797
443258318744235134
812205299889347600
903083548763902108
52
1074423903033358980
608804956413898867
730890882371785642
476116533813879770
314245363286151993
352523109464122198
130
49205406703475204
194
571483539862168277
135
63486931330491549
550871280306544919
1016717883506624364
443832023738102796
722242702904180569
252
419633195541584399
238785613464481720
204
670273491617048522
236744138948407356
583577483541233497
134
688116285462407512
451055008324311982
153
855750100182807065
921756166739144531
1054445794873872804
244
526268928455944675
183974010787977462
432431187161859781
623682854431648697
739991332897188089
268658596811984909
154
466406247385728277
696355381211943709
552161917399445989
895106859759204667
524300780382039323
190
192
821858591024018293
0
319537654115743070
495247502295369140
874301079192587932
173
16832734005234674
959436827993644921
119832859216209236
1072323949313647167
6
224798582917656700
97
49683041585373645
530752875109869311
331078307397442572
15
981227165846238019
24
1022757648961632410
537934307089991090
14
925152385418091971
156
576914725097122712
358284201992488710
176
154681596052443106
36971718711400616
279388831216000069
557497912155188422
25
72
86341902445261519
915571279806736005
1098612844757966991
1049529981354749115
231
302373435943053666
194750955132885725
361157367012793584
648706794352581983
152
160
975142255352107241
6
965663922182122388
68
955189084149958398
1121221896024326294
927516466802991008
715061974946518057
710584739695477474
282116436549923967
981259609660659438
408447537022921798
719222299849812994
778421799398523559
764394282613599225
391864268837875166
77
795070511693432837
333174303275066868
716666361200856005
971618114866631166
172952203507120271
93516604486276176
526687550016820324
182039466619296462
104
495257590942456983
197
1151385994826570944
3
223591704418721591
340972923584661219
1119035606182755998
1136421626155160122
102598889068559362
797280209612701806
143828914138333344
720412763816223848
135088407865317181
137902612576155210
613783710373257035
854846847670964178
709212948558602378
1107645632404944963
1083601663720973716
494077670883804003
49
553996997158941152
1055725279281827129
961035773967289167
650631491186405056
628664497438755211
144
210
308868089279229328
1101230342783583478
496279128967839351
641577294790178314
811554879084990826
741599762119655384
798680829101710227
472915216126502331
183801653522692391
190835809518953949
561693092581407453
715547215797985120
74636362810304119
149
550122013420091784
617288315666071614
250957486386958896
332231187876656635
205341544750609021
290883507722009568
26077024618999986
2
454650639239110941
911153966210986570
837341571545427719
27
126398987733411827
643438572700922967
87
243
280351080431136866
1018758375364876343
924616194821818040
1055677318594652896
699549024193597154
219810890649507707
12
1094592176873131774
142
18
39
612952163051208289
8
1147569827973435420
940871077091703162
483890449665525317
436768421071708432
25291536969587390
433077642918548981
580977614553556703
723220457129160792
129
246
314458764815839285
113
747347841003476152
70993652676970831
1140599643081435890
810792512933224252
69
259862761333600385
445820324548765346
212223311156415564
608336968125033965
89
150980435107073966
922558069997625535
1147833985979059226
584605894950339792
238
319465827355804339
683515553675940766
53
281199419438378690
100
141
165
891553216246663142
832750202656925953
565981558253869466
82721173171301719
36395190277587743
291997279270071894
5
11
403185595883477883
84
304175661658022249
75
974748444554711093
820312599165005767
806145491024898618
668177290745825581
78624524599197415
229
189709395343447374
141999340317687406
59200230007822440
902270714323581000
133
805353258064259596
863560141580094854
169008623041055525
159
15640412789520017
29624009674703964
250
474046463498105587
712574084565829571
65960958697284459
11638970332957392
592019399677416818
1135680690795950330
101
834628262191309094
0
196925982403674637
21415078957064334
513286335190357433
539487296310197272
171
473593815061237055
101301436724110230
1112895999010360419
636166077084666237
1056852204939228242
324890382365510754
515675185319895602
851486107747730411
367876997723773696
1129596183368575891
297518697569260935
51
234
122
163
232
667625209228417896
725927976359310270
181795630964132430
742350536135146618
81219943932608242
73355549318247374
76345113196105745
1013774674135875585
429001242434047856
394697125442059922
239
1047466191348382012
700187581034876590
575020063770344608
187215809299231515
1033249272693415302
166586106764741759
289176249295823492
524578770266743616
443905753939355044
206786693329456375
435519834020023103
127
1137011719864859326
397809903442451818
17
719988492370548274
144288174014575635
91763041415086675
182496057214657728
65006603695882625
688130881741737578
693029300670232825
98
734987365822352967
602338086418793302
17391878983691923
96
179174769030798000
749331141674608530
164
683164694474463411
136
986960779465044343
74
777014580465292431
474262654559685272
815794734390504717
419639029125604304
917982373171426298
401288864290178348
538219092596516948
230
253
1001802185104719220
1093107832587995056
382838542811055068
126
1079508013031805521
435819275070364276
1077151076206345934
392456180558264470
678087863414154846
116
1064027784708584482
58
1010202281224906884
912019394593600371
92
423229951865760842
75776057113796791
431286147090634191
131157942031807275
111
348507172971750006
178
122931407200590980
453532927216765956
494751215981606870
1076234397401337665
985480039262946191
65
179
267818431267398864
277217102999276219
283986401536625764
169
32
36
796684227248510036
70
135154982567960470
431248830524744247
831421982958043600
652068919280763457
141310091613838724
242
13742327339495708
95
47
40
180
821872837510870421
566374508864286987
202403080991246572
707382658846323007
100801123425226417
906272000234942941
186
24608157084009988
177
59
431197035265325439
425403700014876509
1017718913485482073
261416330979926884
782021720359608945
37
1126505126817805769
248
532810393725138516
254
650105017938837986
475136693128922923
152946725605000652
31
336668529657708930
129203192658390586
1108507625540285823
224
250702056567600896
61
961841665660847347
506987289253992783
12
132127446660297511
1128405566189992178
1035814832454957275
677989507384348493
184
48
479663301152096078
115
170148073222920927
3
22
652111912619228435
20
1147736218996367345
177764582471089909
1065186828200801022
683379023408566888
879365130895953662
1100420900091057680
316335876737205657
416802460005141206
13
671361017337298976
725749542591007958
1113593930112003870
143
447290320231313840
230967285871416576
302917649790831406
55038053110840892
247
320824323016090837
879507542763388803
103761428754082839
828328619949857699
855463147341995040
150
88
288418284352469851
699462791170525144
208
57
292559561577267531
71753074590003254
415545150168350331
125
45
625852841351565438
627269090351599834
904272156901201505
371921816895752299
682983944234376545
375962386086464394
581495509020918420
891233489986224893
26
349857371582772208
935627281153022106
2
1037513070121532511
777370080260433721
219
398130203491949222
380664883365843731
1072202751448611510
201
200
115049937239476133
1009675720313572709
699884813031310459
124
19
90
85
94107417549109162
218
404298409494801247
779862852469027061
205507972595020877
745139900442728056
283623519376059789
275931941086143051
137
955953762177123215
485867641671768167
550275092236315230
174
290996907968934656
178146481042548667
586324359818580512
23005852066824327
29333900555805466
155
212901183031885800
871017352009570827
1105531695980676522
202
972938764068262902
772263206272895992
1
411096278526289493
697145183125631765
358368624580654356
145
749674402512858703
175
840980160725935868
1086654518260878798
238086890391410428
538115663958603804
835616230842349374
885213608457779927
146
802796560338504486
597242739240515980
597556994339435008
898911403582994626
193
522499485746992895
380077356891612044