YES
503107381347217276
1003593957081921
810329272938293621
848187333983095777
742224092488233702
91069750342177985
1024708439036611110
170
682902470636888493
667022020434372071
479496079376951692
977247168834905992
163661547514187311
74
618940429219913934
156
743441612436221503
783314636115373793
528622698497137663
90
1085122737493975421
1056676239396089446
477131928235904096
500364732748645810
325662166570795473
466000557156478733
781440737508814022
77
726346780791215325
960349322783603199
170383319436458669
518187170719788295
499463074980699648
289806486945653031
443218966549846902
205679553748165677
66
181
163
964400598483228804
568362414895069651
189
358794831699256346
289985811178773830
614674701854667111
176
529272299083283931
546712996729086658
230
500981346716353386
155
166
177
115499429358002560
45157740856133103
123
201
748421242317155745
991613557607418520
292310453440100251
545702050348534758
150
809076447417216743
671744226959399190
542483647574321844
838342925421129598
180910007467874982
459875288968385773
1029488989641773557
619321229504236128
995789914016904490
8
750344349877199963
1047039003278372439
137
968580195611976886
349690242660365048
151
160369250075175388
506438008421401973
80
10
543158680117055037
166975133959878624
128822533558142761
174
147562686015039233
232219353408119313
1129466479467674698
1095586036060036919
76761423255731011
555579773324918748
592208620055202064
406192567764143960
114799456854239875
41
89192660433021089
874381441269641364
87
70
1101356673922387090
284112197366878650
1072380156860701633
74985589574133568
565758221810270401
91
372541880095286088
881438609219496362
178440018612190868
1023592953444553367
109
245
365483827762163793
217026730491043236
228
153477618727260411
27040423950641451
183
124
307891667465521983
357377689174618259
214219703672201423
379159826655944389
234
598056492273321901
1121195298719781936
209
215665512116619231
612325717433215007
1082827210336263284
1
254
1066122198678453297
158
17
162780221552934007
1121838103543370929
153178671394420097
772248537232892802
669862158356172645
183980726029110510
465640519995252055
566408054808825961
287858953391837771
275133440706349284
232154046193034717
212
88404606605857027
42
199357588899653516
160493665661199428
337704472980571852
134
138
219
67
937463563510134844
310184232152609760
198
1127199792627542882
269042389682577136
29
1
227
254773792184663276
130
811003462010429240
250
103079746221441142
164
679749583205711105
852902561439370582
274380104052780006
276360934474482019
795127972702626941
155558225176996008
895710466230854182
114588753475341714
22
831231990790760698
1092380237337274652
605902856649156317
695109378856512666
145
403008453788058156
348514085485999239
671752629820884698
161423599966851065
575094726715245364
477371678200533414
305633807645457314
241630050272821593
606389539590879938
1106167128660697772
834486077935247412
184
769465666797414845
75
654847643907736817
772298446808558281
925346216444232610
890039499934365666
645214131051261533
570344990082894374
281721520764133261
784705154862182565
99
28
345401787871063691
54540832532180964
291816621424847706
564346865064368657
584388020239284725
345173488061490924
605367025010804012
311387963287485747
58764545753800891
19
229
670732721520944507
958376136003685881
571374763825657649
976416843380061732
418419496216015568
188066593986867763
234050802147463190
968533722225445243
105050903382037871
77127705062867500
57
434858353655343726
55635555390948604
411525857916481344
2
62908694578059694
558269897962566424
790100897066749752
151138047443630944
10
319343295893306709
125
325941757553820872
963873039571221375
888313896867500330
1100479881526771725
1011702116819624704
307521223260487416
1007650352969666729
175
666528874055862696
392756138625799803
818354458445918304
501288794260938929
1085251815734151241
1008489335901821525
816365471466422601
5
119971045108416495
771812173054481860
213779306356259824
736190107590541351
44
32775301929529834
506679439564037400
734498376186318700
424248587636071747
91104467792888793
119
727939393342203518
744534601895168156
128
240
435070630531481239
88
477680152862926891
952276298386913188
247015963747939597
90343464659094570
827455187325550919
416982587646763888
802340568528075624
5
7
149
615712830308887266
146
512731326018610791
540139014234053499
405794583840168990
538501663557329053
848883901582456399
433507281834912188
850686946616147375
801649594982076604
678589277960785570
152
686233361725131732
502463787544204636
8
49119340112998084
242
1149794419894688879
238
313374096538335482
359281325432637304
48630084261720897
842080588929709101
555901983046055342
107526481083469888
951163824269282862
1052248432261048217
58
803402987295907546
407018112448219395
210
921768551631542144
271733543276336852
36875627739437410
883825470214819111
1151018065795106443
1082830026362282209
105897778511323385
106
148
1094506396799141950
202
622297231284470615
687958204156571114
35
523526818046803631
860323433638041359
1109299989069537146
371732595238175773
1120986745643761037
901948662176578457
485595431487267862
402353901751887273
51
1032289850178230059
933667892423416885
23
26
732199818634836375
246434517387934206
1144491785714677736
177337757860163988
326512187817017141
992723462996624571
949066701585865119
279791882046603903
229759784098319550
75309122713884163
180
532863293712128614
114
85
168
94457001121448958
847337836136362622
102
891001270742729725
441718878067154204
1094395182968928092
891039949463887096
52053585945475141
200
824124542013058017
877035961670188507
252
93362167339461206
298046106897324440
895154279345465613
9
565945559345799053
1130401112021880349
854399361668689618
258309222470994243
14
60
25
830325472604181676
962286118619696518
94
912092019404587687
615278566742147946
648821292066360269
320658426490284896
89849388818059628
708193798916288819
131
136529478303084611
101043839567400717
4039764219711305
820019388807759510
11
186
133
539807345150933297
727823834097101900
648400917475085366
444809674261042275
1130147510112839177
630057606756702100
839956196170711784
68
187
603280557951506265
192
529740403988301842
84
1141115408595113002
284178401347969385
882415689058714531
1055324048795392064
268912859230891808
455106822159524902
1122108713988665383
826781731308625978
523507071508421360
207524234436807740
953788002259919557
352459279350469006
140
92107773141670375
993443451706807657
651838978941119885
4
979503110120355648
330276159241321785
629531730472555689
229613325630817011
80994472425502802
6
474547371399198902
209716521748032296
1141506096752483587
865803124417719979
1145044720220851111
168258711141466991
571170336567680325
776968211393215421
537182191467686779
116
277763014401402487
12
211
429036846611986125
144
1055727779959756280
182
1055754956032431425
1093791306706166897
320797896707152552
667581147915091746
72946134929751228
6
86236364035446907
374601063174468247
54
172838119262875913
556338824587541378
162
126
1037295454722506760
183869993999273276
152662854886686229
335347667367400661
500837987235945657
612940802613281906
923578322351841387
940465445151725041
1086170478559181930
11
841363995904609932
233
4
96
47998871766081765
79
126345112287082874
1120732361195735861
159
33
129
390586416596113544
814428303215548496
710010516077976454
725050233520226400
119019936399435931
53
227380443772501040
316841608991545923
741113634316603005
180059829474695377
643813629422065093
214
174806659766632956
483077086561513797
867243439668224415
567176004966703272
993869413170471979
626068756232348747
994877925234575268
1139105881453249956
60461319139120169
830778336760118009
883926425222367874
450208226296013907
865625922672010450
395918098106641207
850145425205151700
698701268658631191
867826558992473205
584965904333015739
1031538219395964403
998903759499880829
27381870622494011
59922274968868080
222
247
21131636190838189
912826638814224958
750814374665022321
799709188443510539
1060433541787240351
80950363710640419
16
489446603921461060
381703185920671073
145558974803410964
780356274432555535
49
515075271913990492
155008876271834406
465633549938525438
78749352187060749
120
12
1096
609390172124353677
1054095339458077036
113
1052950220436192550
778387105457454458
904599346703462805
237
215
534799726224595629
20746422427049337
1145233823996419457
106848274288594242
256456074352234815
221251826286627120
215129995551031357
666678238827578857
304779247287205148
157
9
98
185
1122910190375744324
908132156919438433
715034748556640498
634844976579326972
667375475690588228
179
924749579593584565
575811515118198167
378680187044733105
61
46
661046813236216818
93
122
36
533883418913310050
191397793578579718
408077961916910130
1105533840993099396
48
348491582248255899
1008290973952984418
73
926438937253921053
504625050417978256
967989614996886610
221
575546329896656052
117
613590972973796979
979676602455874090
244
431663454191809506
523000707041249674
267194428224643327
78
818316247675530000
135
76
238350486033913260
346718096465017162
1071647612154416684
941526766805940900
823814757560644502
1135843981477580031
62
231
1062033648325563947
805727010200654845
203
95
194708756383497644
903801539026797481
160737951850491986
621299542970748467
177948068906737088
115
1116597348910434540
537591392416350554
224
368347639845800655
996767942961337820
862480318412629241
579419371848663386
1151954923712492555
556518814073302337
1121311328055939574
897740811968390210
738096260119875983
745059101392387461
47
1024067947233057741
501206117856509786
430116392650947045
6988350565606455
148486242465502067
81
808488977069242575
543603149017826583
1055727829412816245
103
164849065132802686
889858807222371973
167191278781991917
648932277541999196
21
707879965602735616
177678678145355219
1034309635772889506
422604927412450943
876773708837429770
27412871168018656
240655290634286163
721743732639745441
757250920322035063
376998254636534925
930654908578999000
688330181159338093
827462542873694638
88074038581202559
630227524224720214
417335883797200948
61890752913272978
401420182711528494
89
367671710951743853
204
702247100971916736
379041891458779070
708783103747082873
84584811594586506
37
139
546714352090978722
13
338236977111082026
45
667336169770635661
7
910864691491324786
127772714057153729
367837441376997740
241
613224025592413367
291365837514544710
568173691071506683
922864215211588662
223
217
278782432479519489
108
664421729510570587
188
788135714294526525
52
1140924081857913096
251
173
949319807691512087
171
147
0
205
744335120743554777
101
119049631966433779
875891560352424137
216
196
976228778923905439
550336356590121671
32
499367306712170649
11893021791661099
138980640703681040
2
1001561005731875947
409415296803633835
846931889932364012
1018787561372630438
1069039124412894070
628999726232327980
641968524636186396
194
681305068837167142
113495414316928952
104
882249339309039518
86
997130060752980047
105
116869165348398165
414279188307978171
408888084101342061
735494232894052124
31
1130805814181765348
1002961356417122235
922519576518239504
1019527213751522918
69
239
389277462947302356
592924892225807791
160
15
316173160315955267
165
255
39
723392410432070426
63
220
844168697319125948
772818703272332171
97
279156424910871734
127
18
20
485923924255903061
1121171927556034891
30292206209181690
621798533485026661
379357895118499866
64
645342490659100170
520001323230671234
649446819242178248
193
188325501203611360
237571780924145534
107139591521293420
65
1130265223171256906
24
56
558431940519212461
792062135666106305
466895004310889166
297411326082282353
775124363173197433
92
679063865504328478
543753064918641500
929732932856326575
399889910222794594
253
1138006355745339670
714233390799933672
517927292679053450
96880015859020226
1104763923833697600
40
112
647608771458270142
1037488417525467977
523184955900611620
52948406074878494
143
213
108975483299613009
973424394932304921
12262978410886375
144909403072180261
300115130268643222
774337594739671208
437269124203964625
1141591550725048296
1086008343399891502
236
810368040813743167
1133303717647580011
1146172244728273196
782846209932014687
689259745724041295
761304135608273852
392108274471408207
208
893699042363899182
821279969034156972
906137470682453939
27
199
3
135786729984787967
56691473160423536
154
507491473728257086
420675585401529950
212759897888418766
167
571767541147764601
3935221483263833
262585859662407716
731011491409384519
545937545386912395
71052273765678358
100
812685970853464831
9118877198644511
246
134922739663475123
382756123419448500
854674638028228698
878790711905864907
197
694389598095603326
868931369534283230
376001336941249376
142
59
364553790798934313
1151362769225510372
117683531129304361
1026268992851881791
285418375125151586
191
190
1025145845501009689
373601882122659174
704302748745721685
1029818244076025973
287868035634854731
659180353558349252
60850706084747548
272401629631363309
409538641028693712
117877857107035179
261597944892496518
424777939079156288
235
73200632553567433
186286898157125317
359408012310254832
683769321385071163
642446321536276674
153
921774896088068435
111
356170848225831201
43
937623845987097750
226
948784714970735478
105963590517846100
3
953575609184916917
17729597608851290
131325977259114277
348369513223402909
110
888722088041814252
1003808482085842718
248
13
132
144088922768648687
193922129101689490
243
576210521121976752
174585668636416550
1032870429421189893
814257853419290462
712812402675415484
135828002071249308
0
121
1051139131310736465
34
97274344665625077
378604709529815714
732433165268961879
670818794374137236
174208711619383861
349967875029406555
53974009069674747
1022647016524178107
745835407539995326
1138093108185486745
1082978004154881192
141
729210542762591054
484754035674309852
522452069824991565
71
130994086456604927
1092493879708412413
760699955931402859
220772176708253159
117921436047310988
232
872243765924172532
147873598895457381
1097175420207730482
55
136
488905909994330760
30
586689846787751292
846933917696314830
1082283671941782114
625436299515216457
14
118
55870278682779704
239201698279416943
293514562274185944
1148514816307269284
165935245591495186
64758678301867999
207
857183970513216282
206
15
4652573188169480
892577026035044486
172
82
314198674220680565
1037256755646203755
249
700719203750239670
250682647581706584
38
195
1087562096840439028
293842318289697849
195567302278901967
118006619434172458
430621274465400441
753203821256925250
149791390063683692
1068034915311242245
178
104724514544541276
161
325009108190366048
914150351724370468
1046815947884680128
432454608241199820
634054506343032259
225
50
83
218
802651409943620692
806847567861860538
765204274957351669
798648759543961564
72
905153864880914167
132621793453212785
787564377864355563
796436863603561911
423319618178510939
107
383204957471755866
203911735386591741
169