YES
703674809809091094
500413815248738869
133
1061454807714113668
414163816575893204
666503612217682257
562392457938713917
259521050684904689
913706909948973530
347406679629568755
19517318024577581
88235454289784388
65
191
136
96372446314692854
854505763631769204
15
1133724528813808527
1128685690019015125
1018358192434442792
591770489574096243
838836859386490141
834280640408580178
293873638144130114
94391034090164139
606905478562104478
811716307573010509
140
243
456445633933053984
86727230695477497
236
254430836006237285
9
152679747367460459
650857282956972239
489290609201663669
766523619396789489
954003766746336879
732099545410782542
603554194970323936
120
390437668170054783
197
226748544126376957
453570596737171894
304428592590528136
358762938999698239
97542577122134607
1147953834913295860
1077736954612802905
990399709073170956
16
196
1118461980408936405
347661364806944162
77
13
850434502561167364
253
181751025827941280
1095944925915864583
189363318796539141
217185289977875374
216
831648153412782863
471166818330348836
399798503659355236
811312316045279233
5
297077117982983947
580494620110761729
410795651674730103
739562881406454739
188379231284543818
14
716822326179248301
863456797910187783
52
396220802591031806
42829550057921080
232
459547960274499342
68
92
58
634665468517515342
696397095327683438
1089971369524137656
278955537243611625
103472314402958135
231
773063029795331276
930878398861196606
81260536495213889
571235791627675643
177
702686031129004713
856938930689753069
339205219089956492
33590026306319354
115
48453192871745415
1830014130522973
487653002392713434
85
213
232199234794200671
822766743922635736
972853986475092384
50787745481366629
209445032852654132
76
245
242
214916069910987815
0
35
321901567404166667
937544191430204914
164
677878430835415048
943338931305026354
929783885348796461
100
327131288774885392
240
609841493012187550
149
864271588740071422
671156741740266900
610314941484710320
582933700793464743
519351897053859937
1015571422978972369
974987666810406602
248164414612823744
715385117586669562
447072845883148167
508354617546207950
1043462282661666264
1061250034761614054
84629497794179316
476513780936282851
740169794070307074
808210819832465223
193507041712302115
243858421504803640
432004551124640315
731256589098621791
254
276153121861363325
714864952765557298
156
741885315967321024
514106526447752610
722461509925906420
942533348806335578
230
699205182151025154
19
48391176291072840
12
977006458859360036
46942166162717807
52428690510586031
1047733333409587700
224992050206342364
1150167470049717957
185
548445531909134193
473510554350139180
448522453986597301
899129703115589436
250061610178309765
185355840279282405
843900230748088741
792357876821931840
43
91
193
150
804065295118206063
795786968882218941
236336829153189424
1075646221516309047
1101940476458633971
480548950881308327
205886666958327245
132
1022325634477810315
572304201802272739
873969058226972027
95
645278537214029064
313364595625697361
956256760404341677
164848747502072528
55361414974784660
1046848582307561442
395167700187776261
15
467158189262186775
224
390038928718398729
766190250731417622
186457527526393722
499239113486040574
317618480120337259
1066930392828924477
782171272545249605
837890026151994380
127
453131829017544914
168333090628312545
184
1143892000862999557
409824078848586475
393257033806576239
89
731634455674009093
198
687936723551212492
8
90381947101215504
372715778022143504
922757205265142130
503625404477531593
879787341559433730
1146615608297851798
600192623065596983
793455286474687804
248
562293442016584817
45
552751080609346670
974407730602198877
621029026736280034
1030845455250435691
892479033583835013
397330858671538689
862028493795081042
342838509581984861
810885234130534515
221
21859989814103459
187
225
954061179350919450
46849688352336786
981165652281958824
845610324874687547
599801865630285265
109
152
1130142833598919410
960698361845311836
84
102008834295556591
222
61437809664122155
1089695298122787400
994134896523053382
107
211
123
985810655158502482
1139454758461501642
564864821214589806
840077674424241306
121
186299418232473314
962836025852105241
447353636183161452
887814479160979014
692904525166984578
130
326703315081240550
795741356218935212
958976414205902479
25632403489079525
780705361453588606
772481909792034043
659557570587885058
738840830169838403
26
200
207
40
38
657593876312169717
82757459027769066
831747539974191407
802393480312279139
239
261530649185037924
190214952091081226
291947391708975917
78
729108355066361409
454566006118547786
146809311608955073
113
637894418456289755
1142944551796208564
780251796759458045
96
569819536649626582
194951763080063214
811972741456546360
416517500858738023
21568006188748677
252
1
39
98
175
32
127676547072032599
1116504594872607377
823648060775442673
197207408914508932
1080193843820542749
1131840827412084502
865312306961400709
143
868751253031959387
668986216964142371
1030208409368110422
642183713405073092
859143716850780737
1115429561255592547
174
406291908658464502
153
196086332380503103
33179345077723716
794252974296820824
1094257124347976021
210875677920207405
269768846305059489
60
674914494643430393
732987512215949649
950095344131666569
765894887542669491
371330477118539151
415054196355872270
36
69
506887010727266253
935067014918585384
714169232383213422
733046226646108817
94
251
776625200595289790
628916964232351246
866211272717602292
547647208576620565
700076221027140054
699391495941866971
59539220128979757
260442352020351477
83
826033243118197150
7
474656825021709406
511402398751829915
11
406844068467009340
205
1096932108440894875
17616733226570584
487117108490582380
1012538461835007524
241954334173240395
51
960985221302201784
1101595196083341142
249
182
485870199863709074
478281867399078228
97484843268779630
929088324959657400
1018315931830462137
178953925376608853
1094939766183481309
978478672531938368
185465252717520911
151
803377347579586204
918333454226270838
28
119
246
1916
310430087114986624
763404150157439080
154
158
680421922746971356
217
641624988019754119
71
352515646319598660
273339348674248475
1026941885677144069
7
182227202524497204
494077017797163571
882160262922748722
1013062595746096747
1089534393979963817
139
9
398357259094527864
161
309464385321495400
46
682668871409934146
324796797628907823
921967868737972832
850920738380399551
129
91016700720481714
255773417291491967
679350799510094312
566042344806479722
147
379693713524049276
1020611719930793449
938204725741809057
600059836108193832
55524525545747251
928683998134648318
1041871595977951463
20
836652472181417635
37977164288002960
281397244618116284
66
677172792538197442
1130298573249444643
930397138089866398
88
238
98455411414347315
190
731791275903000654
1073047553747252813
872866807379151340
1137218186421202875
470224903868984643
207854643681812214
14
637839772072658595
39618756609554096
64397570037060744
880878044945164105
921780706303040348
853598659479665002
586456204660060876
86
208
1016593447647293901
237905219836178628
408532262996915752
350016993696959405
883825271023187964
675969358352103857
134
488586860721473361
894239010497699523
984272510088305804
6
392341691914436567
3
1054222863797535033
652481388964346146
1072111457923630873
987905188972433438
19835645142739247
57
376526259246281644
113792553032800144
97
480256000652452344
873517070562477914
104
895317348964269573
176
37
981717827791433133
948677393401044624
291483606894351459
342843772699120651
695295309720318643
976784793017662949
220
927653595106829735
954252893824395190
802432862075796107
44
183
55506901365597004
24
116
546819885702915433
647825669601743220
897595152252322390
163387742698867159
904187649284074102
5
73
696908285579776195
652956704419065289
199
941740088394063171
226
200789112037829887
760310988454802210
397269295388758688
281149465960395440
926110699833986569
1031157841716940321
333277222140932052
194
596495583081000126
749676696573612375
17
853449276040748612
1130698266457172967
426622584409915794
608682523098085002
53
1024286842165862448
314151238569588403
611269084958003312
675684499390287327
124
890661641674490859
27133592443077482
426835992976453189
855379146808664219
606113087768722582
76288133084452857
25
23
237
1098590629072392085
229897176913600251
422292858337061751
1
1056070613554636426
169
679787176902640830
600138813083989215
106875975320805612
447484874305440013
128
708873589530978805
529557236446587228
108621505365645416
1093272911009448707
203465834249273149
2
1012483348771731429
61
368412864988858137
517625812531074802
605841627595244466
1066544199033368447
47
62
108720684999858888
542456548157236807
184465260555151814
437281253642663382
677988394966496830
402618810973310107
451221526400495748
461433916870591163
344451589849913165
22
180874039675010882
110846953283011507
542201826349885548
1140992874292518478
138
142
33
679398599381435126
239384552978321679
455361496747534825
1009945835534053438
262928911429607275
340619018041659061
592127938195118748
63
1142999641361717307
537822434638828929
218
21565516652017173
836457274560428417
1087136349487450269
501791273646287761
186
881163562994827822
2
806411889622716573
718228391610330044
489788398348812290
46652614095491629
67
48227639265644254
1024533119343417339
864233703980043727
27
75
924888635589276294
192
459059937222305928
403769542346369793
198603804758259448
29
840866026399733476
763894309099311823
1081969678543160040
908287104315390183
171
93
833134848038012889
426756668871231047
160
1032433218399497087
173
467022520121971165
217562280800237535
479674180737752703
219
1096377014405037291
1051070270878507301
822212615298522947
1152165129001465939
674613070922843186
64
794179285664495631
359817181312827419
599273180544016993
56
74191259248193599
949243622703192798
883946738439110432
547815741035753287
73370338249045632
198800841307617213
929696943160796985
569628448125318211
929659696686368074
650442062653161552
437057538485154771
857585228132038215
311973824783911930
768838274812174014
726193343518241466
74
1122220799508807187
901004684529299492
1109531293692467107
169502413904984181
994596482155727179
235
157
237061701658644864
602692471844963520
6
520870426408179792
135
729388967887732028
714949788713398680
567124742034333261
263518334074613289
196997080539538048
848908225103618501
461106318828342547
105
700160772115874727
259264699602226399
773126807442604837
114
248088908968131649
1126727795816325542
180
255
437245874909321027
102
170
726335564657036428
621639032412009443
244
457985867917659754
853440717331697902
216575880552596994
1018144234167242493
125
167594049415741624
504028560837693546
177469763902088150
372365873523985982
58488778905075977
783943919419044152
168667900163167383
215
970760980049137017
164869318393535774
122
250
214
460169898690563409
25133949253879471
1030754778249759309
413998791380750634
492521460983972222
72
234
1145697433574794946
326508025538145119
603724431047289491
113595173069904106
111
469303431350472964
229
920472886001750373
949954722110937628
137
812495406404817624
839334615968763437
467388090910157613
687934657487381262
356902295920218063
1136583287588927984
168
428018307355411930
813549674080821167
82
192359836904419091
165922495043321978
14599231839379730
101
493194355832728415
18
573169552859971183
1130370618907081665
148
352478960390909520
82248496794243566
639156481925093346
189586345673637549
160842440626655315
330501498908200861
162
202919804104328712
131844217719776869
748698752166757219
308915945243981587
627549856350532419
1094906758539181772
145
195
112
373052248574020852
649977238535452801
10
1127854482300359625
159
435103420548634700
203
30387899283580461
166
59
231966367667522955
1102097009319955914
984721239546536294
243490514106318260
983820210313542778
3
106
441294353357099790
189
976479257334853394
54045312458665362
188
503932330746069161
847764510797948299
850779608638886299
142381949736941875
699078091656750957
386880680442762772
94412054225590805
229812750249442046
1138131524457382500
216959359761947851
857256870324435199
44232236883752994
619614132174018692
247
155
545997772244334934
30
87
795415287253072643
595054959775414646
630104122507996387
181
90
1101870877035284453
688105439790127413
648695709721105515
4
1135764630369048042
34130805008684282
163
212
230353412359876643
566930568534885664
488536688607311612
167
848190397596566868
471228228842186375
110
900675206615169385
1090099239023815376
639694498816576510
12323743149627553
719404051802283325
144467665339453806
868875446532586384
1139751183563812781
336516355204784984
167221899697160878
950841355164720116
8898264557324534
619738901658229776
378142654556656038
926711158824445306
912246413442137517
48
55
179
758025181013067987
43968788402706487
613644387510977439
437696774003662903
325193235751136794
529920538410989822
204
194512490093053757
400170146940216396
13
70
338556397759012223
684984978356264725
172
354159110097769127
1053111653519027305
834279596305017504
108
1032534700310406091
12
10
577939197591098408
227
81
819938158156334444
202
898686792957290228
1142111873484886216
790630729190073657
851545842698206475
391368436762677301
617084805979911095
351212818257832469
884970587892471975
228
11
8
147343793691237474
1095449900693544986
336836500494910489
102907900982068458
21
998805856118902773
1081534334771650780
1146916251680892242
165
896360910987513360
80
805807489162626361
1104483029298835339
131
436760913201584771
1143355851170212261
210
662189716455757155
246374857109487106
146
1139355401212523604
146427327704126515
111778536409247081
948087935736748840
291547318396243430
261537318295202687
996151547504983099
957749598361750911
223
117
972023359039246743
300777316794484718
93494500126518413
785764391858900173
178
1038813030657731645
1138675510887100156
866238269959948025
822209338102721128
241
49
54
894816025381158900
51408880641724128
265571439396888907
1130488033168914661
141
929343629812581472
144
685833361889847314
160186664686358088
79
209
42
860568186567105596
103
201
719357838732877373
151530519707538499
218188894754146408
4
969458785412105402
50
110313496542355282
206
483713374658459277
233
738647132608410676
879583843461826801
890852412146932269
126
515174715735935993
267182391443728550
41
43685482918749385
99
766714108574102837
980325136174671598
858312556837243561
231793080172909762
563047982440244375
0
507947196646906016
582662698464641232
456437890931542637
789638766161513183
446134701336933616
792691210842267620
622745223934607619
1085632385387129976
23010243188385228
913270055001042588
1130742450325606207
980790014277026008
976573110222439792
71794406089133088
34
451738786506406227
1059437789555635861
868085323496904354
247831348013592760
1087021306787506899
698507843522555091
610744081735341868
31
343511026864486875
284251265314041251
274255190962575858
888300048347005196
118
393851296247101168