YES
243552737509151225
113019987374516076
881038050334444734
793922349439917151
53968101555408292
1002297659448109627
221
1031158326891595890
483623234948619455
111
175
404213982525891673
261586656980018853
268316472102842899
151691105483349152
1117276178062863655
615144428022661668
569137271586816022
252057532395666797
571884529976943167
844450525054365580
739273255665136640
70755943858314231
62684744553998368
677345142557882465
234
125
532903397640156847
993774496958258259
975610363081721855
839340221954282077
255650524272545304
163
207
539791447213211018
362064887513763182
278185193230470699
1149888609406855571
556295751757070837
241515358606239091
137394761433664001
225
44
646681553695988804
732746146685610751
265876271666464355
407217560466200178
784728896008480773
878929486685796162
814629412109512443
807554184693633546
1055200448986036938
224
325394650162353066
811066082063803132
122
183571360025915076
125273069034544522
237
309264573065458766
981986135204732008
1151748737374022561
220275829704220469
244
717422264893745457
365881024679930734
241509401586881320
965317794741933071
962857373330230915
60
883635660750689693
864502751419075078
848856682014454664
1092347975869701583
847918177045737540
360668247289384729
48
221060344790854322
340832986456620036
1011854789814883868
201944166221950923
236
667282049692384235
998300316568283101
1012471095526242387
742757501040354105
396253676427353543
1058534766752874559
180
106737475598059212
156
257473882005605004
983497396637318113
161
514062780210448594
243
868714555689388523
350585310761427989
47
595125483380962363
783868921440820630
28
886303227521786152
1132635108124246456
674750590760356438
225865067758522317
248487410685488510
1118856343950628153
1061372797825131830
502486664081190126
183
90
595715567789395251
103
742285305228992805
574014438347991279
109
663092288395488810
434276854550133060
58744528236667433
16
436438187584010365
654312123392777638
409185780658063151
762485297434375199
929965951215298678
1145413261709915680
5479925678530976
102
150
131
154668170752281922
524789726629083408
189
968097563197274181
1104164475150874625
883047979930306666
846423164086016133
670164855679293857
560775934204849220
28977130423393792
561371261504781170
738035382361838764
257176773783509604
391637844698062991
470183246261908214
35
1146141909805313969
688259716919746984
558235435427820539
3
431248020902102428
548557016367592548
5
934977779849341686
1116339146035185554
145
310275306413311817
45131549741992935
80
156638363352685818
129048120066955455
593206125885528790
60834672431801644
476865534867355933
76996263955722044
611818577810576881
127
117
152996247782416138
245
141
399992330151017353
136
300919677511857273
46
66
937785410631730352
909446429986381772
46862963803233063
1061192504350508243
1132235607141039851
3
68
292976706979822541
793833175377953493
1114645544782465904
863647143095810636
968631114792991184
242
688322815072566213
1036606782650243545
57
147
114
361963174421971962
104803007969546601
41385644404441507
198651737377887392
1152858167985316468
98
868081738906151690
351729718041658415
1072081555807814722
528847769721114880
727699638005799186
1062661169180640177
981460727523290588
129
1030095618523317508
986683427419310130
601404136736382755
53984012534419035
58
403773541816839915
693532159530196694
8
92482847143095757
123
948242050239826325
470080555872906540
644314888191349937
527238529992831958
103834347179575696
165
118
1024478425796202872
239
563136496406429308
890811179013904633
738458754693583402
136543222082196467
23
152
111955107995657609
146
862098309219459451
120141195608709856
598271408778831407
164
713302713004662889
172
864137301952657055
375293946769831155
385828480296368897
570382198721547673
687753351931875912
713252132099295355
87332175356595447
200017699532744704
50
2
68343792030047243
1133510517107326837
1
17
1003661041378614153
632343925660921920
552952203957713665
194
197
482311375898774688
75
719858542579418517
155
795898243202918019
569629134234185068
867806086308810817
802085458486652386
230
509887269943688090
105
851777759641056345
14
290930104202526043
637046237237352633
554571216823572880
62
370992385795375791
1042731999642379736
536928155546231814
743956880688966519
35805709609647684
336933231570453743
489569244819565411
5877339020138523
381255626774324277
119
48542340548257732
779297919042879964
254
88187894883532571
810699357907592642
1009739287078114273
88
779161480491081256
73
408241447921085418
1020890375186783083
19
262791257697990500
89
871506324807313613
126
1124565902020348052
867945604121207214
962826758243240902
332682273120802232
1107724843811360997
113163222543282256
904204444033677651
847469858213580097
190231807100384405
747702573573379836
26664887735070319
152086832725774628
326956810110987159
545155940732040342
821333220406975028
634449852453199521
36
863845492524458430
690545382627297165
153863226549242295
119304581923637998
8
468995103292457124
236054911531873482
1149754611925172405
548728136112235812
154
717912670367976073
1097635452530987794
239235882871774222
912759146218333780
166493313791688637
45
383147387917328218
160
214
500706543695628017
227
117323579183085938
371229057732116673
215360919627930232
139
1051312281543257090
417079241766192366
27
63
48929759485795100
551227054091126640
850412442023767109
296930939748501005
692536262800395820
85
761708352671004790
1115012429335787082
236070801133051225
1142218807476402592
964261928662242898
554045828936038699
116
484803903162439877
250
11
728776804198090967
424959613183043270
378185999763986091
471712904919466838
12
610242046872571416
830404778539829146
1148885322897974008
76
20
250656690074011345
1150278618057956445
210
740353294299356340
712373570693330191
38
349277229560268073
92
941746729335386635
4
184868483641453627
21
1107741791608515911
220
162
758536409971639211
692493835477676596
71
666579470531135645
173
13
1100602842617807825
1291054138000498
287928089258965681
280022850222033067
132
235
668685879332799374
734929298482080038
56
834707920079994406
68392883984585688
527391155451407723
158
2
100
647164724830588041
255
1020811226450830822
1096916952874361111
802512970685473592
697581558773609866
170
287967748159623618
142392723274490325
1104740396069479858
107861066860784931
1119859530886223903
841777204321649202
769716703815617655
908441037865919476
169
120
803413303143955412
1011969298469768782
81
397861113656397492
976146435659573489
249
408704309930253198
1111293687562018525
930247292569151714
93
784119634657606657
817883486351431550
764515846562991151
59
626267206298293742
104553882347665042
440628731967083358
96
106
226
985970728906597094
706864208140245678
216
940024921354496973
308203907322745017
505387644526324676
84
1066538146591750508
564479385629772404
1143855700776838219
178897325635746859
1013450935999730234
10
574265402251269128
3813
198
422365374593918550
967871889012480082
239120843833079616
191
218061585089661684
1007337333105860019
816064822412206399
134
209
1043551721669462079
889351730712528288
750837008146558359
893859325235344179
54
556435875117646182
32518363903743781
884950012871221713
137054619432246226
145116285117800471
413107827183254002
606565942566042163
503412796661197055
1086667510292636189
94
301652664460798897
857846009739678759
78
9
128498107105764442
10
223
779460162111003443
133
745908545308964208
0
934344940966018702
728155332398282861
604488340292774452
1125454532553202924
585292741118099122
1091833293562515644
1073179384508216207
673982845103160769
625315169330496590
609092914652989775
425267884286114835
801065018720625336
97610140018908142
982150575383306255
629045965645157639
705289743726039123
367614489152694357
252938477270895104
608214017561750245
63369295953429191
4
248
14
241
940256866822949959
445168298687397522
22
150863558961144119
165514469211839118
894456051779753275
1
186
963219150312741501
750839147322527549
179
114423414810891338
372292947671056164
177
916342705536143728
491527467009746160
1107295489918277036
238
548503129998591942
389005365222896345
867012487803250695
881835916183231833
243781397090726433
22959171725603301
385449398604554414
1109915811029851401
163092067120364429
101115657211033799
171
726280850753367324
559991825059255957
196
153
58258468173910202
1018255842747221374
32
875934404021299653
400676229960656227
976560241123364759
464248650494141290
886337544100215349
33
1029949341675255755
51
26
812625479511031405
1120795810694743564
948606674580466436
626736157108322647
735964373881001931
844691499619586062
404697661132403654
409552681504770622
1094188671791744844
135
855434697019234249
219
513296770012013618
778590629101579284
567969572101704518
200
953996373491245012
1060036727684700034
167
449858387624460380
983615490770075508
766408849509707792
5
1107871788146339423
349255148501274788
815655034528091399
228692481820250748
954937284059397738
414635223783507743
375978138171842674
983682109867175680
942653011194038947
333533717557303890
95
91140073417605671
119619643170832144
1120460905196134336
709625337952935426
1076998343519992025
618172531641979529
42993908379179677
942960335845559440
1010124026207725724
43
766689411225231422
159
188667802245455331
555635690436701656
31
40
1068049273652173515
824223127423999477
130
206
104
497256014747120405
1118788467558313705
1072180282281297328
546456216358318325
83
659234288865560669
187
632806105282093807
125894949446165634
730421274743141699
211
199
393573555694041791
1119185765398614422
516341799418998111
365256457041714665
202414041764172427
1116319234679124089
673197666142340480
205
77
29
962013563150435412
1105223111512862371
229
424859918342313481
176
24916147278053254
218
25
183643173646259109
183469736245427692
253516093219662238
676892089000878238
894430489253481746
0
104958376072694960
419347360830269911
67631190675929785
128
592419482146839382
684630557391215551
151
745821052999769418
149
712213560601448683
160614082204369673
518515344339556010
1044162036434176043
13488101853890625
70622281710673008
1076936568098768690
543180591353607679
42
61
1026370230394361089
569422492854733192
806288213532178395
533571593615861097
770817526449796052
42239885895432303
111511183843778107
166
18364315737702884
275423317355892498
556003098545098152
1002680083417960485
107693160232184262
875067475246527779
549671522306186385
138
194104495218433152
65
864873582156581040
1099377943993004874
336976910183696588
173306436843127049
1028585186185201262
168
1054943071849402340
728872421047018213
121
306143694579621196
977033417148167836
231156415858698219
253
342116103831338728
715752940240608014
519273311299568551
15
61283927110481638
87054678774494060
269860153897665207
61764916048807074
148517328803693762
212326177305294948
137
36704751784438235
201
846333547233634194
388854454413029177
231
95997979144460907
1458750046668600
578619895178636028
6
650616840235613471
26615104870492670
1008203438765664903
252
165276768378802673
281243329780461534
213
1103699076487239486
1041173584972131500
541444007828115819
124
1149100575133272004
1001594731150875812
43314153402399398
818784138151378814
970508856499767801
1125103151783553381
560669262560855149
12
77195272869671498
663865280274930142
72
233
247
683582101625996199
937468204727229424
569435510734251558
503970012004354671
600866959681317840
555150392818279955
113
169062641647177186
892390653453683770
22928736998570943
15
446759770710656311
459116826772416352
6
361125345140211628
831439605884902517
203
1041452890857360554
896658647064362506
777126439884818970
162859000773740703
148
112
208
280834319221136923
974747155023533412
631934068532466114
111375124910257465
384030854816697939
753157482442441921
619385706396536602
144524386769681036
985481868891041416
740090339781806221
734540033405148190
194577307619861381
826205008950749351
275495318468178822
143
215461862045669069
417692893069419321
907400057345243506
165927967427046173
41368002353706770
69
1006629200788076150
785176459987503956
182
9639054388162441
87
246
222
742456044686179761
91
140
38491932216600803
682844340692802960
144
214198596022955514
215266035060073910
591946610172743049
723368232672562879
173779704320357039
190
552628055229274303
433378533226996090
116983476973510406
407640174920128138
163240639185899073
213153278013943379
128711265525777107
293850199802519318
516175696374695
41
912120907162261366
176259064635424333
204
5308330077747074
865358897987675360
314822717964115730
1080791741728013921
865722978434588006
55
61612798440442319
1143981883292897964
323050565059982168
429585971111365027
695864002699474284
217
928585645986119421
584969898265579516
839088711806620256
1089720637314789419
178
739484163950140974
117078126328548744
988414914504934345
30
18
250463924134249107
716614262238890007
1068076905830332325
415320484082318968
1008648199643960461
440312309287608347
13
106496064319123762
671430934067520855
143561525916107062
188
407522311035875694
181
1083010878500329091
756516155140644456
130772485837934732
64
67977410318841155
1023011033766632557
70
925757781367193132
97
49799220427783692
149923826031677073
324852577829336711
786852520024617898
74
1129023034785299194
215
7
626882481831319225
202
561264865505578772
953207735362223507
107820269623957602
160681907128439643
450816304724358217
603425944543770199
805518530461192201
735367292590544908
195
53
1140909503063832086
994271878483808651
848357283538116652
1149976612663218424
67
107
101
358663460540583972
326900941976169504
966252495941505118
142
771450421139139371
960197144043830279
579790561810398866
7
193
1008166924606327173
82
212
49
119613781221483636
416357633124854159
517711335205172581
359927877386685751
510195102371041589
413873720156025675
99
681726229083940231
933768130241378653
228
251
796870098518971196
185
573940299875266792
283957538545389357
706235190866795925
525593723634124737
576515697271224042
37
728162711523939280
363996112579249219
901279203551135599
1032041351445102334
9
394315600972584028
629489390570761228
494179226905918669
368700716662859681
445394066852124501
240
52
272265086271970350
563108380154421033
86
177975325003075005
123865223936178809
514512008910711558
393430656767886114
1133785876925447784
24
711004753435522817
510517172081272441
39
389983787883280371
81092240863858652
545021702974693554
74692174890153596
79
311393093997635470
167469139083109903
1048109326347606426
86664675633435894
33180072402734347
501865606926507296
174
823275284519779079
130642904786078789
647982098364691908
184
1116439816505016817
265877369868033416
232
298351761836878677
192
451361849833134757
291684509535785796
207607257720987255
774784038078899989
157
1047443942829336721
24365028174543793
438361465312588725
684696399199667721
34
115
1063321587183251564
323176265617335296
110
447436656892809340
613055196734881095
52661101677119279
282770616094495513
108
806141862252853468
11