YES
148
866315046853924262
29099825891158670
265712312439188970
616685703516835608
153713688240642398
882271055354757533
95218168811871552
821277805591924423
253710916726838430
890040168622182605
479947046171713996
18677751463209736
820932162279420864
606247155399006231
802026889395364947
39432316447398749
27
622888182467584999
300008067725531381
968599007522098666
1123894518615047314
104
784337531057994337
847395047259522337
129
685509949963741499
342634170450464390
922681120777805388
254377909063798044
1039325891940130132
537805962246924574
6
111
537402643095867663
160
65099192615214368
585945718727453489
767634192828320924
453406622803579329
14242009753240410
455679605358647531
833179485507493504
212
371032203337074567
604259789279384438
1107140822013839570
3
72
229
139
592611934208779494
121
444019878991910243
703026810659561011
245
142
214
86
744875308180792952
1015293745070978862
434766100364077929
1131301498034903707
760689176108757187
770285369189465413
1056223982311065148
607558806801979896
52
137
1006870554280770933
830574755327535895
845134514229970239
184471756908419113
299233590760184575
1078315472232192999
216
678223238319436436
215077132891249598
751987623413315439
415877557360791492
956173674577301070
1011158303658844757
112
1098022365044764993
107
868774051599066054
279442502973991325
205524578124152579
237
420073069984807817
126604710704810705
673148012590231710
73
88
120
902309961930250225
749436722744584719
1145335999819859468
837809627328327450
712111737874352033
324576530878566570
554303110835295735
849537754565437082
51
810631141776542781
1101569200353979916
139085774120667355
843833911351533090
395041722772496375
158112291668178931
117
150605340139888122
654111385764324040
347065471034570727
385581255853611416
600167490422656141
232
697861097471163627
381872290417421069
258546784584965565
110
423660392188400317
1097541371250692582
698725059923676701
846657078272088816
91602232642788149
705068877473473184
404621442057087096
42572907899833334
339315527003067617
2
753150164964815077
80
885582309163934700
952420682517154306
1111152100099251447
953728824902935709
165
504950064846091355
440168548607211085
59
205637467327410882
31
275430242769584824
35933053514087355
211
651943808610939326
463209659129708780
56
296291803349573828
231
150
640977333955808599
668503288679786294
629076883308169360
39
1132791423055501730
41
168
15
10
200
589223764744226283
492806550462180320
1066695354612001352
387345616800143779
641068784430060168
978475046508085791
186
961959190956301310
513863006799869973
438023940211140807
99478709566599027
97214105408941906
65
1076724356028129046
583347892773764954
178
16648508006396480
70
1052614486796484676
34
372084158659774753
119
569950279604736198
241
236
578015588387216755
886998872565873781
1000570893102579744
691108828332532596
203757524897773373
1144592083929636373
1073985743675979277
990786935456995360
13
682314580592145508
60
72288458140171518
679759055287423234
672143953037735968
58
1054584375322495950
172
9
126
867933711718674216
79607112511013440
686566265571170253
339706537739388001
604330357863753031
1025093405380693526
121334128288832811
89
226
276173821539964594
522439295826763246
1114649425942605143
953535802480066574
247467587485977897
88593070118277120
964727976620408734
85
985865047279473170
359589259276429147
219791897873920227
1030940108311977590
133534003908515767
1042205309966112431
631388511393883086
89247757483699790
24603982871834723
111503703840044370
234
549366815147307396
181
50576054224832037
798493546437694236
713893282254703450
1110620091698798934
1051412656076093721
349965813859946829
220
126635449777743048
180707847592167081
162
483858555374388200
282029113419630128
689725370956509446
32
401160552663670081
996785178583728808
888270487366852945
1140217126582001790
984097181711679220
880027268600371355
900947559870479471
1002205674388710062
316209587436936550
878268800707658269
512214669876679673
3
158
164
114
5882959471042812
423312452639467363
443666474069942130
61
1121657032242326200
84
581337839477784034
191
1094846841820394491
511747647622272707
22244557968953388
146755772143897450
62932642099814043
1049894814353930777
177
1120144662006728658
252
954017267761300401
313712910767063669
24404284869975668
786100743683294111
796947614277848125
554563730785959405
767763585481862703
314646234959962833
1093165525556154974
228
647268798335297991
334847897822120744
846395217046570679
24274652996152095
26
122
202724640231933218
446578334459284232
622835977177450500
1043080099302348201
332971959920715180
204384121464167701
69
11
313324048648611209
67
657918874800706904
1094780919095665614
175
128
494295186062765626
1004289529446387627
986615552479760895
134
510021112647080136
223
231687299534268585
390341058430002240
152
97
920948689647077694
6
1006597045522296990
854282929066737259
77
511815652699907328
38
1116253885484160519
206429850961014615
225
375543515862452852
45
151599453662400543
36
219
1018534320845381456
968567192751148267
986572730617881205
655424364317041743
946448855376451971
600368503382473976
199
850911527431045998
138912771262469207
13434857651816255
250
180
885926001549834183
246283224635547793
176154569082774885
429161885678464714
196
726872784025880431
53
190734809967173096
522537474522897252
759129262414386876
93
390594412435313081
540434337561573665
1015037791968274281
184
252888756679652049
329025464379630719
733288055083494431
307397381166052221
97077470775674973
1136884555653783418
349722720494871775
101366775731193054
108
586000302001696449
53787328706103342
143
96
307347434145206716
154
266865851709375835
105185863123913316
171
473947611361695769
203114171514064839
136
133
787555437530977462
290467342882477818
1100310302697721836
843141242292439231
199593169481410713
408360107262920656
33958216902452018
783217374212899698
728144473572810883
259067582697941690
221737758489715594
39332949888463272
14
201014321262109309
14
44
220297924933797553
311794741196228087
417062552411022075
73365372992839575
1134052186350234754
3467493749846808
244249597664439546
728577784712053378
913948091603497740
527860269909991026
176089605465010521
224
611448716410465866
400552360320274825
855757325326292659
718580539486202735
532047345208510593
246221991667255087
1149713234389424466
190330475029571463
791326701377033241
205
953009047882914561
142137938442234648
331852688107705057
361177995279712075
210
964400921497120766
971616987740638694
710528816613186165
245583398756410088
202
898122101424496036
218
974839016017497544
1045170809950292937
430204098967078788
658786682343480716
286458478384078948
731251815552266111
10
4
12
174
46
1023759625976186766
161546173127061245
968093416172470931
127
1016097396373099132
9
1057183810089917251
131
221
62
167
938721762841171624
21
368355353377820904
332206411279024580
8
652283122010769462
266558579328726514
35
462418887366649031
570726262477774550
113932849690646572
531593378959647971
675621312174816252
12
23069899104601830
217226366395658589
940317801410553361
157
199491697674595188
47890379675128023
961341781618567092
436053082228547772
714320770584740789
1083256591154794739
601397733998448965
55
1077321872657943077
54
372068266612387300
102
743507085748731761
519849599087136369
296112869464519287
530443577034644378
29
358349290731430132
332606053658999080
49
226289919582616663
278876871537928917
776271693673342368
172407120242183706
154946646348009222
883669164065858405
178294341163077331
836757212733014441
638706983141609756
148526515317211950
50
678325368475517963
170
702995805002563569
411094015922113964
1
2
243859346478301272
890636689925180859
182
1058806020926799459
48618386700676352
799675470616121522
144156962112292058
847714975637192158
556813171978026322
738764520830943351
253024743592714750
1077900536009286903
97048173277665386
650184487739022288
795782976014399922
946972023248225554
978957598576195233
125
258749907779685069
23787295861145899
118
91
1006657611031994223
912657525913461112
68
681073191756053240
208
695490713697941304
106
222276981618823026
19
482826905867874464
130
898032260403304470
1140942475789262161
992040160286709900
256613466566235342
192513025053643384
1122945890620837239
796557048599094494
952249923237851441
20
652663013151010779
899298253244399994
184632659128474688
370262740865231685
226576996515543833
731334837114253764
74
814805721214559138
1006067584067766882
831553474108020066
379252523246673567
806133119997760542
933647021163207509
139842317783325981
366863462284394975
443561846726544904
866473817329895988
155
453263297669998103
943990875136271000
810376347778233267
713398156757102500
1061299085590055658
249
37
227
267534194070090792
430188668798038487
81
13
1084980921275518619
24
78
300030522917951209
816638504372079957
440080065079786153
33388703764669184
680192814438016907
896481676869775737
482811522970844853
842673942045721908
1004538923783573451
135123536198084910
18
445544681398421124
92291435223555516
74875838961809858
1038445966129274984
172021670015840482
925483614321402951
685263293703988275
253
686575869797695873
976989142129720992
414635090330247987
329949888679182277
156554295889995180
64
639912368088978212
384961340445368462
1084753066948153741
288585846804418760
898012590034225774
886819646864253852
427628823408581973
805910976093218909
100788615688711558
1054349443217222597
174931072891754637
762983636958457710
275906327719837902
98
204
1139335065933725911
821029922811254204
7
87
1033313474872853246
341777230514664904
348666104144593173
234676687090026934
573925091734833227
367902756290744047
25
287945903902224889
484864636485272091
151
75
911143279173130825
36290370915302373
103
714288415196924210
42711817483518271
215
34370780813573220
8
776677301182758854
337363707165116569
197
105
787647714648999722
344398582854794530
107611761165692452
222
0
116
15
373638208162888593
100
1053677780278036458
136716861633578448
980703668469916862
600050871896185498
71
995039660527023209
255
138
64588543790748961
800383870602131456
1095612406708352241
23
479369323625233474
42
498616091752519439
24218608401057294
176598361418734647
610320849327456226
292378246126538695
140
243
504743978243244011
183
1086835597417317565
101
146847277631761051
680818283135813537
179
452594595540336107
13486335402811029
153
719130127009683303
544451066011547729
149
908029489018195829
1012784135884085653
901999328856879383
703401224799493494
708229071311066489
205190783123788803
1133752155031278072
244
209638567415141738
163
417607863220937174
209
92
282593543403724159
518352505435081703
144423196287866556
332348726076040555
845692281288384048
1117048753387361617
684596099677517175
920038935718050721
922698907425334490
538695171861477644
757777495579878553
420236178171623273
514176335608783787
664308840083237151
233
1046648494368366007
97196008442846061
143248903989262389
438015713530950743
239
3525459890244845
28
206
882951180674301941
599983693813150087
192
168976785092014054
31174022905425352
1031223428340870423
481033734561537378
2735646830145633
1091300205064509645
705490302628949320
820248821090603780
423213375916931234
699820599621572617
580867411616142842
95
36300174346128408
201
58271292430598382
37072201051160932
183173270259320298
1148401460888164802
240610007875701637
868129111476426282
126809992788422347
1043304520540775562
1046300316547406155
984481047382585889
165474628729254450
161
246
832178065639118836
251
836839770833149327
1011294389432414180
5
720871820612397404
746304619973935289
810345551546135736
1112729903777522320
109878597363205905
687696272730902076
160346004344460774
811817448518804500
11
236453616916374227
859010636991315197
461716061997038045
651281386875960079
77558637288967523
566566793573214493
661328481117453075
43
220829255610897164
693264748166807412
255111781915708230
663526412277414413
187
844998649816906058
188
34490977127134220
792057008306717688
173590072147696065
400830063958415579
9023508605376226
752566281764299783
903311957171574140
378325367628697915
561906368343770774
1042587885498717666
900737628326044983
987576818217994471
108256690827288263
275991345291627454
203
1057740914396488758
22406429357791815
238
476121789515072930
968193361269360580
927246141488554169
110592755881748916
173
79
135
890718477968157751
106994494271451736
552168445218851018
893112249820767817
166
249223724624645179
527661292583231088
96138257287307956
229683687504198713
132
367273303241139443
4
99
1011983449082616882
124
1002689357881189703
247
204030294265475107
355722849868955907
94
364347049754121445
0
345442129070712426
79768876414445918
269304060271844210
151194883039277056
57
355070498434050199
883849838135890017
176
733451629217771366
329778595617301592
395950277564409685
195
483269903454882995
235
1018270395847593995
213
252782965852300293
521191577362150614
198
1065680933104799058
466313803558317010
1144600797539120153
632524805863340896
938537281312897775
169
494519551408452483
599268932892779838
272911660022256399
743802437947965525
2186
989986017481965555
450421879973559099
845460994765913473
1080141834898300126
173382235109611946
254
275881752403891027
230
218037808110098277
678415955561580388
2975947106793889
727838616246106473
22
515806748417808625
28079027711805140
207
816560744865548860
48
185
122841216905406959
189
797404408574231265
63
543689271977262568
7
555855364880371103
617801207378110859
957179483916329087
1048942485965046770
1132592119479273787
113
92336586839049180
149625065337067370
506508249702806695
779480964945753088
123
431284183111932450
731487690236830786
147
27175353895956445
701502170774350863
1
973373926265932402
269707941881691512
123878132139462989
1007409738829767344
76
137843751955131344
797132267835088481
227697750975993769
944688443207095145
141
33
240
674026439296308996
468947244540251319
656547564528622127
802665473077874496
387630267671431729
83
192235535666890465
460912808059985304
670574519879216633
66
144
1148938123730695441
936727074055522460
5
1077856894300804097
391659171009837948
548818628781553008
145
40
1044038645298673334
435396647573059086
317938460183234561
863757413751671174
273085131433975772
193
1006853029854910066
194
248
46448425906456415
597200448074007628
790904432692841405
115
17
780126132394665036
391093180110345261
159
82
296477524144234145
857908604493899803
190
238921192286827505
599362184335402942
271383934065952339
843050137597464639
150310265652827773
1147364959588583805
242
710150133083141004
148877264465809806
16
915979048778027045
188280547950813628
140182513724291066
442344129040455394
699096577472906429
348359498242511206
362602482720799547
109
221759773460034181
1060331834991561053
753134830531216607
761084983208734232
117455936369221466
348118441606052347
919626631526375983
90
947076522358488274
659065004043223066
831874563503274518
18676777985092135
47
146
217
30
431577025801668366
156