YES
541218686378970073
190
225
190278326220238022
143
720671231971370436
821340202206057043
159206984850593870
149
211
906576187303799459
941958197908128531
15
486719216834555047
280025909814360960
217
167317943937166573
248
426419979796224562
1136136532144538031
4
1124954399092469
731588925413791402
114956309314475847
384197171445715308
820445076484224042
753004844414682850
772604115134559810
119
402807737465526260
569963476924279360
1086876945564633685
1097317874886729081
147790121302270130
432113998067553552
458929266202571910
710010402233884626
171
13
1076652401370506765
1120901162207182070
135
319335376219783553
689094396725468373
655543446248140160
151501296719939385
394170419524438500
281381367533610832
1044271174572801066
743274409237026733
5
806778299793470332
384246918048678660
746209602151623872
915364075493451172
776935747422709723
815701004471428741
1010091331683820162
168292269640119524
93
915918325330909274
193
545
813017167177228704
68
689214161443270811
9
1076181253615475754
42413039724081792
918062078304276583
196
519751987001843911
545504413960725736
156
18
49
979220018343596124
752162994816259585
1067303139468156805
836488615680294537
84247451459578975
86
366382380407727323
226
84
699453768755350094
1025796786803435600
434772350997556587
261941960243387620
230
41271488097226357
35
608371114573178808
451840879201760555
764059627779802648
512525324398538097
384184947243552717
512362768019506989
226295793018237312
1056230716460968687
798972392731167328
909546606723700804
297638481922215546
435867196407361025
727097389392578210
251
433618008629184391
793016570925916560
278070706735173295
644217016604652245
13496218663863983
208
1018286578789884326
255242735003197719
183
19
238
205399152459702423
59507057310595543
118
302114622143249094
1063701421117861852
1142916673206181852
235630477892955597
179
953253506569610697
934290493009661698
682703438362689083
214
910595629797888955
249990862692429412
136831688688604762
967121617866808108
239
1051134491053362407
814913849159522113
222680406618087459
1110957577157412513
466924144587156741
12
746116011808586786
385078904729960158
63
2
494548176847637590
434719012542398332
787553411247315500
11
373825662233614653
2
106
237390412820734073
213
135103480061204489
75944025907921487
238094715264610538
229043612561552135
415641481813516916
333684686149080248
832486955764127376
517207972515024686
278347696355363830
272070826723024083
1003404609111893380
224
1044167414956232620
290382567114109191
300352178414569155
693198385230178085
1063384862981049944
206
318636302038720836
550877410041196350
205
913084542782972753
327246361543139862
168
896427374095169089
1119949348954220874
950513692026821081
78
1094111720051924016
513388281499694932
213860782242952645
69
338441374735494267
663749961852014821
138
361489401856156737
528721711769959447
839799253515954885
166
694706181273931907
490700223838251250
363854628042158445
231
170
428040812641403136
1116088523419382160
337048066175713977
472430704287765589
75
555702537953214913
210
95348622890085219
272873498643396530
404851955080895070
865151887502441954
90
939913045180791465
754044674573016917
571192130064494002
802069674623785514
97
1087639064934538702
4594506250664186
231624458778386460
131
7
1037940320784239328
374107399614037978
1023190067087042320
0
2263970278596854
561269429352259647
77
901519115454552325
647498263246308556
196647667756514332
142291214570129955
487801804049336669
41
812091815131798937
1108260967281611974
864106856372061551
298886453933094966
140
89
36
453944908792700224
1083350534482814111
51
569788910292164742
227109494032458584
123
1037511982943604
222
175858907166387144
513798442126270244
208928985474093929
1095097558012938879
216204346812579250
920049080018446366
879197182957762965
236
67728814183487783
178
974109153057760376
631410045432330539
895011121534882537
264915691475043658
145
1
3
445500544077336023
240
442856862623550656
721723711534787572
119508894634949927
1092624219484388495
125065187569959255
833352454935404454
562868196188389436
795955014144183694
576420585479641210
105746401341255956
418481440865201595
34
52498464728740366
148
1118343816473461061
453497120224979075
389524162772734072
212336645881885823
697926925781972963
949107812950085825
22
150
73
327349818132503788
324935837235139030
574258391991792902
252
85283003665710399
124102878948599352
489272441935745284
1120509848509546142
141
134
92
992430723744381401
261100031917062470
1123864503747074730
115
1095824582102284982
201
1089752165793146772
788650750733653977
36156243979468850
843867711621834075
88
921903523092784773
933766198453958346
766442769960692054
69769942439598822
388117224577909646
195
262698037539297818
1147808847924334181
454167762292998096
867095259933601643
287828662990963681
398648449337181822
1031576081428701038
967252314525780809
866971246303198935
818236397707689576
85
1082893659743229671
327458984993798386
17
5005977897287271
580028123124885453
56
851107993069107075
762533722388436398
161781942706547339
862438221402503966
207
8
169140112198988106
1043352656416955494
28
132
110
164581946595389920
509682333376070038
603440659851336155
226516426003065517
484004842791966893
101572266182913633
43335299460891792
108804246273179122
982247383000722113
174473596095456376
1003990722430831619
126
454804935464414555
517447644709966500
806745015023324133
237
46872357964497918
672175874482304542
1104986061519261100
751984597100535173
951205743674460744
380958589685329781
388860342804820902
16
116
136003439607701560
54
612268781284764254
50301040649023941
673313466858059917
53
695997321596367459
31
45
407991181508911689
129204451747538798
64
814702445688173271
1094793473372340024
415554515296861771
557066667282940898
1036441147278606363
967741508232018628
246
961016604678572443
407538423547134697
161694484760616956
181114083254508437
218
175
165
937696928528236890
1112759294141302578
794866341358227848
349027026367461899
1086566362794454492
911708946442092748
343926730151274980
15
346781863089822067
109
463997702423774234
754223913697740164
1094387963484912510
861351606203653966
24
455008436883417635
188
110790618256969827
1066432027416877027
221
42
39
1148224850541364775
316272903514731840
637071695672567430
627695734460077597
994708107913193102
133386227108318789
86682870940805236
731947012947620702
203
76092308011787607
868960016243530394
181
220236195477137769
25
102
5
388907363440729076
103403237029377756
695172329716715115
762698501478594063
10
861505422127554113
120
221645288874429134
909921497302990113
30
666385073094145003
80
545772048399284178
500491412980888661
441924150154301172
566574314500758345
595438357277236163
1012525616505355650
122
948831852213120485
590683325346939660
127871074046473857
188622778270342981
449588830575651892
116552845584338847
202
181950059635395753
329289348758338899
1128715696675726897
866999561458153669
729700440859985089
120999584874992865
841464402538793887
42686324753496685
113
330014419968135515
137
646501094282137858
992132831514451436
819678584265128186
156680559920928184
219
184
293084734409261445
1132164295735779537
57
765573697950802530
551993685222123324
59
48601323477944818
40
449564518081063731
104
96
25586982993525627
887301048022017792
1779662290909892
1028828490163743408
1138392415216830221
1150749058729566690
108877106448245366
62
655165105224272613
21
579394042115893853
425222913798413727
153
1146466095047329080
50
432169387140266057
32158089739574538
86174338133732785
243
1053591798280618649
151
1094019451574328777
60
1022646836552789843
884221168076188834
814494970016873192
241
234
124
187
652050474028862835
832444424396441069
376408576037568048
111777138881780178
822756501176631392
191
913741788598484829
242
514165448762872071
549253213369768222
1151297717454049226
33628162944224977
685233595345533369
233
98
767720018775238149
87
301350242688258374
700871317792268295
159122844742307674
1103822641525002605
1067467425327125389
532485697367589030
711216608982456574
937140000007677942
796194568271053548
804276511431555454
942027283307461856
600806807173652468
1014336566557549881
346574030758510
879984680670615172
582075536051110285
67
732537095869515448
529540260517173299
920704631567676101
241299748069504057
778007165337293579
99414060422339482
668048415654691759
9329838000984178
10
333071901377330532
245
83
548760270760391774
9
285474768158439647
176
648072885521645264
198
685310666091598987
868802035424060550
344024300828080218
149399546103062565
576451787670865710
99590287836342972
423204597542993049
229
509509650421357302
154
528761068160149892
842440432222204270
660143891620410280
1142976791775737191
1117096312540523599
586084303925337760
222327598294727286
363642872210514317
591275323395355364
1100536213345838869
232
222993687171513565
1008750636681864563
133
527002196728144047
289821391138671357
975073730650381806
254
515377502835358193
1129219396364718208
1062689926773843604
665032149788753565
644218110583041088
206351558808854895
930318542132940722
161
921211080782925508
993817072818116840
570017739773690121
576995468115283530
791914246548737412
216840643351191463
554611741627788080
903343730987080700
391136423980429250
253995022914074402
255
299370017168399241
14
662482531124303455
564897245723290946
220
341391429821908965
279529402508092577
146
71
1079948996815365967
6
528393555291478753
67051557117600395
246331283084187671
74
671576295442870527
123117618989176201
1046954785722070958
175053466418327231
101869404153952848
476136701411711736
489427359644637723
11
903463512659159768
533083891022850080
962594123990711875
111
1099739644240512070
529955445245807797
423379869581480514
120044904246652887
546536039647503276
688640659125482722
42974019670850336
209
57464383951470557
965271282662195288
580756247915520255
192
600666004568924761
436931552500866856
1071399598697755105
237640391641377855
950297665922246221
1021322852135889533
722199727768578061
297664521779865667
323832220859258263
779748892058067091
247
881171824624051066
325597592192255714
932630296470699382
25415491416396943
738957352788379364
956361223685480217
82727229177758460
104127048270513398
171137159373588529
450985285944724600
879964820619234058
787883078231903980
2653499795581453
1038531629811846695
12330198761028769
476337496124579962
899186088040068167
725156750319908129
544804384234168638
612601347112963585
671227445337231370
969901585053544196
27
957478690176073290
185950662548724735
48
703230860328591458
242991196933108891
73240199632858858
128
252220085474425739
125
0
344140509121946046
194
38
999462509967310602
65
177
37
219237308498722599
360049187301042197
158
55
713759619640076276
174
101
91967988786885355
858933756974105892
76
71750892822290524
127
13
150234558822441324
552358655647471225
292432247154312867
682265627513318609
46661263745748937
17529878814560854
1064519622615911235
42271999310817578
147
657164949102218090
108
530263741453988484
877066941637659272
228
226605034301651326
14
1029485159503777127
100
768670717825146797
759668298521628499
152
98715762504592030
49697413674020921
152058234809536620
1062411306637376242
46
1057974769191536776
1
32
52
227
82
775542630799610630
1108863943373003312
832599874581704189
572562862336968003
421331880320832921
24253189560932881
953433578704953625
164274025151883451
483381701061195130
51510523760728030
251105091275235923
311378426737993493
442577112594039822
1128601519294796800
298673082846108387
164
691244457563424770
323223073628909945
61
1090667118442119978
58
428256510683051663
798012979673926421
211104159393895527
215
96289317594860853
209529733441336739
1033901592724771609
643857064039277499
99
1034798692425686233
695889068809796666
997149168794471097
155
1051711838979287148
1054737614368697468
172
944538665916519094
597305187063307232
1078430609522022454
421071050841369213
558311795006336448
167
690853486475255583
417743684785732517
802174332659975446
895121647565116228
854388302797073012
1024285990997519410
1084919227498841220
872490527264774183
31570497931384761
169444159064989297
185
615061918455938049
1016823185257280954
939109486679429070
482619971212152491
511887555127025625
947933342479415546
356317972894649858
842522270077587694
652332304523013909
136
264596663691867811
440326386155564510
584701424617996126
250
280871839241493974
816363433912335996
764105196475073084
915901277346637483
289406099176563081
47
748260849236862267
540993998135293551
798252581543872240
103935534751680336
33
95959667527568368
73282518895483466
826220386455145884
638049710276671854
758424015845672156
30885922138554327
253
66
94
948999071833095334
976629020466726885
746319786794742558
422676339439756246
820172433096013636
391717823601697368
1134500895787851376
1145544114540422423
212
379430949546788656
1117181127450004475
444650032742269955
784376318382858602
337584436656214409
249603200412188762
43
773628589533155550
95
200
768824684230616123
279247031519179947
143313660391842326
658334011499323284
712912560107000654
87130557650737567
74088603591448968
915713067498638773
182
276237611048801650
178132176592798049
71696813733297797
802167316887888403
556150618350426987
70
1034694070881493144
29
973344807173337186
162
912166018896689267
117
519408461354828812
942353088800289251
217323978711537091
775086837538427
200991163889407619
489683609106277801
913563012221579145
781838461546482283
902307066947491623
79
752580986119103915
12
45113407903964204
1019340259608020284
26
876242281224481385
1080523139540851330
44
337578173572543982
845635255720826345
1069677003919000099
420742991328971616
405276650527857184
204
752401430261975146
882925412519517879
635904894742026180
343994809168954999
121
8
360287563913581134
160
745472871517246459
683125714542935933
48767160033808843
783967628177916316
1045982061929285947
931756683585772819
31526106491103850
82786266644644676
969823540538310840
189
336795849556693629
1061041916661459174
173
107
863158004255016716
1091308881650228550
139
1009694430818343863
982421552758221768
6
72
685443901392417822
23
796093609260855279
572093713674032365
42391139562440143
1081521678686158049
159
7
4
702063919983712561
91
892104942257025467
1087695452402919445
996845641532038646
915961160990852863
199
142
216
387682073264177101
20
81
130
694100497538609052
297148145222312991
197
129
1152015770366754333
3
223
551176861407799849
963958695267188969
180
450578455191040324
16029794077753293
1015109775101333310
235
657830679627712065
432795119102887061
769192032434896185
68103055796383440
144353035019647472
473714483570298799
163
186
157918014108568987
824891569679558656
105
249
997173995921134577
31055067494025070
169
726734988948616124
821296179752975111
112
1115032679484244133
1094004735875024856
103
190984724770378458
485542335062006386
157
114
232995318467420772
92250066842569893
541281244305980987
144
137162978658154759
244