YES
255
159
143
121
77981168493422142
742158036177214605
92
235
75
542053585046127762
754802544804725152
196
765935311443258830
409812457656542404
26
446190050747442237
1116962054555862300
537829334976461977
133
210
905257315848277727
856487180640447699
849871522639566190
847849090937946526
58
281985823520257985
668255121532656001
7
760009854956595703
287573502137095166
814855582631256741
537533759804907522
182103791220129601
829450334973028796
32478004004184156
104729906876203734
102589295074747682
147
303867714010801983
224810022849202314
703696820116452866
115
450070039427135097
281970608295543438
244140445550526755
203
904566013864648274
452820388504781708
319258496182308006
68
936342382015181380
624873526959698172
8
81603495531223715
967924113909427132
1052299347574869174
411810810562063005
57
141
448176622279352230
1
78517069821850021
254268419269252101
836254104940570536
236
913660200863546592
244
386244780831888755
6
413575332966652398
816915604730497841
850368269965154140
935025864861881489
627645872223715799
182
257114551830314626
49689290380554253
177
391600479876864567
206869400593269718
996089585228641044
889086820908459524
118
259100799012656947
204
441389993825163060
162555835917475574
53
533269676615380570
614718123603628777
872525909633178957
405419284030246396
185
861742062420114478
659701785878436701
170
1133562040061064283
842116049954546452
719406223273838290
37595333410021724
3941974451892343
265223029171592361
242
546160345891926967
88291617469320698
700059811829172230
155
597063857685909173
907368705213021069
920705709516441477
40
574694040545632956
630089351783214238
32
142
408100289952517171
1119618518634908318
849842886321059440
607115050310499469
148143688243110547
872283193702187192
879607282069386741
251589262583859864
20337549126190392
13662953800581993
183317035864619296
734325543827087345
50
12715710303861635
88726182644728182
145432904629346088
712921079713115741
90
602694696892235684
772979282457227617
138
594904607914979305
502433171493908198
1068909648426751745
507024736294092825
497543191630774246
1037445527728431192
367122366992579061
588333343673444907
154
135464367724411791
63
567011227128638961
403545259764535095
692982936925994996
116
809615709652973571
653761685790678243
30
214277023094148355
582299933815124612
165
1078858690761368423
414246271861732377
1948391835573037
134460504215294142
153193130363466823
721942131590311356
157
1136704088138818631
840394470641997704
153848201215558756
72
839147996446881881
102
1124333248983689413
976352632930321138
110026182106602143
253
515173327278709961
475616200441601605
191519113019458376
648097249463901802
1019808437784898621
1062408275876321046
1136086364035578254
70030682946325992
887940638204554246
509491819872816831
442838326775640809
384095794593364816
697380121021161264
15
922541152087641591
632305069432692422
800278864603583062
9
61
218135311399657524
804673201009286978
381984610952141974
2
454089214511761984
609548804826980277
806355902625460960
56
11
543643036529457670
886734480507929884
707644772811927917
91
47357933820569894
0
245
326234394218674121
869639400848839197
453844263340032041
1113741194339748545
48409783055986527
1062317580452668386
1126490288187445620
208
162
28
257892154562479590
169
447310745308128144
120876213948748689
995671809871212164
841530093067975633
13
379785888900083605
326921246115923709
773618954046772644
651317403626846796
619696315164061630
584573371174907207
347578348088085114
887128001653205062
161
24
150
132
670271994739935898
1030135478753508820
241
579370816774444270
1115646229652809134
191632465663997087
4
1148256722468074085
559214333574960670
666813355209282208
978308424942797978
735407487160004877
627558447907061892
37
382300169660214180
884200572394071027
178710353013263780
20580161930351802
1032673128235587054
217
1048197779561606477
711351079738092146
97845621043575570
635575384465474162
35
583977968608198634
516413189783115502
10453640149593971
1005142979859194372
923591974880878070
661794632757971898
739834119318291547
173989141896369657
263643851454930994
1060791587939611721
508881030984808196
85746049934430579
400623693657527325
911318148092691384
88
847038322506162446
664345244799647950
593062816102294075
47
427688876624641998
14946127954297872
686687017980033644
524474592758848252
13
242467949362169607
78450412631340555
926650356059293511
1088721985972772017
590417671018830377
880474660871690970
479272739050771009
518400424391779265
39921254145655530
1124770222406876007
209
172
778963318837783234
43
893749437947223277
135
82
639550679064900899
824749332954590900
781780836383799805
915423465913701510
160
9
983727529917064541
845469292942861663
227
29
109
253648390382552598
239
92836539943312941
77512220223740573
97260820030105444
857242127792555751
6530534434734618
223
904722657751930317
755773170490871389
729372081099958348
192
22
789533064623937967
696197830698602077
584728173690095816
217846273116468753
200
821904404776897899
84
224
730375525743229930
923431756197776303
703377359226461567
1054865165666954366
16
212
62037633267894313
195
36030678646933696
95999837343799487
704573682451740670
705779943609386164
1089592809695359964
97
726926969940786120
1067527494131729307
848953218664804796
30819727298368789
955252853780405903
136
149056871403151792
144
104
237
494362378928827943
729346722589545434
225
1001227012351977151
563863867325579580
189
168016859714825795
389454033148267892
114
164
18194178051503570
184
528259748222257385
220
71067959796852798
734757329327061187
79
504644963687325568
258201947440334887
1137526826279558361
31
145
1103576382915111839
105
302772559520784388
547917659776122892
80740172933621274
844985833257540149
262880903585901559
290959968080223061
1148059166379807115
421668196541909689
921351914303026293
77
814871910858869559
42
134
3
151
811575582195760718
634196885718854271
349796953291204337
25
360380739132700580
667920241715181155
343561138212388580
160899369645581496
579889975405465156
363222712222722569
921182206323082779
100559110610913705
961852825400105873
348946105184354460
367934039509799443
1031548405532500751
448600206925555893
1136078880657686966
232
127
2998
192095998996526019
896924353443755299
354067132825872682
232257823192428055
71
246
15
140026446672909541
102575039221792686
48
183
765784752243885466
923745696348851024
1022376295295115058
878381506394091279
21942175328798431
86
88794764494978469
113781366239484820
186
128
108671048133144675
800477561857989675
18
575836048347162503
191
1129972717978453567
1093801933667400396
6680808572194434
193
187666382846590881
611850567154346018
663941400050431088
991548229739979496
4126283792951917
129257423035768840
1062466331261988705
455115989900520587
658995164534254759
257928614781119093
258295753115665382
74
1
176
354467509730411432
6795788036254297
152185249412458422
254483197550053073
1003662424372484773
156377187331577352
108
167258247853031305
996332081728015110
1088956218678125599
559824130489122538
221
152
176163390862679380
770749275644273202
121044833562807114
906365904770498328
759378546681118476
733671320300443739
668204361434569601
511654239490413651
1038046253422189318
254
797647134634498212
72910051847188063
448990158527186140
1038179773925757396
316968363347921737
117
1075229470808865552
167
688112122970279383
698394972608277339
468619987556205704
772173644814983840
89
45
891047174485891754
139
103173338377099371
177907925419473741
809864348203923706
46204293126873223
60335066437109766
1062285535182370999
605686590621585183
56720017089296413
498627654703828880
684921593762736159
1081751530212683718
453091948259758513
173
683704421836617672
132159039762920519
226
427527030641222697
1127570682554764401
990794106876476010
73
355147864789053963
44
517777423180648277
744267718976157661
679045678278541968
1024439719641240868
838112373916268907
1014617605255910741
3
158
862834290067879527
87
1131184113305070011
491907526905719066
96
535453390814332302
758570509194359780
778933260159455739
712785869479599082
70
231
156
98
87962896701266250
987193171588563894
180
587194530638118543
1020859782020465832
762639784554037982
169648049096349966
319283570463368832
715870969276636544
41
908897610207490519
100939885602720190
188
120
1047524154681681898
881204005049584202
17967136854752595
648217803904453931
702899025256103366
1117544533488668359
119
466090047682081677
362060171575883998
207
211
955395061578863048
60
330491972232716443
49
64
124
992377168294012395
197179131639565401
916718428815714180
233
187
409635695065762316
410326883110489201
697431832317617211
402339945692946288
599832211778974858
732905150320109184
194
7
349765792889621388
11323931465745748
18205469268758320
674449432987446608
989965161207858366
25232506870214138
674490531811253154
282900122539146068
822844264288152120
1082159902994277700
179
1132587604269667750
326391349870219818
579785168697734293
959315504141376622
476683401821449166
700927681830684944
899777103622168347
909215058683007940
578693993425787665
14
318636927048674463
783751793396141108
1001716704313308183
253535989705336286
762644047858141642
825937136049968837
941565959288991953
173553279486127641
81
1009150892365083528
761014088413164553
291944628770896887
300045035197261748
707519621492363822
679922037789225725
1075493336026181616
33
202565121469759176
178
1073481849057736553
85786204571259238
1059196461071032834
883012061330100594
288107644278989632
764914472146825574
171169130024709614
507132906086130668
945419648052101877
642741782059681847
412672556645772741
62760928140869696
101
851786369624995267
588916552403201954
148841045143567929
1150986739166848567
1090150962150766207
144689306178714185
1054995768508800237
613400530849630755
367659640843286578
774560509505303077
444685147678324255
229
62
903934057437039088
227218111018828431
467379107632279063
790851380811010825
20
39
548755962624114456
274808266029342478
948893023521259450
175
230
355253555930437478
1002965875566037923
207304470735361490
126476165592650237
445878297218857661
223538762133082411
962257425136433255
997868131676530902
710220641500444702
1136796538715880294
216
943620437767553401
862815554082136414
30086704159303629
163
1008947641744649408
251
919691735369586595
5
99577635384927308
656389783580433253
449875762593726572
970738569667734464
83
149
62601411466857960
462450763531431268
552791734193548892
631012067606945060
902222965899500792
1042940432746325098
214
438321145598560686
272044459240251400
677971569232407024
82522870297142951
528343778074829416
897085226590160692
107
112111228800883260
69664213817575961
166899950900318725
283036575025737973
274320496944211189
8
222
108284027639365087
1028273546359078127
10
229231104191861814
880469686043273170
901973450406199132
1104074443466646223
153
885228134972357696
875153449448595855
652027105350563116
1070845175702713369
540717247048775977
574738919567929986
186539330622845344
401205134162012609
860679987496006611
305638983050208293
199
255927714862496783
1089252818721553217
51
83977744313009655
21
107760341294120053
131
1050868553291271979
130
758570212181622603
95
268561765940963950
225609994628604945
1047969391862844703
113
845896228708843481
580941473602093630
252
112823611210300646
52
247
12
792202954089480701
784448514000100246
1049891246674861396
243
789880738123695103
1129418403954367250
11
66
17
368854226961374525
76
201
770093589110923673
245879659416678076
351526697618494373
356133164466491703
490491861704854138
59
1032697661246416924
299874676384238288
659127805688713685
524336930776219477
65
1002912030693337111
241382604444862660
112
978413856753152856
22894507645864226
250
355088515742192839
904226401893908668
406728400373285266
593621848942337018
197
990037709388893719
166
91717246803791731
729299270182249070
238593918891669847
658254234363400270
21862404597206647
1074898136638812116
833518333543579580
887236801279267515
127274304932517309
518628704484603204
1127177293023476097
110
215
1071246375409539806
38
69
10451094455376990
326315661719220696
248
219
906786947767499548
1068708847400715676
111
122
836790979691870737
23
234
4
1095688599612846336
281521551625632671
905255029663143039
121713582557051996
171
991805253877825642
1060311612299124072
1068257529585889989
714135800113587773
59687812061914908
1098422825882444814
523187820138463878
402766466122402651
241216569872340080
60558717464614355
1152353000363003512
55
88748408107701331
962583481264176875
49146774271306039
579993976161137409
53944226778057117
285082954656347709
716764897683479149
39498839438766466
85
915050721324302065
34
294994765004709669
1042277623342850551
359510130981261192
846981368637252707
190
1146604953990432883
46
837096201572162673
737184508402822
10
1111046015673309569
0
106
525305595816828886
363412962543404338
216393041356839248
54
422969767459959267
154353431019125014
168
656110801158298595
975335284329242158
963680546104989920
537063873296735837
144008720189942940
2
839941773216306689
633467837348653329
1064034191131305640
147298979482454692
77410811065437719
877614837476001574
198
228
123
71468762472108602
149265515124384567
218
135445103846287277
743565877921363008
140
292744779768896826
939483491179807893
205
528827184646101614
234713494319275323
95472356938345383
586619123084151648
664418045044938262
612369131790472519
1028305119959080073
887488731096233793
146
182967970129898467
776794116278502455
136655052872881598
256871653296638335
100
1018182987096811698
181
227980292602662538
1134547222150712748
375642195546836637
127114432600229260
206
657232886788331548
1108791351992478929
67
686659028026536496
884934614148279299
14
571801084827344136
74256693113715826
78
817283455004573287
608090139856706862
467811908887270877
255834507633178966
820663263985663256
79648810631124512
1021010635058795523
21736883652017044
612054290437828866
370030286110268207
12
743332524598054777
150226536762399312
249
36
154855889468693397
238
690695317026337505
307689459584101469
68940781760380750
568495903928858212
827824217642699891
186067728069361259
103
870898140285848560
324049801966399127
658520772449220254
954784582393619425
335493440723586064
524127074946375102
137
129
80
741469966357864770
99
305221363012331578
317014364736783198
911182804074786775
125
755429770334096532
904886096183502924
285209943607075116
148
213
126
712392093889216622
240
27
93
619528444109798330
650042310830740974
724874737782462718
621479564347666224
1058298318641900823
820778530284828436
838894021081590725
502639232519655653
441562044229052411
5
958693335485746165
202
313510407850480768
94
229067274512110873
770115270077598888
1094177850051213370
1061366316131673951
808600607427973509
953309716209003552
749367635112028640
255208848180416092
539093101041572987
896215105741606894
19
6
167322454316349640
956335848840826682
1143244330977176018
174
10142542248418577