YES
12
351034078306190747
940155794210010964
777618542653886223
1104048501709477687
729630191766621221
183
779064992230031205
102
377091767053785930
660405892638493551
533289455239481644
244
33609422800071667
661052687660985783
890206556681866228
1099895705831377925
522255669749268379
19695760747990409
18954960767593639
577540304022671499
1104543196042868434
142522909863142129
255
57116594352577408
786426082035524948
223132435001572268
632867309741452311
116
694806481684718552
1038303157685032724
7660170176894843
336857338654519636
332180744822812689
662201196612359457
1063522736656589700
8
351562208659397534
956517310381497335
871247872204528956
384281938581591761
651377735277852791
65
780696943471347102
1123743073593208038
670412512982857449
650498262535084758
4
160
1013090391949703802
773434426929849632
952830054694313465
150
17
113024210209226173
3
326852443168626755
605141894815171695
615681946347266639
622013020493486608
390423278508837259
51480591758055442
31
654764560350777409
214444325656043809
123
118993072509915765
243
218460170615354311
760225669961461666
437755848885808195
1912
512675510222815160
888081496487726748
79
112
2
69605729297556006
140
650493194371353795
806092707992352167
989132113701841087
571812738424399538
37491963452975807
567565549201596427
898528844632689642
1097852272749961794
303627846831573083
1134065841144531149
742278009808568787
716152444368559031
1133968201076292045
686180896260291432
804292058761727864
287770733816007535
584421002688063787
44
341611981864121212
50
419728427675674310
38033893654439844
35768389881838243
668816377745129694
204
869480738444392362
42263607804187459
912095381278967239
562006100798558476
748833628133423055
222110317671988336
130
1058306354417666122
831978865291693943
366241441410777674
248664315528824443
450611238858825148
1084263472273182776
219
5
254
92
38467064357969700
108
165933623527814675
682306263329783827
339278114397255055
1129716092245407155
139
382562088391328987
555285029453556318
845261538509303361
636620781852166258
1027717706502340797
117
540629767256263175
48
180885143614176463
74
250
495295957637062764
130267058222741916
939005375677718353
574214356312478324
353679840836252445
565767765579089829
173
636182360199841664
343513017828423769
630798845394908615
740916995161596911
1091184854334760124
1067805842521031909
34361585622471873
347823277090725825
665073826803797082
413424739945751063
96487512877899006
780397645185398789
20
9
107
145462216166087103
582917908555141333
61052520699603489
531018945078184118
186
365237133563706173
507470744544682680
563397507262956849
205
640273777743817478
439844222789907740
176
928460764516467480
1072368984823023137
54
4
627711748132359066
275640254495883344
960224516003411993
649983995830326964
589441348235842179
232
394896487850581331
306758271305624724
1108449163689483481
1116007426041728544
680885637500601367
134
806873203118095599
64084662697890091
962536589066090183
878638605251718859
132994775984549927
333114882055107413
190
80426061691000246
768049730445324622
798628017987066691
321186962011052554
411949255188738864
233
253757901213916109
248
106
172
151888532701396401
136
658964414440416669
286011970007236855
146
297837070287183936
37009373489656638
49090286647551960
0
241
362775892655838198
401923738702961741
219368172289108263
674508313163832711
126
1028030864020095129
1130440742195423065
216474506357384831
151162166948414147
379846158325580732
717531263120254235
684622316829070144
197
40
165378244965133372
973886568594160202
70
1133406166266910750
1138412375447516691
145854005958663710
655928564158542085
513163482994386203
620024002992914181
663005553726344077
943396384210276854
15
359571110822222386
834661253995791028
218
431233339422321978
1017860039839357298
33
253
300578976984999302
409384084918009120
493954340678157836
21
201
88
886451816136646919
16971762314106631
512593039032329249
227
170535657357010109
30
535450686779143225
818091464006389600
29798087172707476
163289406408168410
1057084416479958285
961176729620348365
203
1007003279029683084
538503079422025661
399253045800906911
974879618491947039
911503353819872889
228
902375146476631274
15
127
533232134182488895
294663680228636867
47526816512270243
109
601087344309815659
156
66
362410786673442943
482077627666949217
736971840520092323
215259005660060765
404894889249363408
893319231041898696
1101079839763816345
226
67
365253444558325623
214250180826528347
653758604594292958
89286758989722139
235079590161282761
75264292964881997
173687024730182844
692711297075745535
10
82
184
1067868404836836262
333973287262771847
619316619932723512
312863783911710706
47718068369868592
697010595051891018
814622821243254387
618316084173638161
78539957725348017
803906062591131968
63
291591216990045536
654630667105752460
488962430258799910
143
658994895174163270
122
84
247
3
178750425540975897
38
322857269995585679
717657180686590498
18675691299580248
641371298260024308
51
916768950589431205
671369636110566030
65308413658186380
318852496978742703
836346995013394531
428086113497266830
562517372982957530
743834269449678794
96239835447142564
16127810328758361
1092521747666440922
446326951298970345
6184055994165946
586684095941562801
319697724136976988
68
199675612757629627
214381573372022498
8885015899349365
996461254651508004
72008993060557799
901258013385430933
161887563178712754
76
588175773835727440
576103088734822566
1135017070210686377
589075968898971402
287409975442785753
131
989984872905229025
187
103740634128819142
761043651279241574
246315228140025276
403977095249560511
523418161957494834
137
359633087908654235
35748317786795431
49
42
866284002136437655
876267660573716614
98
285455065466082944
16591850861349411
1021832635706734496
245
1003263766933475140
1023213767029142904
111544101933633033
774108800667601512
966385857654562765
138564545553100893
360038763442857576
553186883757916006
349152798367505365
158650661895983444
301624805495062396
45
1010924390540948722
60
561825410577373434
240603389222406742
941071688652306267
782168303357180122
908003529972795884
892307060389986573
991957354182506049
647073825247460536
753967231980142785
509085764708951472
371174220052203324
143091165465299324
1068605922585710410
170
231
951251921463444295
7
1038173769444390064
68157520219849902
141617760383815246
55993112692211814
369650476382582396
162
912987606042179474
655852631145023498
371374245266496127
1021588247074257659
774846689043794417
481706378949760841
22616486403367846
89
749372705319082399
27
644811771636700097
229
259283634827781560
175
362455029908202568
240
399554130458837451
58
237839703212557643
597082199236392225
995774629940373271
1139370839493702327
174
564913479584899487
14
988901874210492656
991096244917156488
216
185
6
464483347076438092
951304725875070264
235
1
201648334303329350
60586468337157830
57
907543570001705360
652991078705860923
600849092406964237
303793111592547413
326438880491198983
182
152
631417670013732911
39526450676348582
100
101
407499314206790428
576278790636145476
542767901214210142
114
728110251814536754
414922661390103353
193198035408517218
165671767047293358
267407633315311976
47
148
720481816821784665
270027706862673642
46
14
1142540984215483684
940302560227062370
1110404769215204125
1072548415458507426
1056310481594713368
445897075895774832
1048992457168540461
35
86153085314656428
159
766774048948702485
155036588256826155
762159015584807195
15963818659520140
391051568724687028
356856292888151069
72
195034829248474017
896255412873485736
842256417113308822
984942213534184881
2
26
186410051076097747
341644667660884539
11
941792997784751530
236
832710885923203497
210
818284725359389397
532118560184586142
37006861690596985
144
24
903194873065201076
266117059459508745
209
556523331284747517
751032477494809001
658277655556969980
200
831393746005477020
1079168028291275405
881444409787197823
115
489148105485534513
10
897751143256723639
1139078906978699730
770189075881266998
55
779479824751784538
103
242
1000525655885408036
216513657426615898
158871044670925809
1047462903202559029
207038815350643775
0
440494541685502448
149279573966471076
334949702086675612
530536583432936306
745612388964889707
377385796565624881
113
52
138
149
294716231257508800
78
337362011286909892
650165840252592569
1105494836608783425
120509204954964959
354466044133655073
599487726494387010
641033264773676
794716445482567551
228938876757467941
158
735947630906435805
1073226234611974926
580817713119393956
711644557771287390
291879782475511160
1150297244718129708
947733560715983219
478297905103101261
375473688732177611
1090616242883578011
642963485613750616
706499329298671650
810488029074258693
507423385849236743
1035839697606785609
641021683444615728
61572536688130389
252916881769938724
816376926599412074
1025604680001542891
841888655520297387
165365569436771665
910201367629317647
909787631839781078
219351584381537098
532828383159516244
13
777616642307420963
773188143467529562
701946655067214956
142
1095471904877031743
408937362266742952
715241785459111539
405571553251414184
11
1033817466911971359
905759764044002596
202
75
239077202289432557
69
137539542283252496
139136599996017428
1112143104757497338
672604152552654683
167
166
78208647715168291
847020997143156864
1079258290150444922
479677768722908993
23
869892400459429554
212
85
867568078454457508
689881416454147283
630137758480687695
729532844540307861
1130778512751690417
381419815768515223
53856510577918064
28
363642043733007262
743952917763722592
199
11134110887185867
29
386637462305303748
759845058074310690
737032426555847794
864211311133118803
210273250442954982
649286938712973871
225
151
215929080658550914
182921719043972390
414720668297453155
939979490916368940
242430329256102962
77
511336920896445290
807994508554415714
416101895121495222
538355349891620874
862053936101352099
161
1065922287318891090
458202676334268908
295228685156821630
653035303729953615
467948918447998083
229735510717920512
393567833438291298
664889225167554537
157
171
535262760314703060
169
90
823294597882438120
224884045079837366
179
793462222919676677
572781608156071231
145
188
1041058950366016755
453653852004619021
876170193894051092
82095477184952950
870526720183778790
852811817934820593
461298562676193309
607790580702552845
709752041979521387
765945466877678249
44869620107851770
333799242269576965
670845267644638349
16986312223884524
1132876718006275336
59
99
223
723499957798386827
238
968140184358584259
1135294538156196890
296543192888803096
220
377941292392513626
364983342002829300
192
915250040852957173
319681006604896151
210854893867236452
196
222
1144704978875242083
16
18
83
6
60802529088620465
914878009544502123
135
642674621961102530
958132231835930777
948266672339134015
869892298545843572
1084524206394489465
43
119
933541401964153853
8
393542023071109694
621338647005865252
514575870291950259
928041227366304132
574728698589325198
639547745336795086
887058668719904670
1093713156340352665
402263716280540529
738589285010197672
1119994473292415176
843626488466347844
48252646201479488
81
12
1071439812783867230
407040637410584774
181
880256568307915161
741179781794438554
110
447521986940752289
237
269641393212349686
710110779716088946
180
507817019978544668
805663508795006824
538902466927965835
1032680562807326658
466115278574381715
9
442396909437517444
680198918924213730
61
208
518878739548724052
1033897170548328198
9266307741121757
217
189
76463257340711394
882535796010366978
7
37
178
22
560914508787765732
111
971893554050198692
816505382102581160
445589107566669292
812908249470818517
79512016451361537
265596952293331175
292256625395281723
94
380099095539389361
647309669811898931
662826473775856266
637664259076026609
177
745120255287791520
790750171454252424
1134562779633455473
332346281708690620
294467576900827243
184128265992119812
163
1106992409207085310
1096125195366278404
789940697841865718
129
708174548240104888
132
657005746406593095
52953250496232063
416209046085543822
259914497142633602
512532819574554167
388540781657974358
415717009011301434
875688921651376838
821725097648663210
164
45720315168830578
193
646942276465751942
350414023641028629
124
1030979969522511142
646774249709609768
196580246642398252
3560908216655044
121
325856538514390512
345667101563717240
961750872547265542
56
477946161639186605
154
251
168
464703246776179622
560172252965520864
899470936309837731
252
529654013169849344
51385336712043424
1114939465503115915
661923669796197581
732198490098860068
222368630059167839
703386160885375154
541670221257216470
249
155
246
71
536992504259707593
583514701683144882
556726234173501110
663201363700474476
45103342992880456
281062269263794220
688401298198855377
53
130480880752869251
838200608987551487
1070081984775313985
167457429830366867
188961789036346821
41
64
466150107424720194
207
1143995394862427889
177161395237836773
780351292605421048
36
922414515642492570
36231057246886052
165
5131472769283150
87377722800822513
62
799045871092363855
383389612659976690
627875903472503028
878640715980827121
120
95
191
198
579079833137802397
824229278910245186
421557769628885880
754899526334924097
580100295951380028
798177279521565322
198010510546994060
466790057835639681
146986931508044807
34
133
231493366274947992
209905645788655958
680517151225756291
1
31195376295603894
130081161240928622
605006844480486920
330777043583880642
385008601039531825
382752935369082881
541217638115904757
507788544072829191
97295399281353695
91
545657305740079235
32
1137835358828622863
73
33969407088771636
900788594051985475
561595533567532789
542992180625218933
1139078848495732928
545370500828780531
698912030812880448
125
627342271802988722
86
573049356954650600
221
52607893204812335
518549515278935269
97
272808834887143805
297904440418881140
104
957968579167529518
855216531812677692
766612912150633289
542648005709789190
24106539338439108
25
737200348517442710
1020929885691017107
63149554607373009
1012749029543924043
128
471930684640577044
899815994980138902
141
724635260982399712
211
1078874382773182509
431991993594278824
318043943573856193
1100799111839118212
522494706247496472
147
968564365194888161
353387526178463786
153
13
5
1088247221412645086
876658008471290018
925088857662397291
364174788586211421
326557605608212481
234
535241512194653695
206
325734863194371538
846296153488469207
425208738178348247
654432710930297019
195
447697793423905067
1096405206499058233
904090431350995158
1096141404009787409
351879141439243230
194
1006674445738391088
80
736019747601517755
536869782885382949
87
239
118
1026921925651413174
19
280493236108347624
96
999688286985827251
254764147313558232
1133729637259884694
410549407621135983
213
214
1097029227074698725
733327027134194967
591470290144230531
742291433082427181
892338282758957247
93
1033188453168168682
105
79125424838071011
215
690670473834374898
224
39
1145806682843640866
230