YES
119170260755776783
311601979275441873
872099025273752023
986375533934672767
98
549535333571741411
636623998479985560
371875520654453976
508869565050182032
465554573521543421
237
255951129796943845
233061533491746615
211
27
1061735336179405492
148
188
484437024646449812
975507014481287639
923226442467353116
879045165664181051
159
775865221456503736
343212332691177216
723254654148674598
813992963236848978
288397925999030658
279779237327901233
208
834185176094806101
677317226611313691
3
409310922497848573
1
226470280919285086
587032208369363262
649625877639836412
1026305794088195213
746859674365200659
1051415915242109482
247203431090096993
391739056283697436
216854887862784372
749208817428613317
284212473550606336
752103102767676003
51847259150647479
78
764349939158971924
56786597497581225
1034774273010467708
936227923295337621
444256812742859233
888843160459290455
388980039987111539
543511144641573557
9
24300378509241146
242170435065407974
178
474831300902495921
852581116112255579
105869308032515239
1065720736072354140
168036777910525361
103
227299988422253367
59
378624009776626431
959119806006933633
327362706854073509
190
247
96107010826098510
571761440213819438
1109079941011459796
147347210615575107
113
649659669408619835
76858006577164947
80
275557558879780439
51449917064001079
895979942534216990
15
944859485401280419
218
164953167428853398
366138743528645526
759916704815795297
7
903417721638580200
231
566600494777195321
868092487891967298
541188985635780812
541198804332432836
216642956584131015
8162137028091578
145
462110504543657723
282673564693046947
331171071858271639
398870887350209206
400290187366549484
299360452264522679
102
67
142823857057111971
320562890962375442
958794602494184025
42716869442300466
367943838091769520
33
1129595561766438602
674848501260547317
209
344476752932213536
23
225
543530169994875191
36
170
596192294685713404
8570317519570996
888521198001761049
932567172269593479
202
284330431743130387
454069165806091465
369389919148348204
213
194
586310472219194294
224536637897773905
336718475777638139
158
987210550532349420
55521642900111210
827720613468120411
879925132469212032
1044775455615088309
17
70
872094638873105708
250
117
604578802447665500
2
295353253881892235
929904659570233578
459466697620989496
78923048050785692
244752557349476141
418902672408042047
313260765124084113
261449051689704074
1090315549214010336
229742964615639563
565926368560110566
837722776307311026
330482539689283954
127
765161417983722518
106
1148510070948824862
968365789816589342
1047062581092716647
1057971444329689884
505815636391603859
1133896732902366361
478973440825389719
345749836837608492
720828229849850030
303144981609230819
356722468032651775
530079308036874201
661898639191794237
134
83434083687855091
132
922346780415533906
1038946827055363991
44554065982833314
576045401185355672
135298507974265579
1134397820679579168
145220397757741322
13
194573498140216353
931741075165728846
10
229
201
59240400925520430
131
268788681952272259
222
11
33524678986972242
94
51
772477621319179908
75
270137442430056231
252
638183791005483552
105
267438286845324740
90
119
446745898808635704
939415308266559784
68
115
62897980846735001
173896967475799610
168
45259581689911517
290697699232147635
1148198144748532243
99
661235372292645735
143805615950813886
513066095810393002
974717096768078831
845180125138791551
77
741475936956633860
572820822302436651
257904154093226994
79
48
320051739159350705
541292788586815363
790047469440894471
65181664127160245
1031938041937532370
847701965211908939
616662330154391807
789212809404210678
1127701172309901170
1
651866973157902685
665695486663782574
95379439961476035
711703373001137139
0
224
29
416323076155533803
441997287895418758
381022704997607829
712804575270157431
986588510530218066
330774742395820798
248
745169786144015601
884075425067673977
13969176759059435
1119673310749438949
95
671061067868404299
31
1135906454747041303
308404689158871577
839332565987581482
37
221
1140643640627745729
223
145244910864988268
26
338939633640786697
89
50
245
395779479641515518
235408838307815091
627902350503558450
71
12
535321799356154895
42
1098565885070819397
88
752286039319528601
462307596233815882
172817907814358078
354143209420739482
292957327961023126
101184653150140877
973491358320502152
14
1095231138769295707
917373820328234532
721287944990912367
669733108392222128
182344627672212284
693811840825381919
198951235481699429
301434697766709972
74
5
753573077279673801
163563791323174280
753576859816975528
1076201727087072813
649716154278961756
996666958033296576
811333253336152739
817533899696272065
102897486148156864
206
369692265111789924
776293324972670892
1102464047118928993
200
948876353476556644
718593728992314871
39995301275563611
305899760378994636
1044667278718093152
833088478171100758
96
93
733871497569515329
823979339432531902
240
1068430638576980089
228
451693455022100201
182151633552970715
149
164
236
751845487273262941
620681500028588946
709119656971768737
107681959886521593
1105655817383154742
13
1131047824528705782
92
683920502174018132
54427378265426258
6
1136655567515652078
308880145040624437
123348984631972328
64
1050499472283714027
9
372374993592685851
73
1139322333541056686
523825201542957451
103335910419996994
220416504982583786
446909009665575820
76714749244131361
654674918230496683
1094244574288630916
161
514911596604988642
912623166665153566
980567505947625093
181422273919467016
1126108575984510145
828160882763448298
549549193441526422
671506149903266942
365980861723553707
227
1096261987093818444
137
599724436584674702
677037860291109894
306565099061431409
336156574861595754
235
203
79312732166667586
14
971232416769316405
239
238
62
187
62513291811146843
453541515437955626
12545460248434735
183
731394869950285660
1009771801377254212
1141383416315824031
91
508460172065090049
166
730282492249305291
628358068107753383
1101565288512678208
396502789097962444
906061442135565236
700565572424128597
906105065911514000
456765052665741336
812145712550636378
207
108
253002813572582586
180
561952172645120100
142605608819020203
736430303499142716
823361299215289194
63
178085795712769583
518333264285871307
301244290572343153
1023498605940072831
249
19
160
68407864667296640
31034498560213245
527865819041681715
718914415622638134
135
125
116
332710823253576313
406893709057109322
1028877144759588280
8
255
69
757391876626895741
60
110
47
706214892697019797
55919280823869523
835177231294703297
243187955543674427
447224969884729936
296393608209208452
153262667974791887
360391213875084538
846942324787151639
151
241
330906529931419816
1097016749319812087
178333098743162343
689491297191343110
214
56
383709210797111531
854133303288420743
191
217
911428231488497736
215807544717829405
882958035775965049
85441974375014899
503416411833569051
69182526102086368
35
86
487683797599756502
1072751240553454453
999627773728697971
366845592320630363
264026844818820848
216
861150178588961214
1078823030823786052
774183367949463169
140
769004319530169273
19275128395382736
292972989728614456
541959735922133886
91985772701309368
1142818630031174551
1037286304903315498
185612751598979285
184056418735379304
810313362646029496
1036767249126353500
417460419827283248
15978306936250536
1031817156037950191
55
541148132428391566
968428942062268252
16
56283970159480280
1025345033399842669
683627297896905607
946512384664084962
174
173
287516536704526467
904987358949355762
2956190695837927
745000866893394550
469299855131443480
20
215
558661786221601670
1076456011889129364
1105061041069529057
176
10
717881751444576913
487828135309297345
184
61663297430506367
439188795728233302
555221403724861777
30
49
608533151631124358
898395751013482253
21432140558273350
1086619234868234841
658671740880884250
189
97
958312577568229845
392066106384051863
594714902828500588
477119176323826227
316734515107360272
524278715487460144
210129044552494737
632360579179901613
415755771978440494
705399591890212838
882806922796810454
1137967846359773287
1087866822785985039
724850040313710181
789134824906955413
570973242332188593
366612560689625601
308352804204451369
201748522275423181
405691606236374386
181
1088024007745264644
643401265746439507
1013537781237656089
438168972066813882
31188102941918945
7662915563678881
51659034993235705
154
34
723124869104262048
4
968505518432625486
246
363753698749668049
294543192196755061
889359187352752682
169
990010392265703359
540086927376103970
220
1100524038808134481
754639872138111541
37328675133686084
244
129
654290543093544690
551033494526018544
6
144
191053417674633185
138
621465406929873205
157
192
168946409861027541
38
293660648458044461
288003406836837166
699264801637927714
276339752958090943
500156375942984923
66
43
956523508639542164
528071554424545549
880257301420618802
471307337817373290
837813700785337709
335525740556115627
133120637481183064
543838539134633064
232
890749906696407456
394402032162511073
1045061166594573903
77511142609996213
954057725841286897
196
606846071139665767
942795693748107779
212
934072820044234280
179
484208438773737531
688263485307999193
941009908799848925
720175924601127048
1047278811251943589
925562754324510060
165
1005370563805482938
822876535299099592
1046923883189399108
329001902835086698
42257912194368826
24
7
4
502168302647734649
204637019872087798
219
828997512592757944
212454331306063337
478040427271692003
243
588759648144830027
61
155
100683210845873242
160589046671004033
973074442132338956
355506876950300929
311964145514980701
639976473249711088
10596508549456630
345450990707186334
414050071148108562
1119826179348676483
114
62640757061635388
495742316439509362
167
495537630124202740
171
675763221732428377
40
177
602812211574140347
139518491203776909
159640688406558593
322308308977146955
84
432276473188937836
945621954413046881
34000522939883756
76
481352826993628156
295334763032924944
52
576416839342630672
359179061263606261
892723278782712036
1077202655799185340
515143014171024227
83641754724347678
847421610113743977
673535151229108020
1120952390921318042
254
863042173762042873
336122849895902862
27919487800647091
147
248319184982465329
331894641721557611
582970871944908891
161762372939902204
678700831031197148
143
46661238523323043
791195923419825079
892809511290509726
119526573224906719
1028570858939122960
554
55201390119770693
364762267397163036
242
104
100
101
570207543975522092
205
363934875188127284
878184701753901906
153
425811985211676250
45
875339490898908349
44
251
512859112876950876
139
231541484322490849
312789406395164225
175
644712241906763663
102471788797663590
1124699437048242242
156
861377938865666563
111
843776873507015046
807296275709051491
673815587279020231
941844386079518925
405153667968519994
833253155668606927
928161587481386574
1052590331796081635
770349655513919232
365655078668429906
1026392012638916007
397659027900754706
731133869804119813
1081427691628837379
504002047135146424
519837662507246227
458403499329732944
2
907018486673261734
435683381464902119
123
699724647846554119
1125343151429772678
171800837320836962
229628011958167488
190034442698315052
5
703765166479125256
726525803012692531
195451656361172470
1150188237405544485
521703066173807217
25
166387585237306290
233
313702321914290435
418734916155067790
109
968495056786510545
735661049523211197
898268067323174955
838586551487802215
474020516499222684
120515525557945714
382393542262777685
1058943445174012118
972093135908327407
112
93815792970293751
230
156524122696208860
90627121064326607
728292638985896265
940927810697627717
120
75977483782657863
168419851639902343
1001964045074707404
158370037399752818
87
100914212332626535
18
1068439153107042965
263549500435049800
216369418436344715
52977544583705363
107
765722016639088646
348635410414175285
662497872466750855
887281913605517283
253
782809948455167008
807808368027969153
28
32
110613568529097398
113529546037584075
72
1105954636691042307
194385136412336763
501956080522511931
675676343171374558
976829484501663451
441177349775259336
193
197
181671986294364273
1351694507419211
1059288340135557794
64736750430474952
472701261043670378
12
540389241064504386
133
598573088502655229
285789564855385985
57524249579855509
1041980052625349225
1002450552857863280
278542489770620585
121
512138299870126145
463224999373933651
304619344724723434
387831120429066680
619948232398383767
195191307174679827
726653499828091371
986884774917248946
138009376255154322
11
136
430258795782156937
147959187864403220
392551023058508975
582282968175359240
898561198253029683
21
124
228880830320148350
129490435008590102
475680906026184110
146
54
148633607777708008
65
85
1053395517410899579
121029234629411712
785523532623948824
162
83
565624003480093787
490776483368344171
320445473527585864
771554098230737413
771600845164757473
1025554018044553271
657992711135371671
685594006999331373
53
923807721579442817
805683628983852820
470452813345552713
15
81
656609477117351701
559827834468581577
234
122
631978116315342405
592903785845636976
995777736920114618
204
1015255174789529842
1008401015791791509
118
39
895632467436767167
1117984266439838192
452201860858311678
142
540028436872847755
510336290881232059
522229630572701558
1018106647768527826
53394720288478287
680938918926600426
82
241070248626801931
476064936236267315
472795173532306875
411727774869953713
602259741397365349
366400752938101436
185
518634490867934431
981067603418862863
806025207017818574
851860379971823272
210
150
199513173595545065
671352763291092649
467125071164780400
126
80796694018599510
583833611794286509
153251836298478575
1060218239941153423
542880509085568122
97803744219388306
198
1093558605909981168
297712120545215651
164244418299535175
914725199181644791
7194532193577256
626139534194191640
318049679077796832
0
771204199721647536
151121637171660818
405569465674010620
22
392550750407422623
855344532520682256
3487722617951408
200577681438001408
152
59296017893479967
52724221821023219
163802392852813007
186
745115007715370562
1073210634990438155
521028060953790993
635786433313032562
22283636492141782
1123521401603956777
128
1068131791453816256
1038274475536172908
1107868631996179491
463320404032714380
182
332148063332456849
1070568607482019596
375073653200333498
65613116533430998
1042814460026118559
944507031453080998
27331066587308515
419265284905602232
172
41
1040883323662388648
874942575480865630
96291150638973912
226
670493714561364856
163
673633326262278501
440014281134101312
330201963787625409
928537011159007218
753400708784099485
164570172211611306
58
141
596406416199768686
130
1098745112271277154
57
156270873217263108
364574630462036471
176320815694133442
569495731978652047
453355438185427343
691793125395949009
646736419979269281
646818176150551123
910234988509666183
199
1069105347401333362
41389528808387663
142982161619951641
1108910505657858573
727546828933340429
689007457736326639
8
46
3
195