YES
672327284357216776
315356226737386420
391010492015528067
498425688105234128
296868429919164060
126681464493405103
222
55
118
146216884903208792
1140647466941034064
161
198
13
940065551136096811
196
812334913175369728
1127125271470604088
1031913498096591277
57494208202564060
556307190292317030
173
674435595932699654
778725788282996160
242114260139471146
996591843747504687
21142501977232084
923905527880997196
729994228767062825
31
1120156365206839075
1046848938070639413
491114030243413329
905560939589598696
183882040666340715
386722792503522218
244
1083904439358877054
206478328590607985
884781048044438982
952475128994094852
990773797353951391
313275763707814002
744028735497715378
673715421835338433
449611297883508590
673202708334241654
108
350171888368827018
237
362789259134498308
176186456227644198
693354511307257510
249235048570907750
127
207
884481894893320718
126
4
1003474966126521152
233
59
999177356549713076
190
1078149527214839173
73
10
809334248142647712
459542343973736099
703622383658457601
1047289505263165698
113
94
189
1034217010524694067
546027178268816579
1035466870357153924
25
1059065992134712591
9
133
765591746834263927
182
800214589449055762
1096698218175008177
577927192593825634
241278161897212822
485107939103269469
967643323644739280
494614294037245037
347733220484570897
29
405784268028899392
777348243296089044
893565089703949232
840184114885955155
523524048435780882
32134166844573028
28790528394431722
210
1048690209609066009
977953365120825631
519227516775887294
752028350855431416
81
155225331979291190
141508277951459773
250
203
8
265479116052798420
208
1017538243290668992
968253176904586793
247
234
700324342439741570
76
942382470765713846
335817219185424352
142
130098912973950835
23
157
137
929778111567737541
1016158267226950459
514587529123836545
737527650958078397
123221901664637580
296166425661972752
334649907081214327
165096705496746900
455022935680918743
766610425897175415
164
834654509471637288
405920003430125958
13
1026620879057585209
171
65
46760195339241497
1029901814040194304
914887318097255867
1093868825085480484
39461096537991233
866812672411802066
799034811697408450
239
750229979500388610
204
834616952995983653
801037353842003632
941117181378127202
153
105
154593402636460062
697054285257044898
635240437549793279
78
1073042183902775786
238690348290328809
949694141199245639
611014948771992091
150
1014615560333439773
923385086415109872
140
790603755383365020
518073652348914354
645330521710682620
783632579600938367
815183990140966656
478662257299173077
135
227488435833462096
580831100786510227
81312917709029788
275797334430929842
90
338808112693069673
1074649662217597857
968829538670984778
327768616750961419
22
199
852672145312152443
302174967208277968
445229894211910386
235047537418070140
102381469103607283
387037534449951001
154576516334276512
14
698893871773159296
1082597931514890447
179
132
823173735018497606
86
12
560617823066440624
466493299400888431
262047116014292601
197
1033103381267075866
129
838466765649568439
68989960770181573
275595387569767559
891606639568866917
283590852928948786
77921553025756602
41
862293075178596706
63
177783262264583644
293065448622462383
564742442330156867
110303685603100470
235733211185636319
844415047372882247
1123308868566042440
891240947880880489
1080357363790172266
201
84
243
101
680362644108639901
30
3
667507697012367106
139348926296714235
837089394683432450
544137592735345288
211
822937507399036426
136052316373412146
130
102
37
963342159625317600
1094389289205689572
688869576565494783
1024574657090600819
406492106704690343
819669346124146061
609106684799309734
238
92788471154089327
967643151306613299
224
847077159810696539
26348834013260333
627513733975438270
388826992600045263
975490273675897572
270472272641817751
232938442457002668
242
394829772747815150
1014339874289847438
77116566287588363
301723569174117252
166
708343291847022171
370608798966371636
858780871171019378
452924253446083594
752426878572408261
862654881548264826
613494823462028973
77
505623749722366340
337337509408930507
716299361470028661
1134071863087683242
106995511693120808
149662289486897571
235
220133471948170660
924530976604540298
994354973946774209
32
3715150526913238
123
897535596735595267
38
698444168013860911
1093144192047294654
298640818855659937
21
96
252
606520802630320096
520949470123831831
5941338963559269
219
1056503214441894251
60
222035427471724575
17292461576268072
453167850481022855
643246392996092751
998855050049249677
129750831639835496
438677148225159922
146
155
1017608744143811780
636095990378210942
452474344450438630
946705685582498371
646056819744301884
28
891141765021369496
719083243174924196
155193830377137868
931682323796081061
527046939840195572
122284001013836374
159
580430940220968922
302689456750933583
813172797549707436
724066917528367738
550904747301889209
72
394794120387999004
382089342891270602
189738057953546330
964533054711288573
906440738820605139
1065362085324873328
888463103347085616
1052560223298066753
403270904842640789
111868555148355553
15
1031274543019708041
297596755794118227
141
773822212802580179
1100112769485861018
963056720582327401
136
293717297067101938
708483028393199518
42
169
882957257377720506
165
165784375935204675
116
1120281724888387578
1117786576136245304
1009355543718280381
67
1011990732671792193
525804181619366679
5
108806324311327845
51
493780818875707876
52
565720971312007019
104
900303647645776627
1090851915939105886
1093725388704920532
119001489360244704
1101349134538867017
163
663279742850315430
19890306556034609
864101902960847578
995669316995977070
768482019952476623
626747239367267689
930567153934151543
355442541053024840
603234026633230142
648740831327004704
251
35
6
1149634190507462415
416019077821718984
195967626128023067
368430188776588177
103134150171194797
220080867302130888
85
555186001172453382
1045907079998330259
49
63660297133045746
579980302570187896
216
10310755168929848
253
132803770307211995
215
988142841811367685
53000170850164509
218
342006225493693342
308182222777283755
95
4
218438415698382340
577045795781345728
215330368604631742
159641082299310792
231
960743524342749053
787673764064249375
48
177
97
62208465823612955
228501630070841829
160
469040573679076583
69547835957203558
979235622275751930
106
176
228
698414239161388094
457448099822453543
688033117621674417
962621709314509863
200
82652614538482734
6803418098138356
836883722131643054
1082523690411196585
10
334408921246740413
73102757591410534
377551059366939963
300205501267068827
413242327230357822
241004714356142553
1060978373238866168
1100300118731380898
686888685192388126
98408650707634394
633781286280319655
289548233219515719
600762608764754237
1058315064860877451
476387701143588096
511304804634851006
105918267244635941
415246224444207955
723948522051052515
141356636156204760
117
1090748992599485108
704425971160551704
900869990430987447
7
1110143214040602478
977886333424036763
194
1697650299939055
652068594135805761
318022922185352783
988102931850479452
115072241143661102
692949494826942543
11729878224169381
386913944572171491
349236397985129012
739356973645150894
724775544243047735
360653107703546284
24
75
764158215782442284
402041963041093526
1130168212940101678
511722680685662163
498245451360454787
375811621047312460
560589760398635728
26
723811444723566123
591182847231323408
123559010395166569
362637460955818602
738891676092151645
384661822341252537
154
419863729723339034
92
697595808790870935
12
125
473613129885991479
940813731203706298
27194232996556767
631943790391717729
39
246
674015636076402584
71013489291133267
424100975806234443
767999896726878872
131194762722924333
858101515243747684
573591075823669321
1039999220779211647
20
1067706806734014586
2
615104397092793903
121
93385382172711334
64
450448727839826253
152
716791643846517366
63012644195201597
466510536284300731
393444401742021188
976542520970165300
466209995191957833
544805457196167024
442620692383583692
162
79
205586689506604951
147
192
127102088808831184
103
858215312544199032
7
394807007776412716
994314521182352069
1093518354349065984
1108702869509593747
921626605534920166
202
1006149982352406592
500183424230065074
59265924504517671
983037468227341129
205
60693462156332258
1069948091334328809
246295572849102882
585488447634469951
257865868406610396
33
6
65027860798173948
299857857954435742
240
901975828106139891
883282486568290304
167
975994775857085974
186231653950586610
1007932070825082106
249
128
197812394504803876
995142595278275747
70
195
432696421419768544
604700883101071909
419645170036417842
1101932825864374986
185126426294438224
958903203673841586
482298971453784295
440601153761377209
594969056412199902
528672909945906727
412665985384448552
850401129740097241
53490968174640964
88721899855350632
951388545587815223
523712663076140641
207875206638552943
2179
170
991581686028752974
186
117938134065316676
191
862575106571519679
193222004886261324
866171787991214998
393806307172109808
47
232
122
726419228213497435
124
244223466184803596
644019010576808673
230
774488547479043419
99
168
371431375214931620
250025082189068277
443875721515040244
969179099238784470
33651155167013960
683277988825471918
298389553182800224
673855334653386612
302545438865922319
1020782317413871587
118937316019689290
1067523275496284905
112
109
8
212
639468813024128361
17
846559898116683351
60507658051500322
1033199750102677125
214
68
62
956953838068305953
1071722627432878745
111455926498818467
48374755562786924
972841201622984954
729695428210288079
490611893869248517
739459673766155964
932134256031055527
178
204376869215166129
838446782476834278
642002603810353904
857196299909268227
87
110
225844132334175313
1053192868530852396
1064207642596868083
1079226393108407044
593327337420938580
372358912624409896
340339248036390909
832602376502046439
508600552921449859
1073898058134712565
74
402385342526347898
256956947966491158
996704088149523296
71
18
477003745532763665
711122953754940321
107
599838782423772076
681133872084787408
264961080635912533
14
245
217
220
772057825794231397
138
354592167110527922
398069446560884511
197916754456993759
710398009177111422
668469472594237940
894424344207258150
779326913708079305
629523675607384622
11
636267172003724259
726224178927775623
617514147071612910
40
807103134921701859
128569002343689904
793181076172739767
1057603017806338368
42055842413472918
985658346842687687
54
168039017230332816
149
42163046743845668
298295169649381514
91086816865652854
227312840806884818
183
185
624551937870034767
225
158
1135401799819804160
764474945270672235
1039865005087895894
151
213
1026163365120864679
143
495562581244713750
1000313181889141086
9
148706265207572665
870643286001871179
1110431188311787194
811641287797593368
538950532870800487
419049085164511417
91
873447539375185136
447139274059204688
745060194020034819
160584248712993605
98
101188351334302823
673091804555645843
187
1098580562232892769
481819654348410839
964934423145106707
66
716281913357669124
545622971147287104
759462211390916736
114
257004445417542960
188417001677678509
119
605007642330014252
927645594619427374
159892182136770058
6161637305618823
52276373871795752
666828672104690322
282342958801311329
57
5
0
184148212504213226
914375413292619689
1040514657150068173
36
946910905500470072
151318837160126329
343550069128931412
50
404171915955037366
963701021157094723
573506437098780752
184
106987073847892014
826047880311577446
620628048430366825
621131213460719835
1068816419461350766
233472584477003056
418370708483931420
394228567305231845
1035770245964846603
253027770574285272
164425795914145712
504984087348938859
1008086428774682077
705186608118838417
683898518319879280
43
780580340965825342
518837628645761911
264231652020884148
924065607520844345
493990915795027324
648327676880556361
204875748631631448
181
579132748825845220
83
757581431360251003
44
663558667536175175
478819015285759707
622516590857177758
154820299280115516
188
127673746164544229
445178717059125926
1145199942652356093
106434666758336937
1
730982385385415805
528484876477317416
884530827307341738
980752143088991555
986315434523756994
1101191501024076048
723584755406751280
12152362504941259
1054754747192069359
1137396155875677188
134946001863375921
790469956014220892
58
169375389875237266
603208743868348657
15
1013347475556350550
108591047668941846
940084604448337249
1140731558541539870
1128360862123731009
56364151786940934
506384860214429443
120
921631098042206883
706587100887605170
168477620588204089
581384890087129275
322106487246709616
474010579138118260
358957281883420723
397020000541554850
139
145
472684839132502568
1149976714084221748
336314598914440447
462165157023960604
331197049747473460
76278280174537470
487327642097820138
57399077657190628
125138017059191268
20862684729935409
533387821014349505
100
1100111210866196765
223
19
66250654569686396
148
1029626964540026897
738508837097020283
11012519887621511
1115905831901056636
2768838856906661
658519664262406355
56
266489562482777176
172
360557365795258789
1020074001933898790
180
394732018129099455
236
0
801354697882340604
255
1134244974535930003
951318167575675849
1133983928277337273
461281396622382631
1105914978286283889
53
862290131338701909
61
69
355690016632405529
869611508805560561
88
156
800779486614555413
89
1076467883872536368
221
471032264678833760
891702700458055678
280992333666893416
93
734415923008919934
932822376748662952
855208140465486959
665540509095069822
388295588215326928
641929181735319052
1151319911585852359
377006665336416357
3
586219593679684742
144
928446266200296698
209
131
529177906254727461
1152836124410618440
227
831839523917277518
98217688094149598
150642505212371819
441232134348011368
1066156633477347567
345088749752044332
34664907495480444
27
206
254
16
349623087659876932
175
193
569262836656589570
724321782582691306
293057990852048702
584647355598233279
1055423466223889385
875911107194173753
357070845665054773
591048011062260990
630491804431600988
824572301320315814
45
189159286296665227
705237395035471569
686822953100604291
226
11
974260639842611280
107200518595375852
14414517573411150
698872121496287778
218932503677391982
284676879751457586
80
248
111
224081696584809953
756984473396183505
891955092719524668
502323397436896337
1000534286765519540
646208807484013011
34
971592935790662998
110827042762619680
620417542260821009
229
174
880974593924140485
277135449612838109
489381945533714252
819002633005636313
1124837829542111912
604621404691436024
1087217199091931581
763296142908265107
82
1
941908426543770535
709435801366235996
714149647953076687
208462745518820611
161113838373912616
638644233545122134
115
527206148766819148
253739199833521018
1086320630080634344
46
533959190967254490
241
890034022285417635
541561312223671750
457968626004631826
187807553046968835
188459996763054670
416376593318098101
2
134
603471322776189162
646538636765060
890258265144330997