YES
118491379022354261
474291824419638784
1140380704740275122
249
982111632772461576
2192068523739909
103514832611863049
62764486116574422
941882048939732173
53
166694898437037734
19
215
838527690109107327
498573262448270754
183002443377814267
1066308855650320613
993860633393795074
1065849747778899187
48306336670731530
487763552206225999
159679762344920219
547862957676381494
132
811209457730669896
1128667722139631750
115
203646184620690587
919768272428781866
106
762000310452136368
693615704245150170
598093609587941407
1029304541584112097
881259160774654526
530232609994121309
699824488201928277
411968525405947893
85930871197347186
871193751915698422
23163425108041988
167690253547829844
269563493194559801
48
619318110807087520
1128611987572874501
407706815881061641
156
723899041641239174
217
161
665531426642412075
158
214556319572212769
75
167083375700264134
760697884047416275
1114369302237330017
120
8
538185976260250405
420677418355185446
836752332052284503
910424195794535992
278042547226060261
858117906367734619
43
92
38
166591452485920659
216929955958164807
214
56631539920705989
96499310707747225
650351096552028017
278453683497721092
834341081239453389
995808862458139770
396841523715316573
199
931152603161223719
684440708300573160
1011746514334523554
1037374918502095037
491266498679326602
1075148367500309441
401529054165362361
165
708742256108223246
240
441354513003658897
179
577594135295698820
79
791781521557075168
8039650510923422
81
96
123583021913165281
929322528771385085
36
254054254323314240
1029375653791480768
171
289054569836013271
499366687397702398
63149947953860669
194
197
709444963190045182
674945721674064627
692785875452307031
101
809123986975527389
39104325804278760
970163638760088885
318165323286677824
946618698215540543
641709193508365818
771487657729845489
127
927393635212204228
650270237903045783
912577042993980621
231
427559914281524046
61
513387791674658018
219146904281463266
7
24
440769791313604005
23423094808743425
1079202516727758763
249193542224089803
683703116225793949
407205589358092545
28
968246053581327485
547346630336563088
1121363153878515882
27
85033416750350501
579605163303195456
150
344761334142280941
186
288558035907864536
126
392894076174489832
255
947708526427503507
162
802147734230096980
121
86261779611691677
1085495625494284422
617241380562562663
506170124061557184
116
603002264129909626
47
134247792604021194
23
434108581281955021
601324373204722702
932296875741030174
97
665519122008418382
550197204533730821
525953824899884712
995857162030205362
202974540828487602
50
76
122260660274017040
1138934362770598507
339888081961095324
1015820362939742670
204937901854346402
56
803738171198919548
152
312344725447697356
113522799526371973
365598814873817540
668187786458077208
1040151131968701600
180
843955324090126019
1138062418462840807
4477080551441700
774257595556507464
160
132507743645751373
735202774977543875
623892308069845197
1
260144106551482849
33
659628009290828647
897298175399705750
246
121469112972720984
187518386647074847
1123039255062484618
494199753112110885
87
259586224900865941
398328407361281220
29343219620329856
702331719580859496
339584909966233204
673050547750146673
471174373205694088
603340470717061002
247600340633585686
250
706965916618708745
45438093624177588
214412957164695314
154
1098802791877624957
239438938297789478
145
146
701461608181488775
815998178118878592
1133192013964327252
47976703319279649
260859727675022785
508549868643382183
646612453879710902
949261184905211515
168
89
765424316679598994
227
539354836202318018
272765635872478975
243330898146578972
412110056710855585
306962114656998601
1061661257495512251
147
352465395226197782
69
801932733413280105
2453
1123053341042297203
60
550917554520801000
1094423661485022654
7622525909355304
304589040351457031
314462356836418226
154465925433628518
123355232774257906
212
394460200239009722
418342652910362573
156635003993884464
1031312853287534971
690289574506046784
625072961133677665
253829630463981178
517830025537075083
286676682836041030
573867731894959920
62203978053254627
2496064811316744
1121521383686822858
327615539024277141
453047239450867973
105
635729857205449103
235
130
398429580950791496
71424616531275661
999606747808771861
495566899796758684
1034846609717259193
234
143658445195633807
713495212497999007
10
278248026589871153
808933329697922550
52
993964442364289565
5
1066594394230267512
655621460585289033
595869247601461880
857216207088286512
88
442245173803955626
106135684772721368
864810899880081155
140420213582800344
964607726697412773
320784816928284067
913611411324067550
192
736766050000809484
543062726312010382
137
265694947474491443
504918967335025419
788013953336842638
144855059388616576
949177061510722214
67
1031120533988444183
730335383955792011
1051228985221226197
368886773839407944
721666034000310314
117
590515305162818120
1100067097327325033
248
184
311045330571896357
219272931340448975
409038052272911202
84
590157927694584825
143262020039930326
301070076831371011
626427855876724791
312006299108388692
107
773396741969502624
405427541282809661
427320610475359725
42
265995003758680388
583254811560666493
4
972556225669019311
729851437823141598
6
415772466701851669
206
293433709756461522
93
148
170360508050167963
188
57169276957534133
570896963307378442
366872237141159576
495832285442297933
12
202
266555191850551625
229
1029604242086443018
709061200444473498
419170127706625653
803171480797929635
21
103
208
205
661533581061547848
683458471707036945
585527621370635626
450718854826614599
135
54
771979562634481438
512201273498519400
12
203406060546534637
663862193382974047
138
350681431715630318
657918721392738790
219
667801499280472317
1052633709042120123
995163525350861125
153
600814393754294127
298079613980621613
770899471594969734
143116637527313218
1006968938450533155
457443233312435657
384743631941823832
1103192706094100428
895940510337381265
82542982151446615
770803885453876368
242
240904115438701088
364849022040142656
398323912018603456
1064614018620996875
731043912817370354
3
241
886035502627990998
228
73
304620558754620501
1028607204754354196
132126021634069168
945672116168408731
169512300808748792
279441155305000086
308495918872933530
352693923453383782
1
897518214748808843
22997970473725474
940708924660216438
780710714143482158
166
726425200730677737
850834899334597297
15
731528838596624762
336118172243404568
670045656664899431
814505790645031422
98
108
131
275484515566158815
63
169503645627198699
855312179129819680
846748835361748423
788385671873778423
646496308962201510
173
157805207171252265
71
133
525748138419204485
430483745343106698
489942712943974877
323339671401720392
271810302218474523
30492317990916461
943869642688544805
1025645574684039881
768538972532572654
628894178176326012
50167296565496622
148573468517221471
1005624654513858166
134
725088003391523454
558946204187521997
596424137769552256
793883237670171527
230
357262484073959729
947090190833366391
175
259688845144771567
210
813624215341761883
14
29
425271846563915001
548037104103971085
836363566335367302
238
233
124
948804877480101404
597287745152064344
645544176836237035
178202764909079776
820471791845494888
259627734595773253
16389670483564738
224
1054797774998546462
499997697387996868
318235893656797926
363756979581465946
236
687475226484286823
350895376641139218
851717109901859012
782690116726359941
51
215738043740978434
721181275705354397
207
45
553364851676540230
128
949843172254577687
931795965002910634
846088150810189543
21634119779049428
597359193418271469
477364806908781244
244405080378850213
786881479706035871
12984244566846214
904302642060187922
971984393168668699
16102461404069433
567750119778614904
627127372233452096
1122541215192439720
197707076949112828
242864115275648280
142
884470605952643372
621690581174750712
123
306770061629554960
527763151231019479
1073879646449007541
141
821656682929614384
789966219761320399
608184316305547448
1141402853741072753
76056699476690359
949887936536721723
145855259794565268
485276304943679420
480798415037460097
21238823337816175
1093815473573942927
188799675204645250
1099024977575491177
304781485432630822
201631151139850326
577752161008915234
1090521060660644790
209
1057354435497278376
392092219615116478
77
733096506586881672
59
803859892164148990
913929283715654800
68
203299266725550058
114
1002597600547336320
42554039239704396
595864112576280832
83
2
140
298611542315953643
57
32
3
806165300104415102
566910972890067448
821737628236536572
331739161226401687
1011142156312911787
742630142915386731
1012370507522412675
153116337849414311
201898183375717880
871553828478884017
998955587495987588
111
11
85
838218448624536115
922691192482636991
1007765151306314947
327896056727124726
290606916752159896
725305287031600825
222
125
245
172
329065462953954783
259840842402609184
456367638358510354
102
756523904104066877
934026012584214863
646263553816062704
294974701326543927
894180516737691373
65
805486504840622694
118108396090411371
711412828836558590
16
237
643911236329779370
821594566043088703
886873704183798382
265028600197074556
1050089889347726770
2082079316196434
773479727423937483
615853551403519840
37
910117371189270238
684008841051802340
1021299891051790308
1040647590609205540
1106903785389598448
188781791294343443
118
685378689852447066
88918133315379333
112
151
185
270937081350228179
553807765625289348
5442789266999798
204
500311662213144019
918112752900901070
651697478269938322
13
22808311385875342
646946726996143979
609847533262144753
143
245426330499576094
86
1138706431052114362
183
538903260218619468
850486536440916198
720483371987961005
629977001344756070
46
763381373325775697
68677158434283515
290239441390311365
184240969053166855
958555840125373091
388140317263386019
6
190
356633496130057548
220
522537184595721921
99014272793396087
206820533837811269
1148178116547919999
827239470052974882
136055954979821658
1090657133773572386
596199654820075146
368701191058655206
42323249609471766
1049889332126141542
620006716186886259
181
841380792437056029
1035302341945199363
547776025559889279
203
129
122
736822840148591288
182
719905501898167671
70
1136931392414640487
945624070829845337
64034888799404347
266770906144296395
191
9
689404133078792760
545438702211815356
213
247
254
425939275442085022
855508140531161562
575354701494552894
163
16810161617271817
695679483391571516
534875953123243855
31
583568469947845509
171771525136822968
82
78
193
841873631035034873
252
77096610722639848
22
178
177
1052306753606720934
164
8
328908741937523952
636489393501009578
727523877594736110
187
615222684348673745
987282376615622350
219972230461448213
94
799961769416625313
629381480692581953
1039413890844718852
500226997433626173
428388731796553621
11
576017337986482610
622009719535852810
567546265578885705
223
232
821105938709972243
227414178835163170
503543386646330563
1066300436815884136
496491073507015196
198
257582385570937591
778839215488544811
533498983004401516
17
873056581798547521
91817984275217552
39
383160444039895274
66
585986070732730662
540345143686439817
195
791612552322723058
317795462491782445
654678760945972285
159
745586224399943140
1071797293828224820
286122412853941153
1114126264200813599
813476929679513941
334378197688020824
64
952776287161442701
25
166330346397995558
587413199739644868
983451435586114827
596040639601157696
278293632262405632
745065753627509247
211
248167001083270477
639533036845047665
381482009330301452
506086010208646228
1113562481776504481
190781599737696755
30
55
26
651299313903694749
674445265107620051
792927850337242099
944825707942609020
708668073728504542
174
1136617297411617782
110046915207471887
582277537208387252
564834302226318914
14
264414576097202086
216
10
160142905104816786
169
62
136
350984950392630191
730796502127845628
10385153153087935
905571078471873041
481436120429935278
382652631306389761
603304304779350186
155
49
201
137532482038740833
244
921576140841260177
9
35
479428539731893195
198939090104859309
380534362917212195
454684400816681718
733057116709304311
921088354028965109
951093285539942832
73943970739665456
306638160717197283
633952934557601820
69883669876856702
851921823603044636
965260883637032677
928432558076736547
253
288510902442304519
972162894240831111
73412248700838460
250622477459867328
760624901011528682
809385160097869960
167
182259655251846207
287797186513118808
737303508711527184
150598522373499097
835687125832271635
437103905402397929
920602386877961425
90484025607027583
609309772252996874
218
225
879913382943298478
99
155029226981654794
366454215995353928
72818880005335668
983875999731812437
1061160711086932837
444443401310919468
90
196
110
724649757548349041
494185062263044287
1036972082737292170
119
239
851930682028086769
672364006407689500
717387495442766788
515131091399034415
211293031457512314
37709746488392894
149
545128537161728181
774990913312814369
709739749810563177
20
226
268607947836768795
1043891870418289084
161427635108353556
6567956199665017
1017087024626301996
5
44
475731028101136846
209857546480958986
862290265607966921
0
27328589535666497
437588595621509811
574812483733444304
251
379984936425237240
1022892285487916981
1009418957005619188
788367660795366160
882216511074665804
189
689177856465404118
355349731362053194
1058309445102000301
976588576928087986
18
385105809357961895
104
197928713169869792
68836201707867067
685873569206771812
139
257936006840106182
1056627629050015067
321781830024785857
885230018708606087
113
419381101264742170
91
65136158327603962
917865432260713449
100
109
751086692664126432
195274035998788355
586314906711823193
1115324614995881663
127055100633041339
48688333781307522
95
878385037317449338
1067063098477748008
176
454540479201673944
1134674378139968404
399957623747228389
7
955572692744629322
560257745409207485
2
13
631340986249295070
663723440493907010
258806414966491893
264579292423004763
221
431185110708316299
4
717529744639196778
1042867636629613836
357625074048249245
857171021343642302
486733653471371164
1107641412228384534
632783925949194240
157
0
1010296711615029960
496596486157165459
74
713611303430411763
66855301962891598
429825916116571890
373720503294012415
463791411736989550
1151221203967111922
985261684129335151
549474680453170100
41136196240641750
185375702417031220
690942095582560362
144
122636385873793715
658765054910083101
865603081575685815
170
58
200
373898271205068094
174260274694374929
698611815973227219
255303447993226127
718216090801133844
300303120636033602
893966726463840959
1120439721413779262
294556020752590786
401984681708996967
224038509305990841
80
1023259307404989285
97927227856309626
45728050827340999
41
40
1014754597214746687
15
914687957224148728
258137510375367694
64957060437970851
94359309083089022
228468782238825838
361249063164762713
243
17305548133676043
198521952067403016
960769849667297588
250394928127981689
72
34