YES
548710210692947766
945674135127524407
75632012034794814
592244850692658515
154714232596197957
133894599640435865
1069644005704405787
159
611875760092311755
110
981022077780299984
1125338386084259169
417445015231777220
163
40015427645163784
492789167020483839
653384736582491054
376945036578626244
477028515581023507
226
730499860735698125
1008893032943636662
783669583410088015
445069896386457375
57
461765144700872596
1032410190192244960
960852441929094704
171
207
916732255172484859
109
509045187544406039
235375359057538930
245904441580810992
756750684722060504
224
1100301630876800438
376751141400675266
43
297137108529995466
880834884925267385
423363369659474732
793993837156920928
599452359851006516
53227494937022858
1119238999545258672
192
516249833857678492
573009627877626511
30909675583370828
632658196146591944
719150300201726987
1005563458868394075
903812090846597118
81
97
620664950637522762
446059689640389342
604365060736272747
756136064704088892
233
401110061019570130
96411995654359198
145
22
414738295247763329
796646194388372537
563214357008056601
746678854683399714
117
253815356388415086
161980114868704267
366273505560605297
54
14
524074612001839981
187688555090188349
954925322130239518
488624567903416108
1108653443637418557
408962250467551485
359814800243868691
784959017564597414
744631582070162927
237
213
764463540353360901
216
61111233530581399
842984503425045199
9246760406147538
815251775106543418
2
115
180
27186786121522948
302142039192683724
34
879688460851387855
851882907606093560
204
48
395040984197994253
914807205183341223
1008167801454844687
654892178619574063
547202685281113492
1101155762623159651
70856341297534607
267280188184076652
478530047063313813
33971631563682107
123805016453197766
115702505844803328
26
11
3
625757926454721263
192159573161700894
257134790046181434
1106784657505224743
162266246583602802
21
48038111466524096
419846291850723151
839543679938451136
131
727074798561993741
229
932317829761354094
172
200718332838790793
337253720150472864
295444459483641971
717032089609692671
1050831559539959772
8
70
127123626206072583
283152794068510632
764916883135264865
44500003283355499
1059597510476431744
961229008950349756
137
89
842024721240147952
631251336810367943
245
1065646074233817972
231
27
371328716069455017
545839206328815101
160
1021458498898408517
9133782124519530
695543156425899756
12105490237095896
228
1084967636238458487
129346704162463117
7398961359783761
138
383628614128908511
231836641206711416
734169907181654229
200
4
23359434354885225
290645337590455185
16605639935029699
174
452048185682353767
534729364753959139
822189113753121666
720814122791911469
298485499434719092
112
32
396234455426744166
310734622676035523
238509616358667082
31
456368558856599167
943450019409565509
978633222371887486
114
966785412950822956
389503391780576879
626162294098862080
60
230
938726212467346743
392998739296340820
64807205879585680
411863131523340865
163170009427878104
103
577625895885113639
1032774220449791155
977623029680695355
872755261301542931
133
217
912749416624495456
310819596090888153
744733060910293351
1144943889209285264
79297672147637697
1049283588316246288
1102379117247982222
1129910823539149719
837995903047137590
29775941192294061
492714778201299644
622170058071059622
1137977908614810321
775128730673092165
47346159233870001
1103090464141306476
101
718067011705195373
157
69
124526341640199308
789849295535342859
855507521265861339
3203890839542175
638968097078271839
439122996410054890
113
82405519930598825
206
219
1056507200581507101
114739100616983564
65
407963850266894320
126740995233251011
293100056914510441
275922064475976610
1086659992567104338
1044569093240403648
6313342123755008
563804287411017085
322320453725792778
124
68
290065439059742908
234
485975055480119233
1118883828469544265
218
482761026698487820
298449229790162269
972723689928001855
873096600097152245
213849248213570426
1015347562267060601
91
901090048420506235
561089478691688887
707339940579726349
341598679392071477
503383849931377317
613544694291399778
814839951645791114
661292350220818211
796007544007927565
254
1012573304349087069
415470164845681694
954067783181971911
682868951870380314
610021268233546040
19775632007898725
789919989152960853
1113471879863646227
796980435742278974
462816255006687882
1125484303965663206
33
99
77
609414280769232048
158
499884964687350380
208916948356045659
953026382126268805
170
869606159046663086
221703640912975808
752341843237968364
208678272264719815
496633630774026035
652573817551095429
246
662892330630572533
471737419405729522
321817912380218964
165217911640149345
221
1130641115448981705
868320437995946493
19
139
69198758180711583
642450474259304817
122
1053411305555026567
75
1103218784006250367
350849238500974019
667690111237319473
62
803522825381707302
211623895430338718
225
301155494108040315
439395642684305297
184
10
988066964008165440
972541282169491271
971226308216780397
1119604907787074047
339566545892966682
102108722641716045
248
556826918150061476
876205051529891019
165
874170237207823456
128907791939003189
13780282682438745
41
140
264853859281058741
110377371868946791
123
854779211286249349
214
403900596019428081
744696664173665165
511521425202421407
236864914531732090
976309581100648221
765694619745943761
71
1129281103138937396
129365548329902616
1118535555302308961
116
608497892089594407
674882448426547372
86
488388983861801110
10793320743712082
778929265918492093
732145586042810701
725708981470994591
129
193269330304353167
130661969273793477
1092805857273770373
604560220771717463
294531929783476514
391779820116210807
677424508935467206
65070697700734720
88119372465879045
190
1123302809115398420
116437238750075135
163556698578194875
422498284221691118
28
78
297669631525420727
289224750406111885
185
977145157326645764
923400174411581813
814114260558775478
0
889828690751774321
436310797934254978
203
275879570249369440
280780937648223955
388150931101303802
982949872328885993
821406598902971363
1
861705021240844718
251445632548027512
201
560629901895982903
748387961308608294
830131666405396513
654218130019385755
115220628556179501
535201615119240491
928137980626382574
772795871071718220
42
755238590825492845
1083775400127953009
431019719473611565
3
410870512738951273
169395325463993109
253524756097254135
183727276097160940
49
1007445676746509873
947645073167653202
13
152105913538997118
311344974054556522
79806368714934202
39
232092446074461064
970296058677660857
169
247746179754895775
815752201593728054
59706372592837097
135131679986139162
925512805876574685
631049013578545695
189
152119929004540382
1093679493827276869
985320323957574086
14
646956258307679988
332788616286653573
220
51
67
75161584190073747
120
232
452376336756269888
142
89315143067250440
956955137586265040
943922229546860362
797600222071982410
1099904855402874871
23
311187318674928550
210
249
128
264281113156564549
105
290457215952845537
897179633580732967
1036987485990452320
241
444658567581387845
565621297955502177
400758071866369460
1053224086113025204
6
401225839342069380
202
169086757253716265
805622076086464405
359098622535415308
459954914671558034
533014569398059917
182
36
783440817960616590
1139603198875840002
134131938875552623
209
807438868774610916
196871745623736311
610041458913439313
841903983560962225
15
138905610749758496
540419403274549471
238
24
170839196307233982
87
238817242631509292
15
177
508680780416761150
545913012538435927
291161063309658176
4
47
63
38
164
998969105891352152
934382335165521118
1088294567182894338
627493792496551820
12
1029080258895265612
136
959329846989670292
895384094967450455
154485973292751614
414305155731692352
986643731510987
384760276814260789
283290631969587151
789587717135110626
284719659702166838
937275044294078032
411776552073214787
40
32071067683402073
429595949310133712
696061154598948832
1021562211315738153
5
108646461404121559
1030615927628397628
171363891402276417
80
450882039320178288
671121692026657027
242448554275896795
1138500263908436035
849457120820813960
227
763932051968060566
481095986817489846
539205244842769847
59690746318619173
187918961587725963
370889815038936857
208083716409874491
958244941806256744
1032514569392604342
577377858882999531
28264633279392657
235122899670505888
898156569884389329
806089653121586265
471400958990601132
808420545756120974
937591327367427106
784878664856262620
5
247
1137642376150552411
287834084866918833
16
71072570025968704
361389886367458673
864845585728219451
615253404994004556
1133802634076022350
176
117482773354380574
715167936779127644
0
315559119883317776
876908813332604029
274413078244667978
595213508918499747
222
40072311062918423
107
141
1109888320213087286
987828825524251276
77231246251831339
544241726445388045
784975341540641790
594563924450190376
336649269805879985
258509725154832603
64
991320519417265710
250
215
66
337458902433310253
46
696787656557549538
179
968076740280884423
17
1111204644394522465
173
83
797152202713685902
691553355724014809
183
297458599276260599
1105858156141335261
133603876543677941
43369815141475098
1102821281490063573
132
146
524212859545250629
370997373736683168
142467832072878338
943900642544387745
846309522426622221
844165438618602225
493740521754399596
407849372095525544
427251008733988628
1068519540886352216
788530380299592564
990664135005057581
844928273074620723
47316454327258514
134
387381263643578877
737033189805464676
156
50
906626305724242838
631633634778798209
227678095557726410
551517405279820689
53
555870329495981566
113439869563242249
987113237436018531
90
650067553957016317
1105149877847904966
1095
965075248956713238
965413427328434925
257359744493826278
236585601225432090
379172232554494294
62926105784215451
849726081564258142
1107557077656935829
745752999566508634
10
979737999869682140
866421931001902525
184756420564392280
669104290804214888
13706888025306717
646384351250639088
236
149
865855146511676674
9
151
45302468127710939
231296704622958877
727427131392042862
692053110601567152
694538680230297683
191708806661867020
260386088968784096
1062803461306145804
930596865039712520
841787561452764768
1016944064587338039
930589446910710870
1056905198865275745
528406060218505438
607482467211196014
266541819008695746
7
144
161
388029695311494707
174169571907297732
544945935691170291
252
93
223
107255843475261076
1121196220134543282
130
166
198465213249957079
285448962897349580
842010053435748406
195
1138531309803149918
15140352275918463
213369372092449749
208452156626312546
9
29
153
1064860980613393437
464216675632907302
347099188220653176
381767183658682117
221453095144014878
138603597072192917
818300394037245938
35174802240827127
534556949580431115
227762674671394399
524075072356004177
187
178872126950510186
125
98
114164530914559688
772503251412670476
97010096143717672
985534427876724982
535311800347038879
98914034880762943
663483852395113457
576178738098723233
709576785495491471
85
126
124276131534572237
1101517685596407074
463689132087419576
606783410785039652
174498279565729720
43239021433490227
746754642317395696
239
994728320043674899
387349743965102306
275425819344822738
12
741244067369461844
60749572244351950
835374021774280418
42228640534083476
243
135
518165077980661792
655086012995664739
244513722164268774
490894562935206663
566452975375714963
467921333073299331
637552808932964397
152
165706766334520579
352375720866217011
130433766443606692
761565955825223252
143093512212590472
352403028938614461
52
121
765707255532723201
1081159629210756053
601736690467736242
1131466979667414909
763348409161600761
29554609018777056
766057057812913959
540559748538317572
314025019343800195
946835001908521370
587500478796660903
847319515024980313
56
932904688810969949
1101036161812861276
198
193
76
585823804671246295
143
1093964181837767380
450432104116754983
945896654039331744
13
158949455012651483
230489742276101817
435070153913725613
168
1122316907421732585
37
2
255
111
477508650673538343
664360425651183673
87099025304320073
910475305291529282
84
620163895475028223
35
370566788546878228
390599733278802084
72
48839800655755629
199
1058515174855648949
375519650103845887
8
123708711038056668
863600267130356775
1117849027729319167
196
882196962905239775
637835512665772754
228977759865141511
472865206564743779
290000120887177367
380374564697176826
104
316526104124215
44645037561152274
47732640243024987
440559070299901785
830077660788724925
281114558914795720
251
178
766565339081336448
1087786132859539541
74790222169035906
108
62747637232483590
162725752921941563
114025870373272817
752497795692803320
474363333545413986
186
20
58
55
744777884141003895
841729410016230459
191
102
96
1137266686351707238
233728494049707440
521632647941077789
704088614656217433
360525612793462715
865591334024672534
1060014467444991924
35391232051964355
154
196402782445987318
354399398159301262
30
785499301800732598
1085554431888527422
828324493418902386
195821461232418687
6
253
894957471163930096
779002373520670739
106335456594935537
118
911094272255589432
926433083984025387
244242878119392204
389625024408682777
100080583848311158
513655988167801926
428556284134618589
181
410319779481217754
591533949842564670
148
752897761871005522
455394887601214499
194
539418625448967606
88
324755804723863762
61
861048348478020552
94
311742436567965505
212
188790426313041515
155
242
529044501315048580
45
242900279754699687
65470587223827020
59
589481572759897250
719727527579425062
549686235451299469
74
81870904766239515
75886813106571775
235
797469673433954998
7
735817918895886051
432467719993437353
167
63636348165989181
92
406139149515755546
73
112824637113147611
1107405397174938977
18
800100598365541173
240
187866335118591232
503563561949357775
127
854964583527400393
333056977576024576
244
897999710275341669
888081380008690917
1024050489221467476
801070336508141562
361253578807910173
624365331397287919
197
459519029654252212
572364240148028941
25
106
667318885555946503
188
106855354396644849
901020302544454277
1091946588811270168
205
876681187806174420
32803160654165498
224672130716715563
44
175
82
887072755577101450
571085143011781063
739490579554568033
208
325357477258308965
79
1139061739258822631
114813131972229973
1072879784205884568
102956030722557448
541497374200307612
100
1057214357973656822
1080021723945396578
157496200967363383
272511160606221720
119
582476232508893206
418470648137224612
150
410789170669616475
941251093868850370
95
913317107485766611
692987852177321312
779826863963480362
210790421627359680
159049858484097993
518547593472597533
83271162700019855
610992484622438566
893354323491127654
1
11
759175163187413393
101030612919154783
204695875319091448
955388229943271561
882991403121723697
5760013614382185
477702245659117923
1017170293527511905
162
545573148470847587
562978272337848235
264000306217531544
211
595997062193304041
88569012752388194
580114735136996254
147