-1
-1
83
-1
117
6
-1
38
58
-1
-1
3
38
8
-1
52
-1
149
-1
-1
-1
-1
7
46
6
7
-1
0
-1
102
144
-1
23
-1
-1
28
-1
0
11
-1
-1
82
41
-1
59
-1
-1
47
63
40
-1
5
-1
76
54
183
15
24
-1
-1
-1
-1
118
-1
23
-1
2
2
-1
17
1
78
-1
51
-1
-1
58
11
45
-1
-1
-1
-1
41
51
-1
-1
-1
66
1
27
15
30
24
-1
-1
-1
-1
-1
16
-1
7
19
-1
68
89
-1
15
-1
65
-1
0
89
65
3
-1
142
97
2
-1
-1
-1
46
40
32
4
-1
-1
91
-1
14
36
-1
45
-1
51
-1
4
50
103
57
-1
27
42
-1
47
-1
-1
69
49
-1
8
7
42
-1
57
56
87
-1
-1
76
-1
-1
4
-1
7
-1
2
-1
47
7
-1
-1
-1
5
12
-1
2
-1
-1
-1
-1
-1
-1
-1
114
12
19
-1
60
13
11
-1
3
69
-1
27
-1
11
38
3
11
-1
45
35
-1
87
-1
24
50
-1
-1
33
-1
-1
-1
8
0
-1
-1
59
96
-1
55
-1
16
108
-1
195
50
3
15
-1
41
25
13
0
-1
11
-1
18
-1
65
151
-1
-1
-1
-1
-1
103
-1
-1
140
-1
168
0
