0
28
2
-1
231
90
2
30
48
-1
9
-1
-1
2
10
-1
135
61
13
-1
19
-1
213
80
-1
109
-1
1
74
-1
5
-1
-1
134
21
41
-1
80
-1
37
40
-1
24
59
1
64
-1
40
175
219
43
20
111
11
32
10
-1
35
30
11
1
49
-1
1
-1
-1
-1
-1
19
41
8
23
5
108
35
32
-1
17
12
-1
4
17
-1
37
-1
3
-1
11
-1
-1
1
-1
8
7
12
35
142
65
-1
38
-1
-1
-1
81
21
10
108
-1
185
-1
196
1
31
23
-1
-1
17
35
18
-1
-1
0
79
-1
-1
14
42
51
9
-1
-1
108
-1
-1
15
-1
96
-1
24
0
-1
33
13
119
28
21
128
192
-1
14
28
8
0
114
156
92
3
48
77
3
1
49
120
130
-1
45
92
120
49
3
2
79
-1
-1
-1
4
16
-1
86
-1
35
-1
47
-1
-1
9
57
148
-1
69
61
-1
65
7
-1
-1
105
33
-1
16
-1
-1
-1
-1
83
-1
-1
29
86
41
13
79
4
-1
0
14
36
156
19
24
5
-1
-1
-1
-1
61
-1
-1
76
-1
1
35
-1
6
18
14
-1
-1
-1
66
18
60
-1
-1
15
44
14
-1
-1
-1
37
27
59
21
3
-1
