0
-1
0
-1
-1
1
-1
-1
-1
0
1
-1
-1
-1
3
0
-1
-1
-1
-1
2
-1
-1
1
-1
-1
-1
1
-1
3
0
-1
-1
-1
-1
0
5
2
-1
-1
-1
-1
-1
-1
7
4
1
-1
-1
-1
-1
-1
-1
-1
6
3
0
-1
-1
-1
-1
1
-1
-1
-1
5
2
-1
-1
-1
-1
3
0
-1
-1
-1
-1
4
1
-1
-1
-1
5
2
-1
-1
-1
-1
-1
-1
3
0
-1
-1
7
4
1
-1
-1
-1
-1
-1
-1
-1
2
-1
-1
9
6
3
0
-1
-1
-1
-1
-1
-1
-1
-1
1
-1
11
8
5
2
-1
-1
-1
-1
-1
-1
-1
-1
-1
-1
0
13
10
7
4
1
-1
-1
-1
-1
-1
-1
-1
-1
-1
-1
-1
15
12
9
6
3
0
-1
-1
-1
-1
-1
-1
-1
-1
-1
-1
-1
-1
14
11
8
5
2
-1
-1
-1
-1
-1
-1
-1
-1
-1
-1
1
-1
-1
-1
13
10
7
4
1
-1
-1
-1
-1
-1
-1
-1
-1
-1
3
0
-1
-1
-1
-1
12
9
6
3
0
-1
-1
-1
-1
-1
-1
-1
-1
5
2
-1
-1
-1
-1
-1
-1
