-1
124
14
-1
-1
2
-1
1
-1
4
-1
-1
-1
198
-1
-1
102
-1
16
-1
139
53
39
27
11
79
-1
156
-1
-1
-1
7
-1
-1
10
12
-1
-1
-1
12
-1
-1
64
-1
35
149
9
19
27
-1
-1
47
110
14
-1
79
-1
31
33
18
-1
0
139
24
134
93
-1
2
-1
-1
-1
0
-1
-1
8
-1
40
11
151
-1
67
16
29
0
32
4
18
2
17
12
119
79
90
-1
-1
1
7
8
-1
75
109
-1
-1
17
42
-1
70
87
-1
2
52
98
56
39
-1
-1
75
-1
-1
34
-1
-1
30
1
-1
-1
-1
94
-1
24
-1
-1
-1
-1
-1
16
31
-1
-1
-1
-1
19
-1
92
-1
49
42
3
1
87
33
-1
-1
-1
-1
8
-1
70
-1
-1
-1
-1
0
-1
20
76
12
-1
-1
48
-1
-1
20
72
84
96
101
-1
-1
-1
-1
9
-1
3
-1
80
102
-1
184
3
31
161
-1
133
-1
-1
-1
-1
12
31
90
60
-1
47
1
-1
-1
162
31
-1
30
10
14
71
-1
120
10
6
3
-1
19
-1
43
-1
-1
-1
53
25
1
-1
-1
97
1
-1
175
6
38
2
-1
-1
48
27
4
93
-1
33
-1
-1
-1
2
20
88
-1
13
-1
-1
