1
12
123
1234
12345
123456
1234567
12345678
123456789
12345678910
1234567891011
123456789101112
12345678910111213
1234567891011121314
123456789101112131415
12345678910111213141516
1234567891011121314151617
123456789101112131415161718
12345678910111213141516171819
1234567891011121314151617181920
123456789101112131415161718192021
12345678910111213141516171819202122
1234567891011121314151617181920212223
123456789101112131415161718192021222324
12345678910111213141516171819202122232425
1234567891011121314151617181920212223242526
123456789101112131415161718192021222324252627
12345678910111213141516171819202122232425262728
1234567891011121314151617181920212223242526272829
123456789101112131415161718192021222324252627282930
12345678910111213141516171819202122232425262728293031
1234567891011121314151617181920212223242526272829303132
123456789101112131415161718192021222324252627282930313233
12345678910111213141516171819202122232425262728293031323334
1234567891011121314151617181920212223242526272829303132333435
123456789101112131415161718192021222324252627282930313233343536
12345678910111213141516171819202122232425262728293031323334353637
1234567891011121314151617181920212223242526272829303132333435363738
123456789101112131415161718192021222324252627282930313233343536373839
12345678910111213141516171819202122232425262728293031323334353637383940
1234567891011121314151617181920212223242526272829303132333435363738394041
123456789101112131415161718192021222324252627282930313233343536373839404142
12345678910111213141516171819202122232425262728293031323334353637383940414243
1234567891011121314151617181920212223242526272829303132333435363738394041424344
123456789101112131415161718192021222324252627282930313233343536373839404142434445
12345678910111213141516171819202122232425262728293031323334353637383940414243444546
1234567891011121314151617181920212223242526272829303132333435363738394041424344454647
123456789101112131415161718192021222324252627282930313233343536373839404142434445464748
12345678910111213141516171819202122232425262728293031323334353637383940414243444546474849
1234567891011121314151617181920212223242526272829303132333435363738394041424344454647484950
