M
S
white
O
W
B
Q
Q
Q
Z
Q
B
Z
Q
F
Q
F
B
Z
Q
Q
Q
S
S
S
Q
Z
Q
Z
L
H
L
L
L
Q
N
V
V
Q
white
V
Z
E
Z
J
W
K
K
I
W
W
E
S
T
T
T
T
S
H
W
H
V
V
V
V
T
I
T
L
L
C
L
N
V
V
U
U
B
H
H
U
F
O
H
F
V
V
V
T
T
R
R
O
F
D
I
L
L
D
D
D
R
T
S
B
D
V
D
V
L
L
U
L
K
K
S
S
L
K
J
U
P
P
Q
A
G
A
A
A
T
T
P
G
J
S
S
J
P
B
S
R
Z
G
G
G
G
G
R
Z
F
S
P
C
W
O
C
V
U
X
G
V
V
V
K
H
H
A
J
A
A
A
A
A
M
A
C
Q
A
P
E
T
Q
T
Q
T
Q
P
S
Q
T
T
H
V
V
T
V
T
T
Q
V
H
V
P
P
Z
Z
B
Z
Z
H
Z
Z
Z
B
I
I
I
I
I
A
Y
Y
B
B
B
Z
F
P
I
I
W
W
W
W
I
Z
Z
W
T
T
T
J
Y
P
P
Z
C
Z
W
V
O
U
U
U
K
G
N
D
Z
D
D
Z
G
X
L
U
O
U
O
U
Q
Q
Q
Q
Q
U
P
P
P
P
M
Q
Q
Q
P
Q
Q
K
K
T
K
K
T
T
S
P
Q
S
P
P
T
S
S
S
X
I
T
I
L
L
L
L
A
A
A
L
L
L
L
E
E
U
E
J
E
J
L
L
O
M
U
J
U
P
A
U
J
E
K
I
H
A
A
A
M
M
M
F
E
M
M
M
E
M
G
V
Z
V
L
S
M
W
W
L
W
Y
Y
M
S
K
Y
P
J
P
J
H
J
L
L
U
U
U
U
R
U
J
V
V
L
J
N
V
V
S
U
J
L
L
L
W
L
E
E
E
U
U
X
W
H
G
H
R
R
K
Q
Q
J
Q
H
H
H
H
H
H
H
H
A
A
O
I
I
L
L
Q
K
K
C
C
S
K
V
C
A
Z
Z
A
A
W
Z
P
Z
F
U
D
J
L
L
L
Y
J
Y
Y
Y
Q
N
W
Q
N
J
A
U
U
J
U
F
F
F
U
Q
Q
J
H
L
H
J
H
J
P
E
P
E
P
H
Z
Z
V
