white
white
white
white
white
C
C
C
T
C
C
P
C
X
R
C
white
C
N
N
O
D
O
K
Q
Q
Z
Z
O
K
R
G
V
Z
U
O
J
G
G
P
T
T
R
T
U
S
J
F
F
F
Z
G
G
G
G
H
Y
P
P
E
V
V
V
white
B
M
T
H
H
U
U
K
Q
K
N
O
O
N
H
G
P
G
G
D
W
D
O
L
L
H
white
L
Q
Q
X
X
W
X
G
X
X
white
G
G
G
G
G
G
G
G
Q
H
Q
P
H
P
Q
Q
P
N
P
N
A
N
A
A
K
K
K
K
K
J
J
O
B
O
B
D
Z
H
H
Z
H
H
V
A
A
A
Y
Y
B
B
B
Z
S
Z
S
Z
S
J
S
O
O
O
Z
Z
X
Y
M
U
U
U
O
U
U
D
M
G
F
R
R
W
C
C
V
Q
J
J
J
U
P
P
G
O
J
O
S
S
T
Y
M
M
M
M
S
T
M
white
E
V
V
V
Y
V
T
Y
V
O
O
V
V
O
P
J
K
P
J
J
K
M
S
H
H
H
Y
V
I
I
I
V
E
I
E
X
X
X
U
X
O
X
X
X
C
R
X
X
X
Q
A
D
X
O
W
W
W
K
E
Q
Q
Q
Q
J
H
J
N
N
N
N
M
E
M
M
M
V
G
G
Q
N
N
U
S
U
M
U
C
X
R
X
G
M
X
L
I
I
K
M
Q
M
M
M
M
M
Q
Q
I
I
I
Y
D
W
U
U
G
G
F
V
M
U
U
I
J
R
J
J
J
X
I
P
Y
S
S
Y
Y
Y
R
K
Y
R
Y
N
T
J
T
Y
I
Y
T
J
T
T
Z
T
D
O
V
Z
A
Z
W
J
X
X
W
W
X
F
G
T
T
J
T
M
T
M
E
I
I
X
C
H
C
C
C
C
A
A
M
M
G
J
G
F
W
A
R
X
A
A
F
W
W
W
W
X
W
X
Z
F
Y
G
C
N
N
N
N
G
N
Q
L
K
Q
F
Q
K
I
I
Q
F
F
Q
F
F
G
F
U
F
D
W
B
U
