white
white
V
white
S
C
V
S
C
C
C
C
C
C
C
G
C
G
C
G
N
N
I
F
F
I
F
U
U
U
U
U
U
M
J
J
U
T
K
Z
Z
N
I
X
T
I
I
F
M
U
T
U
I
S
S
S
X
X
G
G
X
E
E
F
E
A
A
V
Y
W
G
W
Y
G
V
B
F
O
R
Y
H
P
G
R
G
G
G
G
H
T
T
S
S
S
S
G
G
G
G
G
E
Q
X
Q
H
J
J
J
J
J
Q
J
P
W
J
D
P
P
B
J
S
Z
W
Q
R
R
R
Q
R
V
I
J
I
B
I
I
C
I
R
white
I
G
G
I
A
Q
Q
S
S
Q
W
W
W
W
O
R
N
L
W
Q
G
V
V
L
D
D
D
V
D
V
S
S
Q
S
B
S
C
U
S
Q
S
E
E
S
G
G
N
N
N
B
Q
N
D
J
G
G
E
U
F
U
G
V
F
F
U
G
U
U
D
F
F
F
F
E
D
M
L
D
D
M
K
M
M
M
A
A
N
R
G
G
R
F
F
U
T
U
T
Q
U
U
E
Y
E
Q
V
Q
V
Q
V
V
E
U
U
U
A
A
W
W
L
W
T
X
O
X
O
O
U
U
U
Q
K
K
F
U
Q
L
F
G
G
X
F
white
Q
Q
Q
Q
O
R
O
O
L
L
W
N
F
W
X
Q
I
K
Q
U
D
F
A
U
L
U
G
G
U
X
U
H
S
Q
Q
U
V
K
K
U
U
Y
C
C
J
F
J
R
Y
U
U
A
A
M
Y
R
R
S
S
X
U
U
U
X
X
U
X
U
U
U
E
F
G
Y
Y
Y
G
L
E
X
D
R
R
S
D
G
R
S
L
R
R
L
F
S
S
K
W
P
M
J
B
M
V
E
O
Y
X
Q
Y
X
E
A
I
I
I
M
I
Q
M
I
M
D
A
T
U
L
L
B
L
L
A
L
B
Y
L
J
M
F
M
F
U
M
F
U
F
C
U
Y
Y
O
O
L
Y
F
F
U
T
T
M
H
S
M
H
M
M
H
H
H
E
U
U
M
M
M
H
M
M
W
W
M
M
M
H
I
I
I
N
Q
Q
S
Q
M
S
Q
K
Q
S
S
U
U
F
F
F
L
F
F
F
Q
L
