151.26814286886656
125.17765096655508
126.83868040263108
65.49199380794818
124.67805697434889
50.25648443536091
74.55191947408541
99.4403546715698
74.57890897104353
65.43420443670901
92.05494181404997
112.14761753713296
135.07422827941636
94.0368556738845
121.32367412338579
81.43493143395065
80.04107954529402
174.64525670197995
122.46435198394803
92.70245899915912
106.52293729949871
46.67948330153475
61.294772906255915
118.84234916119162
137.48794978565414
60.954008434131474
59.60903220344881
101.87892403944807
115.23168432168416
105.85621113187149
137.4748646286399
86.34886339576109
94.06309323782322
87.56346576218687
90.30888985134924
131.605518265034
69.2885673193469
165.66138503797518
103.85723932021179
103.97741393141769
54.91503151194712
186.37559253086317
123.84830346161071
52.72977779942971
111.19685788772397
102.84904373337808
58.18999852257867
98.19142845546475
102.42496381954972
83.24841441631935
96.2546221056027
107.38614619087606
119.86912875130055
86.03833123791335
211.39064855348042
85.77981809609626
69.17934230907203
47.491460796834886
79.30959126934737
56.914923480310186
97.49119229890898
49.468914544605056
60.20963922683173
65.43561664437672
61.07417534054344
119.89691795081305
101.14465131495189
106.07548880626142
93.19944285678167
94.29803569904038
68.50956004722711
137.01229076996816
128.79953354809757
208.92547693969223
90.84665507864476
97.17878834659699
83.99137320567446
98.58419004070261
114.8806695485384
74.35469966194898
144.47054489817913
137.06747449173474
115.2188800588568
112.59883468552741
85.6073877631922
37.7661260723748
63.945569099671765
120.17516754805366
61.63263213742389
110.2206904077605
90.09185841157223
92.95183540982681
121.53616347493231
130.63113584404147
100.48318432094625
48.335495027417934
77.9576461206451
152.70457302183144
44.108518227455164
92.00453990984221
115.39336827091878
156.39709153916354
86.15635428995171
130.62408726428092
98.95584382206403
69.3983254901588
74.53817418318235
130.15791662895538
62.26457912752057
101.34243413206445
102.23676970439014
98.74475225931904
82.53130060921299
100.80160399461079
97.56354654996524
167.8663143542977
102.28788854185468
64.08248324719045
68.64344925040174
93.48468930625901
105.82943156763089
101.92133712356178
72.13226943764938
110.2038450696518
107.94890247057901
135.74062816014873
95.595899586174
115.2204656089917
111.65843164136457
61.90184724215777
154.99201616341603
116.67817218911506
164.09790125645821
144.80391945654367
55.91078557914162
101.1647612779637
100.21892708980118
58.20390021621705
66.66982455088068
62.08775794017798
99.82547380595382
95.13931274150238
60.50184614662154
132.936005252461
95.46466643564732
82.73238618387273
91.79828206617344
90.9022027026422
135.712116467802
107.15127567892647
112.32508984811355
85.11637383238075
95.4378823459308
88.53876244261748
126.00230127267137
101.13631580763258
58.013895168608464
129.15606030249734
119.75821293785215
97.50517588878627
111.3151770507292
138.74923853034414
147.27217638099725
74.10581891134333
107.26000970774896
153.3714973204111
89.39019042790065
77.70045997873699
113.52614977385431
72.4749582448492
153.65713629946617
89.84918801019414
100.44408654853368
72.21587072418569
129.21203819171896
73.66093846014832
42.0957714598454
73.8980958008139
127.56551954953743
55.82679413501556
110.16777502418365
189.17026235319835
149.20869035791515
98.97336668608587
87.49587727096963
95.94058391110183
78.24491628969777
70.18648418811401
77.37606678417664
76.46740035566987
51.418609625230076
66.7175704224869
64.303792472999
147.73868908961637
110.44615761663542
115.35891853475178
160.3065597353256
84.37832250119435
97.34262712552137
59.90713624039313
122.35155605615093
72.68195203765107
54.94023960939534
67.40747613891146
63.878626611801955
45.977391670887634
109.50112496179995
97.0008182647558
102.16919256981198
81.14404852880257
64.55931436518668
104.33639653088947
54.968368641454575
137.39005078643333
73.19039166992695
64.1128927301457
93.93614545003808
104.21650596493609
81.31281218548976
80.07545955995506
97.79430587679137
99.05464790281987
106.95602821560686
109.51563194257704
146.73394318943244
117.6857579476993
105.14421424322066
105.63380367229026
62.51602155527348
73.987555174908
104.40242164753558
107.89612757662752
77.56269719711658
72.07528129926607
98.46862398610729
121.40699378394699
129.43071123884178
70.95879507959538
91.29984106676143
114.02096537727984
58.68206387200363
94.4674768523585
89.71181827066796
92.21536307141905
62.54734483230655
149.48042668967437
114.40055532741059
59.647522350297564
96.62331393071739
132.7077878426233
80.93795748106768
51.61724484827921
69.73913736015348
92.22234081995893
68.94889258717815
131.76982788456078
88.24293501934947
94.8688981674444
196.62009758186113
103.06035348769458
75.39913485314656
103.15600236596896
57.8084112216442
112.82072620904138
77.80652516427173
120.58603591991988
120.42120718745434
109.19068077457385
57.85762989859184
123.00078256665759
83.31748358431842
70.71552084031275
71.35720920390774
52.45634013806938
71.23386613304353
78.25942359165612
104.03042133000207
91.70315076896256
96.33124001981048
107.9924186473187
83.15871381771996
117.85718873125772
76.37977753832119
99.27388610288713
122.3831499008281
123.6845882624612
54.152566163909306
71.15691522431545
37.96496691753264
150.1567890978387
122.51230931129727
91.44075658793159
127.36159832980238
66.24800023145798
85.31376291091297
112.8235035817068
65.76802190907824
99.04433395147593
91.21001765475395
72.32745698105191
104.51157852114177
87.28574284007696
86.37026742999676
122.83417121369135
87.57677426193803
87.8067548342283
143.29893379655744
77.78949170415723
62.56071802312739
113.62337417968534
108.14585571547823
55.32294471515901
111.80942772565332
115.97869153323998
101.80718302376464
116.82087052411038
78.225949110785
119.23371219060479
80.46836107335507
78.48797381231745
165.89687119529137
132.7004662391953
58.969006522620035
96.9318981455717
127.74440332282471
87.35550950153912
79.5744965599418
99.54851738241055
119.77638374109935
85.79681458825836
90.6620307534579
96.4657198981787
67.54236468732812
87.8515703931182
105.15096512977713
80.43415725146048
103.18864862578612
133.7049352717134
83.77402699761035
120.19362523838711
89.77023764509663
177.39749522429418
70.02751124073265
72.84997148961085
60.27988970345552
143.02224641016676
98.23041453655819
115.27321621115206
66.18867990265342
68.17056287302354
113.99427622317607
129.36811995605757
74.0804175402469
76.19341485189136
107.53772699222856
74.85143124780089
139.29089882361873
91.92859359719256
62.01423189567893
168.27932465672666
132.99323090352306
60.192490990154496
104.55042377121373
70.90757526375116
90.81430295324704
47.003835224923286
114.02520696966323
86.77933594775935
81.20822135601641
93.65146367092294
107.50432055550898
80.24651352904556
101.9447726637744
77.46769528295076
88.38281356320852
84.27556628279858
83.81479847004194
96.51800688718157
84.23787069706984
75.25968183960799
42.948673306730896
87.01097251151577
179.85119750428598
84.78415381018938
134.81437099050152
99.34163984578
107.91042164471499
87.54498165120148
85.66468493617225
121.24998291924274
82.19666368802969
155.13105307390654
78.35109658622324
68.9911662190632
46.33828030740079
203.1117405747397
58.92750061118356
47.348478093733746
102.58855011420528
111.11137351785212