48.28782658645585
78.40023159768579
105.76668344738323
90.70091667771321
85.66127629151643
170.98279560897538
149.4484317103691
49.83733557087996
146.24586160973837
96.52294101790164
65.37856115944653
85.34520281100438
98.10535613589391
115.27271289564847
103.81856918899152
89.72063479877858
135.41058070326747
96.5553667261694
90.31341183347003
110.46906463519846
86.50042590150188
54.37755526718068
69.66456790463162
50.254213989524104
115.82517583143002
144.71503241471083
67.53125559020124
129.30888384361774
72.08632835166804
62.84642141382791
94.73336509540714
68.52895646733364
106.36854517625079
100.00215394758325
104.72649547950245
104.33162802584023
107.49114084044767
61.75702740408299
107.95978008254082
84.35868672180857
122.92360676460275
93.14292987341821
83.66735149657985
54.24576528492066
58.42063956819214
93.72978681056125
83.71173605803251
110.57513439101137
50.00335359838774
139.67070479074798
84.12215410000131
93.80613216022226
54.44468025260477
95.25116490695285
119.60341535070448
96.64035685523491
82.76440860772058
157.1506586611794
94.04823168518473
70.75491313627471
76.47581136125774
60.512808994576396
132.0362969965455
126.2899775547649
53.0422248872927
86.95092787418334
160.70237212797227
144.41436863311017
51.39721645492031
82.41255057423574
128.8406871918226
90.40668829030034
143.6218440065558
92.17920428476339
116.57022456406858
101.88544483999577
97.77116747712009
89.29080515408907
126.42489391400181
102.41572196127188
131.5623161762145
86.11861671848564
118.39547829021632
112.63969312761502
53.12386306285809
91.49979018182367
73.65247301718723
77.9710397069203
83.504234323422
86.00543878367036
116.67220428364344
63.46185954754027
71.86786790802813
54.947841313874356
103.56795097595452
76.22799851834365
67.44968410920382
57.18736414697828
126.24794889114014
158.64855974093715
85.69247465186413
78.65830566519007
96.8856134162346
91.06445818506843
136.63255197838015
97.38844574014979
65.82210102158751
102.87843544870651
142.7444276823502
92.74672721531685
123.3299035828244
83.5242419434093
116.5875435051993
70.86640031240147
86.81746004875261
93.4417182030904
87.27508116519522
97.29540652193974
91.30397378921009
100.6904235062984
118.7091566906587
124.92145611520891
96.07633598511987
122.84527991959175
73.66499190691042
92.00404059446019
129.21089174878657
106.6101258048781
111.15551040482568
62.09951372819419
137.5704360641376
70.92504937927116
154.98991575144106
90.22544287316015
165.24996943767638
106.10009419531151
93.12607892034008
147.30694214461036
89.90689052705652
145.29590677576303
109.39914455418392
35.0196750775367
112.28236146770142
119.46488968586749
65.1175057436692
52.40144336322993
103.44304312315184
77.76968735755776
61.07094769580536
124.50461888590429
191.59185911502198
85.06201249752019
73.04279484602047
114.9370746204019
106.34601902437151
60.99205791902895
102.60902802648562
57.47438199905646
154.05104614170358
65.38894106278586
119.24139240768041
105.7365565706266
71.2584756095699
93.34183095077911
119.93462779719619
110.35546367876239
137.52033127970014
116.27116412624623
63.059763815436
80.78275550091664
94.93530124314387
112.19155993629384
92.23264007938879
120.5380944388596
105.51279174466835
74.3021241300867
129.11286157443763
137.9214793963509
156.2777821554964
68.91586139164745
71.0429046130377
74.0248484834618
82.85718913000218
117.77020855704806
97.08853885639623
143.91599895903275
89.28069775559955
71.58512414568946
106.64319145199306
85.74124690157939
118.76532396638638
80.84049339613935
101.63804208402739
78.57756644535007
58.62430156314983
88.73039661150337
33.791623238618754
49.82622807843393
65.55901764836848
97.56857731294585
188.9754501167317
87.13226503715481
84.59243341184933
82.89947877090675
129.3200752181887
81.14578066610301
135.9967023232314
144.24002364294503
104.35483685567405
78.77485033246234
68.9289815944234
71.12169701420375
95.05918161579594
83.79045170574852
93.31851735801976
142.94315355832669
46.45723746463136
107.54698386859533
108.16147596090353
127.69750105697838
154.97421383502356
86.53085570870876
133.29093403563522
76.14482894949958
123.55917001392456
71.00943137588924
140.86141065730826
90.89721054370702
89.85700032295101
63.79680179920699
102.14890118799337
100.73812270622813
92.99115431585092
85.8752417289704
75.72661773857001
70.24566377306776
62.830893202984015
80.3610722316657
79.65685424949238
81.6738591808103
71.24428596986755
140.01961360223729
134.3176452866108
140.07014520441143
34.04276898645852
56.24334171019875
100.63274948457685
46.93036619356229
123.66599825491839
67.86264637116543
98.23260286206401
95.41871346895041
140.54492655669426
67.97362743302165
112.30854251127596
96.48134668227212
74.90777064027189
65.63536597138696
39.92901330450563
75.10311433668767
58.71010250046776
118.59444337204982
82.09012011192718
107.29643884274942
76.45470322874029
62.74231714149938
69.20178671029817
117.886258249398
129.45347657528865
112.207829241697
87.46404606534874
69.72673234561253
85.16855672444062
128.8407245658849
81.85669781661133
184.03560120390347
84.63166533364502
152.1298065731355
60.94028821955588
115.26141830538276
89.44802173552003
116.57380921106056
156.56585938002175
84.89396810668632
124.00031665486551
126.43469753026496
78.85494752118734
115.00491981771837
61.75666544906181
163.13057119493004
131.10053315588365
73.67632801844766
87.91722155930118
78.31928457288467
73.84341512063556
120.1542024915631
84.38666251260764
124.02371150925524
76.5557884568717
64.03442905402773
88.456826659709
108.4836246683621
122.13028133709673
90.54791860078943
66.88351792314239
137.86368896752163
103.7904553951295
144.75877914062667
192.13089475398007
101.21451278990213
69.1771312178985
80.42037908045602
93.78916029394908
70.58210860460059
60.84560571298309
63.503982876468044
106.00043631404748
85.07688308675664
152.9174914769414
67.98316383420865
104.4402683560074
107.10482274840324
41.319721545531195
83.15067458207545
114.3435497337008
82.94315939883357
147.00997068278173
113.96427785266457
53.359786610609575
112.07863157268251
159.70113083603096
115.65188307380222
63.31025107500025
149.97733582287344
90.56056938927316
108.04255211272176
151.38090132210948
86.24646536748844
111.6229369419704
76.38316101734084
93.91701509412604
69.92991473847019
144.74017826131347
102.8469727236652
88.61308195279348
99.48164243383329
58.30613942351866
72.18294915265824
113.31659155486332
147.0848196970315
113.78852592365477
107.75457694310573
176.31942801175896
128.78956611802582
93.62705181348687
133.09064537464505
60.55462102965888
76.29151088646621
52.713363985662006
77.93321525749768
87.84091527945863
108.29454010476744
99.94241750304964
85.40240894763645
85.11232214517393
126.66382586710874
87.23563895885104
68.22345212180625
76.13968418683753
144.80975257598
82.79453823825773
79.42714236941491
76.30714782174314
136.44581477026733
103.5530654252751
109.74403198413313
153.82432762906743
128.23273558691028
106.8843221785449
101.19517158757756
80.64381284223894
88.01882582148573
73.86194378443625
53.715003190887955
94.87756700810895
143.06085975506468
164.41012622641955
55.70170375944771
94.4812397259083
81.64096148903013
121.69933001897351
86.1548378598221
148.4678326742312
104.63208260380674
68.69002739114298
133.76987941248385
71.19630044837947
173.1534087240025
53.78614273397118
153.81802550859905