52.273798188154956
104.59235594085884
48.7769937782735
153.7369446230679
65.65679875734845
82.18437971665138
125.03765232199585
54.39523324875676
69.25477273135114
83.75039012883049
111.69108060331472
81.28703418748746
74.74415062001134
38.372052803960074
137.27076077867355
95.8144600184481
78.12361573849635
58.012774884580715
91.58583774583072
136.52373702848868
76.44703032837423
86.84356480955584
89.88205224318229
103.3264765013909
59.59281800226519
113.64699859794847
51.00929880620439
111.18806220282785
46.83028914168093
98.26023340897804
105.89279865234467
107.48139433758153
95.86182017732463
191.78597333180934
77.05061140738206
93.99438979033742
72.07386637646711
134.142117589069
74.63218861579074
69.99319792641013
142.83531586231942
54.32032086361794
80.70546939852237
53.631877659642186
82.91273280970286
63.18475989667007
110.85169427445744
100.30882281560824
64.65824314708232
102.62798087581555
76.19166283564783
90.78066571551138
96.09137972116457
120.83001798772236
75.99536518109213
81.13744851195045
104.44307806853945
108.47383890603311
69.06036604992045
71.4815092510287
63.17626990669574
130.99623768240903
97.86658498768114
103.7840111715283
78.62758339739125
87.57805544336175
160.39767430475234
140.73923189277795
68.80941810781076
132.23483518190938
116.30018987558906
103.29420240316885
82.40088852971984
48.01739186816214
98.80804089046893
105.70257472415236
142.25095976184616
73.71687481988313
91.80859500010642
86.01893360212834
74.99251107932807
86.40241824662775
120.65400273008044
89.47536015936889
140.89760583160367
59.91334955928246
142.6737573667842
78.88320301381466
109.46233462133637
98.22256643075855
58.41640786499874
52.53233413330475
98.76868392091075
109.16523873171694
53.56349031433612
171.29323606260647
76.41827403393928
86.62582932049628
85.47001849451802
84.81476336182997
52.013880969187355
76.32701834937134
124.21563811459386
109.07570297546853
86.55260514855598
93.31279935085817
91.97527703272073
72.78756979343737
82.65985953883788
101.60727199188665
45.255561795387806
125.31646608004847
163.5032077933847
69.75635890125827
97.35202940027719
96.13800526343114
49.98390521084108
65.90198749707588
92.84652029939308
86.0702274099572
137.10469617846906
64.84225392328655
83.67829673337914
108.23264694755454
142.11357120110347
120.53736799485348
98.05546019425509
66.04908445330217
127.66317792339606
100.63434693144629
71.90869825158163
188.92647457286506
68.85227930301758
105.44621202897434
99.36582519869735
56.08470924645813
87.33690191717197
86.74774364101548
73.56598720988225
142.2368450565363
110.11290801582228
86.24273545628218
143.76038605895812
64.42213747003152
191.09303423637527
55.06987578762499
99.40637385145132
101.68169819519866
116.6229409505148
73.67170438343283
78.52148267038758
83.41041415637534
49.3511589416062
60.56993645002092
114.64457187300879
100.40557763456061
63.58015368403454
99.16702811265819
126.99348092685713
77.32352163772403
82.52042422195879
163.08631604654045
112.7654190827571
127.66548586935414
119.26648988385473
95.9684432376962
101.1069026485818
116.9899156692655
59.54993776833783
84.6085939299733
93.82976467312385
153.5959820046342
73.10851001293076
77.09819499449839
43.97719394429591
84.23731125426818
112.7024609541592
79.6913064366707
121.51215866519469
45.55412015272929
127.05847225591631
113.65878491985397
52.202110498391846
54.01369763926825
175.41589903922755
127.10343918325293
87.88101201112688
73.03824231789288
59.89993073403005
124.99320678298994
62.51077760275009
92.24818189706528
114.91197270842623
115.17176355088472
133.36918204638104
97.184977900344
76.16693841954256
70.83045071573034
60.5110196264365
63.91640742324798
94.44211870150676
35.831252180150194
74.02380054524733
151.95931608358646
60.28546530492757
105.81214195195209
112.16581356739768
89.0300465064086
108.026611749838
123.3938458498938
82.52536064572897
63.25037973052913
109.44249740027603
151.32366105254053
117.82183867209461
138.0554334465566
96.18847157654285
126.09589608772033
98.81239900094066
101.93482840550895
94.23785958545587
74.544687152323
122.44523586535514
118.60491272700594
75.753262917497
114.60634667048667
75.52210106826354
141.6072286441002
95.80652973135182
105.61425985996858
100.77406981048841
137.6274964100455
80.97716629704593
72.49537580629209
160.8057048443751
80.56950565647892
89.62089113742917
145.274040438982
49.01153664212654
117.98264358382593
137.9167350319385
61.031150420292626
71.29904572834599
97.70148026917315
36.23938997881305
131.20577770092777
96.83136642633525
64.63078247641906
107.08092196530262
53.482987731150686
43.6818641402719
111.19176492810075
140.6340558051838
80.27139834054478
65.7545596274677
134.27758503863052
98.43062023321619
122.17287559186849
80.62603586450518
123.78253223103056
62.22158615962198
119.15523550677004
66.99511273304952
62.522603080626716
99.82018003339515
29.83770234035414
86.20613867628535
92.6159541166447
132.11252779104993
102.56406918851087
233.7383494859672
68.67434834990267
120.36881003606712
87.77330270039798
113.09971462197845
128.57173782609055
159.26131113112376
98.60695519332795
136.44964112059733
127.23379606662834
78.17164695387444
80.44622003339309
56.12540928534873
96.77926072639919
115.56652444297688
53.7400359635218
117.60155666521761
108.45684233304397
127.39473351289156
79.06177546099583
57.97054641538135
110.40002088881303
78.60079881915773
93.38541109165007
131.4035755609274
73.65841968590011
90.95579621124848
68.80439947906558
152.31573344247585
68.74301856152307
60.20132593681063
136.59058036359343
82.02308386268173
134.75299785191143
100.29818481848756
143.31472135609513
102.82885238898018
83.46019878219968
58.73598203443983
84.55722709740449
89.22473716557796
114.02173743836912
56.68676422965025
96.85088127769346
127.61788409053747
135.11218277978068
146.8364619053095
75.42571550874415
155.63898441798153
159.39449403710606
78.85618426548795
72.92837380097123
121.36590342788377
118.52148693024715
85.44426664081385
95.48633136726055
130.56357545108207
95.15787550725919
70.77149890601653
129.63700617543935
112.67195437971364
101.26613117807673
103.33335213727655
106.04533981254528
86.05950728464249
79.68988947703552
133.8418005439725
70.90056974293134
114.01121796194867
109.50173646139643
62.949154979634805
73.82911602624444
131.0399571232887
76.1961991750495
94.74051042880046
105.40372191258506
78.17128919982174
58.5774374819258
105.28059428031294
55.8733871889161
190.682499046587
70.18676623039295
142.2621136892829
92.52799850867096
50.72353600729552
58.99176334912631
75.96358203773242
121.32886853637422
142.0834125451542
88.06751798445231
127.38358335553089
142.98849552100523
111.43257454350746
66.00309849757191
124.29615112365718
90.35448431279299
59.23121035396575
101.48523062793305
121.0815861473765
97.04518377225384
143.2733453861335
126.25217434714371
124.58315364024341
62.853087352232734
96.96123854868605
175.8060102574999
114.53157614134014
113.7433769055812
69.11419991644752
89.36553364213967
101.45983212387911
67.71964028582504
79.98151386311142
94.83231178533252
38.13930882300367
93.51304513767461
77.27090299507705
146.4120204154687
104.53232913427544
64.82772407975789
92.72851912049587
121.03737552026405
102.35169009277507
63.972131512719436
179.52260913329866
74.25728533936022
135.94352448803943
82.47044952869523
115.37355577015293
92.64434329245725