78.45961838216891
168.36136643301148
85.81411018755009
76.32610603127189
104.29905869780762
67.77561553541514
129.24100489188473
92.75013791500024
106.18979270381476
99.94946375559846
142.98832092718277
103.84195707071953
95.2606248244474
101.70136063040619
95.51785182960685
78.74751298043638
59.84490768705115
108.2399444340335
112.73460572961034
100.37581623274151
88.53971568260724
62.590365033740866
102.79806037746438
100.64996676863475
120.65629744628768
64.95110822061122
110.49698740375159
120.44561074635016
42.63440336896052
90.93086889728015
97.69300181907371
119.1293863270013
78.32450678813657
117.87483503925985
113.00986624484756
99.3052195557155
76.94921746501679
84.6732884401198
89.90990943584157
69.78603585226355
73.07289254437295
155.8792417019154
128.80651354840754
104.34250856194623
96.12880341715224
73.6664269626302
65.322800923372
82.17960679309795
129.25884573200767
66.33563112872633
59.919601850756486
54.262237080957235
98.6360474150434
136.3096076964661
54.961360418803196
140.09490996376235
76.18797030908577
73.1755891783129
70.07505008624142
66.49658795040119
85.80734711474855
126.1870783708008
74.6307884401078
115.67076299519405
95.30086557960979
85.57629901916019
59.696819570179734
96.8385467252194
87.05152496798016
104.58608833242266
133.61388167274444
96.24638172540334
84.04760123550366
113.49403267574097
51.00776873778599
158.45544505709645
86.31466219104055
116.53906248202361
55.42985402388085
124.3468606083293
53.6561051613314
75.26454457418922
81.37935133036524
99.4536657475447
57.58013982978416
86.11418277865211
54.321019481999954
99.20709043500581
80.17257325223368
43.63530424219103
72.69019375524314
163.62676712462806
94.80025081086853
97.3547916610047
41.461473341099754
117.25552386393515
93.8708899872451
112.97329193449399
71.2638955488328
122.2781913850036
147.213413749202
124.54590729075356
108.02325618000229
84.50883080444802
48.09838356794732
82.42059679289686
84.57893515013538
99.42785862704633
172.1544170391109
99.55822994256476
111.01548365249127
64.2877877318251
90.45560533976128
87.48505852426301
52.556679385624015
89.89650998420197
56.30537438005794
103.82961210315867
138.6608650702608
140.8115185063998
78.55385250479999
85.72775714176461
94.4245708872203
30.406139441784205
80.58588981787148
90.199197197239
107.12353837828388
159.97594774096632
84.1588350835623
54.42951062831133
76.62846480779486
95.6238483861226
106.31555222484639
121.22872739284672
67.3563162397825
68.17143602466791
124.55293826631826
120.58427225782552
57.29767600692317
88.95484953306328
107.0778009336573
75.66407221292431
61.674938213126545
125.4553803530612
87.96078595563783
92.66067069974632
182.63996812623648
72.16108704980019
84.67973773057051
54.516736422005685
90.71195331024278
73.64346807709082
91.0393260477365
165.2867522938813
98.11448771955124
174.64301266614973
134.36585815018935
105.5376236269293
119.77002737973059
57.99888244127475
83.97446284532377
119.96061569083456
108.31714600406077
48.57156681363908
77.25381757452907
94.15106406457883
118.37240516881879
129.07385892694873
94.51219215273272
59.12114560620866
97.94583918323315
113.7574224301929
117.16602499090804
58.21272533853902
105.28452834523135
87.8010342837081
67.42923961089417
94.22639115789949
88.07063580282502
150.2672330598855
96.09414964029587
37.195583308462574
53.91246769068062
82.5430332934219
91.36175575582574
142.55595907954304
60.31781453071655
60.802208822836036
68.77539391516952
91.80984844214292
81.1202197840435
54.154741493835246
90.82210468399907
126.15029721992293
94.88548149030271
95.60454001523281
64.6221910645018
94.63259884062737
170.19397420805677
136.60760893753366
127.91217317107028
79.89006857072873
83.16130270116663
65.71382515722269
191.5153795741851
197.9163076678241
120.44112455302592
114.73455454056753
99.98290345418866
82.19924701119731
82.04623084497386
142.21729275597565
61.75747391170551
123.53834895664612
88.11323321041365
83.47863118861721
83.73422770212794
68.38495087648454
107.67344223382996
116.11651508491747
61.9467800289389
145.4168626908098
157.13940208054157
63.90211033521642
79.35728382804677
97.97256343055393
185.95224354070834
84.7761950726072
65.37724148089433
124.64426458121962
61.60353316297073
106.12022879438096
88.40609033699766
122.74085530861865
58.79962764571239
52.258282022650896
108.47870747397988
105.4175371684355
91.9544175606744
93.77897979591228
84.35448080907177
91.59212599912625
109.47295336036845
70.55826656770252
87.06128139563398
119.07314661147197
87.67963682597733
79.53105575273862
81.97186567798919
85.18466434165454
80.34460155996253
99.22690691825089
88.27114093759393
86.63761076377672
94.60711536439754
96.78562333995033
60.38705860120817
101.42991529159934
61.11238010332973
47.004219005749164
76.73773370384568
175.43080529991818
60.65630024351833
73.93206799854656
116.59062239803256
88.60904702414122
78.37375074455409
50.73726341346753
80.94641712245397
70.75750870933959
118.3709147646573
95.43577528439812
47.45418859035203
107.70170386147699
127.59838408581354
63.88355318201317
134.25852257082437
107.59775266797288
76.28361424711616
79.80563357125044
66.13269887051715
120.75126527067897
98.55992804634623
69.5820069828052
62.89914847058064
97.9921616207857
72.08917988086145
84.34256156202125
115.92253880491265
72.56313331566638
116.549333511089
68.72762766886949
65.18505416664868
64.5727778065797
59.672358425325775
167.01504112007527
143.85144452886104
96.82814208863967
157.1567748133149
115.05360025531317
81.06414921891886
92.34286179391783
59.46231877738713
186.72124760288116
64.12000736610963
60.005630577574635
135.77955573904467
95.82379116054807
110.8953838310999
130.9585595246198
85.33265638538045
107.78419702965269
160.67974481155974
106.18823538755562
83.26661515218521
88.11725167121546
114.21430868745408
108.90580102553417
105.90560324201107
109.14272451782647
119.54801285009079
65.48170179279154
97.12443927025787
91.0411353064801
99.91416016972418
65.88512624292649
115.31317911630418
88.30397948891077
101.30399141055152
89.76300232123549
88.39319075672512
89.45251996892772
38.488650084530434
93.77111532576012
46.07250536954864
59.227850478989744
91.91993443755787
72.0460876989221
99.3150961260362
71.8469900827362
96.64666655635924
71.50805715420312
128.62663858971908
45.11673823216846
104.03620339157231
110.11621467238027
94.60655999597736
89.55863145089526
97.9781444455815
68.18887846704655
67.67544722185959
77.31948032001536
99.00951242410054
132.64643702812532
175.6359252898721
77.35220112460534
76.11139081838678
105.93446911275741
102.81251482518103
92.80316646693153
119.27686701971452
49.88373944101963
117.92833380366015
126.1449944625845
109.85848583461176
104.48904674122737
83.42739089459957
66.68162189559749
147.57856996197182
95.93236981260117
150.96461491439962
139.76810190961527
63.53095848075792
79.1373054628729
78.35356309164425
46.32697330567052
99.45852638425707
109.06808331667789
51.11167451629665
101.41346344835226
149.4113559746292
79.05688546780158
100.44249005852647
116.23010149206814
78.69265724071536
86.02004922296462
96.36074757659522
71.79591869426405
102.5373188402984
79.32992164614313
107.86478072093087
115.85500983690162
86.99249293735787
60.39426969534872
34.30225919704597
71.2451967125624
93.25309288098532
87.38856403975325
53.45551994239316
90.56744367729712