42.465510021046896
114.88688378453689
69.78819026884626
71.96581782907586
77.37094811557913
68.55489538389244
131.9221197532305
71.28031941665971
104.18194467981358
90.03084858926243
126.33646419264151
124.8677305658373
81.7806948205222
119.67380081621891
83.88540045153199
76.69558597001016
65.2556566117351
73.2917539112413
149.9385130707113
78.32323101966924
139.86886558976875
104.60777116751139
96.6321380377471
80.63530419789447
54.02585592910093
114.55461837672347
129.66107400551138
108.84769442363694
78.5699891000013
100.55118807404253
79.92519581403857
73.32361768625479
54.76664626446737
63.11757919580588
94.82547632451784
50.18133740756938
113.77913394275004
112.00985432232126
70.30043104282376
59.82608586337164
117.48437008918812
62.08779666877392
88.37927646804533
100.63404544796649
136.1924864017579
93.24987589651758
64.3525854208571
112.09466367491459
142.78270816319457
81.71965642668539
91.13004019080418
87.93448310043422
70.07526729714267
158.48852723234984
136.00593589899705
154.47145266786245
124.36539573138688
84.80489446319669
122.96534804606686
78.15148963154351
83.8575931013844
107.47664660986852
57.021428113272194
69.60635822400465
51.50735902029106
72.27048912473902
53.77078778929896
93.94280566857006
73.49452353898454
72.90697855626128
142.92854898105224
78.19015064184921
130.67509545351757
91.19824562792212
98.0278896358935
88.89978637694887
108.49678559044015
78.66126687633546
121.70322579389168
145.4947707802811
56.84051641938998
83.6691911188798
123.39133197438146
78.57469124092587
89.54139842767664
77.54347365023597
75.04590490035224
84.00698400115152
116.27518202002338
84.06360336175297
101.37511427401658
104.73026607670873
98.82797449022017
70.50743499942153
58.58801135867019
165.82014515682636
77.75519765590508
90.06304491514288
105.1144583556701
112.16027174119421
85.83561780173176
62.49633073355948
111.02047899510792
119.06571176133836
73.97343641244412
65.25508792577327
98.26573039882405
89.10798141655485
63.861434256447865
77.33171070525628
82.86877864408366
57.53750284059575
116.23556905108225
107.23388599321224
66.23434988572585
103.71664766419292
84.42362744018618
76.91655471531612
56.79283213092418
52.958390059525996
85.00830711512968
110.98339906657426
60.799373199494966
73.80900202148547
103.58239333701982
112.51423801692816
111.00698970895215
72.78831727633188
106.26277090473651
133.3869972565373
35.40634380579765
61.960581418966335
100.91078365586856
157.91303412538693
95.77825837977093
99.61793108659926
102.11617325783277
110.07643497157571
99.97430816764823
124.35819666652122
83.18703664374709
83.5233659724391
122.50826385330465
120.07699985043182
116.66470169894818
102.6895030914267
48.18036017649998
109.387149991966
106.30517465775769
48.864579793441244
118.54325987484151
95.7024344306935
69.08325788846369
54.79338320383632
119.27176096099667
68.2829326766409
44.618168469714405
199.19880096945124
60.91983195936194
73.22562399148609
106.23941114307078
47.95352392457285
87.7414506133353
68.5079115097625
83.62467732623871
66.37211561471571
202.7815836424917
67.75606115822669
104.30870523247455
68.4544070591366
84.04379136124214
86.24329932178264
135.40219041457974
88.26197506869373
142.64216335878942
84.45454177659508
54.672490252659394
118.36072471043273
111.74719491325718
110.03009372905389
113.39989936372504
77.50994209366795
81.18570705973717
94.7887092279301
81.31762546306197
82.69402625485179
109.79708408588772
56.58712446524958
120.04039692137583
92.05746305583381
96.63779029060139
62.650816633092454
111.68866931155112
69.86610433792941
71.83811159248175
100.63083288855623
58.25348884350137
114.7420520325735
66.49473991380239
72.63665890495012
48.730691196286855
102.14927296985061
106.38320653063437
107.75555964306679
171.5924601673166
134.47597999346567
91.04242894476924
70.14219462369205
116.9882515338934
81.70346331490964
61.76057983360688
103.53426152521052
95.6726749194656
110.53546945191978
83.78955311327613
141.229306501137
104.3534846733433
127.2577929770458
69.48223384284373
159.30244482534283
71.98572407834563
122.7457349281234
102.54075599800079
66.8958120578525
39.112403460225075
87.9316715109647
54.96160334249301
100.18292515083601
95.9451553284506
94.77680042629478
104.15185507345521
119.5063213519212
80.89850308800867
110.86840941990792
74.0780742147345
158.07385603970133
67.21140137458066
139.5398192199705
114.57573852572727
91.58295136656346
96.76391861490391
143.34806179026288
62.110031552029554
188.96837096863268
104.79707021767068
99.72171405504749
119.29559912079127
68.46624378160988
118.08999736307236
112.52897463184902
130.38160376954818
145.26731419331344
63.62023554397298
109.70541039039301
116.28130348414106
68.65969138942455
129.83654721899904
68.7649717366876
71.05046824519783
157.5151761330527
157.21243032696506
73.71545502446283
92.68085141986228
164.04529725780824
41.25127091602669
77.14495054029486
45.299354775978244
108.12590114582139
80.27637430501905
83.43195032556203
112.94467081936669
68.28275461730591
50.36464398183125
80.75516649366813
119.95135218071846
85.2284909517248
114.5199105694896
128.30923784547
108.67007171589
100.57103600653238
74.57702467179995
122.61632106555899
111.74093288603719
45.393748186470255
124.44329983954957
104.06502864363533
98.3267533709531
98.8231512151909
70.97413161285534
47.987206422568875
74.01802154969403
51.12802247954092
89.07665267505757
113.84312274645023
90.57781724013248
80.70020330794789
81.48797565011631
146.30530339206382
78.55237077061417
69.7258335046449
47.557128711918516
128.44018196813911
66.10295347652736
84.0842149186294
61.556795720057
90.35833128540106
66.51285569883669
69.88387904261548
110.15210481376572
67.28539009507661
81.97088412436541
96.41039529278056
47.91611651514195
111.61851473081276
96.85029990637312
98.08935518573124
127.34688553265337
84.17853739118216
53.70603243257418
109.0355337025215
136.17382618254405
104.48520059238092
115.10019712917008
145.59192038538725
91.59713188474632
70.9532686534565
98.34371252488282
108.92477560468484
104.56667410035203
61.432621972077484
122.44142020579983
87.00367912729841
126.51974734111747
64.96378411100685
104.40407134992527
67.18968320282663
64.05854721343445
80.50717270380176
85.1371655079763
145.51399822042038
97.79645235418181
102.6722686688127
59.873574592609046
76.9600562925679
115.47069520037309
78.60935930118427
94.91747870385302
95.2559740118575
153.88206474568605
78.56616079865128
183.08946036193814
103.24220397465362
65.55216956768786
60.08466297385555
94.96943198895778
125.10033708530715
72.24656712048429
108.53238901088996
62.87741816009116
78.06569240674537
89.24357776956354
81.19320755612638
111.23585225300161
100.1147645426826
63.93476517250375
123.27398354714546
95.64574011204583
122.54090124033019
92.07535124927912
127.77565390427215
135.35318403871477
140.20415942146704
106.11641286610033
75.02701540664094
148.23239466655352
122.13266000928098
90.19989231980261
125.10843368274107
86.83627970761616
84.03784565360097
86.49968969544616
59.722817263216825
64.63780697783716
90.05897166894471
95.85460326448053
120.64074045991886
162.91816320184563
96.0731232194621
154.2347060127911
143.6331495218471
128.9593795855829
138.9854514924382
151.97968870151368
122.55614022266337
92.5849379434223
88.42621717939082
62.72628322552114
90.93488891603057
98.55547523410787
136.72437676497822