+ ======================================================================================================================================================================================================= +
 \A B C D E F G H I J K L M N O P Q R S T U V W X Y Z A B C D E F G H I J K L M N O P Q R S T U V W X Y Z A B C D E F G H I J K L M N O P Q R S T U V W X Y Z A B C D E F G H I J K L M N O P Q R S T U V |
   \G H I J K L M N O P Q R S T U V W X Y Z A B C D E F G H I J K L M N O P Q R S T U V W X Y Z A B C D E F G H I J K L M N O P Q R S T U V W X Y Z A B C D E F G H I J K L M N O P Q R S T U V W X Y Z W |
     \E F G H I J K L M N O P Q R S T U V W X Y Z A B C D E F G H I J K L M N O P Q R S T U V W X Y Z A B C D E F G H I J K L M N O P Q R S T U V W X Y Z A B C D E F G H I J K L M N O P Q R S T U V A X |
       \U V W X Y Z A B C D E F G H I J K L M N O P Q R S T U V W X Y Z A B C D E F G H I J K L M N O P Q R S T U V W X Y Z A B C D E F G H I J K L M N O P Q R S T U V W X Y Z A B C D E F G H I J W B Y |
         \C D E F G H I J K L M N O P Q R S T U V W X Y Z A B C D E F G H I J K L M N O P Q R S T U V W X Y Z A B C D E F G H I J K L M N O P Q R S T U V W X Y Z A B C D E F G H I J K L M N O P K X C Z |
           \C D E F G H I J K L M N O P Q R S T U V W X Y Z A B C D E F G H I J K L M N O P Q R S T U V W X Y Z A B C D E F G H I J K L M N O P Q R S T U V W X Y Z A B C D E F G H I J K L M N Q L Y D A |
             \U V W X Y Z A B C D E F G H I J K L M N O P Q R S T U V W X Y Z A B C D E F G H I J K L M N O P Q R S T U V W X Y Z A B C D E F G H I J K L M N O P Q R S T U V W X Y Z A B C D O R M Z E B |
               \E F G H I J K L M N O P Q R S T U V W X Y Z A B C D E F G H I J K L M N O P Q R S T U V W X Y Z A B C D E F G H I J K L M N O P Q R S T U V W X Y Z A B C D E F G H I J K L E P S N A F C |
                 \G H I J K L M N O P Q R S T U V W X Y Z A B C D E F G H I J K L M N O P Q R S T U V W X Y Z A B C D E F G H I J K L M N O P Q R S T U V W X Y Z A B C D E F G H I J K L M F Q T O B G D |
                   \A B C D E F G H I J K L M N O P Q R S T U V W X Y Z A B C D E F G H I J K L M N O P Q R S T U V W X Y Z A B C D E F G H I J K L M N O P Q R S T U V W X Y Z A B C D M N G R U P C H E |
                     \M N O P Q R S T U V W X Y Z A B C D E F G H I J K L M N O P Q R S T U V W X Y Z A B C D E F G H I J K L M N O P Q R S T U V W X Y Z A B C D E F G H I J K L M N E N O H S V Q D I F |
                       \Q R S T U V W X Y Z A B C D E F G H I J K L M N O P Q R S T U V W X Y Z A B C D E F G H I J K L M N O P Q R S T U V W X Y Z A B C D E F G H I J K L M N O P O F O P I T W R E J G |
                         \M N O P Q R S T U V W X Y Z A B C D E F G H I J K L M N O P Q R S T U V W X Y Z A B C D E F G H I J K L M N O P Q R S T U V W X Y Z A B C D E F G H I J Q P G P Q J U X S F K H |
                           \A B C D E F G H I J K L M N O P Q R S T U V W X Y Z A B C D E F G H I J K L M N O P Q R S T U V W X Y Z A B C D E F G H I J K L M N O P Q R S T U V K R Q H Q R K V Y T G L I |
                             \G H I J K L M N O P Q R S T U V W X Y Z A B C D E F G H I J K L M N O P Q R S T U V W X Y Z A B C D E F G H I J K L M N O P Q R S T U V W X Y Z W L S R I R S L W Z U H M J |
                               \E F G H I J K L M N O P Q R S T U V W X Y Z A B C D E F G H I J K L M N O P Q R S T U V W X Y Z A B C D E F G H I J K L M N O P Q R S T U V A X M T S J S T M X A V I N K |
                                 \U V W X Y Z A B C D E F G H I J K L M N O P Q R S T U V W X Y Z A B C D E F G H I J K L M N O P Q R S T U V W X Y Z A B C D E F G H I J W B Y N U T K T U N Y B W J O L |
                                   \C D E F G H I J K L M N O P Q R S T U V W X Y Z A B C D E F G H I J K L M N O P Q R S T U V W X Y Z A B C D E F G H I J K L M N O P K X C Z O V U L U V O Z C X K P M |
                                     \C D E F G H I J K L M N O P Q R S T U V W X Y Z A B C D E F G H I J K L M N O P Q R S T U V W X Y Z A B C D E F G H I J K L M N Q L Y D A P W V M V W P A D Y L Q N |
                                       \U V W X Y Z A B C D E F G H I J K L M N O P Q R S T U V W X Y Z A B C D E F G H I J K L M N O P Q R S T U V W X Y Z A B C D O R M Z E B Q X W N W X Q B E Z M R O |
                                         \E F G H I J K L M N O P Q R S T U V W X Y Z A B C D E F G H I J K L M N O P Q R S T U V W X Y Z A B C D E F G H I J K L E P S N A F C R Y X O X Y R C F A N S P |
                                           \G H I J K L M N O P Q R S T U V W X Y Z A B C D E F G H I J K L M N O P Q R S T U V W X Y Z A B C D E F G H I J K L M F Q T O B G D S Z Y P Y Z S D G B O T Q |
                                             \A B C D E F G H I J K L M N O P Q R S T U V W X Y Z A B C D E F G H I J K L M N O P Q R S T U V W X Y Z A B C D M N G R U P C H E T A Z Q Z A T E H C P U R |
                                               \M N O P Q R S T U V W X Y Z A B C D E F G H I J K L M N O P Q R S T U V W X Y Z A B C D E F G H I J K L M N E N O H S V Q D I F U B A R A B U F I D Q V S |
                                                 \Q R S T U V W X Y Z A B C D E F G H I J K L M N O P Q R S T U V W X Y Z A B C D E F G H I J K L M N O P O F O P I T W R E J G V C B S B C V G J E R W T |
                                                   \M N O P Q R S T U V W X Y Z A B C D E F G H I J K L M N O P Q R S T U V W X Y Z A B C D E F G H I J Q P G P Q J U X S F K H W D C T C D W H K F S X U |
                                                     \A B C D E F G H I J K L M N O P Q R S T U V W X Y Z A B C D E F G H I J K L M N O P Q R S T U V K R Q H Q R K V Y T G L I X E D U D E X I L G T Y V |
                                                       \G H I J K L M N O P Q R S T U V W X Y Z A B C D E F G H I J K L M N O P Q R S T U V W X Y Z W L S R I R S L W Z U H M J Y F E V E F Y J M H U Z W |
                                                         \E F G H I J K L M N O P Q R S T U V W X Y Z A B C D E F G H I J K L M N O P Q R S T U V A X M T S J S T M X A V I N K Z G F W F G Z K N I V A X |
                                                           \U V W X Y Z A B C D E F G H I J K L M N O P Q R S T U V W X Y Z A B C D E F G H I J W B Y N U T K T U N Y B W J O L A H G X G H A L O J W B Y |
                                                             \C D E F G H I J K L M N O P Q R S T U V W X Y Z A B C D E F G H I J K L M N O P K X C Z O V U L U V O Z C X K P M B I H Y H I B M P K X C Z |
                                                               \C D E F G H I J K L M N O P Q R S T U V W X Y Z A B C D E F G H I J K L M N Q L Y D A P W V M V W P A D Y L Q N C J I Z I J C N Q L Y D A |
                                                                 \U V W X Y Z A B C D E F G H I J K L M N O P Q R S T U V W X Y Z A B C D O R M Z E B Q X W N W X Q B E Z M R O D K J A J K D O R M Z E B |
                                                                   \E F G H I J K L M N O P Q R S T U V W X Y Z A B C D E F G H I J K L E P S N A F C R Y X O X Y R C F A N S P E L K B K L E P S N A F C |
                                                                     \G H I J K L M N O P Q R S T U V W X Y Z A B C D E F G H I J K L M F Q T O B G D S Z Y P Y Z S D G B O T Q F M L C L M F Q T O B G D |
                                                                       \A B C D E F G H I J K L M N O P Q R S T U V W X Y Z A B C D M N G R U P C H E T A Z Q Z A T E H C P U R G N M D M N G R U P C H E |
                                                                         \M N O P Q R S T U V W X Y Z A B C D E F G H I J K L M N E N O H S V Q D I F U B A R A B U F I D Q V S H O N E N O H S V Q D I F |
                                                                           \Q R S T U V W X Y Z A B C D E F G H I J K L M N O P O F O P I T W R E J G V C B S B C V G J E R W T I P O F O P I T W R E J G |
                                                                             \M N O P Q R S T U V W X Y Z A B C D E F G H I J Q P G P Q J U X S F K H W D C T C D W H K F S X U J Q P G P Q J U X S F K H |
                                                                               \A B C D E F G H I J K L M N O P Q R S T U V K R Q H Q R K V Y T G L I X E D U D E X I L G T Y V K R Q H Q R K V Y T G L I |
                                                                                 \G H I J K L M N O P Q R S T U V W X Y Z W L S R I R S L W Z U H M J Y F E V E F Y J M H U Z W L S R I R S L W Z U H M J |
                                                                                   \E F G H I J K L M N O P Q R S T U V A X M T S J S T M X A V I N K Z G F W F G Z K N I V A X M T S J S T M X A V I N K |
                                                                                     \U V W X Y Z A B C D E F G H I J W B Y N U T K T U N Y B W J O L A H G X G H A L O J W B Y N U T K T U N Y B W J O L |
                                                                                       \C D E F G H I J K L M N O P K X C Z O V U L U V O Z C X K P M B I H Y H I B M P K X C Z O V U L U V O Z C X K P M |
                                                                                         \C D E F G H I J K L M N Q L Y D A P W V M V W P A D Y L Q N C J I Z I J C N Q L Y D A P W V M V W P A D Y L Q N |
                                                                                           \U V W X Y Z A B C D O R M Z E B Q X W N W X Q B E Z M R O D K J A J K D O R M Z E B Q X W N W X Q B E Z M R O |
                                                                                             \E F G H I J K L E P S N A F C R Y X O X Y R C F A N S P E L K B K L E P S N A F C R Y X O X Y R C F A N S P |
                                                                                               \G H I J K L M F Q T O B G D S Z Y P Y Z S D G B O T Q F M L C L M F Q T O B G D S Z Y P Y Z S D G B O T Q |
                                                                                                 \A B C D M N G R U P C H E T A Z Q Z A T E H C P U R G N M D M N G R U P C H E T A Z Q Z A T E H C P U R |
                                                                                                   \M N E N O H S V Q D I F U B A R A B U F I D Q V S H O N E N O H S V Q D I F U B A R A B U F I D Q V S |
                                                                                                     \O F O P I T W R E J G V C B S B C V G J E R W T I P O F O P I T W R E J G V C B S B C V G J E R W T |
                                                                                                       \G P Q J U X S F K H W D C T C D W H K F S X U J Q P G P Q J U X S F K H W D C T C D W H K F S X U |
                                                                                                         \Q R K V Y T G L I X E D U D E X I L G T Y V K R Q H Q R K V Y T G L I X E D U D E X I L G T Y V |
                                                                                                           \S L W Z U H M J Y F E V E F Y J M H U Z W L S R I R S L W Z U H M J Y F E V E F Y J M H U Z W |
                                                                                                             \M X A V I N K Z G F W F G Z K N I V A X M T S J S T M X A V I N K Z G F W F G Z K N I V A X |
                                                                                                               \Y B W J O L A H G X G H A L O J W B Y N U T K T U N Y B W J O L A H G X G H A L O J W B Y |
                                                                                                                 \C X K P M B I H Y H I B M P K X C Z O V U L U V O Z C X K P M B I H Y H I B M P K X C Z |
                                                                                                                   \Y L Q N C J I Z I J C N Q L Y D A P W V M V W P A D Y L Q N C J I Z I J C N Q L Y D A |
                                                                                                                     \M R O D K J A J K D O R M Z E B Q X W N W X Q B E Z M R O D K J A J K D O R M Z E B |
                                                                                                                       \S P E L K B K L E P S N A F C R Y X O X Y R C F A N S P E L K B K L E P S N A F C |
                                                                                                                         \Q F M L C L M F Q T O B G D S Z Y P Y Z S D G B O T Q F M L C L M F Q T O B G D |
                                                                                                                           \G N M D M N G R U P C H E T A Z Q Z A T E H C P U R G N M D M N G R U P C H E |
                                                                                                                             \O N E N O H S V Q D I F U B A R A B U F I D Q V S H O N E N O H S V Q D I F |
                                                                                                                               \O F O P I T W R E J G V C B S B C V G J E R W T I P O F O P I T W R E J G |
                                                                                                                                 \G P Q J U X S F K H W D C T C D W H K F S X U J Q P G P Q J U X S F K H |
                                                                                                                                   \Q R K V Y T G L I X E D U D E X I L G T Y V K R Q H Q R K V Y T G L I |
                                                                                                                                     \S L W Z U H M J Y F E V E F Y J M H U Z W L S R I R S L W Z U H M J |
                                                                                                                                       \M X A V I N K Z G F W F G Z K N I V A X M T S J S T M X A V I N K |
                                                                                                                                         \Y B W J O L A H G X G H A L O J W B Y N U T K T U N Y B W J O L |
                                                                                                                                           \C X K P M B I H Y H I B M P K X C Z O V U L U V O Z C X K P M |
                                                                                                                                             \Y L Q N C J I Z I J C N Q L Y D A P W V M V W P A D Y L Q N |
                                                                                                                                               \M R O D K J A J K D O R M Z E B Q X W N W X Q B E Z M R O |
                                                                                                                                                 \S P E L K B K L E P S N A F C R Y X O X Y R C F A N S P |
                                                                                                                                                   \Q F M L C L M F Q T O B G D S Z Y P Y Z S D G B O T Q |
                                                                                                                                                     \G N M D M N G R U P C H E T A Z Q Z A T E H C P U R |
                                                                                                                                                       \O N E N O H S V Q D I F U B A R A B U F I D Q V S |
                                                                                                                                                         \O F O P I T W R E J G V C B S B C V G J E R W T |
                                                                                                                                                           \G P Q J U X S F K H W D C T C D W H K F S X U |
                                                                                                                                                             \Q R K V Y T G L I X E D U D E X I L G T Y V |
                                                                                                                                                               \S L W Z U H M J Y F E V E F Y J M H U Z W |
                                                                                                                                                                 \M X A V I N K Z G F W F G Z K N I V A X |
                                                                                                                                                                   \Y B W J O L A H G X G H A L O J W B Y |
                                                                                                                                                                     \C X K P M B I H Y H I B M P K X C Z |
                                                                                                                                                                       \Y L Q N C J I Z I J C N Q L Y D A |
                                                                                                                                                                         \M R O D K J A J K D O R M Z E B |
                                                                                                                                                                           \S P E L K B K L E P S N A F C |
                                                                                                                                                                             \Q F M L C L M F Q T O B G D |
                                                                                                                                                                               \G N M D M N G R U P C H E |
                                                                                                                                                                                 \O N E N O H S V Q D I F |
                                                                                                                                                                                   \O F O P I T W R E J G |
                                                                                                                                                                                     \G P Q J U X S F K H |
                                                                                                                                                                                       \Q R K V Y T G L I |
                                                                                                                                                                                         \S L W Z U H M J |
                                                                                                                                                                                           \M X A V I N K |
                                                                                                                                                                                             \Y B W J O L |
                                                                                                                                                                                               \C X K P M |
                                                                                                                                                                                                 \Y L Q N |
                                                                                                                                                                                                   \M R O |
                                                                                                                                                                                                     \S P |
                                                                                                                                                                                                       \Q |
                                                                                                                                                                                                          +
