+ =================================================== +
 \A B C D E F G H I J K L M N O P Q R S T U V W X Y Z |
   \W X Y Z A B C D E F G H I J K L M N O P Q R S T A |
     \K L M N O P Q R S T U V W X Y Z A B C D E F U B |
       \Q R S T U V W X Y Z A B C D E F G H I J G V C |
         \O P Q R S T U V W X Y Z A B C D E F K H W D |
           \E F G H I J K L M N O P Q R S T G L I X E |
             \M N O P Q R S T U V W X Y Z U H M J Y F |
               \M N O P Q R S T U V W X A V I N K Z G |
                 \E F G H I J K L M N Y B W J O L A H |
                   \O P Q R S T U V O Z C X K P M B I |
                     \Q R S T U V W P A D Y L Q N C J |
                       \K L M N W X Q B E Z M R O D K |
                         \W X O X Y R C F A N S P E L |
                           \Y P Y Z S D G B O T Q F M |
                             \Q Z A T E H C P U R G N |
                               \A B U F I D Q V S H O |
                                 \C V G J E R W T I P |
                                   \W H K F S X U J Q |
                                     \I L G T Y V K R |
                                       \M H U Z W L S |
                                         \I V A X M T |
                                           \W B Y N U |
                                             \C Z O V |
                                               \A P W |
                                                 \Q X |
                                                   \Y |
                                                      +
