+ ===================================================== +
 \A B C D E F G H I J K L M N O P Q R S T U V W X Y Z A |
   \A B C D E F G H I J K L M N O P Q R S T U V W X Y B |
     \S T U V W X Y Z A B C D E F G H I J K L M N O Z C |
       \C D E F G H I J K L M N O P Q R S T U V W P A D |
         \E F G H I J K L M N O P Q R S T U V W X Q B E |
           \Y Z A B C D E F G H I J K L M N O X Y R C F |
             \K L M N O P Q R S T U V W X Y P Y Z S D G |
               \O P Q R S T U V W X Y Z A Z Q Z A T E H |
                 \K L M N O P Q R S T U B A R A B U F I |
                   \Y Z A B C D E F G V C B S B C V G J |
                     \E F G H I J K H W D C T C D W H K |
                       \C D E F G L I X E D U D E X I L |
                         \S T U H M J Y F E V E F Y J M |
                           \A V I N K Z G F W F G Z K N |
                             \W J O L A H G X G H A L O |
                               \K P M B I H Y H I B M P |
                                 \Q N C J I Z I J C N Q |
                                   \O D K J A J K D O R |
                                     \E L K B K L E P S |
                                       \M L C L M F Q T |
                                         \M D M N G R U |
                                           \E N O H S V |
                                             \O P I T W |
                                               \Q J U X |
                                                 \K V Y |
                                                   \W Z |
                                                     \A |
                                                        +
