+ ======================================================================================================= +
 \A B C D E F G H I J K L M N O P Q R S T U V W X Y Z A B C D E F G H I J K L M N O P Q R S T U V W X Y Z |
   \W X Y Z A B C D E F G H I J K L M N O P Q R S T U V W X Y Z A B C D E F G H I J K L M N O P Q R S T A |
     \K L M N O P Q R S T U V W X Y Z A B C D E F G H I J K L M N O P Q R S T U V W X Y Z A B C D E F U B |
       \Q R S T U V W X Y Z A B C D E F G H I J K L M N O P Q R S T U V W X Y Z A B C D E F G H I J G V C |
         \O P Q R S T U V W X Y Z A B C D E F G H I J K L M N O P Q R S T U V W X Y Z A B C D E F K H W D |
           \E F G H I J K L M N O P Q R S T U V W X Y Z A B C D E F G H I J K L M N O P Q R S T G L I X E |
             \M N O P Q R S T U V W X Y Z A B C D E F G H I J K L M N O P Q R S T U V W X Y Z U H M J Y F |
               \M N O P Q R S T U V W X Y Z A B C D E F G H I J K L M N O P Q R S T U V W X A V I N K Z G |
                 \E F G H I J K L M N O P Q R S T U V W X Y Z A B C D E F G H I J K L M N Y B W J O L A H |
                   \O P Q R S T U V W X Y Z A B C D E F G H I J K L M N O P Q R S T U V O Z C X K P M B I |
                     \Q R S T U V W X Y Z A B C D E F G H I J K L M N O P Q R S T U V W P A D Y L Q N C J |
                       \K L M N O P Q R S T U V W X Y Z A B C D E F G H I J K L M N W X Q B E Z M R O D K |
                         \W X Y Z A B C D E F G H I J K L M N O P Q R S T U V W X O X Y R C F A N S P E L |
                           \A B C D E F G H I J K L M N O P Q R S T U V W X Y Z Y P Y Z S D G B O T Q F M |
                             \W X Y Z A B C D E F G H I J K L M N O P Q R S T A Z Q Z A T E H C P U R G N |
                               \K L M N O P Q R S T U V W X Y Z A B C D E F U B A R A B U F I D Q V S H O |
                                 \Q R S T U V W X Y Z A B C D E F G H I J G V C B S B C V G J E R W T I P |
                                   \O P Q R S T U V W X Y Z A B C D E F K H W D C T C D W H K F S X U J Q |
                                     \E F G H I J K L M N O P Q R S T G L I X E D U D E X I L G T Y V K R |
                                       \M N O P Q R S T U V W X Y Z U H M J Y F E V E F Y J M H U Z W L S |
                                         \M N O P Q R S T U V W X A V I N K Z G F W F G Z K N I V A X M T |
                                           \E F G H I J K L M N Y B W J O L A H G X G H A L O J W B Y N U |
                                             \O P Q R S T U V O Z C X K P M B I H Y H I B M P K X C Z O V |
                                               \Q R S T U V W P A D Y L Q N C J I Z I J C N Q L Y D A P W |
                                                 \K L M N W X Q B E Z M R O D K J A J K D O R M Z E B Q X |
                                                   \W X O X Y R C F A N S P E L K B K L E P S N A F C R Y |
                                                     \Y P Y Z S D G B O T Q F M L C L M F Q T O B G D S Z |
                                                       \Q Z A T E H C P U R G N M D M N G R U P C H E T A |
                                                         \A B U F I D Q V S H O N E N O H S V Q D I F U B |
                                                           \C V G J E R W T I P O F O P I T W R E J G V C |
                                                             \W H K F S X U J Q P G P Q J U X S F K H W D |
                                                               \I L G T Y V K R Q H Q R K V Y T G L I X E |
                                                                 \M H U Z W L S R I R S L W Z U H M J Y F |
                                                                   \I V A X M T S J S T M X A V I N K Z G |
                                                                     \W B Y N U T K T U N Y B W J O L A H |
                                                                       \C Z O V U L U V O Z C X K P M B I |
                                                                         \A P W V M V W P A D Y L Q N C J |
                                                                           \Q X W N W X Q B E Z M R O D K |
                                                                             \Y X O X Y R C F A N S P E L |
                                                                               \Y P Y Z S D G B O T Q F M |
                                                                                 \Q Z A T E H C P U R G N |
                                                                                   \A B U F I D Q V S H O |
                                                                                     \C V G J E R W T I P |
                                                                                       \W H K F S X U J Q |
                                                                                         \I L G T Y V K R |
                                                                                           \M H U Z W L S |
                                                                                             \I V A X M T |
                                                                                               \W B Y N U |
                                                                                                 \C Z O V |
                                                                                                   \A P W |
                                                                                                     \Q X |
                                                                                                       \Y |
                                                                                                          +
