+ ========================================================================================================= +
 \A B C D E F G H I J K L M N O P Q R S T U V W X Y Z A B C D E F G H I J K L M N O P Q R S T U V W X Y Z A |
   \A B C D E F G H I J K L M N O P Q R S T U V W X Y Z A B C D E F G H I J K L M N O P Q R S T U V W X Y B |
     \S T U V W X Y Z A B C D E F G H I J K L M N O P Q R S T U V W X Y Z A B C D E F G H I J K L M N O Z C |
       \C D E F G H I J K L M N O P Q R S T U V W X Y Z A B C D E F G H I J K L M N O P Q R S T U V W P A D |
         \E F G H I J K L M N O P Q R S T U V W X Y Z A B C D E F G H I J K L M N O P Q R S T U V W X Q B E |
           \Y Z A B C D E F G H I J K L M N O P Q R S T U V W X Y Z A B C D E F G H I J K L M N O X Y R C F |
             \K L M N O P Q R S T U V W X Y Z A B C D E F G H I J K L M N O P Q R S T U V W X Y P Y Z S D G |
               \O P Q R S T U V W X Y Z A B C D E F G H I J K L M N O P Q R S T U V W X Y Z A Z Q Z A T E H |
                 \K L M N O P Q R S T U V W X Y Z A B C D E F G H I J K L M N O P Q R S T U B A R A B U F I |
                   \Y Z A B C D E F G H I J K L M N O P Q R S T U V W X Y Z A B C D E F G V C B S B C V G J |
                     \E F G H I J K L M N O P Q R S T U V W X Y Z A B C D E F G H I J K H W D C T C D W H K |
                       \C D E F G H I J K L M N O P Q R S T U V W X Y Z A B C D E F G L I X E D U D E X I L |
                         \S T U V W X Y Z A B C D E F G H I J K L M N O P Q R S T U H M J Y F E V E F Y J M |
                           \A B C D E F G H I J K L M N O P Q R S T U V W X Y Z A V I N K Z G F W F G Z K N |
                             \A B C D E F G H I J K L M N O P Q R S T U V W X Y B W J O L A H G X G H A L O |
                               \S T U V W X Y Z A B C D E F G H I J K L M N O Z C X K P M B I H Y H I B M P |
                                 \C D E F G H I J K L M N O P Q R S T U V W P A D Y L Q N C J I Z I J C N Q |
                                   \E F G H I J K L M N O P Q R S T U V W X Q B E Z M R O D K J A J K D O R |
                                     \Y Z A B C D E F G H I J K L M N O X Y R C F A N S P E L K B K L E P S |
                                       \K L M N O P Q R S T U V W X Y P Y Z S D G B O T Q F M L C L M F Q T |
                                         \O P Q R S T U V W X Y Z A Z Q Z A T E H C P U R G N M D M N G R U |
                                           \K L M N O P Q R S T U B A R A B U F I D Q V S H O N E N O H S V |
                                             \Y Z A B C D E F G V C B S B C V G J E R W T I P O F O P I T W |
                                               \E F G H I J K H W D C T C D W H K F S X U J Q P G P Q J U X |
                                                 \C D E F G L I X E D U D E X I L G T Y V K R Q H Q R K V Y |
                                                   \S T U H M J Y F E V E F Y J M H U Z W L S R I R S L W Z |
                                                     \A V I N K Z G F W F G Z K N I V A X M T S J S T M X A |
                                                       \W J O L A H G X G H A L O J W B Y N U T K T U N Y B |
                                                         \K P M B I H Y H I B M P K X C Z O V U L U V O Z C |
                                                           \Q N C J I Z I J C N Q L Y D A P W V M V W P A D |
                                                             \O D K J A J K D O R M Z E B Q X W N W X Q B E |
                                                               \E L K B K L E P S N A F C R Y X O X Y R C F |
                                                                 \M L C L M F Q T O B G D S Z Y P Y Z S D G |
                                                                   \M D M N G R U P C H E T A Z Q Z A T E H |
                                                                     \E N O H S V Q D I F U B A R A B U F I |
                                                                       \O P I T W R E J G V C B S B C V G J |
                                                                         \Q J U X S F K H W D C T C D W H K |
                                                                           \K V Y T G L I X E D U D E X I L |
                                                                             \W Z U H M J Y F E V E F Y J M |
                                                                               \A V I N K Z G F W F G Z K N |
                                                                                 \W J O L A H G X G H A L O |
                                                                                   \K P M B I H Y H I B M P |
                                                                                     \Q N C J I Z I J C N Q |
                                                                                       \O D K J A J K D O R |
                                                                                         \E L K B K L E P S |
                                                                                           \M L C L M F Q T |
                                                                                             \M D M N G R U |
                                                                                               \E N O H S V |
                                                                                                 \O P I T W |
                                                                                                   \Q J U X |
                                                                                                     \K V Y |
                                                                                                       \W Z |
                                                                                                         \A |
                                                                                                            +
