ZZAA
ZYAA
ZXAA
ZWAA
ZVAA
ZUAA
ZTAA
ZSAA
ZRAA
ZQAA
ZPAA
ZOAA
ZNAA
ZMAA
ZLBA
ZLAA
ZKBA
ZKAA
ZJBA
ZJAA
ZIBA
ZIAA
ZHBA
ZHAA
ZGBA
ZGAA
ZFBA
ZFAA
ZEBA
ZEAA
ZDBA
ZDAA
ZCBA
ZCAA
ZBBA
ZBAA
ZABA
ZAAA
YZAA
YYAA
YXAA
YWAA
YVAA
YUAA
YTAA
YSAA
YRAA
YQAA
YPAA
YOAA
YNAA
YMAA
YLBA
YLAA
YKBA
YKAA
YJBA
YJAA
YIBA
YIAA
YHBA
YHAA
YGBA
YGAA
YFBA
YFAA
YEBA
YEAA
YDBA
YDAA
YCBA
YCAA
YBBA
YBAA
YABA
YAAA
XZAA
XYAA
XXAA
XWAA
XVAA
XUAA
XTAA
XSAA
XRAA
XQAA
XPAA
XOAA
XNAA
XMAA
XLBA
XLAA
XKBA
XKAA
XJBA
XJAA
XIBA
XIAA
XHBA
XHAA
XGBA
XGAA
XFBA
XFAA
XEBA
XEAA
XDBA
XDAA
XCBA
XCAA
XBBA
XBAA
XABA
XAAA
WZAA
WYAA
WXAA
WWAA
WVAA
WUAA
WTAA
WSAA
WRAA
WQAA
WPAA
WOAA
WNAA
WMAA
WLBA
WLAA
WKBA
WKAA
WJBA
WJAA
WIBA
WIAA
WHBA
WHAA
WGBA
WGAA
WFBA
WFAA
WEBA
WEAA
WDBA
WDAA
WCBA
WCAA
WBBA
WBAA
WABA
WAAA
VZAA
VYAA
VXAA
VWAA
VVAA
VUAA
VTAA
VSAA
VRAA
VQAA
VPAA
VOAA
VNAA
VMAA
VLBA
VLAA
VKBA
VKAA
VJBA
VJAA
VIBA
VIAA
VHBA
VHAA
VGBA
VGAA
VFBA
VFAA
VEBA
VEAA
VDBA
VDAA
VCBA
VCAA
VBBA
VBAA
VABA
VAAA
UZAA
UYAA
UXAA
UWAA
UVAA
UUAA
UTAA
USAA
URAA
UQAA
UPAA
UOAA
UNAA
UMAA
ULBA
ULAA
UKBA
UKAA
UJBA
UJAA
UIBA
UIAA
UHBA
UHAA
UGBA
UGAA
UFBA
UFAA
UEBA
UEAA
UDBA
UDAA
UCBA
UCAA
UBBA
UBAA
UABA
UAAA
TZAA
TYAA
TXAA
TWAA
TVAA
TUAA
TTAA
TSAA
TRAA
TQAA
TPAA
TOAA
TNAA
TMAA
TLBA
TLAA
TKBA
TKAA
TJBA
TJAA
TIBA
TIAA
THBA
THAA
TGBA
TGAA
TFBA
TFAA
TEBA
TEAA
TDBA
TDAA
TCBA
TCAA
TBBA
TBAA
TABA
TAAA
SZAA
SYAA
SXAA
SWAA
SVAA
SUAA
STAA
SSAA
SRAA
SQAA
SPAA
SOAA
SNAA
SMAA
SLBA
SLAA
SKBA
SKAA
SJBA
SJAA
SIBA
SIAA
SHBA
SHAA
SGBA
SGAA
SFBA
SFAA
SEBA
SEAA
SDBA
SDAA
SCBA
SCAA
SBBA
SBAA
SABA
SAAA
RZAA
RYAA
RXAA
RWAA
RVAA
RUAA
RTAA
RSAA
RRAA
RQAA
RPAA
ROAA
RNAA
RMAA
RLBA
RLAA
RKBA
RKAA
RJBA
RJAA
RIBA
RIAA
RHBA
RHAA
RGBA
RGAA
RFBA
RFAA
REBA
REAA
RDBA
RDAA
RCBA
RCAA
RBBA
RBAA
RABA
RAAA
QZAA
QYAA
QXAA
QWAA
QVAA
QUAA
QTAA
QSAA
QRAA
QQAA
QPAA
QOAA
QNAA
QMAA
QLBA
QLAA
QKBA
QKAA
QJBA
QJAA
QIBA
QIAA
QHBA
QHAA
QGBA
QGAA
QFBA
QFAA
QEBA
QEAA
QDBA
QDAA
QCBA
QCAA
QBBA
QBAA
QABA
QAAA
PZAA
PYAA
PXAA
PWAA
PVAA
PUAA
PTAA
PSAA
PRAA
PQAA
PPAA
POAA
PNAA
PMAA
PLBA
PLAA
PKBA
PKAA
PJBA
PJAA
PIBA
PIAA
PHBA
PHAA
PGBA
PGAA
PFBA
PFAA
PEBA
PEAA
PDBA
PDAA
PCBA
PCAA
PBBA
PBAA
PABA
PAAA
OZAA
OYAA
OXAA
OWAA
OVAA
OUAA
OTAA
OSAA
ORAA
OQAA
OPAA
OOAA
ONAA
OMAA
OLBA
OLAA
OKBA
OKAA
OJBA
OJAA
OIBA
OIAA
OHBA
OHAA
OGBA
OGAA
OFBA
OFAA
OEBA
OEAA
ODBA
ODAA
OCBA
OCAA
OBBA
OBAA
OABA
OAAA
NZAA
NYAA
NXAA
NWAA
NVAA
NUAA
MVAA
MUAA
MTAA
MSAA
MRAA
MQAA
NTAA
NSAA
NRAA
NQAA
NPAA
NOAA
NNAA
NMAA
NLBA
NLAA
NKBA
NKAA
NJBA
NJAA
NIBA
NIAA
NHBA
NHAA
NGBA
NGAA
NFBA
NFAA
NEBA
NEAA
NDBA
NDAA
NCBA
NCAA
NBBA
NBAA
NABA
NAAA
MZAA
MYAA
MXAA
MWAA
MPAA
MOAA
MNAA
MMAA
MLBA
MLAA
MKBA
MKAA
MJBA
MJAA
MIBA
MIAA
MHBA
MHAA
MGBA
MGAA
MFBA
MFAA
MEBA
MEAA
MDBA
MDAA
MCBA
MCAA
MBBA
MBAA
MABA
MAAA
LZAA
LYAA
LXAA
LWAA
LVAA
LUAA
LTAA
LSAA
LRAA
LQAA
LPAA
LOAA
LNAA
LMBA
LMAA
LLBA
LLAA
LKBA
LKAA
LJBA
LJAA
LIBA
LIAA
LHBA
LHAA
LGBA
LGAA
LFBA
LFAA
LEBA
LEAA
LDBA
LDAA
LCBA
LCAA
LBBA
LBAA
LABA
LAAA
KZAA
KYAA
KXAA
KWAA
KVAA
KUAA
KTAA
KSAA
KRAA
KQAA
KPAA
KOAA
KNAA
KMBA
KMAA
KLBA
KLAA
KKBA
KKAA
KJBA
KJAA
KIBA
KIAA
KHBA
KHAA
KGBA
KGAA
KFBA
KFAA
KEBA
KEAA
KDBA
KDAA
KCBA
KCAA
KBBA
KBAA
KABA
KAAA
JZAA
JYAA
JXAA
JWAA
JVAA
JUAA
JTAA
JSAA
JRAA
JQAA
JPAA
JOAA
JNAA
JMBA
JMAA
JLBA
JLAA
JKBA
JKAA
JJBA
JJAA
JIBA
JIAA
JHBA
JHAA
JGBA
JGAA
JFBA
JFAA
JEBA
JEAA
JDBA
JDAA
JCBA
JCAA
JBBA
JBAA
JABA
JAAA
IZAA
IYAA
IXAA
IWAA
IVAA
IUAA
ITAA
ISAA
IRAA
IQAA
IPAA
IOAA
INAA
IMBA
IMAA
ILBA
ILAA
IKBA
IKAA
IJBA
IJAA
IIBA
IIAA
IHBA
IHAA
IGBA
IGAA
IFBA
IFAA
IEBA
IEAA
IDBA
IDAA
ICBA
ICAA
IBBA
IBAA
IABA
IAAA
HZAA
HYAA
HXAA
HWAA
HVAA
HUAA
HTAA
HSAA
HRAA
HQAA
HPAA
HOAA
HNAA
HMBA
HMAA
HLBA
HLAA
HKBA
HKAA
HJBA
HJAA
HIBA
HIAA
HHBA
HHAA
HGBA
HGAA
HFBA
HFAA
HEBA
HEAA
HDBA
FGAA
FFBA
FFAA
FEBA
FEAA
FDBA
FDAA
FCBA
FCAA
FBBA
FBAA
FABA
HDAA
HCBA
HCAA
HBBA
HBAA
HABA
HAAA
GZAA
GYAA
GXAA
GWAA
GVAA
GUAA
GTAA
GSAA
GRAA
GQAA
GPAA
GOAA
GNAA
GMBA
GMAA
GLBA
GLAA
GKBA
GKAA
GJBA
GJAA
GIBA
GIAA
GHBA
GHAA
GGBA
GGAA
GFBA
GFAA
GEBA
GEAA
GDBA
GDAA
GCBA
GCAA
GBBA
GBAA
GABA
GAAA
FZAA
FYAA
FXAA
FWAA
FVAA
FUAA
FTAA
FSAA
FRAA
FQAA
FPAA
FOAA
FNAA
FMBA
FMAA
FLBA
FLAA
FKBA
FKAA
FJBA
FJAA
FIBA
FIAA
FHBA
FHAA
FGBA
FAAA
EZAA
EYAA
EXAA
EWAA
EVAA
EUAA
ETAA
ESAA
ERAA
EQAA
EPAA
EOAA
ENAA
EMBA
EMAA
ELBA
ELAA
EKBA
EKAA
EJBA
EJAA
EIBA
EIAA
EHBA
EHAA
EGBA
EGAA
EFBA
EFAA
EEBA
EEAA
EDBA
EDAA
ECBA
ECAA
EBBA
EBAA
EABA
EAAA
DZAA
DYAA
DXAA
DWAA
DVAA
DUAA
DTAA
DSAA
DRAA
DQAA
DPAA
DOAA
DNAA
DMBA
DMAA
DLBA
DLAA
DKBA
DKAA
DJBA
CKBA
CKAA
CJBA
CJAA
CIBA
CIAA
DJAA
DIBA
DIAA
DHBA
DHAA
DGBA
DGAA
DFBA
DFAA
DEBA
DEAA
DDBA
DDAA
DCBA
DCAA
DBBA
DBAA
DABA
DAAA
CZAA
CYAA
CXAA
CWAA
CVAA
CUAA
CTAA
CSAA
CRAA
CQAA
CPAA
COAA
CNAA
CMBA
CMAA
CLBA
CLAA
BGAA
BFBA
BFAA
BEBA
BEAA
BDBA
CHBA
CHAA
CGBA
CGAA
CFBA
CFAA
CEBA
CEAA
CDBA
CDAA
CCBA
CCAA
BMAA
BLBA
BLAA
BKBA
BKAA
BJBA
BJAA
BIBA
BIAA
BHBA
BHAA
BGBA
CBBA
CBAA
CABA
CAAA
BZAA
BYAA
BXAA
BWAA
BVAA
BUAA
BTAA
BSAA
BRAA
BQAA
BPAA
BOAA
BNAA
BMBA
BDAA
BCBA
BCAA
BBBA
BBAA
BABA
BAAA
AZAA
AYAA
AXAA
AWAA
AVAA
AUAA
ATAA
ASAA
ARAA
AQAA
APAA
AOAA
ANAA
AMBA
AMAA
ALBA
ALAA
AKBA
AKAA
AJBA
AJAA
AIBA
AIAA
AHBA
AHAA
AGBA
AGAA
AFBA
AFAA
AEBA
AEAA
ADBA
ADAA
ACBA
ACAA
ABBA
ABAA
AABA
AAAA
