87
295
435
58
890
638
1
502
372
775
580
434
805
489
771
308
592
477
518
67
120
364
370
372
755
661
67
504
582
65
13
678
370
0
749
786
643
314
349
546
628
971
32
492
15
370
796
623
392
896
244
510
282
606
437
80
817
500
584
472
118
162
698
29
167
497
817
374
364
210
970
524
697
513
80
721
920
436
939
820
364
197
395
635
374
377
270
229
434
888
256
542
574
1
586
760
56
473
675
958
225
205
502
971
730
578
708
215
560
210
90
971
956
25
164
346
948
451
118
392
876
916
492
496
934
138
805
501
156
524
478
935
752
523
915
81
170
190
314
303
414
937
286
377
486
460
258
452
935
922
839
804
817
388
873
767
70
717
821
735
806
861
681
157
438
165
249
153
372
101
467
334
544
746
699
91
747
504
524
234
458
967
99
331
873
507
639
974
292
512
275
141
960
5
325
408
678
111
551
95
722
70
434
346
374
676
437
157
746
514
418
238
499
61
112
421
570
764
936
425
836
219
554
364
735
442
760
478
99
892
118
833
0
99
714
887
346
195
81
123
725
40
383
781
601
43
746
231
370
691
664
747
473
787
141
256
769
951
289
433
843
951
317
392
62
74
314
409
782
926
85
100
486
8
441
140
61
222
926
436
963
146
221
452
974
389
253
314
856
87
730
286
47
578
670
610
215
515
561
47
472
665
661
0
222
139
655
303
382
578
284
866
747
56
860
289
979
149
135
848
746
900
167
352
62
396
507
296
960
132
853
974
364
537
977
574
246
189
441
625
792
714
79
124
338
971
960
330
635
108
709
439
524
438
786
600
824
353
458
353
28
352
346
397
457
822
523
244
67
511
434
417
292
504
528
157
492
510
490
181
176
749
616
715
225
0
905
605
864
385
3
927
278
858
840
276
720
958
515
353
488
0
757
330
512
364
490
61
430
520
755
593
343
434
892
554
971
798
731
837
730
301
336
58
191
210
847
473
676
424
809
213
962
622
525
492
523
571
106
499
156
886
660
492
854
568
608
378
438
937
261
214
244
128
783
980
865
670
470
573
127
833
359
602
51
934
149
127
74
767
639
231
225
355
295
626
968
464
51
954
948
815
677
203
1
509
699
421
734
214
43
434
591
406
89
661
858
244
354
966
551
32
715
359
927
544
23
428
551
575
392
514
469
613
732
9
183
29
440
963
256
23
406
417
441
492
612
834
296
8
366
414
56
121
760
499
228
352
963
801
971
876
390
985
523
670
511
269
708
499
748
511
524
698
480
514
237
141
948
82
163
327
40
728
0
801
289
231
195
760
95
680
671
26
678
757
255
251
76
510
316
822
574
859
119
110
962
892
263
907
1
445
749
537
215
753
418
49
42
156
807
649
405
83
225
124
854
491
925
477
56
244
862
194
645
22
325
162
943
571
590
470
555
406
63
794
199
23
400
752
693
261
458
139
355
681
782
746
728
266
766
351
62
670
524
262
698
867
438
198
29
571
670
602
25
295
463
742
330
865
526
551
667
529
710
551
291
90
873
551
370
675
948
438
406
44
696
655
946
676
413
985
325
119
600
861
958
606
639
792
61
226
414
286
346
670
860
619
765
316
739
179
28
246
157
446
308
421
639
757
139
95
755
469
726
955
877
696
121
542
524
696
352
985
519
678
670
967
869
28
292
650
216
336
937
924
325
751
364
1
545
496
106
885
504
394
833
432
127
504
523
673
760
906
219
347
606
454
325
67
488
596
269
256
971
216
194
798
17
537
805
126
593
475
49
667
881
441
637
49
0
216
285
760
657
52
647
810
502
8
927
40
166
210
799
147
974
49
0
504
147
372
653
314
848
704
512
311
189
208
867
690
974
185
47
637
749
698
502
314
714
457
861
446
210
703
139
195
314
650
711
3
61
958
814
464
671
396
760
425
598
212
155
578
947
210
787
704
955
352
58
223
352
953
671
543
212
814
316
70
512
560
85
125
524
465
580
262
863
943
678
51
167
856
195
121
600
25
845
562
383
457
364
269
952
80
826
177
459
683
255
513
323
856
661
867
364
312
670
755
758
945
806
971
798
61
602
3
590
497
574
22
0
493
798
954
121
222
644
573
962
459
151
290
858
812
687
749
671
421
543
480
374
427
5
717
26
623
730
634
174
892
212
675
428
63
189
96
798
392
684
773
396
400
101
295
764
355
90
489
762
194
512
178
165
523
943
203
709
226
399
448
156
156
166
124
729
882
225
572
314
478
413
241
895
61
523
226
423
177
282
220
385
798
949
537
920
424
318
650
