162
932
213
753
887
628
272
232
956
725
757
551
749
652
465
192
927
777
489
968
4
93
798
876
139
401
158
511
515
492
395
699
454
97
504
803
745
283
102
197
498
896
778
316
63
725
504
8
43
492
446
62
591
307
432
755
186
590
338
722
575
210
962
523
333
491
401
546
263
508
771
261
918
90
565
4
825
571
478
376
124
962
456
742
714
374
30
959
469
377
183
101
80
162
646
424
148
95
475
885
107
734
180
51
847
770
70
205
858
40
575
28
469
523
274
225
396
329
650
876
186
343
470
287
502
162
188
151
712
671
76
330
472
708
390
798
524
943
61
907
0
141
967
478
172
257
203
566
574
357
493
790
689
8
551
256
631
764
873
852
971
439
216
930
197
95
749
225
58
318
172
505
945
156
42
131
887
696
722
0
101
714
794
801
223
865
544
892
671
478
257
665
409
491
603
608
83
868
877
151
663
93
674
622
703
215
773
625
419
34
632
518
767
963
826
53
836
454
432
49
425
690
720
325
673
833
976
773
223
353
432
940
458
586
67
650
318
865
346
729
943
472
327
212
918
638
714
777
571
197
847
492
392
99
809
115
437
808
395
153
215
318
112
157
954
194
820
289
528
658
503
0
608
327
658
544
8
436
825
601
638
205
156
83
333
25
660
248
352
524
425
54
872
23
223
327
672
535
90
282
262
602
713
924
434
434
976
461
887
821
543
47
90
207
571
880
690
301
600
90
341
80
156
678
544
847
492
297
454
588
61
198
703
792
141
183
708
571
124
634
472
698
178
51
410
772
421
149
548
76
694
937
598
355
639
217
243
194
2
184
294
80
406
47
372
40
677
559
632
321
699
584
65
931
661
962
717
121
124
352
658
330
308
327
677
445
26
432
121
51
612
434
571
508
962
452
551
140
70
696
473
789
357
23
733
62
3
510
639
575
364
364
962
664
157
661
584
205
566
729
708
690
655
357
262
628
295
336
272
376
77
749
656
448
792
452
0
301
465
130
932
810
975
892
13
156
72
108
384
140
865
140
860
43
0
599
167
296
0
461
670
511
696
812
461
528
330
937
346
272
93
292
573
90
656
95
262
216
216
127
808
552
728
717
621
729
818
296
511
819
754
678
840
503
544
354
532
925
746
930
660
861
671
732
445
814
856
194
523
546
351
414
183
551
180
314
364
499
594
907
389
864
617
710
425
226
537
469
620
364
858
775
262
565
551
194
927
945
406
484
514
225
936
201
805
567
0
661
131
99
81
8
8
195
219
902
456
792
833
551
197
734
836
951
803
465
157
757
430
56
303
448
314
690
660
601
765
670
336
406
267
425
877
297
109
139
665
51
977
537
628
197
789
1
165
655
478
782
472
396
860
258
336
649
454
31
325
269
198
126
674
482
45
81
266
166
226
434
225
226
478
366
920
327
379
109
20
352
392
976
223
301
255
551
0
708
95
764
478
749
399
650
725
460
743
491
628
30
965
369
717
934
727
667
269
591
792
746
0
225
737
676
17
491
314
478
258
864
730
222
661
180
924
452
645
168
0
771
215
424
623
0
374
424
672
124
504
1
920
1
683
677
696
203
669
492
690
974
409
960
662
114
156
90
58
808
275
499
121
976
963
765
0
357
672
162
968
231
612
892
256
798
94
4
500
775
510
689
255
424
668
965
527
847
72
95
194
795
602
346
794
582
151
291
446
338
469
434
565
561
794
854
892
937
355
439
731
366
179
486
788
874
945
820
755
30
971
452
852
593
792
176
687
449
477
618
778
434
526
421
56
397
749
976
792
584
890
61
5
104
545
801
470
513
167
279
52
156
729
399
257
59
571
452
506
109
546
789
533
156
690
99
47
498
524
858
575
471
962
602
573
524
949
526
544
130
325
621
748
524
72
498
605
147
446
616
275
53
470
327
220
655
437
292
646
22
624
301
499
599
954
571
639
907
179
256
508
502
377
757
101
935
325
211
101
244
856
396
325
801
715
26
507
203
766
214
677
461
512
235
111
968
327
251
364
504
512
902
507
395
690
110
352
499
348
469
760
232
354
551
525
546
602
110
779
445
780
0
390
364
255
504
352
65
258
704
73
275
121
591
671
325
720
72
321
113
23
551
803
392
185
416
0
805
8
282
743
801
296
180
215
34
186
55
113
466
261
639
220
840
308
948
645
512
40
8
124
512
575
0
958
274
867
971
566
907
266
382
222
51
51
934
99
690
5
670
644
714
376
907
602
157
860
752
690
392
777
330
955
873
766
925
186
676
372
778
100
121
650
352
