812
197
55
705
723
79
440
914
446
765
381
147
350
456
217
13
899
125
868
531
662
952
804
394
844
667
906
124
104
868
113
898
96
101
637
734
160
3
681
564
713
83
688
71
461
829
89
375
868
873
828
571
845
655
865
705
252
789
814
350
637
847
197
649
945
816
391
46
755
89
608
407
93
211
483
562
48
501
845
860
377
689
422
239
285
247
863
543
978
701
795
627
511
13
260
452
765
654
434
473
662
950
863
730
173
358
287
154
765
85
27
169
693
380
336
966
583
216
437
569
844
184
103
357
191
355
730
882
921
182
368
549
138
186
281
239
567
504
388
265
578
355
415
256
675
742
171
238
957
549
773
804
714
863
113
896
173
841
735
37
951
58
592
28
245
767
275
716
277
609
975
756
863
397
23
571
99
125
777
989
654
517
790
368
325
843
218
504
696
955
463
661
946
31
687
193
737
868
899
24
410
882
776
304
238
730
841
330
786
589
321
443
92
63
734
397
892
955
816
562
851
291
196
742
260
804
941
7
647
789
955
63
701
687
296
861
363
142
202
160
706
452
615
716
445
291
60
358
185
863
879
980
113
29
730
362
770
688
310
362
508
202
418
136
868
709
8
254
775
147
348
429
552
864
99
981
174
147
286
358
27
123
343
136
147
93
423
848
700
669
225
136
857
599
269
690
227
204
863
14
357
227
373
868
45
466
791
217
625
99
516
589
199
767
644
286
787
70
90
511
666
310
643
472
797
819
103
43
31
969
990
325
140
367
213
184
758
948
335
372
45
829
863
184
574
527
391
355
527
474
776
184
703
357
651
534
184
730
510
154
655
505
481
781
785
632
892
508
598
179
790
575
11
689
730
509
207
136
844
716
553
593
885
246
910
500
697
45
170
197
193
797
637
619
560
357
226
377
844
730
575
661
301
510
350
28
0
575
106
775
216
644
361
125
795
291
552
524
272
696
651
393
443
281
3
982
579
171
310
408
882
846
6
191
359
357
168
301
840
188
93
62
753
438
120
592
662
599
95
846
286
724
264
662
924
193
600
511
362
866
898
191
678
846
327
31
216
414
271
993
627
343
982
368
713
29
929
318
628
952
113
816
638
367
501
585
509
3
5
846
868
846
986
584
713
319
552
910
672
789
846
286
91
765
605
722
790
462
969
358
422
96
184
981
449
615
574
868
621
576
730
427
410
671
994
136
898
466
997
602
197
778
848
283
584
377
924
315
838
897
669
202
999
767
186
380
323
678
278
846
176
941
293
534
571
222
658
472
631
607
55
803
315
843
28
860
235
960
184
11
864
771
216
800
584
339
141
868
14
344
682
184
232
967
646
767
131
233
251
732
799
310
509
65
154
539
919
321
508
57
330
318
765
485
75
342
796
202
171
755
568
840
863
708
742
534
508
797
742
730
508
512
972
993
583
136
533
433
377
941
420
710
269
193
187
330
475
922
466
586
644
935
350
526
661
31
32
151
843
716
819
287
228
789
280
718
923
722
168
325
679
527
964
860
710
103
202
125
958
615
687
614
569
31
125
145
85
99
297
845
732
128
137
968
910
343
644
789
83
723
58
733
250
953
575
873
58
753
15
951
304
698
578
767
672
680
906
675
698
151
543
443
277
666
358
136
924
993
855
9
716
846
689
963
744
250
854
733
929
797
704
240
527
275
24
129
863
862
787
602
28
330
30
236
909
326
364
851
319
173
790
37
951
509
929
713
733
730
462
637
576
173
789
8
437
810
135
254
697
910
830
664
186
789
872
46
134
190
840
442
362
656
413
323
99
303
960
763
38
430
393
612
550
191
564
967
941
675
228
602
548
0
249
658
789
144
644
856
339
496
250
643
85
669
868
165
875
845
910
921
291
328
473
744
455
13
666
402
631
816
990
97
817
177
675
584
318
317
434
602
783
630
217
849
221
110
948
123
948
868
50
181
147
529
914
615
467
611
930
19
418
857
112
184
40
710
735
357
24
125
921
737
728
154
568
943
186
513
78
146
389
50
254
477
512
184
89
960
713
946
983
86
814
27
254
853
730
3
154
694
58
27
443
782
183
994
679
307
433
730
440
816
784
641
236
305
737
245
200
469
195
129
555
24
93
783
810
744
722
968
449
770
0
878
519
123
819
186
407
268
914
781
24
662
418
254
870
113
431
28
593
641
99
45
653
174
765
402
910
510
374
318
222
374
147
723
508
968
844
833
176
714
643
132
375
982
321
207
103
736
238
614
374
263
651
954
426
357
368
292
777
736
615
6
74
733
674
505
661
535
