176
152
123
24
327
395
13
442
497
124
347
14
249
170
375
80
96
266
395
350
175
395
206
28
327
53
57
23
123
354
361
269
452
428
297
304
349
307
211
348
368
57
328
116
220
206
192
295
415
57
128
94
415
308
89
249
343
142
241
418
441
94
181
410
34
416
174
375
182
371
192
53
384
13
165
76
188
321
349
97
360
425
161
297
235
204
477
35
337
212
435
267
311
96
173
311
13
313
175
192
153
328
204
43
315
354
76
433
135
417
14
444
354
142
204
86
338
190
82
170
357
29
409
161
94
55
407
97
326
57
266
447
370
431
450
185
289
45
96
364
420
113
327
297
251
485
328
74
142
395
206
488
395
123
116
483
141
23
57
431
76
286
373
407
219
318
62
433
320
160
323
241
271
102
464
450
93
311
36
192
170
245
186
65
323
269
14
429
262
38
387
324
312
247
198
475
50
267
423
349
395
260
76
130
347
53
91
389
321
90
89
464
323
236
0
97
475
480
51
193
14
395
2
298
142
171
276
152
415
165
484
303
393
24
373
209
48
449
102
323
13
160
267
308
371
270
382
327
249
423
12
229
311
476
459
392
154
240
47
33
381
488
324
266
14
194
436
20
125
18
313
97
173
57
382
11
318
295
334
8
173
320
198
449
270
168
357
395
358
388
391
211
350
186
442
337
341
368
350
441
383
160
14
62
204
395
69
461
181
362
429
321
175
152
289
421
315
96
307
132
438
191
341
313
331
306
142
168
132
434
89
17
69
97
76
284
498
115
207
151
461
160
429
114
308
191
497
63
295
267
192
196
395
488
491
244
297
96
385
368
51
468
382
116
74
423
347
44
45
13
181
465
166
94
53
415
292
53
473
13
311
141
207
203
126
170
423
362
235
327
245
290
275
125
349
334
14
161
362
54
170
5
488
328
63
45
261
334
83
192
321
347
326
475
51
395
116
425
282
342
229
497
76
475
89
415
321
96
74
151
116
248
116
100
65
175
103
290
457
158
442
296
488
250
231
494
152
336
392
368
142
123
366
210
96
414
130
368
474
167
471
61
362
93
128
383
273
231
166
233
368
87
453
328
326
161
327
423
435
223
311
92
312
141
310
384
14
381
240
489
13
206
53
370
307
174
282
13
358
383
247
238
461
173
57
271
327
342
190
292
20
472
355
326
76
121
185
94
453
395
86
428
76
96
324
361
244
53
368
93
427
76
298
398
254
312
138
62
145
321
311
130
270
124
398
311
244
91
381
168
442
423
107
28
23
382
382
231
395
235
321
342
284
57
217
4
351
347
33
443
125
311
83
343
401
487
142
152
50
16
294
491
408
347
487
396
200
347
131
97
69
395
425
337
442
117
316
320
418
313
280
50
96
321
348
2
311
473
116
313
449
350
278
370
194
266
297
382
96
368
440
129
295
354
442
240
455
234
43
382
489
311
385
91
108
207
59
365
158
142
144
116
479
393
433
181
154
199
33
247
71
433
358
345
315
297
69
289
461
70
129
452
335
477
14
395
161
74
290
313
207
368
370
161
290
327
311
381
485
328
90
57
295
398
360
52
192
388
297
130
449
395
57
308
350
71
195
499
110
423
284
297
289
152
423
47
423
233
382
412
14
458
426
273
370
311
313
27
165
82
124
91
429
175
370
278
250
43
278
347
423
27
93
172
142
14
175
65
209
57
473
231
22
407
429
362
185
262
382
337
308
6
410
247
152
274
497
380
274
234
193
165
228
297
327
350
274
489
406
453
14
357
161
43
248
97
364
405
320
231
215
97
196
96
312
342
326
278
225
76
442
370
200
176
124
481
488
347
428
367
295
442
233
422
444
449
485
327
344
311
51
56
355
247
152
126
74
445
381
270
499
341
97
168
465
219
158
450
23
96
311
311
53
20
192
458
431
176
306
306
423
332
317
269
32
429
369
102
368
270
327
342
59
416
499
29
101
117
444
128
175
267
412
219
255
102
158
164
253
425
428
175
244
264
422
275
166
281
329
495
17
160
337
51
43
312
69
142
401
488
231
83
212
145
274
415
207
398
76
402
321
14
53
51
235
427
312
381
204
130
349
192
256
186
233
296
427
274
398
326
266
134
393
422
244
129
345
395
497
377
323
320
360
329
349
91
281
116
425
453
247
266
158
471
423
368
266
338
131
130
161
345
229
14
244
434
147
46
327
104
409
100
398
295
423
229
329
193
334
241
161
68
471
283
8
366
142
234
206
240
350
326
43
70
338
282
481
460
313
294
74
191
368
429
422
311
170
224
478
493
