19677743.389042586
20388200.461482096
22095035.197121885
21938947.416124344
18962155.97204208
20818250.403200805
20003159.95607331
20693360.68563945
16661016.106190976
20887925.34728804
22927206.384427857
23796666.2990982
23345771.267621826
21481538.21449765
21910041.33458795
21942766.29142322
21157708.149436098
17764205.895769123
21395766.207495946
23805932.795700755
21510814.135019537
20765486.339975182
20990460.0198005
22518619.80268079
21418835.907216057
20842437.78121114
21796071.88830208
19346899.926847328
16283306.321287664
16652748.040017806
19266873.38105185
19211619.774684608
22476232.923283912
16916279.269119497
20377196.82954011
20829253.267228153
17299779.897334896
20252726.40308572
17314516.818788856
25085230.59323666
23359631.103783168
21998327.274834838
20754825.908049576
21111444.48060409
20293209.662814807
17244662.62140262
20738915.06358938
21142745.690692265
18147312.289457813
21121090.51721745
21163131.38072833
20380651.616147872
17318451.068797305
21271844.4570457
18649582.033621296
18315475.08034498
18366469.569573354
29914755.73422843
19374774.3449897
23677830.302241746
20595606.33104288
23235588.451320097
20692852.673676398
21021300.7521155
21994137.93721859
22290773.49973098
25878187.86909112
20682288.240553893
20946246.14764756
20654559.439992275
19486600.94380433
17476099.687317725
17542733.60999191
21303977.93592124
21685865.250827663
21366686.971754964
18076831.104492757
21535285.212467086
22058437.02715394
20641034.17836339
20822815.464587275
20316339.113210436
20934088.19789781
17135268.44929386
21564486.7932894
24880702.85475995
19723716.45402384
19766222.095252253
23401799.170981586
20617954.849262994
21610477.373302203
19920304.51425568
18934027.250353877
25980706.65031119
20496000.14005919
20210875.89234263
21365251.884942427
19102015.83069007
19324415.96493956
17790307.717973255