19939136.00863458
18400207.177666437
20753950.246632237
20886927.263222754
20892329.910887673
24516228.95807022
18738933.13766288
20998784.182979126
20601535.58956638
19067560.390643846
17642475.977579236
18492797.646039825
20869173.07458408
20456692.393454168
23001316.007064134
20561324.528486922
23467671.90014806
21478550.49889816
23650366.852049585
22634331.206795067
21902338.30474694
22018918.387715023
19024505.293730944
22206523.424706664
18449112.73383768
20854536.635574944
22706753.74381118
25221790.948427625
20541198.4552561
20112105.97543605
25026614.49268056
20153176.811330587
21965814.948481474
20399577.747747593
18804496.645948447
18298737.980391353
20001472.51169713
24567672.322353307
20452151.82810528
18868838.855892193
23114982.0963612
24185136.706347007
23922991.163508993
23649700.131723322
25119028.244594492
17822240.27977252
23614397.30736217
14839910.272896595
22625065.474563733
20872551.105617736
20026134.591227148
18726953.11588056
19375729.980304334
20042142.000153415
23233576.027560215
23429713.02016997
22326455.76761044
22797691.07485126
27396338.422711402
21607376.325703144
24797196.14622503
21211620.055129196
23272937.383172374
19447407.317590714
20972301.289774876
23336246.0399675
16799995.03616409
23464621.1857624
20896537.088559445
24339316.108362768
18033088.343074664
20658327.908043705
19228014.65613831
18765456.260165695
18630379.445367448
21964828.452391956
17990421.155235484
19952672.257594027
23912487.53923638
21698503.741523307
16730286.289604273
22826006.328803994
24980429.744377382
23195711.022517744
16976282.09999675
22826175.7452231
19592206.834020294
19925386.803278457
20083900.80441284
19597127.638181273
23511153.96405526
17898238.38665196
22624214.20360603
25186636.12389385
20735048.49194432
21469257.602468792
18892368.15691276
22856064.82251493
19695161.584844537
25981823.5496335