18368008.068943042
22525121.89359082
21480417.991858117
25190111.6106423
19741843.72111034
24181878.38070184
21069102.18813903
24349821.001046974
20440106.346997444
22644911.612731315
21587648.26628113
20682064.496007062
26445100.598478567
19941275.75140691
20127013.115809575
17580162.835588727
20959604.769953735
20311194.79679355
23524957.08893272
23723443.32358938
16399805.37169705
20071744.99041635
21319333.628392637
20047451.991559334
19724427.302915316
21616727.75829063
21033948.487273872
16762126.446627162
18917623.953068968
18824746.77996852
19694862.84598653
20577607.76455674
19381479.669790145
16668771.695993919
19364987.334294505
19970562.13057208
23626128.51448394
18068882.49678896
19522410.952962898
21635155.686040256
16718334.8676498
20201089.96867929
19536803.05988387
18372490.258208692
25007603.488943856
20840508.27182132
20528794.665467087
26215442.028260797
22309364.493313707
16807575.07522659
22362195.619174924
21546439.755876526
21817537.664149087
19499905.046169706
19047839.39803426
20783262.623050433
19589784.56781918
19533439.82690508
20041247.344650283
18304874.852106247
21550124.32992331
24213379.673237994
18534983.480506733
16935079.50613099
17472225.467372365
19566842.619785048
22034534.848579254
22952093.526758168
20032062.429445095
18228501.467386816
17129981.842252463
22633226.92544495
17523100.69442812
15673989.030624475
21832208.918094818
18842821.68439043
20152296.875465542
18913672.766469862
20581775.398421317
20391717.59469106
19428278.451771777
26418431.75520558
21313167.590115663
18748528.893055696
21135313.942638393
22290491.868266992
20849685.909751255
19866052.25432904
15784866.140071725
23191553.233829334
20561565.873315535
25162725.769138206
29058891.84493451
18995946.07788409
20180210.1674172
23231963.105857726
20530793.840841066
26786462.828697298
22166760.830973312
19761044.0329263