14773688.160815356
24575086.258297596
21601854.439141057
19849151.251466893
20252149.289026577
19864128.03800952
20184654.22105781
23504061.893412538
20183324.46156629
19262561.47284869
24537147.795433648
20373135.341937207
24655105.385629676
22251287.266705
18049257.872143112
22238802.275785115
20244506.41083128
20022785.113473915
21995436.479009148
22116993.216130536
24549484.40401537
24833042.52394601
21353158.718667034
23728025.342044722
16499974.757137991
21598407.990145482
20802002.915224418
22202501.101229016
19011501.26989751
21852566.592772707
18525050.99672774
21755027.669574942
20860648.406664487
19573092.990626205
20383168.06531021
26118417.808266964
23058817.339043174
18786484.222670145
22364930.632995877
17277501.553498346
15291533.692192286
21792336.885306437
18758706.365971796
20375365.447367895
19410460.93685845
23343915.53787112
19971123.455227897
20808967.54231794
21605787.747502632
17376971.83584518
21337802.375337537
18430199.324594665
25466531.851446986
24339802.127546094
24088781.638518233
22636200.896440405
17745081.707135446
19359203.83455959
17089616.022264794
25405448.148356386
20185470.86377023
14665699.486102803
20536622.959759306
23650434.88697494
20089707.316402107
23843935.14797277
25150521.636846997
21422349.98464342
20001205.39691771
22012328.310860526
18781724.357619673
21274546.876259565
20789155.12338785
22625175.7081472
20355626.575540964
20823323.889357615
21554583.06781171
24474837.753326546
21537156.92579713
23488140.681212563
23123329.941334866
22682704.168503415
15882342.944739114
21252153.405576233
22348398.933678985
27026299.13453752
20119689.986088682
19366916.648943663
26130479.96987559
21049318.545507457
21676034.786894683
21129195.399667278
24882426.72574988
17373666.990502506
15905849.61046068
18161783.97062438
18883370.236295883
23163311.65555591
21469527.96490683
22318017.758846477