19760751.8400994
22730167.706590388
22795020.67686868
23788177.701332398
18952306.60678847
20444891.69074442
20707842.07267404
23851889.487027343
21292065.060113356
18321918.019133165
25318939.854922593
25005807.454382177
19811213.98166797
21086547.60648606
17670921.305392265
25518329.906571403
21590078.15072591
18996662.850498743
19786743.221588567
19714301.6774156
23022034.05451117
20564248.475578524
15200566.688776294
21751992.015645266
20143452.724207956
24762674.963893145
18859991.45792894
18277405.853656385
20579106.373561986
21816310.169073354
21142569.84250283
26183949.86487774
20532820.8856468
22283688.977574416
21348581.353505336
17596359.889447164
21925368.665744714
19170652.415347688
21697562.92540515
22706631.5869599
24542635.69081679
18253525.795611702
15304003.090908397
22525933.787386153
24981468.450135544
21077345.006063256
25335535.67721858
24736123.87506536
20276225.60341455
20432497.14463684
14178230.685630823
20994013.735841166
21999356.088169727
20046734.77280404
19627319.09609069
22867913.07630817
20098509.878090903
15611788.544018924
20534432.045747377
22355100.73644594
21572708.318685103
25368095.85440467
18280240.025663927
19461113.469249547
22261741.372974806
20084347.235464625
21965286.201156437
19941850.3022353
22210506.65970916
19104699.623970896
17292807.45461459
19882376.881321266
18972158.222139634
20109707.434006147
19500275.238149665
20229561.739461236
17035774.55830696
21397007.7729341
15537389.776636688
21058723.07830615
18001069.365436703
20362094.11588619
24362719.844198596
17751472.993335377
20518227.917675477
19112241.89639487
23960152.592118446
20292329.636747375
20012644.74550882
16631414.217020517
21115360.355600614
21729390.031535316
21616189.96844132
20993396.84787211
18878696.435870077
21490482.933349803
19771072.429006554
22012889.63809088
17942278.91966308
20746371.668805093