1589099681
-1
4282526552
186925490
3029286830
705811980
-1
-1
20731696
702976331
260834151
-1
803317125
164104822
-1
-1
-1
72673164
-1
-1
3900418877
925745565
-1
3069977017
547471631
-1
924974189
19206711
909088168
-1
-1
-1
1400253480
-1
21513172
-1
1184463740
-1
231940125
2626037781
-1
-1
376542719
975854064
3339856700
-1
728713608
-1
-1
-1
-1
2075417182
-1
431404037
-1
-1
-1
-1
-1
162318172
2243187243
-1
247799266
485001576
-1
-1
-1
-1
-1
-1
55568936
459183685
-1
590193616
-1
-1
412926546
3509783981
-1
-1
-1
2295472249
-1
4661007352
1633755631
293070547
804216988
-1
-1
1079383969
2034983
-1
-1
-1
1127314747
6920507500
-1
2543350274
6133598040
2420801806
-1
4256649909
1164151517
-1
-1
5069587487
-1
-1
3979755518
1129554645
800466988
1325599065
4561089925
70032895
1886930506
-1
-1
-1
-1
-1
-1
604195700
1808976408
295682067
162787596
-1
-1
450403607
1172687397
1657122569
1155569966
-1
4810275134
3099889023
-1
-1
-1
-1
2859158045
1231875482
1675860154
175914439
-1
-1
385643764
-1
3298645382
1816767451
-1
274197134
2163145188
-1
-1
-1
614543
368080578
388866626
-1
2327534208
-1
1724775746
-1
1424233004
-1
-1
-1
-1
2949658826
281120563
105330595
-1
43819662
-1
-1
-1
2670912577
-1
2412756021
1205120857
-1
254637793
5449418514
-1
-1
957196045
1859653352
453046834
2443087188
126813632
4077383756
283411400
650087675
-1
2967342505
3471218306
-1
-1
-1
830430556
-1
3945350289
-1
-1
2803313271
-1
2689106629
-1
605632239
224561767
56555179
-1
4198082950
-1
-1
-1
-1
524345751
47326875
-1
-1
-1
820780110
-1
-1
-1
4326843530
2793548892
606299231
-1
1022886665
96902102
-1
-1
45505773
1877780526
5735346836
-1
1013173746
-1
125620536
631574546
67187530
-1
60106330
225668064
-1
-1
477405984
-1
2342041502
-1
-1
-1
1775810232
503588528
2052934750
