314009921
1494666520
-1
1180071613
-1
-1
237751729
77257027
-1
5811510331
-1
2280592127
917213121
1354851018
-1
-1
978345466
3410338089
1618544910
428836137
-1
61181585
826942726
492615516
704956945
2835703367
-1
1890928696
370502464
-1
2302329541
-1
3992206092
-1
-1
-1
787300543
-1
4244315974
-1
11712714
441303431
-1
-1
3612691936
57615415
4093470843
882468299
4775052679
-1
201289969
2202203224
4871022281
1166655181
761295482
-1
-1
-1
1022053682
-1
2683785364
1563479573
3513237654
-1
1986547231
-1
-1
639218818
-1
-1
-1
290604765
-1
106206894
-1
322005481
29601504
-1
2467349962
1463508654
237350575
614677960
1798970020
643029681
1265889609
513907273
2496098699
-1
385684311
-1
2283112727
-1
3008810543
5538311526
-1
-1
-1
2266917389
-1
1398637321
1277482579
-1
1925241902
49388337
-1
1381877506
-1
1196877223
1636242451
-1
-1
622639121
-1
-1
948265913
916572668
1952399484
-1
106525197
-1
-1
-1
-1
-1
-1
-1
913723530
-1
444427899
1692245987
1074777795
-1
117083443
-1
2148872429
-1
980870056
-1
-1
1468128638
7226624417
190783368
-1
-1
-1
-1
-1
-1
-1
71084361
131537025
3909093981
1300788703
101489967
-1
1595860
5033386216
498925559
-1
103019463
2205236321
-1
-1
-1
4946988848
-1
-1
-1
-1
-1
2674591485
3642396668
3320744762
36007306
448494363
-1
1295309988
837560689
-1
147567214
-1
2430569324
3779243216
916977810
1836451079
-1
-1
-1
-1
-1
-1
-1
8976317
-1
-1
1502958374
678397716
479287208
-1
340134095
316721024
-1
-1
-1
-1
-1
-1
5018515257
-1
3029153658
-1
-1
-1
568765237
-1
-1
1683327078
-1
-1
-1
-1
686954284
1279644027
-1
1391275723
498465148
-1
1571740514
-1
309739583
1082302514
-1
4565469070
927391559
419470177
-1
-1
-1
-1
2981759773
-1
355655376
-1
1033348
34582565
119105948
472203549
-1
-1
1523399009
764195469
-1
423268238
1242041260
-1
-1
