16691799
1375705368
326349441
-1
1616970713
-1
519392657
109144581
-1
-1
-1
-1
-1
128185045
264211524
-1
2644919117
533771149
1636698757
-1
-1
-1
-1
1813482025
1088367654
-1
6184693002
-1
2381632535
-1
-1
1813050760
1339180378
4514074575
-1
-1
52386752
100947207
-1
-1
886198850
2850853203
-1
-1
242712982
4695477925
-1
727003124
-1
713386651
-1
-1
2654242754
-1
1462640743
2502936585
-1
52608681
213253271
3634501252
1892128992
1099761059
3213394677
-1
3228075364
2415918078
-1
-1
-1
1878915201
364508263
-1
2022662093
3451508047
2446391083
1983835764
4468650681
-1
-1
-1
2773596947
1134839412
-1
4323307633
-1
-1
-1
963645330
-1
4656452610
3708785440
1558504794
-1
-1
879808519
774271500
-1
1234915717
6561451250
53143041
1027548067
-1
2438826205
-1
5216032597
-1
589441157
1537768910
1793945822
66628935
-1
-1
-1
2906829327
-1
-1
1953957818
989226628
844625829
-1
-1
411343701
2038111976
-1
3629378
814173158
-1
-1
-1
1287426846
5675941090
30970376
6045187582
-1
-1
-1
-1
297314500
-1
390958976
428539262
-1
4368058410
2801868488
324148915
-1
-1
1530173325
2071617757
3004371734
-1
78149160
4827137944
3071609435
-1
-1
3030358850
-1
1343671514
-1
138641845
-1
1792248706
1097932200
-1
2771269326
-1
1052754188
226392701
-1
-1
1210103542
-1
2426283138
-1
-1
1605555220
5214330139
4305111610
-1
-1
-1
149202741
2568170239
-1
-1
4134425938
2477313757
-1
-1
1505653436
-1
-1
470895025
7351258
1573582389
463998685
603699924
2454332014
221861599
12063596
-1
-1
-1
166065279
-1
498302932
1815316818
91898034
711913459
2091665357
182576524
-1
2016921059
-1
433450940
1233094438
55807034
-1
-1
-1
-1
-1
1396465399
4432042937
3363847129
-1
-1
655533254
-1
25493959
3818807379
405749322
2347177532
-1
745797640
-1
318669820
-1
1150765677
1511831883
179404070
-1
-1
-1
-1
-1
-1
1143050966
-1
-1
-1
3988421295
1960379805
-1
2163933639
