-1
-1
-1
23070951
351600555
4059524677
699498786
569540332
-1
-1
-1
2292824565
-1
1693738645
-1
-1
-1
258673382
-1
-1
-1
1037318560
537711113
4682634159
769886051
5021488225
5567897892
381376803
837337298
-1
2336655952
412470187
-1
7212102666
-1
-1
2080791085
522645174
5951065521
1306001599
493867795
-1
-1
3325423865
211838778
1079582972
893480754
-1
-1
2520079020
-1
1190906962
2902522519
-1
-1
-1
-1
478939019
-1
-1
-1
-1
1573696353
-1
4333213490
930422347
3030325097
8213749727
7449334995
86844929
-1
-1
-1
6065909361
1715354296
-1
-1
1088024908
427644541
7227493349
-1
-1
-1
5147815725
-1
209415537
-1
1958172069
-1
-1
-1
2140189824
-1
2182555414
-1
191010560
479926783
871195868
-1
2517026005
-1
-1
-1
5683676977
2821717931
499728155
2443506013
1777557632
2461889823
-1
40676664
3160335477
-1
1204396837
-1
17541022
-1
-1
468538233
5080341179
-1
-1
-1
1323052929
-1
1421638843
3604940822
-1
803823529
2367051509
-1
-1
98539219
-1
-1
1727661426
307031380
-1
-1
-1
655415690
825818248
2760906104
-1
-1
-1
-1
-1
1374531936
-1
2162232753
-1
434601100
-1
-1
-1
-1
5677417405
493887211
-1
66211386
293521750
11387403
4221492507
-1
1545465450
769820384
3290135101
-1
-1
201657207
878394429
-1
-1
377509513
1313387850
-1
712062211
-1
-1
30769710
-1
-1
117495023
1637459237
2974166310
2223262002
3185891693
-1
383590406
-1
-1
25915365
2990629049
-1
841134933
5261476319
3678001979
2706149726
1924633509
19052454
-1
300949505
-1
-1
-1
916999240
3588839482
-1
-1
38118486
6760075054
-1
1858352152
4999936778
-1
2369747153
-1
224829791
2489322728
712281538
-1
-1
-1
1097548481
2902889318
-1
92777975
-1
2718749126
993858507
-1
-1
-1
437141228
-1
-1
1731251357
4075995822
-1
-1
1127897314
-1
1588494536
-1
-1
-1
4592645290
-1
-1
1964286510
-1
512027998
-1
1143779921
143765003
