616854610
-1
-1
6149327521
1322145364
383200221
354224492
1423979241
33682769
182123833
1020401676
93716450
-1
562299142
-1
-1
-1
1439405291
1799341468
-1
386680979
3288459765
42152569
-1
1365859894
-1
-1
564353352
-1
46182043
470021611
-1
-1
-1
1244396356
-1
-1
1946066737
1806530883
1283024813
2736935179
753941039
269957007
7338536814
-1
-1
292420484
589905883
-1
877556760
2971243006
-1
624325810
581733123
561983361
-1
388525022
2117170943
-1
-1
625232191
-1
-1
1556731926
4674040331
-1
-1
174987768
-1
-1
-1
-1
372707978
-1
2140081438
669174343
-1
-1
29847997
-1
-1
-1
-1
6859825807
1021842714
-1
-1
2841761368
-1
100451609
3550374459
-1
-1
133575465
-1
228361476
3324282238
1442676651
380066475
61724253
428616260
-1
-1
1095294924
-1
1133942822
1876231809
-1
307854760
782268914
289548899
3245708888
932613846
1057632856
-1
2873124675
3512993257
2607739425
-1
1150839251
-1
2610761790
371265291
6422931629
-1
863660733
159324558
-1
-1
-1
2186816062
-1
416547621
-1
23154421
343040162
2188821503
52314782
202969690
-1
3042178799
-1
-1
3573783872
-1
318230493
65593550
19505009
-1
-1
3618571586
3601691531
2689685847
513137673
1367056807
234614817
-1
-1
3053734069
327105623
-1
240552766
-1
993270111
-1
-1
209161162
-1
-1
39768402
4432920902
33658885
-1
-1
-1
-1
-1
-1
-1
225269637
1890351239
721753173
2701504997
-1
-1
-1
5927343494
-1
-1
-1
-1
-1
660625822
-1
626887881
-1
678052180
-1
612957200
1001548808
278227436
-1
2202584251
2696468111
-1
-1
-1
4145219871
-1
2077406036
-1
-1
1649826179
315917928
76118654
-1
23871110
262178605
511071
602836914
2452578998
1072636196
200879957
1308654815
-1
476925317
-1
-1
364460990
393464902
1856711003
1981649756
-1
1120015089
857540292
615801466
3720217547
486458892
227530332
613045063
260162267
1431193567
-1
-1
-1
4846155004
-1
4345256688
91250774
1587448110
1458997817
238969115
-1
-1
-1
-1
