1330700062
5308597393
-1
-1
-1
281192223
-1
1999414970
64168295
1952761623
2842998174
7219743046
851663926
314716092
1247984393
-1
1087370127
4310012613
715454294
-1
-1
-1
-1
-1
1606527143
3192825262
-1
-1
1090348344
330083445
-1
-1
1690100715
2541892985
1737385301
-1
-1
-1
3141276162
607310623
2667610874
523449862
5730820580
3564190413
-1
-1
-1
-1
2319429599
1807193509
-1
3625681463
48723873
2893053660
720081414
195603390
-1
2339775730
206112979
-1
113575779
116375013
-1
-1
3333433329
185018588
184764563
1200382312
158084548
1543040466
809169238
486862701
1057753319
3913882092
-1
-1
154250417
1223566869
1944605966
67449418
827980846
2954372853
-1
-1
-1
923165291
2581750016
-1
854421867
-1
-1
632735182
3534417805
2997689022
525144886
-1
553228920
1593165342
41910770
104866888
1621774472
1853562392
5457401639
2313071995
-1
3585326637
-1
-1
-1
-1
721775590
-1
5916981129
3384852824
-1
-1
-1
-1
-1
397116101
273213306
3725881919
-1
-1
4465422129
-1
-1
2926498783
2966861910
-1
-1
594743499
2515225107
-1
2395085630
2348805371
-1
-1
405306414
1416936633
-1
-1
4053019728
3375704514
-1
-1
-1
-1
-1
1371874440
-1
-1
1559901388
297857614
2127753697
51883982
1899124125
481412452
-1
-1
-1
-1
-1
735159131
-1
-1
1338550461
14671350
228772609
182085327
-1
74698667
2756678508
2365729792
1322223306
-1
1816803343
2902354581
876070455
-1
-1
-1
-1
-1
1272073738
-1
3564227506
834748204
4628022018
1164641375
232515607
-1
-1
4141839738
419347658
4471121561
1357264270
175709002
-1
-1
1900921436
396956729
40327682
-1
410945220
-1
71421799
4294963600
296815255
1540130696
-1
1730816693
-1
3386844671
-1
-1
2989424563
1129727993
93021785
112260828
4002661041
-1
-1
2541849690
-1
157261349
-1
-1
1065024699
-1
-1
6091795657
50742222
345058987
7904968
277383798
967186667
4116235498
-1
-1
1876076920
809898828
40267339
1094259992
1233102507
132817892
238557755
-1
185614686
669536110
-1
-1
1165494627
-1
2421730782
-1
