6179098038
-1
2479137087
-1
-1
-1
-1
-1
1394399549
-1
4268963968
445269771
-1
128305518
1652560201
-1
50234894
-1
191548558
1025414898
308718236
1833253396
-1
592283885
-1
-1
-1
1823923381
26479701
4197582689
-1
1303370593
4873837
101280429
2185972270
6090897753
3798404827
1609441315
107312641
595583467
2267485313
-1
1374563270
17790297
-1
-1
-1
-1
3459038135
-1
-1
-1
1389125728
-1
-1
-1
-1
-1
-1
362194091
2457369861
100265618
644665708
3187650714
-1
11123685
2940315616
-1
-1
-1
-1
3035454860
1004472548
2248191734
-1
208854876
4853999799
-1
1084044738
888191490
-1
3606099273
292412527
1231368701
1037695918
361007534
479710363
-1
747010977
1143513729
87020933
755395460
-1
-1
511377221
1716943022
-1
986823206
-1
2118261898
5675513625
1801584867
-1
386754896
85698857
-1
-1
-1
-1
-1
1524191211
-1
-1
-1
184385513
-1
-1
1057745074
-1
15102796
-1
3754260317
723820592
-1
-1
-1
-1
-1
-1
2120614958
-1
3216926799
-1
-1
-1
5074530053
3012500056
177670683
-1
-1
1304259915
14652205
-1
713892594
-1
-1
-1
-1
-1
1351193193
692070445
164242241
3451965104
174236014
919249743
-1
-1
79958459
-1
-1
1328932666
3134615690
650906044
-1
-1
-1
-1
488104842
-1
-1
205844779
-1
-1
-1
3916799375
265800063
4276707263
-1
1588724240
486815458
-1
-1
-1
2885669879
2705864286
417392021
3011238883
679653968
2057878899
-1
-1
2515490990
-1
-1
552790351
-1
-1
746803083
786375725
-1
-1
1114822183
-1
2113053874
193648643
6426217195
-1
-1
-1
-1
-1
-1
5268825541
91727157
338319318
2442028332
607802609
-1
-1
873654634
191267772
350219000
501082786
857274432
2895873962
-1
4337247050
-1
339619792
1028577915
3395812674
-1
1612305107
2882939666
578726218
3282641865
-1
-1
-1
-1
-1
693156895
765240750
-1
1551547041
396581365
-1
-1
229527986
-1
665470431
2050866202
175589024
-1
-1
454758756
