302872865
-1
801100151
-1
1916365365
-1
-1
243987303
1318458321
2466120128
239559751
-1
-1
-1
1032893024
6980629354
221948737
3920165710
-1
45117253
-1
-1
-1
206582451
-1
-1
1474107240
718634882
-1
2359722921
-1
-1
-1
-1
-1
811760747
-1
-1
-1
402476144
-1
6212075328
3115914300
-1
-1
-1
1211498497
-1
-1
290820289
437686456
4351065305
-1
-1
-1
837587075
-1
-1
1352201628
-1
5652611999
172209659
-1
986538451
-1
-1
1054093755
1193249627
-1
403266066
313880575
-1
-1
4411464295
-1
3040184666
2999059123
1787757657
-1
-1
-1
7442566
-1
6018783866
633273324
2307780092
1951152974
-1
-1
292116915
-1
134768419
-1
229759927
48151411
-1
310285739
3750107532
268411529
-1
216058790
1523777884
-1
-1
2741840820
1781616238
-1
-1
-1
817119921
-1
97559684
-1
1188701754
478613363
1506570660
862202953
1145069495
-1
-1
-1
-1
4869014990
3371090220
341129936
5834583716
-1
1291099726
-1
5880292628
-1
-1
-1
6775626913
3215757820
-1
-1
3446605877
417679210
1285515233
6106214785
-1
927665982
3990952933
-1
-1
776615903
-1
2777988772
407416980
271806989
1830094
148747403
4010263281
1622671217
-1
3704444153
765666591
-1
-1
2650302160
882810742
71894236
638630483
131463967
-1
46156195
1986361148
532071358
888842537
231696563
215522076
-1
3259133672
1736064609
6054618044
434845334
2073991477
-1
346718589
606094153
-1
9769492
-1
-1
-1
4409220005
3382577465
694179542
-1
-1
-1
-1
1155255275
637988070
1713624855
-1
1798465351
4742333533
2500094245
3318467765
-1
3485307434
-1
11782127
49518200
1073067504
-1
-1
366466657
-1
-1
1635506167
-1
-1
-1
-1
120111121
464003705
-1
-1
45055745
-1
600813395
-1
-1
944279347
-1
-1
91733890
51956378
581430088
944503015
-1
-1
460375480
1958871138
3002461268
-1
-1
-1
-1
-1
-1
85134220
958514843
1184315874
-1
3425842360
-1
-1
791919245
700633229
658893004
-1
-1
