145593096
2211181979
-1
2148846095
3527206447
57779395
181274555
-1
-1
5262066034
-1
4575035413
-1
2032722395
213969576
181471965
-1
-1
-1
-1
-1
279383231
88363726
229892571
2721467952
573194093
153955990
-1
-1
2844063234
5438115977
7581936776
-1
624490218
175633805
888579348
13544841
-1
-1
-1
-1
-1
-1
-1
667735927
2844221007
-1
-1
-1
4342348524
1832321717
960831357
2299877762
119380377
214326204
-1
380799455
-1
140309951
499675070
-1
-1
370431357
2841488139
-1
36732623
206456256
-1
1867283004
-1
-1
-1
2102204160
-1
-1
1612168233
-1
91087503
-1
1699036889
-1
1327790643
265058628
-1
838510610
-1
120379968
1028092947
2500491563
-1
-1
-1
1036741693
-1
-1
-1
-1
2483499580
209321456
26433091
1335877703
1835318112
1189913313
-1
816987107
-1
1099742988
5691045722
-1
-1
856178923
-1
-1
-1
-1
328879338
-1
-1
1555089920
513504317
580636692
1299639700
-1
1249830807
-1
-1
-1
-1
519838910
-1
-1
4525296680
-1
2321436127
-1
-1
-1
-1
1361915889
269140369
-1
2285908
1208432547
1879187591
-1
-1
-1
3069903871
-1
3243862879
1444795807
1924723785
428892166
-1
-1
3071771057
1169481364
83272072
-1
1475756024
-1
365109914
-1
4565996674
1631760572
-1
-1
210438997
-1
-1
3778409293
-1
731978417
3145420315
496779918
1093040939
2551176153
3595900479
1456628988
-1
-1
1165431824
2969564348
418384617
-1
26687784
-1
-1
894509708
1173286797
2449426039
3117435149
-1
722962347
4657025559
603650419
98350712
3344794115
223528553
-1
5690330893
-1
-1
183828959
-1
-1
4299069288
656836022
489727127
572754304
-1
1377971499
-1
985683181
1548606093
179554268
-1
-1
2440662111
-1
-1
2597755113
7567274907
57162041
1087566774
-1
-1
-1
-1
-1
1092350851
-1
811652380
117126723
1090549109
234622727
2081659952
1025133758
-1
-1
-1
-1
1879279420
-1
4459050880
54283196
-1
-1
-1
2924367975
-1
248164568
2837082250
43323188
2997734907
333672351
