2851471858
-1
2619994136
-1
542223181
1624933220
-1
-1
-1
428659369
-1
-1
1853615703
874699926
-1
199579546
1094579321
-1
-1
1600989324
-1
-1
-1
-1
-1
24455663
2466409320
-1
-1
1262658465
-1
960746264
-1
5736490138
-1
-1
-1
-1
-1
-1
-1
-1
870543461
-1
-1
1899321753
579614020
-1
-1
411371287
-1
-1
492119934
-1
-1
1706619073
-1
1559685367
589318139
-1
-1
-1
4077498867
-1
-1
1651038940
2916066291
20082117
191590558
3831980053
-1
-1
-1
1979096837
-1
2149294652
-1
-1
-1
6716242757
680402777
2461554558
1638972946
24337256
408900406
190456424
181156942
1168775786
244813901
326854429
2650564587
2284735291
836342398
-1
-1
-1
2118140133
-1
-1
-1
-1
858190689
-1
-1
-1
-1
-1
950919405
-1
47766230
502631252
-1
-1
1786509382
20318195
-1
3378498433
-1
-1
-1
32902980
2330856320
346777555
1890303223
-1
1844416928
-1
-1
104372998
106511973
-1
-1
-1
317839353
-1
-1
-1
-1
-1
-1
1200592852
1282667877
3087905669
839747958
114488233
-1
525347561
-1
-1
3162396732
-1
571964421
1194234389
449070309
-1
594123440
2168940008
-1
-1
-1
3373051405
-1
594954091
1016161379
31431386
738714285
-1
1830580365
401351638
-1
-1
255691846
-1
141372994
2449677741
-1
-1
3039290863
3137980159
3771837865
-1
-1
-1
76931035
1910940509
487317740
-1
4425788968
2629156760
1759644477
23447762
-1
400699663
221361075
-1
-1
5219548300
186010946
6525452150
3344501775
-1
783940727
-1
973428752
444748653
309818974
75799878
1216294311
-1
591699207
541872079
1202801558
-1
261694137
107331406
1191676133
181018985
56073756
662313157
-1
237193904
1135321418
1689474029
2346849111
-1
6092964
-1
158770662
2108066530
-1
162663230
-1
-1
796018595
1885543576
-1
-1
3051699823
144401963
-1
1094671994
-1
1810215009
-1
-1
-1
-1
1294958811
224085947
76572408
-1
-1
68919846
672566961
187347950
2392340594
